#
# There is insufficient memory for the Java Runtime Environment to continue.
# Native memory allocation (malloc) failed to allocate 1896960 bytes for Chunk::new
# Possible reasons:
#   The system is out of physical RAM or swap space
#   The process is running with CompressedOops enabled, and the Java Heap may be blocking the growth of the native heap
# Possible solutions:
#   Reduce memory load on the system
#   Increase physical memory or swap space
#   Check if swap backing store is full
#   Decrease Java heap size (-Xmx/-Xms)
#   Decrease number of Java threads
#   Decrease Java thread stack sizes (-Xss)
#   Set larger code cache with -XX:ReservedCodeCacheSize=
#   JVM is running with Unscaled Compressed Oops mode in which the Java heap is
#     placed in the first 4GB address space. The Java Heap base address is the
#     maximum limit for the native heap growth. Please use -XX:HeapBaseMinAddress
#     to set the Java Heap base and to place the Java Heap above 4GB virtual address.
# This output file may be truncated or incomplete.
#
#  Out of Memory Error (allocation.cpp:389), pid=28920, tid=0x0000000000005778
#
# JRE version: OpenJDK Runtime Environment (8.0_242-b01) (build 1.8.0_242-release-1644-b01)
# Java VM: OpenJDK 64-Bit Server VM (25.242-b01 mixed mode windows-amd64 compressed oops)
# Failed to write core dump. Minidumps are not enabled by default on client versions of Windows
#

---------------  T H R E A D  ---------------

Current thread (0x00000000160d9000):  JavaThread "C2 CompilerThread1" daemon [_thread_in_native, id=22392, stack(0x0000000017820000,0x0000000017920000)]

Stack: [0x0000000017820000,0x0000000017920000]
[error occurred during error reporting (printing stack bounds), id 0xc0000005]

Native frames: (J=compiled Java code, j=interpreted, Vv=VM code, C=native code)


Current CompileTask:
C2:   5046 1541   !   4       java.net.URLClassLoader$1::run (63 bytes)


---------------  P R O C E S S  ---------------

Java Threads: ( => current thread )
  0x0000000019d18000 JavaThread "Cache worker for file hash cache (C:\Users\Site\.gradle\caches\6.5\fileHashes)" [_thread_blocked, id=32864, stack(0x000000001e530000,0x000000001e630000)]
  0x0000000019d16800 JavaThread "File lock request listener" [_thread_in_native, id=49820, stack(0x000000001cbc0000,0x000000001ccc0000)]
  0x00000000195c4800 JavaThread "Cache worker for journal cache (C:\Users\Site\.gradle\caches\journal-1)" [_thread_blocked, id=37920, stack(0x000000001cac0000,0x000000001cbc0000)]
  0x0000000018238000 JavaThread "Thread-9" [_thread_blocked, id=8744, stack(0x000000001b7f0000,0x000000001b8f0000)]
  0x0000000019b59800 JavaThread "Stdin handler" [_thread_blocked, id=5004, stack(0x000000001b6f0000,0x000000001b7f0000)]
  0x0000000018231000 JavaThread "Asynchronous log dispatcher for DefaultDaemonConnection: socket connection from /127.0.0.1:64917 to /127.0.0.1:64918" [_thread_blocked, id=8244, stack(0x000000001b5f0000,0x000000001b6f0000)]
  0x0000000018350000 JavaThread "Daemon worker" [_thread_in_native, id=15288, stack(0x000000001b4f0000,0x000000001b5f0000)]
  0x000000001809d800 JavaThread "Cancel handler" [_thread_blocked, id=12904, stack(0x000000001b3f0000,0x000000001b4f0000)]
  0x0000000019b11000 JavaThread "Handler for socket connection from /127.0.0.1:64917 to /127.0.0.1:64918" [_thread_in_native, id=3996, stack(0x000000001b2f0000,0x000000001b3f0000)]
  0x0000000019b10800 JavaThread "Daemon" [_thread_blocked, id=46556, stack(0x000000001b1f0000,0x000000001b2f0000)]
  0x0000000019b44800 JavaThread "Daemon periodic checks" [_thread_blocked, id=26596, stack(0x000000001aef0000,0x000000001aff0000)]
  0x0000000019b30800 JavaThread "Incoming local TCP Connector on port 64917" [_thread_in_native, id=47340, stack(0x000000001acc0000,0x000000001adc0000)]
  0x0000000017b1b000 JavaThread "Daemon health stats" [_thread_blocked, id=6352, stack(0x000000001a9c0000,0x000000001aac0000)]
  0x000000001612e800 JavaThread "Service Thread" daemon [_thread_blocked, id=14024, stack(0x0000000017e20000,0x0000000017f20000)]
  0x00000000160dd800 JavaThread "C1 CompilerThread2" daemon [_thread_blocked, id=17924, stack(0x0000000017920000,0x0000000017a20000)]
=>0x00000000160d9000 JavaThread "C2 CompilerThread1" daemon [_thread_in_native, id=22392, stack(0x0000000017820000,0x0000000017920000)]
  0x00000000160d5800 JavaThread "C2 CompilerThread0" daemon [_thread_in_native, id=41152, stack(0x0000000017720000,0x0000000017820000)]
  0x0000000016121000 JavaThread "Attach Listener" daemon [_thread_blocked, id=49380, stack(0x0000000017620000,0x0000000017720000)]
  0x0000000016120800 JavaThread "Signal Dispatcher" daemon [_thread_blocked, id=38040, stack(0x0000000017520000,0x0000000017620000)]
  0x000000000275b000 JavaThread "Finalizer" daemon [_thread_blocked, id=35284, stack(0x0000000017330000,0x0000000017430000)]
  0x00000000160b9000 JavaThread "Reference Handler" daemon [_thread_blocked, id=38696, stack(0x0000000017230000,0x0000000017330000)]
  0x000000000250d800 JavaThread "main" [_thread_blocked, id=15136, stack(0x0000000002560000,0x0000000002660000)]

Other Threads:
  0x0000000016095000 VMThread [stack: 0x0000000017130000,0x0000000017230000] [id=35520]
  0x0000000017a8a800 WatcherThread [stack: 0x0000000017f20000,0x0000000018020000] [id=35516]

VM state:not at safepoint (normal execution)

VM Mutex/Monitor currently owned by a thread: None

heap address: 0x00000000a0000000, size: 1536 MB, Compressed Oops mode: 32-bit
Narrow klass base: 0x0000000000000000, Narrow klass shift: 3
Compressed class space size: 1073741824 Address: 0x0000000100000000

Heap:
 PSYoungGen      total 37888K, used 9268K [0x00000000e0000000, 0x00000000e4a00000, 0x0000000100000000)
  eden space 32768K, 12% used [0x00000000e0000000,0x00000000e04115c8,0x00000000e2000000)
  from space 5120K, 99% used [0x00000000e2500000,0x00000000e29fbc40,0x00000000e2a00000)
  to   space 5120K, 0% used [0x00000000e2000000,0x00000000e2000000,0x00000000e2500000)
 ParOldGen       total 86016K, used 3367K [0x00000000a0000000, 0x00000000a5400000, 0x00000000e0000000)
  object space 86016K, 3% used [0x00000000a0000000,0x00000000a0349f20,0x00000000a5400000)
 Metaspace       used 15713K, capacity 16240K, committed 16384K, reserved 1062912K
  class space    used 2057K, capacity 2196K, committed 2304K, reserved 1048576K

Card table byte_map: [0x0000000011b20000,0x0000000011e30000] byte_map_base: 0x0000000011620000

Marking Bits: (ParMarkBitMap*) 0x0000000070ebf030
 Begin Bits: [0x0000000012430000, 0x0000000013c30000)
 End Bits:   [0x0000000013c30000, 0x0000000015430000)

Polling page: 0x00000000001f0000

CodeCache: size=245760Kb used=5504Kb max_used=5504Kb free=240255Kb
 bounds [0x0000000002760000, 0x0000000002cd0000, 0x0000000011760000]
 total_blobs=1944 nmethods=1554 adapters=304
 compilation: enabled

Compilation events (10 events):
Event: 4.752 Thread 0x00000000160dd800 1554       3       java.util.concurrent.locks.AbstractQueuedSynchronizer::compareAndSetState (13 bytes)
Event: 4.753 Thread 0x00000000160dd800 nmethod 1554 0x0000000002cbdbd0 code [0x0000000002cbdd20, 0x0000000002cbde90]
Event: 4.894 Thread 0x00000000160dd800 1555       3       java.util.concurrent.locks.ReentrantLock$Sync::tryRelease (45 bytes)
Event: 4.894 Thread 0x00000000160dd800 nmethod 1555 0x0000000002cbdf10 code [0x0000000002cbe0a0, 0x0000000002cbe648]
Event: 4.974 Thread 0x00000000160dd800 1557       3       java.lang.String::substring (56 bytes)
Event: 4.974 Thread 0x00000000160dd800 nmethod 1557 0x0000000002cbe790 code [0x0000000002cbe920, 0x0000000002cbecc8]
Event: 4.987 Thread 0x00000000160dd800 1558   !   3       java.lang.StringCoding::decode (120 bytes)
Event: 4.990 Thread 0x00000000160dd800 nmethod 1558 0x0000000002cbee50 code [0x0000000002cbf180, 0x0000000002cc0b98]
Event: 5.030 Thread 0x00000000160dd800 1559       3       java.io.WinNTFileSystem::parentOrNull (171 bytes)
Event: 5.032 Thread 0x00000000160dd800 nmethod 1559 0x0000000002cc1c50 code [0x0000000002cc1e80, 0x0000000002cc2bf8]

GC Heap History (8 events):
Event: 1.112 GC heap before
{Heap before GC invocations=1 (full 0):
 PSYoungGen      total 37888K, used 32768K [0x00000000e0000000, 0x00000000e2a00000, 0x0000000100000000)
  eden space 32768K, 100% used [0x00000000e0000000,0x00000000e2000000,0x00000000e2000000)
  from space 5120K, 0% used [0x00000000e2500000,0x00000000e2500000,0x00000000e2a00000)
  to   space 5120K, 0% used [0x00000000e2000000,0x00000000e2000000,0x00000000e2500000)
 ParOldGen       total 86016K, used 0K [0x00000000a0000000, 0x00000000a5400000, 0x00000000e0000000)
  object space 86016K, 0% used [0x00000000a0000000,0x00000000a0000000,0x00000000a5400000)
 Metaspace       used 7271K, capacity 7550K, committed 7680K, reserved 1056768K
  class space    used 895K, capacity 1005K, committed 1024K, reserved 1048576K
Event: 1.121 GC heap after
Heap after GC invocations=1 (full 0):
 PSYoungGen      total 37888K, used 4464K [0x00000000e0000000, 0x00000000e2a00000, 0x0000000100000000)
  eden space 32768K, 0% used [0x00000000e0000000,0x00000000e0000000,0x00000000e2000000)
  from space 5120K, 87% used [0x00000000e2000000,0x00000000e245c190,0x00000000e2500000)
  to   space 5120K, 0% used [0x00000000e2500000,0x00000000e2500000,0x00000000e2a00000)
 ParOldGen       total 86016K, used 8K [0x00000000a0000000, 0x00000000a5400000, 0x00000000e0000000)
  object space 86016K, 0% used [0x00000000a0000000,0x00000000a0002000,0x00000000a5400000)
 Metaspace       used 7271K, capacity 7550K, committed 7680K, reserved 1056768K
  class space    used 895K, capacity 1005K, committed 1024K, reserved 1048576K
}
Event: 1.746 GC heap before
{Heap before GC invocations=2 (full 0):
 PSYoungGen      total 37888K, used 37232K [0x00000000e0000000, 0x00000000e2a00000, 0x0000000100000000)
  eden space 32768K, 100% used [0x00000000e0000000,0x00000000e2000000,0x00000000e2000000)
  from space 5120K, 87% used [0x00000000e2000000,0x00000000e245c190,0x00000000e2500000)
  to   space 5120K, 0% used [0x00000000e2500000,0x00000000e2500000,0x00000000e2a00000)
 ParOldGen       total 86016K, used 8K [0x00000000a0000000, 0x00000000a5400000, 0x00000000e0000000)
  object space 86016K, 0% used [0x00000000a0000000,0x00000000a0002000,0x00000000a5400000)
 Metaspace       used 7505K, capacity 7760K, committed 7936K, reserved 1056768K
  class space    used 916K, capacity 1011K, committed 1024K, reserved 1048576K
Event: 1.753 GC heap after
Heap after GC invocations=2 (full 0):
 PSYoungGen      total 37888K, used 3265K [0x00000000e0000000, 0x00000000e2a00000, 0x0000000100000000)
  eden space 32768K, 0% used [0x00000000e0000000,0x00000000e0000000,0x00000000e2000000)
  from space 5120K, 63% used [0x00000000e2500000,0x00000000e28305e8,0x00000000e2a00000)
  to   space 5120K, 0% used [0x00000000e2000000,0x00000000e2000000,0x00000000e2500000)
 ParOldGen       total 86016K, used 16K [0x00000000a0000000, 0x00000000a5400000, 0x00000000e0000000)
  object space 86016K, 0% used [0x00000000a0000000,0x00000000a0004000,0x00000000a5400000)
 Metaspace       used 7505K, capacity 7760K, committed 7936K, reserved 1056768K
  class space    used 916K, capacity 1011K, committed 1024K, reserved 1048576K
}
Event: 3.215 GC heap before
{Heap before GC invocations=3 (full 0):
 PSYoungGen      total 37888K, used 36033K [0x00000000e0000000, 0x00000000e2a00000, 0x0000000100000000)
  eden space 32768K, 100% used [0x00000000e0000000,0x00000000e2000000,0x00000000e2000000)
  from space 5120K, 63% used [0x00000000e2500000,0x00000000e28305e8,0x00000000e2a00000)
  to   space 5120K, 0% used [0x00000000e2000000,0x00000000e2000000,0x00000000e2500000)
 ParOldGen       total 86016K, used 16K [0x00000000a0000000, 0x00000000a5400000, 0x00000000e0000000)
  object space 86016K, 0% used [0x00000000a0000000,0x00000000a0004000,0x00000000a5400000)
 Metaspace       used 12021K, capacity 12318K, committed 12544K, reserved 1060864K
  class space    used 1593K, capacity 1689K, committed 1792K, reserved 1048576K
Event: 3.226 GC heap after
Heap after GC invocations=3 (full 0):
 PSYoungGen      total 37888K, used 5088K [0x00000000e0000000, 0x00000000e2a00000, 0x0000000100000000)
  eden space 32768K, 0% used [0x00000000e0000000,0x00000000e0000000,0x00000000e2000000)
  from space 5120K, 99% used [0x00000000e2000000,0x00000000e24f8020,0x00000000e2500000)
  to   space 5120K, 0% used [0x00000000e2500000,0x00000000e2500000,0x00000000e2a00000)
 ParOldGen       total 86016K, used 1006K [0x00000000a0000000, 0x00000000a5400000, 0x00000000e0000000)
  object space 86016K, 1% used [0x00000000a0000000,0x00000000a00fb810,0x00000000a5400000)
 Metaspace       used 12021K, capacity 12318K, committed 12544K, reserved 1060864K
  class space    used 1593K, capacity 1689K, committed 1792K, reserved 1048576K
}
Event: 4.379 GC heap before
{Heap before GC invocations=4 (full 0):
 PSYoungGen      total 37888K, used 37620K [0x00000000e0000000, 0x00000000e2a00000, 0x0000000100000000)
  eden space 32768K, 99% used [0x00000000e0000000,0x00000000e1fc53d0,0x00000000e2000000)
  from space 5120K, 99% used [0x00000000e2000000,0x00000000e24f8020,0x00000000e2500000)
  to   space 5120K, 0% used [0x00000000e2500000,0x00000000e2500000,0x00000000e2a00000)
 ParOldGen       total 86016K, used 1006K [0x00000000a0000000, 0x00000000a5400000, 0x00000000e0000000)
  object space 86016K, 1% used [0x00000000a0000000,0x00000000a00fb810,0x00000000a5400000)
 Metaspace       used 14706K, capacity 15222K, committed 15488K, reserved 1062912K
  class space    used 2000K, capacity 2153K, committed 2176K, reserved 1048576K
Event: 4.465 GC heap after
Heap after GC invocations=4 (full 0):
 PSYoungGen      total 37888K, used 5103K [0x00000000e0000000, 0x00000000e4a00000, 0x0000000100000000)
  eden space 32768K, 0% used [0x00000000e0000000,0x00000000e0000000,0x00000000e2000000)
  from space 5120K, 99% used [0x00000000e2500000,0x00000000e29fbc40,0x00000000e2a00000)
  to   space 5120K, 0% used [0x00000000e2000000,0x00000000e2000000,0x00000000e2500000)
 ParOldGen       total 86016K, used 3367K [0x00000000a0000000, 0x00000000a5400000, 0x00000000e0000000)
  object space 86016K, 3% used [0x00000000a0000000,0x00000000a0349f20,0x00000000a5400000)
 Metaspace       used 14706K, capacity 15222K, committed 15488K, reserved 1062912K
  class space    used 2000K, capacity 2153K, committed 2176K, reserved 1048576K
}

Deoptimization events (10 events):
Event: 3.286 Thread 0x0000000018350000 Uncommon trap: reason=bimorphic action=maybe_recompile pc=0x0000000002a80890 method=java.util.HashMap.putVal(ILjava/lang/Object;Ljava/lang/Object;ZZ)Ljava/lang/Object; @ 253
Event: 3.286 Thread 0x0000000018350000 Uncommon trap: reason=bimorphic action=maybe_recompile pc=0x0000000002a80890 method=java.util.HashMap.putVal(ILjava/lang/Object;Ljava/lang/Object;ZZ)Ljava/lang/Object; @ 253
Event: 3.286 Thread 0x0000000018350000 Uncommon trap: reason=bimorphic action=maybe_recompile pc=0x0000000002a80890 method=java.util.HashMap.putVal(ILjava/lang/Object;Ljava/lang/Object;ZZ)Ljava/lang/Object; @ 253
Event: 3.287 Thread 0x0000000018350000 Uncommon trap: reason=bimorphic action=maybe_recompile pc=0x0000000002a80890 method=java.util.HashMap.putVal(ILjava/lang/Object;Ljava/lang/Object;ZZ)Ljava/lang/Object; @ 253
Event: 3.720 Thread 0x0000000018350000 Uncommon trap: reason=class_check action=maybe_recompile pc=0x0000000002a8a0d8 method=java.util.regex.Matcher.match(II)Z @ 86
Event: 3.721 Thread 0x0000000018350000 Uncommon trap: reason=class_check action=maybe_recompile pc=0x0000000002a8a0d8 method=java.util.regex.Matcher.match(II)Z @ 86
Event: 3.722 Thread 0x0000000018350000 Uncommon trap: reason=class_check action=maybe_recompile pc=0x0000000002a8a0d8 method=java.util.regex.Matcher.match(II)Z @ 86
Event: 3.722 Thread 0x0000000018350000 Uncommon trap: reason=class_check action=maybe_recompile pc=0x0000000002923310 method=java.util.regex.Matcher.match(II)Z @ 86
Event: 4.920 Thread 0x0000000018350000 Uncommon trap: reason=unstable_if action=reinterpret pc=0x0000000002a8d590 method=java.io.File.getName()Ljava/lang/String; @ 16
Event: 4.920 Thread 0x0000000018350000 Uncommon trap: reason=unstable_if action=reinterpret pc=0x0000000002a92e48 method=java.lang.String.substring(I)Ljava/lang/String; @ 35

Classes redefined (0 events):
No events

Internal exceptions (10 events):
Event: 0.798 Thread 0x000000000250d800 Exception <a 'java/lang/ArrayIndexOutOfBoundsException'> (0x00000000e161a940) thrown at [C:\src\AOSP-openjdk-git\hotspot\src\share\vm\runtime\sharedRuntime.cpp, line 605]
Event: 0.799 Thread 0x000000000250d800 Exception <a 'java/lang/ArrayIndexOutOfBoundsException'> (0x00000000e1629f10) thrown at [C:\src\AOSP-openjdk-git\hotspot\src\share\vm\runtime\sharedRuntime.cpp, line 605]
Event: 3.140 Thread 0x000000000250d800 Exception <a 'java/io/IOException'> (0x00000000e1d2f850) thrown at [C:\src\AOSP-openjdk-git\hotspot\src\share\vm\prims\jni.cpp, line 710]
Event: 3.183 Thread 0x0000000019b11000 Exception <a 'java/lang/NoSuchMethodError': <clinit>> (0x00000000e1f33278) thrown at [C:\src\AOSP-openjdk-git\hotspot\src\share\vm\prims\jni.cpp, line 1615]
Event: 3.185 Thread 0x0000000019b11000 Exception <a 'java/lang/NoSuchMethodError': <clinit>> (0x00000000e1f3c980) thrown at [C:\src\AOSP-openjdk-git\hotspot\src\share\vm\prims\jni.cpp, line 1615]
Event: 3.187 Thread 0x0000000019b11000 Exception <a 'java/lang/NoSuchMethodError': <clinit>> (0x00000000e1f50f50) thrown at [C:\src\AOSP-openjdk-git\hotspot\src\share\vm\prims\jni.cpp, line 1615]
Event: 3.202 Thread 0x0000000019b11000 Exception <a 'java/lang/NoSuchMethodError': <clinit>> (0x00000000e1fbe018) thrown at [C:\src\AOSP-openjdk-git\hotspot\src\share\vm\prims\jni.cpp, line 1615]
Event: 3.213 Thread 0x0000000019b11000 Exception <a 'java/lang/NoSuchMethodError': <clinit>> (0x00000000e1ff84e0) thrown at [C:\src\AOSP-openjdk-git\hotspot\src\share\vm\prims\jni.cpp, line 1615]
Event: 3.240 Thread 0x0000000019b11000 Exception <a 'java/lang/NoSuchMethodError': <clinit>> (0x00000000e002e090) thrown at [C:\src\AOSP-openjdk-git\hotspot\src\share\vm\prims\jni.cpp, line 1615]
Event: 3.245 Thread 0x0000000019b11000 Exception <a 'java/lang/NoSuchMethodError': <clinit>> (0x00000000e003a5f0) thrown at [C:\src\AOSP-openjdk-git\hotspot\src\share\vm\prims\jni.cpp, line 1615]

Events (10 events):
Event: 4.998 loading class java/util/zip/CheckedInputStream
Event: 4.998 loading class java/util/zip/CheckedInputStream done
Event: 4.998 loading class org/apache/commons/io/output/NullOutputStream
Event: 4.998 loading class org/apache/commons/io/output/NullOutputStream done
Event: 5.007 loading class java/math/BigInteger
Event: 5.008 loading class java/math/BigInteger done
Event: 5.022 loading class org/gradle/internal/snapshot/CaseSensitivity
Event: 5.022 loading class org/gradle/internal/snapshot/CaseSensitivity done
Event: 5.024 loading class org/apache/tools/ant/DirectoryScanner
Event: 5.024 loading class org/apache/tools/ant/DirectoryScanner done


Dynamic libraries:
0x00007ff6538a0000 - 0x00007ff6538d1000 	C:\Program Files\Android\Android Studio\jre\bin\java.exe
0x00007ffcb51f0000 - 0x00007ffcb53c2000 	C:\Windows\SYSTEM32\ntdll.dll
0x00007ffcb3b90000 - 0x00007ffcb3c3c000 	C:\Windows\System32\KERNEL32.DLL
0x00007ffcb1e80000 - 0x00007ffcb209d000 	C:\Windows\System32\KERNELBASE.dll
0x00007ffcb3a90000 - 0x00007ffcb3b32000 	C:\Windows\System32\ADVAPI32.dll
0x00007ffcb5150000 - 0x00007ffcb51ee000 	C:\Windows\System32\msvcrt.dll
0x00007ffcb3760000 - 0x00007ffcb37b9000 	C:\Windows\System32\sechost.dll
0x00007ffcb2810000 - 0x00007ffcb2931000 	C:\Windows\System32\RPCRT4.dll
0x00007ffcb2940000 - 0x00007ffcb2aa5000 	C:\Windows\System32\USER32.dll
0x00007ffcb2290000 - 0x00007ffcb22ae000 	C:\Windows\System32\win32u.dll
0x00007ffcb3b50000 - 0x00007ffcb3b84000 	C:\Windows\System32\GDI32.dll
0x00007ffcb20a0000 - 0x00007ffcb2220000 	C:\Windows\System32\gdi32full.dll
0x00007ffca6c10000 - 0x00007ffca6e8a000 	C:\Windows\WinSxS\amd64_microsoft.windows.common-controls_6595b64144ccf1df_6.0.14393.953_none_42151e83c686086b\COMCTL32.dll
0x00007ffcb37c0000 - 0x00007ffcb3a88000 	C:\Windows\System32\combase.dll
0x00007ffcb2680000 - 0x00007ffcb2775000 	C:\Windows\System32\ucrtbase.dll
0x00007ffcb2220000 - 0x00007ffcb228a000 	C:\Windows\System32\bcryptPrimitives.dll
0x00007ffcb27e0000 - 0x00007ffcb280e000 	C:\Windows\System32\IMM32.DLL
0x00007ffcb0ee0000 - 0x00007ffcb0f0f000 	C:\Windows\system32\nvinitx.dll
0x00007ffcb0ed0000 - 0x00007ffcb0eda000 	C:\Windows\SYSTEM32\VERSION.dll
0x0000000070540000 - 0x0000000070612000 	C:\Program Files\Android\Android Studio\jre\jre\bin\msvcr100.dll
0x00000000706f0000 - 0x0000000070f3b000 	C:\Program Files\Android\Android Studio\jre\jre\bin\server\jvm.dll
0x00007ffcb3490000 - 0x00007ffcb3498000 	C:\Windows\System32\PSAPI.DLL
0x00007ffcaef20000 - 0x00007ffcaef29000 	C:\Windows\SYSTEM32\WSOCK32.dll
0x00007ffcafb80000 - 0x00007ffcafba3000 	C:\Windows\SYSTEM32\WINMM.dll
0x00007ffcb36f0000 - 0x00007ffcb375a000 	C:\Windows\System32\WS2_32.dll
0x00007ffcafb50000 - 0x00007ffcafb7b000 	C:\Windows\SYSTEM32\WINMMBASE.dll
0x00007ffcb25d0000 - 0x00007ffcb2612000 	C:\Windows\System32\cfgmgr32.dll
0x00007ffcaea70000 - 0x00007ffcaea7f000 	C:\Program Files\Android\Android Studio\jre\jre\bin\verify.dll
0x00007ffcabb60000 - 0x00007ffcabb89000 	C:\Program Files\Android\Android Studio\jre\jre\bin\java.dll
0x00007ffcabb40000 - 0x00007ffcabb56000 	C:\Program Files\Android\Android Studio\jre\jre\bin\zip.dll
0x00007ffcb3c40000 - 0x00007ffcb5149000 	C:\Windows\System32\SHELL32.dll
0x00007ffcb17a0000 - 0x00007ffcb1e79000 	C:\Windows\System32\windows.storage.dll
0x00007ffcb1680000 - 0x00007ffcb16cc000 	C:\Windows\System32\powrprof.dll
0x00007ffcb31f0000 - 0x00007ffcb3242000 	C:\Windows\System32\shlwapi.dll
0x00007ffcb16e0000 - 0x00007ffcb16ef000 	C:\Windows\System32\kernel.appcore.dll
0x00007ffcb16f0000 - 0x00007ffcb1799000 	C:\Windows\System32\shcore.dll
0x00007ffcb1660000 - 0x00007ffcb1674000 	C:\Windows\System32\profapi.dll
0x00007ffcabb20000 - 0x00007ffcabb3a000 	C:\Program Files\Android\Android Studio\jre\jre\bin\net.dll
0x00007ffcb0f90000 - 0x00007ffcb0fec000 	C:\Windows\system32\mswsock.dll
0x00007ffcabb00000 - 0x00007ffcabb13000 	C:\Program Files\Android\Android Studio\jre\jre\bin\nio.dll
0x00007ffca2840000 - 0x00007ffca2867000 	C:\Users\Site\.gradle\native\f6784746aeab05261644944871eae4fe03e0ef1612fff0a4a95f87b438bc6780\windows-amd64\native-platform.dll
0x00007ffcabd50000 - 0x00007ffcabd5d000 	C:\Program Files\Android\Android Studio\jre\jre\bin\management.dll
0x00007ffcb1130000 - 0x00007ffcb1147000 	C:\Windows\SYSTEM32\CRYPTSP.dll
0x00007ffcb0b50000 - 0x00007ffcb0b83000 	C:\Windows\system32\rsaenh.dll
0x00007ffcb1240000 - 0x00007ffcb126b000 	C:\Windows\SYSTEM32\bcrypt.dll
0x00007ffcb0dd0000 - 0x00007ffcb0def000 	C:\Windows\SYSTEM32\USERENV.dll
0x00007ffcb1150000 - 0x00007ffcb115b000 	C:\Windows\SYSTEM32\CRYPTBASE.dll
0x00007ffcb0cd0000 - 0x00007ffcb0d08000 	C:\Windows\SYSTEM32\IPHLPAPI.DLL
0x00007ffcb3500000 - 0x00007ffcb3508000 	C:\Windows\System32\NSI.dll
0x00007ffcadbc0000 - 0x00007ffcadbd6000 	C:\Windows\SYSTEM32\dhcpcsvc6.DLL
0x00007ffcadba0000 - 0x00007ffcadbba000 	C:\Windows\SYSTEM32\dhcpcsvc.DLL
0x00007ffcadf20000 - 0x00007ffcadf2b000 	C:\Windows\SYSTEM32\WINNSI.DLL

VM Arguments:
jvm_args: -Xmx1536m -Dfile.encoding=windows-1256 -Duser.country=US -Duser.language=en -Duser.variant 
java_command: org.gradle.launcher.daemon.bootstrap.GradleDaemon 6.5
java_class_path (initial): C:\Users\Site\.gradle\wrapper\dists\gradle-6.5-bin\6nifqtx7604sqp1q6g8wikw7p\gradle-6.5\lib\gradle-launcher-6.5.jar
Launcher Type: SUN_STANDARD

Environment Variables:
PATH=C:\Windows\system32;C:\Windows;C:\Windows\System32\Wbem;C:\Windows\System32\WindowsPowerShell\v1.0\;D:\flutter_sdk\flutter\bin;%ANDROID_HOME%\tools;%ANDROID_HOME%\platform-tools;C:\Program Files\Git\cmd
USERNAME=Site
OS=Windows_NT
PROCESSOR_IDENTIFIER=Intel64 Family 6 Model 37 Stepping 5, GenuineIntel



---------------  S Y S T E M  ---------------

OS: Windows 10.0 , 64 bit Build 14393 (10.0.14393.1198)

CPU:total 4 (initial active 4) (2 cores per cpu, 2 threads per core) family 6 model 37 stepping 5, cmov, cx8, fxsr, mmx, sse, sse2, sse3, ssse3, sse4.1, sse4.2, popcnt, ht, tsc, tscinvbit

Memory: 4k page, physical 8182340k(1353532k free), swap 11935660k(5704k free)

vm_info: OpenJDK 64-Bit Server VM (25.242-b01) for windows-amd64 JRE (1.8.0_242-release-1644-b01), built by "builder" with MS VC++ 10.0 (VS2010)

time: Sun Jun 20 11:13:01 2021
timezone: Iran Daylight Time
elapsed time: 5 seconds (0d 0h 0m 5s)

