#
# There is insufficient memory for the Java Runtime Environment to continue.
# Native memory allocation (malloc) failed to allocate 1231376 bytes for Chunk::new
# Possible reasons:
#   The system is out of physical RAM or swap space
#   The process is running with CompressedOops enabled, and the Java Heap may be blocking the growth of the native heap
# Possible solutions:
#   Reduce memory load on the system
#   Increase physical memory or swap space
#   Check if swap backing store is full
#   Decrease Java heap size (-Xmx/-Xms)
#   Decrease number of Java threads
#   Decrease Java thread stack sizes (-Xss)
#   Set larger code cache with -XX:ReservedCodeCacheSize=
#   JVM is running with Unscaled Compressed Oops mode in which the Java heap is
#     placed in the first 4GB address space. The Java Heap base address is the
#     maximum limit for the native heap growth. Please use -XX:HeapBaseMinAddress
#     to set the Java Heap base and to place the Java Heap above 4GB virtual address.
# This output file may be truncated or incomplete.
#
#  Out of Memory Error (allocation.cpp:389), pid=3652, tid=0x0000000000000ffc
#
# JRE version: OpenJDK Runtime Environment (8.0_242-b01) (build 1.8.0_242-release-1644-b01)
# Java VM: OpenJDK 64-Bit Server VM (25.242-b01 mixed mode windows-amd64 compressed oops)
# Failed to write core dump. Minidumps are not enabled by default on client versions of Windows
#

---------------  T H R E A D  ---------------

Current thread (0x0000000016df4800):  JavaThread "C2 CompilerThread0" daemon [_thread_in_native, id=4092, stack(0x0000000018480000,0x0000000018580000)]

Stack: [0x0000000018480000,0x0000000018580000]
[error occurred during error reporting (printing stack bounds), id 0xc0000005]

Native frames: (J=compiled Java code, j=interpreted, Vv=VM code, C=native code)


Current CompileTask:
C2:4098612 57032       4       org.gradle.api.internal.tasks.execution.EventFiringTaskExecuter$1::call (6 bytes)


---------------  P R O C E S S  ---------------

Java Threads: ( => current thread )
  0x000000002e43c000 JavaThread "Cache worker for execution history cache (D:\Android\project_run\turkiye\.gradle\6.5\executionHistory)" [_thread_blocked, id=5492, stack(0x000000007b500000,0x000000007b600000)]
  0x000000002e43b800 JavaThread "Execution worker for ':' Thread 3" [_thread_blocked, id=6080, stack(0x000000007b400000,0x000000007b500000)]
  0x000000002e432800 JavaThread "Execution worker for ':' Thread 2" [_thread_blocked, id=5852, stack(0x000000007b300000,0x000000007b400000)]
  0x000000002e437000 JavaThread "Execution worker for ':'" [_thread_blocked, id=2804, stack(0x000000007b200000,0x000000007b300000)]
  0x000000002e436000 JavaThread "Cache worker for file content cache (D:\Android\project_run\turkiye\.gradle\6.5\fileContent)" [_thread_blocked, id=4588, stack(0x000000007b100000,0x000000007b200000)]
  0x000000002e431000 JavaThread "pool-65-thread-1" [_thread_blocked, id=708, stack(0x000000007b000000,0x000000007b100000)]
  0x000000002e42e000 JavaThread "Cache worker for Build Output Cleanup Cache (D:\Android\project_run\turkiye\.gradle\buildOutputCleanup)" [_thread_blocked, id=6784, stack(0x000000007af00000,0x000000007b000000)]
  0x000000002e430000 JavaThread "jar transforms Thread 2700" [_thread_blocked, id=4840, stack(0x000000007ae00000,0x000000007af00000)]
  0x000000002e434800 JavaThread "jar transforms Thread 2699" [_thread_blocked, id=412, stack(0x000000007ad00000,0x000000007ae00000)]
  0x000000002e42f800 JavaThread "jar transforms Thread 2698" [_thread_blocked, id=2060, stack(0x000000007ac00000,0x000000007ad00000)]
  0x000000002e42c800 JavaThread "jar transforms Thread 2697" [_thread_blocked, id=3008, stack(0x000000007ab00000,0x000000007ac00000)]
  0x000000002e425000 JavaThread "jar transforms Thread 2696" [_thread_blocked, id=7072, stack(0x000000007aa00000,0x000000007ab00000)]
  0x000000002e420800 JavaThread "jar transforms Thread 2695" [_thread_blocked, id=5004, stack(0x000000007a900000,0x000000007aa00000)]
  0x000000002e427000 JavaThread "jar transforms Thread 2694" [_thread_blocked, id=5668, stack(0x000000007a800000,0x000000007a900000)]
  0x000000002e424000 JavaThread "jar transforms Thread 2693" [_thread_blocked, id=2676, stack(0x000000007a700000,0x000000007a800000)]
  0x000000002d5c4800 JavaThread "jar transforms Thread 2692" [_thread_blocked, id=3976, stack(0x000000007a600000,0x000000007a700000)]
  0x000000002d5c7800 JavaThread "jar transforms Thread 2691" [_thread_blocked, id=1352, stack(0x000000007a500000,0x000000007a600000)]
  0x000000002d5c5000 JavaThread "jar transforms Thread 2690" [_thread_blocked, id=2688, stack(0x000000007a400000,0x000000007a500000)]
  0x000000002d5c6000 JavaThread "jar transforms Thread 2689" [_thread_blocked, id=5372, stack(0x000000007a300000,0x000000007a400000)]
  0x000000002d5c3800 JavaThread "jar transforms Thread 2688" [_thread_blocked, id=5340, stack(0x000000007a200000,0x000000007a300000)]
  0x000000002d5bc000 JavaThread "jar transforms Thread 2687" [_thread_blocked, id=3320, stack(0x000000007a100000,0x000000007a200000)]
  0x000000002d5c3000 JavaThread "jar transforms Thread 2686" [_thread_blocked, id=4524, stack(0x000000007a000000,0x000000007a100000)]
  0x000000002d5c2000 JavaThread "jar transforms Thread 2685" [_thread_blocked, id=4100, stack(0x0000000079f00000,0x000000007a000000)]
  0x000000002d5c0800 JavaThread "jar transforms Thread 2684" [_thread_blocked, id=2760, stack(0x0000000079e00000,0x0000000079f00000)]
  0x000000002d5bd000 JavaThread "jar transforms Thread 2683" [_thread_blocked, id=1536, stack(0x0000000079d00000,0x0000000079e00000)]
  0x000000002d5c0000 JavaThread "jar transforms Thread 2682" [_thread_blocked, id=3576, stack(0x0000000079c00000,0x0000000079d00000)]
  0x000000002d5bd800 JavaThread "jar transforms Thread 2681" [_thread_blocked, id=6492, stack(0x0000000079b00000,0x0000000079c00000)]
  0x000000002d5be800 JavaThread "jar transforms Thread 2680" [_thread_blocked, id=5284, stack(0x0000000079a00000,0x0000000079b00000)]
  0x000000002d5bf000 JavaThread "jar transforms Thread 2679" [_thread_blocked, id=2196, stack(0x0000000079900000,0x0000000079a00000)]
  0x000000002d5c1800 JavaThread "jar transforms Thread 2678" [_thread_blocked, id=4156, stack(0x0000000079800000,0x0000000079900000)]
  0x000000002d5b4800 JavaThread "jar transforms Thread 2677" [_thread_blocked, id=5768, stack(0x0000000079700000,0x0000000079800000)]
  0x000000002d5bb800 JavaThread "jar transforms Thread 2676" [_thread_blocked, id=5208, stack(0x0000000079600000,0x0000000079700000)]
  0x000000002d5b4000 JavaThread "jar transforms Thread 2675" [_thread_blocked, id=3296, stack(0x0000000079500000,0x0000000079600000)]
  0x000000002d5ba800 JavaThread "jar transforms Thread 2674" [_thread_blocked, id=4172, stack(0x0000000079400000,0x0000000079500000)]
  0x000000002d5b3000 JavaThread "jar transforms Thread 2673" [_thread_blocked, id=1652, stack(0x0000000079300000,0x0000000079400000)]
  0x000000002d5b9000 JavaThread "jar transforms Thread 2672" [_thread_blocked, id=6300, stack(0x0000000079200000,0x0000000079300000)]
  0x000000002d5b8800 JavaThread "jar transforms Thread 2671" [_thread_blocked, id=3564, stack(0x0000000079100000,0x0000000079200000)]
  0x000000002d5ba000 JavaThread "jar transforms Thread 2670" [_thread_blocked, id=2580, stack(0x0000000079000000,0x0000000079100000)]
  0x000000002d5b6000 JavaThread "jar transforms Thread 2669" [_thread_blocked, id=4372, stack(0x0000000078f00000,0x0000000079000000)]
  0x000000002d5b7800 JavaThread "jar transforms Thread 2668" [_thread_blocked, id=4536, stack(0x0000000078e00000,0x0000000078f00000)]
  0x000000002d5ab800 JavaThread "jar transforms Thread 2667" [_thread_blocked, id=5268, stack(0x0000000078d00000,0x0000000078e00000)]
  0x000000002d5ab000 JavaThread "jar transforms Thread 2666" [_thread_blocked, id=3048, stack(0x0000000078c00000,0x0000000078d00000)]
  0x000000002d5b1800 JavaThread "jar transforms Thread 2665" [_thread_blocked, id=5440, stack(0x0000000078b00000,0x0000000078c00000)]
  0x000000002d5b1000 JavaThread "jar transforms Thread 2664" [_thread_blocked, id=228, stack(0x0000000078a00000,0x0000000078b00000)]
  0x000000002d5ae000 JavaThread "jar transforms Thread 2663" [_thread_blocked, id=4676, stack(0x0000000078900000,0x0000000078a00000)]
  0x000000002d5a9800 JavaThread "jar transforms Thread 2662" [_thread_blocked, id=5380, stack(0x0000000078800000,0x0000000078900000)]
  0x000000001d4e2800 JavaThread "jar transforms Thread 2661" [_thread_blocked, id=112, stack(0x0000000078700000,0x0000000078800000)]
  0x000000001d4e2000 JavaThread "jar transforms Thread 2660" [_thread_blocked, id=2868, stack(0x0000000078600000,0x0000000078700000)]
  0x000000001d4df800 JavaThread "jar transforms Thread 2659" [_thread_blocked, id=5360, stack(0x0000000078500000,0x0000000078600000)]
  0x000000001d4e1000 JavaThread "jar transforms Thread 2658" [_thread_blocked, id=1760, stack(0x0000000078400000,0x0000000078500000)]
  0x000000001d4e0800 JavaThread "jar transforms Thread 2657" [_thread_blocked, id=3164, stack(0x0000000078300000,0x0000000078400000)]
  0x000000001d4df000 JavaThread "jar transforms Thread 2656" [_thread_blocked, id=6296, stack(0x0000000078200000,0x0000000078300000)]
  0x000000001d4e3800 JavaThread "jar transforms Thread 2655" [_thread_blocked, id=6556, stack(0x0000000078100000,0x0000000078200000)]
  0x000000001d4d7800 JavaThread "jar transforms Thread 2654" [_thread_blocked, id=5600, stack(0x0000000078000000,0x0000000078100000)]
  0x000000001d4de000 JavaThread "jar transforms Thread 2653" [_thread_blocked, id=5456, stack(0x0000000077f00000,0x0000000078000000)]
  0x000000001d4dd800 JavaThread "jar transforms Thread 2652" [_thread_blocked, id=3208, stack(0x0000000077e00000,0x0000000077f00000)]
  0x000000001d4d8000 JavaThread "jar transforms Thread 2651" [_thread_blocked, id=804, stack(0x0000000077d00000,0x0000000077e00000)]
  0x000000001d4dc000 JavaThread "jar transforms Thread 2650" [_thread_blocked, id=1980, stack(0x0000000077c00000,0x0000000077d00000)]
  0x000000001d4d9000 JavaThread "jar transforms Thread 2649" [_thread_blocked, id=1112, stack(0x0000000077b00000,0x0000000077c00000)]
  0x000000001d4db000 JavaThread "jar transforms Thread 2648" [_thread_blocked, id=6944, stack(0x0000000077a00000,0x0000000077b00000)]
  0x000000001d4d9800 JavaThread "jar transforms Thread 2647" [_thread_blocked, id=5624, stack(0x0000000077900000,0x0000000077a00000)]
  0x000000001d4da800 JavaThread "jar transforms Thread 2646" [_thread_blocked, id=2948, stack(0x0000000077800000,0x0000000077900000)]
  0x000000001d4dc800 JavaThread "jar transforms Thread 2645" [_thread_blocked, id=4580, stack(0x0000000077700000,0x0000000077800000)]
  0x000000001d4d0000 JavaThread "jar transforms Thread 2644" [_thread_blocked, id=6252, stack(0x0000000077600000,0x0000000077700000)]
  0x000000001d4d6800 JavaThread "jar transforms Thread 2643" [_thread_blocked, id=2240, stack(0x0000000077500000,0x0000000077600000)]
  0x000000001d4d5000 JavaThread "jar transforms Thread 2642" [_thread_blocked, id=5876, stack(0x0000000077400000,0x0000000077500000)]
  0x000000001d4cd800 JavaThread "jar transforms Thread 2641" [_thread_blocked, id=1924, stack(0x0000000077300000,0x0000000077400000)]
  0x000000001d4d2000 JavaThread "jar transforms Thread 2640" [_thread_blocked, id=2936, stack(0x0000000077200000,0x0000000077300000)]
  0x000000001d4cf000 JavaThread "jar transforms Thread 2639" [_thread_blocked, id=7160, stack(0x0000000077100000,0x0000000077200000)]
  0x000000001d4d1800 JavaThread "jar transforms Thread 2638" [_thread_blocked, id=7124, stack(0x0000000077000000,0x0000000077100000)]
  0x000000001d4d0800 JavaThread "jar transforms Thread 2637" [_thread_blocked, id=1268, stack(0x0000000076f00000,0x0000000077000000)]
  0x000000001d4d4800 JavaThread "jar transforms Thread 2636" [_thread_blocked, id=3628, stack(0x0000000076e00000,0x0000000076f00000)]
  0x000000001d4ce800 JavaThread "jar transforms Thread 2635" [_thread_blocked, id=6152, stack(0x0000000076d00000,0x0000000076e00000)]
  0x000000001d4cd000 JavaThread "jar transforms Thread 2634" [_thread_blocked, id=6596, stack(0x0000000076c00000,0x0000000076d00000)]
  0x000000001d4d3800 JavaThread "jar transforms Thread 2633" [_thread_blocked, id=3428, stack(0x0000000076b00000,0x0000000076c00000)]
  0x000000001d4d3000 JavaThread "jar transforms Thread 2632" [_thread_blocked, id=3984, stack(0x0000000076a00000,0x0000000076b00000)]
  0x000000001d4c4800 JavaThread "jar transforms Thread 2631" [_thread_blocked, id=6544, stack(0x0000000076900000,0x0000000076a00000)]
  0x000000001d4c8800 JavaThread "jar transforms Thread 2630" [_thread_blocked, id=852, stack(0x0000000076800000,0x0000000076900000)]
  0x000000001d4ca800 JavaThread "jar transforms Thread 2629" [_thread_blocked, id=5356, stack(0x0000000076700000,0x0000000076800000)]
  0x000000001d4c9000 JavaThread "jar transforms Thread 2628" [_thread_blocked, id=200, stack(0x0000000076600000,0x0000000076700000)]
  0x000000001d4c7800 JavaThread "jar transforms Thread 2627" [_thread_blocked, id=3804, stack(0x0000000076500000,0x0000000076600000)]
  0x000000001d4c5000 JavaThread "jar transforms Thread 2626" [_thread_blocked, id=4388, stack(0x0000000076400000,0x0000000076500000)]
  0x000000001d4cb800 JavaThread "jar transforms Thread 2625" [_thread_blocked, id=1824, stack(0x0000000076300000,0x0000000076400000)]
  0x0000000027250800 JavaThread "jar transforms Thread 2624" [_thread_blocked, id=3672, stack(0x0000000076200000,0x0000000076300000)]
  0x000000002724f800 JavaThread "jar transforms Thread 2623" [_thread_blocked, id=7020, stack(0x0000000076100000,0x0000000076200000)]
  0x000000002724f000 JavaThread "jar transforms Thread 2622" [_thread_blocked, id=4144, stack(0x0000000076000000,0x0000000076100000)]
  0x000000002724e000 JavaThread "jar transforms Thread 2621" [_thread_blocked, id=6696, stack(0x0000000075f00000,0x0000000076000000)]
  0x000000002724c800 JavaThread "jar transforms Thread 2620" [_thread_blocked, id=4188, stack(0x0000000075e00000,0x0000000075f00000)]
  0x000000002724d800 JavaThread "jar transforms Thread 2619" [_thread_blocked, id=4916, stack(0x0000000075d00000,0x0000000075e00000)]
  0x000000002724c000 JavaThread "jar transforms Thread 2618" [_thread_blocked, id=4868, stack(0x0000000075c00000,0x0000000075d00000)]
  0x000000002724b000 JavaThread "jar transforms Thread 2617" [_thread_blocked, id=5512, stack(0x0000000075b00000,0x0000000075c00000)]
  0x0000000027251000 JavaThread "jar transforms Thread 2616" [_thread_blocked, id=1408, stack(0x0000000075a00000,0x0000000075b00000)]
  0x000000002724a800 JavaThread "jar transforms Thread 2615" [_thread_blocked, id=5480, stack(0x0000000075900000,0x0000000075a00000)]
  0x0000000027243000 JavaThread "jar transforms Thread 2614" [_thread_blocked, id=340, stack(0x0000000075800000,0x0000000075900000)]
  0x0000000027249000 JavaThread "jar transforms Thread 2613" [_thread_blocked, id=4744, stack(0x0000000075700000,0x0000000075800000)]
  0x0000000027248000 JavaThread "jar transforms Thread 2612" [_thread_blocked, id=4324, stack(0x0000000075600000,0x0000000075700000)]
  0x0000000027245000 JavaThread "jar transforms Thread 2611" [_thread_blocked, id=2352, stack(0x0000000075500000,0x0000000075600000)]
  0x0000000027243800 JavaThread "jar transforms Thread 2610" [_thread_blocked, id=1684, stack(0x0000000075400000,0x0000000075500000)]
  0x0000000027249800 JavaThread "jar transforms Thread 2609" [_thread_blocked, id=3228, stack(0x0000000075300000,0x0000000075400000)]
  0x0000000027247800 JavaThread "jar transforms Thread 2608" [_thread_blocked, id=2476, stack(0x0000000075200000,0x0000000075300000)]
  0x0000000027244800 JavaThread "jar transforms Thread 2607" [_thread_blocked, id=5948, stack(0x0000000075100000,0x0000000075200000)]
  0x0000000027246800 JavaThread "jar transforms Thread 2606" [_thread_blocked, id=5300, stack(0x0000000075000000,0x0000000075100000)]
  0x0000000027246000 JavaThread "jar transforms Thread 2605" [_thread_blocked, id=4908, stack(0x0000000074f00000,0x0000000075000000)]
  0x000000002723b800 JavaThread "jar transforms Thread 2604" [_thread_blocked, id=2576, stack(0x0000000074e00000,0x0000000074f00000)]
  0x0000000027240800 JavaThread "jar transforms Thread 2603" [_thread_blocked, id=4748, stack(0x0000000074d00000,0x0000000074e00000)]
  0x000000002723f000 JavaThread "jar transforms Thread 2602" [_thread_blocked, id=236, stack(0x0000000074c00000,0x0000000074d00000)]
  0x000000002723e800 JavaThread "jar transforms Thread 2601" [_thread_blocked, id=2124, stack(0x0000000074b00000,0x0000000074c00000)]
  0x000000002723c000 JavaThread "jar transforms Thread 2600" [_thread_blocked, id=7088, stack(0x0000000074a00000,0x0000000074b00000)]
  0x0000000027241800 JavaThread "jar transforms Thread 2599" [_thread_blocked, id=1732, stack(0x0000000074900000,0x0000000074a00000)]
  0x000000002723a800 JavaThread "jar transforms Thread 2598" [_thread_blocked, id=5604, stack(0x0000000074800000,0x0000000074900000)]
  0x0000000027233000 JavaThread "jar transforms Thread 2597" [_thread_blocked, id=444, stack(0x0000000074700000,0x0000000074800000)]
  0x0000000027239000 JavaThread "jar transforms Thread 2596" [_thread_blocked, id=3096, stack(0x0000000074600000,0x0000000074700000)]
  0x0000000027234000 JavaThread "jar transforms Thread 2595" [_thread_blocked, id=2096, stack(0x0000000074500000,0x0000000074600000)]
  0x0000000027237800 JavaThread "jar transforms Thread 2594" [_thread_blocked, id=5064, stack(0x0000000074400000,0x0000000074500000)]
  0x0000000027236000 JavaThread "jar transforms Thread 2593" [_thread_blocked, id=6744, stack(0x0000000074300000,0x0000000074400000)]
  0x0000000027234800 JavaThread "jar transforms Thread 2592" [_thread_blocked, id=5364, stack(0x0000000074200000,0x0000000074300000)]
  0x0000000027235800 JavaThread "jar transforms Thread 2591" [_thread_blocked, id=2924, stack(0x0000000074100000,0x0000000074200000)]
  0x0000000027237000 JavaThread "jar transforms Thread 2590" [_thread_blocked, id=6908, stack(0x0000000074000000,0x0000000074100000)]
  0x000000002723a000 JavaThread "jar transforms Thread 2589" [_thread_blocked, id=4892, stack(0x0000000073f00000,0x0000000074000000)]
  0x0000000027238800 JavaThread "jar transforms Thread 2588" [_thread_blocked, id=3544, stack(0x0000000073e00000,0x0000000073f00000)]
  0x000000002e650800 JavaThread "jar transforms Thread 2587" [_thread_blocked, id=6684, stack(0x0000000073d00000,0x0000000073e00000)]
  0x000000002e653800 JavaThread "jar transforms Thread 2586" [_thread_blocked, id=3292, stack(0x0000000073c00000,0x0000000073d00000)]
  0x000000002e652800 JavaThread "jar transforms Thread 2585" [_thread_blocked, id=932, stack(0x0000000073b00000,0x0000000073c00000)]
  0x000000002e651000 JavaThread "jar transforms Thread 2584" [_thread_blocked, id=4988, stack(0x0000000073a00000,0x0000000073b00000)]
  0x000000002e64f000 JavaThread "jar transforms Thread 2583" [_thread_blocked, id=5504, stack(0x0000000073900000,0x0000000073a00000)]
  0x000000002e64b000 JavaThread "jar transforms Thread 2582" [_thread_blocked, id=76, stack(0x0000000073800000,0x0000000073900000)]
  0x000000002e652000 JavaThread "jar transforms Thread 2581" [_thread_blocked, id=828, stack(0x0000000073700000,0x0000000073800000)]
  0x000000002e64d800 JavaThread "jar transforms Thread 2580" [_thread_blocked, id=5516, stack(0x0000000073600000,0x0000000073700000)]
  0x000000002e64c000 JavaThread "jar transforms Thread 2579" [_thread_blocked, id=5260, stack(0x0000000073500000,0x0000000073600000)]
  0x000000002e64f800 JavaThread "jar transforms Thread 2578" [_thread_blocked, id=5716, stack(0x0000000073400000,0x0000000073500000)]
  0x000000002e64e000 JavaThread "jar transforms Thread 2577" [_thread_blocked, id=6376, stack(0x0000000073300000,0x0000000073400000)]
  0x000000002e64c800 JavaThread "jar transforms Thread 2576" [_thread_blocked, id=6872, stack(0x0000000073200000,0x0000000073300000)]
  0x000000002e643800 JavaThread "jar transforms Thread 2575" [_thread_blocked, id=6344, stack(0x0000000073100000,0x0000000073200000)]
  0x000000002e647800 JavaThread "jar transforms Thread 2574" [_thread_blocked, id=2492, stack(0x0000000073000000,0x0000000073100000)]
  0x000000002e64a800 JavaThread "jar transforms Thread 2573" [_thread_blocked, id=6612, stack(0x0000000072f00000,0x0000000073000000)]
  0x000000002e649800 JavaThread "jar transforms Thread 2572" [_thread_blocked, id=4348, stack(0x0000000072e00000,0x0000000072f00000)]
  0x000000002e649000 JavaThread "jar transforms Thread 2571" [_thread_blocked, id=5764, stack(0x0000000072d00000,0x0000000072e00000)]
  0x000000002e646000 JavaThread "jar transforms Thread 2570" [_thread_blocked, id=4716, stack(0x0000000072c00000,0x0000000072d00000)]
  0x000000002e645000 JavaThread "jar transforms Thread 2569" [_thread_blocked, id=1708, stack(0x0000000072b00000,0x0000000072c00000)]
  0x000000002e644800 JavaThread "jar transforms Thread 2568" [_thread_blocked, id=1528, stack(0x0000000072a00000,0x0000000072b00000)]
  0x000000002e646800 JavaThread "jar transforms Thread 2567" [_thread_blocked, id=4900, stack(0x0000000072900000,0x0000000072a00000)]
  0x000000002e63c000 JavaThread "jar transforms Thread 2566" [_thread_blocked, id=4856, stack(0x0000000072800000,0x0000000072900000)]
  0x000000002e643000 JavaThread "jar transforms Thread 2565" [_thread_blocked, id=3328, stack(0x0000000072700000,0x0000000072800000)]
  0x000000002e642000 JavaThread "jar transforms Thread 2564" [_thread_blocked, id=5476, stack(0x0000000072600000,0x0000000072700000)]
  0x000000002e63d000 JavaThread "jar transforms Thread 2563" [_thread_blocked, id=4848, stack(0x0000000072500000,0x0000000072600000)]
  0x000000002e641800 JavaThread "jar transforms Thread 2562" [_thread_blocked, id=1660, stack(0x0000000072400000,0x0000000072500000)]
  0x000000002e63f000 JavaThread "jar transforms Thread 2561" [_thread_blocked, id=6412, stack(0x0000000072300000,0x0000000072400000)]
  0x000000002e63d800 JavaThread "jar transforms Thread 2560" [_thread_blocked, id=32, stack(0x0000000072200000,0x0000000072300000)]
  0x000000002e63e800 JavaThread "jar transforms Thread 2559" [_thread_blocked, id=6012, stack(0x0000000072100000,0x0000000072200000)]
  0x000000002e640000 JavaThread "jar transforms Thread 2558" [_thread_blocked, id=992, stack(0x0000000072000000,0x0000000072100000)]
  0x000000002e634800 JavaThread "jar transforms Thread 2557" [_thread_blocked, id=4168, stack(0x0000000071f00000,0x0000000072000000)]
  0x000000002e63b800 JavaThread "jar transforms Thread 2556" [_thread_blocked, id=5596, stack(0x0000000071e00000,0x0000000071f00000)]
  0x000000002e63a800 JavaThread "jar transforms Thread 2555" [_thread_blocked, id=2288, stack(0x0000000071d00000,0x0000000071e00000)]
  0x000000002e638800 JavaThread "jar transforms Thread 2554" [_thread_blocked, id=6852, stack(0x0000000071c00000,0x0000000071d00000)]
  0x000000002e637000 JavaThread "jar transforms Thread 2553" [_thread_blocked, id=3512, stack(0x0000000071b00000,0x0000000071c00000)]
  0x000000002e635800 JavaThread "jar transforms Thread 2552" [_thread_blocked, id=3060, stack(0x0000000071a00000,0x0000000071b00000)]
  0x000000002e636000 JavaThread "jar transforms Thread 2551" [_thread_blocked, id=1240, stack(0x0000000071900000,0x0000000071a00000)]
  0x000000002e637800 JavaThread "Build operations Thread 4" [_thread_blocked, id=3136, stack(0x0000000071800000,0x0000000071900000)]
  0x0000000018979800 JavaThread "Build operations Thread 3" [_thread_blocked, id=2156, stack(0x0000000071700000,0x0000000071800000)]
  0x0000000018980800 JavaThread "Build operations Thread 2" [_thread_blocked, id=1108, stack(0x0000000071600000,0x0000000071700000)]
  0x000000001897f800 JavaThread "Build operations" [_thread_blocked, id=1968, stack(0x0000000071500000,0x0000000071600000)]
  0x000000001897a800 JavaThread "Cache worker for cache directory md-rule (C:\Users\Site\.gradle\caches\6.5\md-rule)" [_thread_blocked, id=5700, stack(0x0000000071400000,0x0000000071500000)]
  0x000000001897c000 JavaThread "Cache worker for cache directory md-supplier (C:\Users\Site\.gradle\caches\6.5\md-supplier)" [_thread_blocked, id=4068, stack(0x0000000071300000,0x0000000071400000)]
  0x000000001897f000 JavaThread "Cache worker for checksums cache (D:\Android\project_run\turkiye\.gradle\checksums)" [_thread_blocked, id=4208, stack(0x0000000071200000,0x0000000071300000)]
  0x000000001897e000 JavaThread "Cache worker for file hash cache (D:\Android\project_run\turkiye\.gradle\6.5\fileHashes)" [_thread_blocked, id=6416, stack(0x0000000071100000,0x0000000071200000)]
  0x0000000018972000 JavaThread "Thread-3125" [_thread_in_Java, id=3892, stack(0x0000000071000000,0x0000000071100000)]
  0x0000000018976800 JavaThread "Stdin handler" [_thread_blocked, id=5088, stack(0x0000000070f00000,0x0000000071000000)]
  0x0000000018979000 JavaThread "Asynchronous log dispatcher for DefaultDaemonConnection: socket connection from /127.0.0.1:50007 to /127.0.0.1:51217" [_thread_blocked, id=348, stack(0x0000000070e00000,0x0000000070f00000)]
  0x0000000018976000 JavaThread "Daemon worker Thread 15" [_thread_in_vm, id=6228, stack(0x0000000070d00000,0x0000000070e00000)]
  0x0000000018973800 JavaThread "Cancel handler" [_thread_blocked, id=384, stack(0x0000000070c00000,0x0000000070d00000)]
  0x0000000018975000 JavaThread "Handler for socket connection from /127.0.0.1:50007 to /127.0.0.1:51217" [_thread_in_native, id=3256, stack(0x0000000070b00000,0x0000000070c00000)]
  0x0000000018978000 JavaThread "Daemon Thread 15" [_thread_blocked, id=6868, stack(0x0000000070a00000,0x0000000070b00000)]
  0x0000000018971800 JavaThread "RMI TCP Connection(idle)" daemon [_thread_blocked, id=6244, stack(0x0000000070900000,0x0000000070a00000)]
  0x000000001d24c000 JavaThread "RMI TCP Accept-0" daemon [_thread_in_native, id=5544, stack(0x0000000063500000,0x0000000063600000)]
  0x000000002e429800 JavaThread "Cache worker for Java compile cache (C:\Users\Site\.gradle\caches\6.5\javaCompile)" [_thread_blocked, id=4656, stack(0x000000004ad00000,0x000000004ae00000)]
  0x000000002d5b2800 JavaThread "RMI Reaper" [_thread_blocked, id=4724, stack(0x000000004a600000,0x000000004a700000)]
  0x000000002d5b7000 JavaThread "RMI TCP Accept-0" daemon [_thread_in_native, id=4192, stack(0x000000004a500000,0x000000004a600000)]
  0x000000002d5b5800 JavaThread "GC Daemon" daemon [_thread_blocked, id=1204, stack(0x000000004a400000,0x000000004a500000)]
  0x000000002d5b0000 JavaThread "RMI Scheduler(0)" daemon [_thread_blocked, id=6320, stack(0x000000004a200000,0x000000004a300000)]
  0x000000002d5ac800 JavaThread "MarlinRenderer Disposer" daemon [_thread_blocked, id=2348, stack(0x0000000049e00000,0x0000000049f00000)]
  0x000000002d5ae800 JavaThread "Java2D Disposer" daemon [_thread_blocked, id=668, stack(0x0000000049d00000,0x0000000049e00000)]
  0x000000002e425800 JavaThread "Memory manager" [_thread_blocked, id=1860, stack(0x00000000300c0000,0x00000000301c0000)]
  0x000000001e017000 JavaThread "Cache worker for file content cache (C:\Users\Site\.gradle\caches\6.5\fileContent)" [_thread_blocked, id=772, stack(0x0000000022320000,0x0000000022420000)]
  0x000000001e014000 JavaThread "Cache worker for execution history cache (C:\Users\Site\.gradle\caches\6.5\executionHistory)" [_thread_blocked, id=5548, stack(0x0000000021e20000,0x0000000021f20000)]
  0x00000000190ab000 JavaThread "Cache worker for file hash cache (C:\Users\Site\.gradle\caches\6.5\fileHashes)" [_thread_blocked, id=2820, stack(0x000000001ca50000,0x000000001cb50000)]
  0x00000000193d5000 JavaThread "File lock request listener" [_thread_in_native, id=6740, stack(0x000000001c950000,0x000000001ca50000)]
  0x00000000193d4000 JavaThread "Cache worker for journal cache (C:\Users\Site\.gradle\caches\journal-1)" [_thread_blocked, id=6172, stack(0x000000001c850000,0x000000001c950000)]
  0x000000001a815000 JavaThread "Daemon periodic checks" [_thread_blocked, id=3780, stack(0x000000001bc50000,0x000000001bd50000)]
  0x000000001a7df800 JavaThread "Incoming local TCP Connector on port 50007" [_thread_in_native, id=3784, stack(0x000000001ba20000,0x000000001bb20000)]
  0x0000000018dee000 JavaThread "Daemon health stats" [_thread_blocked, id=4248, stack(0x000000001b720000,0x000000001b820000)]
  0x0000000016e4e000 JavaThread "Service Thread" daemon [_thread_blocked, id=4360, stack(0x0000000018b80000,0x0000000018c80000)]
  0x0000000016e45800 JavaThread "C1 CompilerThread2" daemon [_thread_blocked, id=3748, stack(0x0000000018680000,0x0000000018780000)]
  0x0000000016df8000 JavaThread "C2 CompilerThread1" daemon [_thread_blocked, id=3956, stack(0x0000000018580000,0x0000000018680000)]
=>0x0000000016df4800 JavaThread "C2 CompilerThread0" daemon [_thread_in_native, id=4092, stack(0x0000000018480000,0x0000000018580000)]
  0x0000000016df3800 JavaThread "Attach Listener" daemon [_thread_blocked, id=3896, stack(0x0000000018380000,0x0000000018480000)]
  0x0000000016e44800 JavaThread "Signal Dispatcher" daemon [_thread_blocked, id=6384, stack(0x0000000018280000,0x0000000018380000)]
  0x000000000345c800 JavaThread "Finalizer" daemon [_thread_blocked, id=6328, stack(0x0000000018060000,0x0000000018160000)]
  0x0000000016dd9000 JavaThread "Reference Handler" daemon [_thread_blocked, id=6392, stack(0x0000000017f60000,0x0000000018060000)]
  0x000000000129d800 JavaThread "main" [_thread_blocked, id=6088, stack(0x0000000003260000,0x0000000003360000)]

Other Threads:
  0x0000000016db5000 VMThread [stack: 0x0000000017e60000,0x0000000017f60000] [id=6408]
  0x00000000187ee000 WatcherThread [stack: 0x0000000018c80000,0x0000000018d80000] [id=3728]

VM state:not at safepoint (normal execution)

VM Mutex/Monitor currently owned by a thread: None

heap address: 0x00000000a0000000, size: 1536 MB, Compressed Oops mode: 32-bit
Narrow klass base: 0x0000000000000000, Narrow klass shift: 3
Compressed class space size: 1073741824 Address: 0x0000000100000000

Heap:
 PSYoungGen      total 416256K, used 32031K [0x00000000e0000000, 0x0000000100000000, 0x0000000100000000)
  eden space 322048K, 1% used [0x00000000e0000000,0x00000000e04f3d88,0x00000000f3a80000)
  from space 94208K, 28% used [0x00000000f3a80000,0x00000000f54d4030,0x00000000f9680000)
  to   space 90112K, 0% used [0x00000000fa800000,0x00000000fa800000,0x0000000100000000)
 ParOldGen       total 618496K, used 354656K [0x00000000a0000000, 0x00000000c5c00000, 0x00000000e0000000)
  object space 618496K, 57% used [0x00000000a0000000,0x00000000b5a58200,0x00000000c5c00000)
 Metaspace       used 192259K, capacity 209506K, committed 209752K, reserved 1230848K
  class space    used 24286K, capacity 27428K, committed 27520K, reserved 1048576K

Card table byte_map: [0x0000000012820000,0x0000000012b30000] byte_map_base: 0x0000000012320000

Marking Bits: (ParMarkBitMap*) 0x000000006b87f030
 Begin Bits: [0x0000000013130000, 0x0000000014930000)
 End Bits:   [0x0000000014930000, 0x0000000016130000)

Polling page: 0x0000000001280000

CodeCache: size=245760Kb used=156627Kb max_used=157538Kb free=89132Kb
 bounds [0x0000000003460000, 0x000000000cf40000, 0x0000000012460000]
 total_blobs=42472 nmethods=41363 adapters=1018
 compilation: enabled

Compilation events (10 events):
Event: 4097.307 Thread 0x0000000016df8000 57029       4       java.util.TreeMap$KeySpliterator::forEachRemaining (146 bytes)
Event: 4097.311 Thread 0x0000000016df4800 nmethod 57028 0x0000000008154010 code [0x0000000008154160, 0x0000000008154278]
Event: 4097.315 Thread 0x0000000016df8000 nmethod 57029 0x000000000c26ec90 code [0x000000000c26ee00, 0x000000000c26f0b8]
Event: 4097.345 Thread 0x0000000016df8000 57030       4       java.util.TreeMap$KeySpliterator::getComparator (8 bytes)
Event: 4097.345 Thread 0x0000000016df4800 57031       4       org.gradle.tooling.internal.provider.runner.OperationDependenciesResolver$$Lambda$519/1525087873::get (8 bytes)
Event: 4097.346 Thread 0x0000000016df8000 nmethod 57030 0x000000000b921dd0 code [0x000000000b921f00, 0x000000000b921f78]
Event: 4097.347 Thread 0x0000000016e45800 57033       3       com.google.common.base.CaseFormat$5::normalizeWord (5 bytes)
Event: 4097.347 Thread 0x0000000016e45800 nmethod 57033 0x00000000057c2a50 code [0x00000000057c2bc0, 0x00000000057c2d48]
Event: 4097.348 Thread 0x0000000016df4800 nmethod 57031 0x0000000003650750 code [0x00000000036508a0, 0x0000000003650a18]
Event: 4097.348 Thread 0x0000000016df4800 57032       4       org.gradle.api.internal.tasks.execution.EventFiringTaskExecuter$1::call (6 bytes)

GC Heap History (10 events):
Event: 3975.445 GC heap before
{Heap before GC invocations=181 (full 10):
 PSYoungGen      total 381440K, used 300974K [0x00000000e0000000, 0x0000000100000000, 0x0000000100000000)
  eden space 301056K, 99% used [0x00000000e0000000,0x00000000f25eb9d8,0x00000000f2600000)
  from space 80384K, 0% used [0x00000000fb180000,0x00000000fb180000,0x0000000100000000)
  to   space 111616K, 0% used [0x00000000f2600000,0x00000000f2600000,0x00000000f9300000)
 ParOldGen       total 618496K, used 321316K [0x00000000a0000000, 0x00000000c5c00000, 0x00000000e0000000)
  object space 618496K, 51% used [0x00000000a0000000,0x00000000b39c9270,0x00000000c5c00000)
 Metaspace       used 190565K, capacity 207104K, committed 208216K, reserved 1230848K
  class space    used 24018K, capacity 27053K, committed 27264K, reserved 1048576K
Event: 3975.538 GC heap after
Heap after GC invocations=181 (full 10):
 PSYoungGen      total 412672K, used 29979K [0x00000000e0000000, 0x0000000100000000, 0x0000000100000000)
  eden space 301056K, 0% used [0x00000000e0000000,0x00000000e0000000,0x00000000f2600000)
  from space 111616K, 26% used [0x00000000f2600000,0x00000000f4346e40,0x00000000f9300000)
  to   space 106496K, 0% used [0x00000000f9800000,0x00000000f9800000,0x0000000100000000)
 ParOldGen       total 618496K, used 321324K [0x00000000a0000000, 0x00000000c5c00000, 0x00000000e0000000)
  object space 618496K, 51% used [0x00000000a0000000,0x00000000b39cb270,0x00000000c5c00000)
 Metaspace       used 190565K, capacity 207104K, committed 208216K, reserved 1230848K
  class space    used 24018K, capacity 27053K, committed 27264K, reserved 1048576K
}
Event: 3979.065 GC heap before
{Heap before GC invocations=182 (full 10):
 PSYoungGen      total 412672K, used 331035K [0x00000000e0000000, 0x0000000100000000, 0x0000000100000000)
  eden space 301056K, 100% used [0x00000000e0000000,0x00000000f2600000,0x00000000f2600000)
  from space 111616K, 26% used [0x00000000f2600000,0x00000000f4346e40,0x00000000f9300000)
  to   space 106496K, 0% used [0x00000000f9800000,0x00000000f9800000,0x0000000100000000)
 ParOldGen       total 618496K, used 321324K [0x00000000a0000000, 0x00000000c5c00000, 0x00000000e0000000)
  object space 618496K, 51% used [0x00000000a0000000,0x00000000b39cb270,0x00000000c5c00000)
 Metaspace       used 190720K, capacity 207290K, committed 208216K, reserved 1230848K
  class space    used 24046K, capacity 27104K, committed 27264K, reserved 1048576K
Event: 3979.142 GC heap after
Heap after GC invocations=182 (full 10):
 PSYoungGen      total 400384K, used 21890K [0x00000000e0000000, 0x00000000ff400000, 0x0000000100000000)
  eden space 306176K, 0% used [0x00000000e0000000,0x00000000e0000000,0x00000000f2b00000)
  from space 94208K, 23% used [0x00000000f9800000,0x00000000fad60b58,0x00000000ff400000)
  to   space 102912K, 0% used [0x00000000f2b00000,0x00000000f2b00000,0x00000000f8f80000)
 ParOldGen       total 618496K, used 343549K [0x00000000a0000000, 0x00000000c5c00000, 0x00000000e0000000)
  object space 618496K, 55% used [0x00000000a0000000,0x00000000b4f7f5a8,0x00000000c5c00000)
 Metaspace       used 190720K, capacity 207290K, committed 208216K, reserved 1230848K
  class space    used 24046K, capacity 27104K, committed 27264K, reserved 1048576K
}
Event: 3982.836 GC heap before
{Heap before GC invocations=183 (full 10):
 PSYoungGen      total 400384K, used 327918K [0x00000000e0000000, 0x00000000ff400000, 0x0000000100000000)
  eden space 306176K, 99% used [0x00000000e0000000,0x00000000f2adb010,0x00000000f2b00000)
  from space 94208K, 23% used [0x00000000f9800000,0x00000000fad60b58,0x00000000ff400000)
  to   space 102912K, 0% used [0x00000000f2b00000,0x00000000f2b00000,0x00000000f8f80000)
 ParOldGen       total 618496K, used 343549K [0x00000000a0000000, 0x00000000c5c00000, 0x00000000e0000000)
  object space 618496K, 55% used [0x00000000a0000000,0x00000000b4f7f5a8,0x00000000c5c00000)
 Metaspace       used 191477K, capacity 208184K, committed 208856K, reserved 1230848K
  class space    used 24168K, capacity 27249K, committed 27392K, reserved 1048576K
Event: 3982.871 GC heap after
Heap after GC invocations=183 (full 10):
 PSYoungGen      total 409088K, used 24005K [0x00000000e0000000, 0x0000000100000000, 0x0000000100000000)
  eden space 306176K, 0% used [0x00000000e0000000,0x00000000e0000000,0x00000000f2b00000)
  from space 102912K, 23% used [0x00000000f2b00000,0x00000000f4271540,0x00000000f8f80000)
  to   space 99328K, 0% used [0x00000000f9f00000,0x00000000f9f00000,0x0000000100000000)
 ParOldGen       total 618496K, used 353245K [0x00000000a0000000, 0x00000000c5c00000, 0x00000000e0000000)
  object space 618496K, 57% used [0x00000000a0000000,0x00000000b58f7788,0x00000000c5c00000)
 Metaspace       used 191477K, capacity 208184K, committed 208856K, reserved 1230848K
  class space    used 24168K, capacity 27249K, committed 27392K, reserved 1048576K
}
Event: 4013.758 GC heap before
{Heap before GC invocations=184 (full 10):
 PSYoungGen      total 409088K, used 330181K [0x00000000e0000000, 0x0000000100000000, 0x0000000100000000)
  eden space 306176K, 100% used [0x00000000e0000000,0x00000000f2b00000,0x00000000f2b00000)
  from space 102912K, 23% used [0x00000000f2b00000,0x00000000f4271540,0x00000000f8f80000)
  to   space 99328K, 0% used [0x00000000f9f00000,0x00000000f9f00000,0x0000000100000000)
 ParOldGen       total 618496K, used 353245K [0x00000000a0000000, 0x00000000c5c00000, 0x00000000e0000000)
  object space 618496K, 57% used [0x00000000a0000000,0x00000000b58f7788,0x00000000c5c00000)
 Metaspace       used 191825K, capacity 208758K, committed 209112K, reserved 1230848K
  class space    used 24225K, capacity 27314K, committed 27392K, reserved 1048576K
Event: 4013.832 GC heap after
Heap after GC invocations=184 (full 10):
 PSYoungGen      total 407552K, used 30105K [0x00000000e0000000, 0x00000000ff280000, 0x0000000100000000)
  eden space 322048K, 0% used [0x00000000e0000000,0x00000000e0000000,0x00000000f3a80000)
  from space 85504K, 35% used [0x00000000f9f00000,0x00000000fbc66448,0x00000000ff280000)
  to   space 94208K, 0% used [0x00000000f3a80000,0x00000000f3a80000,0x00000000f9680000)
 ParOldGen       total 618496K, used 353749K [0x00000000a0000000, 0x00000000c5c00000, 0x00000000e0000000)
  object space 618496K, 57% used [0x00000000a0000000,0x00000000b59757c8,0x00000000c5c00000)
 Metaspace       used 191825K, capacity 208758K, committed 209112K, reserved 1230848K
  class space    used 24225K, capacity 27314K, committed 27392K, reserved 1048576K
}
Event: 4097.857 GC heap before
{Heap before GC invocations=185 (full 10):
 PSYoungGen      total 407552K, used 352153K [0x00000000e0000000, 0x00000000ff280000, 0x0000000100000000)
  eden space 322048K, 100% used [0x00000000e0000000,0x00000000f3a80000,0x00000000f3a80000)
  from space 85504K, 35% used [0x00000000f9f00000,0x00000000fbc66448,0x00000000ff280000)
  to   space 94208K, 0% used [0x00000000f3a80000,0x00000000f3a80000,0x00000000f9680000)
 ParOldGen       total 618496K, used 353749K [0x00000000a0000000, 0x00000000c5c00000, 0x00000000e0000000)
  object space 618496K, 57% used [0x00000000a0000000,0x00000000b59757c8,0x00000000c5c00000)
 Metaspace       used 192259K, capacity 209506K, committed 209752K, reserved 1230848K
  class space    used 24286K, capacity 27428K, committed 27520K, reserved 1048576K
Event: 4098.162 GC heap after
Heap after GC invocations=185 (full 10):
 PSYoungGen      total 416256K, used 26960K [0x00000000e0000000, 0x0000000100000000, 0x0000000100000000)
  eden space 322048K, 0% used [0x00000000e0000000,0x00000000e0000000,0x00000000f3a80000)
  from space 94208K, 28% used [0x00000000f3a80000,0x00000000f54d4030,0x00000000f9680000)
  to   space 90112K, 0% used [0x00000000fa800000,0x00000000fa800000,0x0000000100000000)
 ParOldGen       total 618496K, used 354656K [0x00000000a0000000, 0x00000000c5c00000, 0x00000000e0000000)
  object space 618496K, 57% used [0x00000000a0000000,0x00000000b5a58200,0x00000000c5c00000)
 Metaspace       used 192259K, capacity 209506K, committed 209752K, reserved 1230848K
  class space    used 24286K, capacity 27428K, committed 27520K, reserved 1048576K
}

Deoptimization events (10 events):
Event: 4011.513 Thread 0x000000001d24e000 Uncommon trap: reason=class_check action=maybe_recompile pc=0x000000000b66f898 method=org.apache.xerces.impl.XMLEntityManager$RewindableInputStream.read()I @ 91
Event: 4011.513 Thread 0x000000001d24e000 Uncommon trap: reason=class_check action=maybe_recompile pc=0x000000000b66f898 method=org.apache.xerces.impl.XMLEntityManager$RewindableInputStream.read()I @ 91
Event: 4011.513 Thread 0x000000001d24e000 Uncommon trap: reason=class_check action=maybe_recompile pc=0x000000000b66f898 method=org.apache.xerces.impl.XMLEntityManager$RewindableInputStream.read()I @ 91
Event: 4011.514 Thread 0x000000001d24e000 Uncommon trap: reason=bimorphic action=maybe_recompile pc=0x000000000bcd90d8 method=org.apache.xerces.parsers.AbstractSAXParser.characters(Lorg/apache/xerces/xni/XMLString;Lorg/apache/xerces/xni/Augmentations;)V @ 59
Event: 4011.514 Thread 0x000000001d24e000 Uncommon trap: reason=bimorphic action=maybe_recompile pc=0x000000000bcd90d8 method=org.apache.xerces.parsers.AbstractSAXParser.characters(Lorg/apache/xerces/xni/XMLString;Lorg/apache/xerces/xni/Augmentations;)V @ 59
Event: 4011.514 Thread 0x000000001d24e000 Uncommon trap: reason=bimorphic action=maybe_recompile pc=0x000000000bcd90d8 method=org.apache.xerces.parsers.AbstractSAXParser.characters(Lorg/apache/xerces/xni/XMLString;Lorg/apache/xerces/xni/Augmentations;)V @ 59
Event: 4011.514 Thread 0x000000001d24e000 Uncommon trap: reason=bimorphic action=maybe_recompile pc=0x000000000bcd90d8 method=org.apache.xerces.parsers.AbstractSAXParser.characters(Lorg/apache/xerces/xni/XMLString;Lorg/apache/xerces/xni/Augmentations;)V @ 59
Event: 4011.514 Thread 0x000000001d24e000 Uncommon trap: reason=bimorphic action=maybe_recompile pc=0x000000000bcd57d0 method=org.apache.xerces.parsers.AbstractSAXParser.characters(Lorg/apache/xerces/xni/XMLString;Lorg/apache/xerces/xni/Augmentations;)V @ 59
Event: 4011.761 Thread 0x000000001d24e000 Uncommon trap: reason=bimorphic action=maybe_recompile pc=0x000000000c0c5cb0 method=com.google.common.collect.Iterators$6.transform(Ljava/lang/Object;)Ljava/lang/Object; @ 5
Event: 4096.522 Thread 0x0000000018976000 Uncommon trap: reason=bimorphic action=maybe_recompile pc=0x000000000c0c5cb0 method=com.google.common.collect.Iterators$6.transform(Ljava/lang/Object;)Ljava/lang/Object; @ 5

Classes redefined (0 events):
No events

Internal exceptions (10 events):
Event: 4014.429 Thread 0x0000000018972000 Exception <a 'sun/nio/fs/WindowsException'> (0x00000000e30d7c50) thrown at [C:\src\AOSP-openjdk-git\hotspot\src\share\vm\prims\jni.cpp, line 710]
Event: 4014.429 Thread 0x0000000018972000 Exception <a 'sun/nio/fs/WindowsException'> (0x00000000e30d8958) thrown at [C:\src\AOSP-openjdk-git\hotspot\src\share\vm\prims\jni.cpp, line 710]
Event: 4014.435 Thread 0x000000001897e000 Exception <a 'sun/nio/fs/WindowsException'> (0x00000000e254f2b8) thrown at [C:\src\AOSP-openjdk-git\hotspot\src\share\vm\prims\jni.cpp, line 710]
Event: 4014.436 Thread 0x000000001897e000 Exception <a 'sun/nio/fs/WindowsException'> (0x00000000e254ffb0) thrown at [C:\src\AOSP-openjdk-git\hotspot\src\share\vm\prims\jni.cpp, line 710]
Event: 4014.517 Thread 0x000000001897e000 Exception <a 'sun/nio/fs/WindowsException'> (0x00000000e3ceb7b0) thrown at [C:\src\AOSP-openjdk-git\hotspot\src\share\vm\prims\jni.cpp, line 710]
Event: 4014.517 Thread 0x000000001897e000 Exception <a 'sun/nio/fs/WindowsException'> (0x00000000e3cec4a0) thrown at [C:\src\AOSP-openjdk-git\hotspot\src\share\vm\prims\jni.cpp, line 710]
Event: 4095.673 Thread 0x0000000018976000 Exception <a 'sun/nio/fs/WindowsException'> (0x00000000e993b9e0) thrown at [C:\src\AOSP-openjdk-git\hotspot\src\share\vm\prims\jni.cpp, line 710]
Event: 4096.155 Thread 0x0000000018976000 Exception <a 'sun/nio/fs/WindowsException'> (0x00000000ec411768) thrown at [C:\src\AOSP-openjdk-git\hotspot\src\share\vm\prims\jni.cpp, line 710]
Event: 4097.166 Thread 0x000000002e437000 Exception <a 'sun/nio/fs/WindowsException'> (0x00000000f247e2e8) thrown at [C:\src\AOSP-openjdk-git\hotspot\src\share\vm\prims\jni.cpp, line 710]
Event: 4097.166 Thread 0x000000002e437000 Exception <a 'sun/nio/fs/WindowsException'> (0x00000000f247efb8) thrown at [C:\src\AOSP-openjdk-git\hotspot\src\share\vm\prims\jni.cpp, line 710]

Events (10 events):
Event: 4097.008 Executing VM operation: RevokeBias done
Event: 4097.029 Thread 0x0000000016df4800 flushing nmethod 0x0000000008154010
Event: 4097.185 Thread 0x0000000016e45800 flushing nmethod 0x0000000009404190
Event: 4097.274 Thread 0x0000000016df8000 flushing nmethod 0x000000000a4557d0
Event: 4097.351 Thread 0x0000000016df8000 flushing nmethod 0x000000000bdb3c90
Event: 4097.351 Thread 0x0000000016df8000 flushing nmethod 0x000000000be34310
Event: 4097.838 Executing VM operation: ParallelGCFailedAllocation
Event: 4098.163 Executing VM operation: ParallelGCFailedAllocation done
Event: 4098.163 Executing VM operation: RevokeBias
Event: 4098.164 Executing VM operation: RevokeBias done


Dynamic libraries:
0x00007ff6df190000 - 0x00007ff6df1c1000 	C:\Program Files\Android\Android Studio\jre\bin\java.exe
0x00007ff836080000 - 0x00007ff836252000 	C:\Windows\SYSTEM32\ntdll.dll
0x00007ff833a20000 - 0x00007ff833acc000 	C:\Windows\System32\KERNEL32.DLL
0x00007ff832cf0000 - 0x00007ff832f0d000 	C:\Windows\System32\KERNELBASE.dll
0x00007ff835ec0000 - 0x00007ff835f62000 	C:\Windows\System32\ADVAPI32.dll
0x00007ff8358f0000 - 0x00007ff83598e000 	C:\Windows\System32\msvcrt.dll
0x00007ff836020000 - 0x00007ff836079000 	C:\Windows\System32\sechost.dll
0x00007ff833620000 - 0x00007ff833741000 	C:\Windows\System32\RPCRT4.dll
0x00007ff835b60000 - 0x00007ff835cc5000 	C:\Windows\System32\USER32.dll
0x00007ff8335f0000 - 0x00007ff83360e000 	C:\Windows\System32\win32u.dll
0x00007ff833750000 - 0x00007ff833784000 	C:\Windows\System32\GDI32.dll
0x00007ff8325f0000 - 0x00007ff832770000 	C:\Windows\System32\gdi32full.dll
0x00007ff827d50000 - 0x00007ff827fca000 	C:\Windows\WinSxS\amd64_microsoft.windows.common-controls_6595b64144ccf1df_6.0.14393.953_none_42151e83c686086b\COMCTL32.dll
0x00007ff833c20000 - 0x00007ff833ee8000 	C:\Windows\System32\combase.dll
0x00007ff832980000 - 0x00007ff832a75000 	C:\Windows\System32\ucrtbase.dll
0x00007ff832580000 - 0x00007ff8325ea000 	C:\Windows\System32\bcryptPrimitives.dll
0x00007ff835b30000 - 0x00007ff835b5e000 	C:\Windows\System32\IMM32.DLL
0x00007ff832400000 - 0x00007ff83242f000 	C:\Windows\system32\nvinitx.dll
0x00007ff8323f0000 - 0x00007ff8323fa000 	C:\Windows\SYSTEM32\VERSION.dll
0x000000006afb0000 - 0x000000006b082000 	C:\Program Files\Android\Android Studio\jre\jre\bin\msvcr100.dll
0x000000006b0b0000 - 0x000000006b8fb000 	C:\Program Files\Android\Android Studio\jre\jre\bin\server\jvm.dll
0x00007ff833c10000 - 0x00007ff833c18000 	C:\Windows\System32\PSAPI.DLL
0x00007ff82c690000 - 0x00007ff82c699000 	C:\Windows\SYSTEM32\WSOCK32.dll
0x00007ff830a10000 - 0x00007ff830a33000 	C:\Windows\SYSTEM32\WINMM.dll
0x00007ff833790000 - 0x00007ff8337fa000 	C:\Windows\System32\WS2_32.dll
0x0000000001770000 - 0x000000000179b000 	C:\Windows\SYSTEM32\WINMMBASE.dll
0x00007ff832930000 - 0x00007ff832972000 	C:\Windows\System32\cfgmgr32.dll
0x00007ff828980000 - 0x00007ff82898f000 	C:\Program Files\Android\Android Studio\jre\jre\bin\verify.dll
0x00007ff828400000 - 0x00007ff828429000 	C:\Program Files\Android\Android Studio\jre\jre\bin\java.dll
0x00007ff8288e0000 - 0x00007ff8288f6000 	C:\Program Files\Android\Android Studio\jre\jre\bin\zip.dll
0x00007ff8343e0000 - 0x00007ff8358e9000 	C:\Windows\System32\SHELL32.dll
0x00007ff832f10000 - 0x00007ff8335e9000 	C:\Windows\System32\windows.storage.dll
0x00007ff832530000 - 0x00007ff83257c000 	C:\Windows\System32\powrprof.dll
0x00007ff834380000 - 0x00007ff8343d2000 	C:\Windows\System32\shlwapi.dll
0x00007ff832500000 - 0x00007ff83250f000 	C:\Windows\System32\kernel.appcore.dll
0x00007ff832820000 - 0x00007ff8328c9000 	C:\Windows\System32\shcore.dll
0x00007ff832510000 - 0x00007ff832524000 	C:\Windows\System32\profapi.dll
0x00007ff8283e0000 - 0x00007ff8283fa000 	C:\Program Files\Android\Android Studio\jre\jre\bin\net.dll
0x00007ff831d80000 - 0x00007ff831ddc000 	C:\Windows\system32\mswsock.dll
0x00007ff8283c0000 - 0x00007ff8283d3000 	C:\Program Files\Android\Android Studio\jre\jre\bin\nio.dll
0x00007ff82d330000 - 0x00007ff82d357000 	C:\Users\Site\.gradle\native\f6784746aeab05261644944871eae4fe03e0ef1612fff0a4a95f87b438bc6780\windows-amd64\native-platform.dll
0x00007ff828970000 - 0x00007ff82897d000 	C:\Program Files\Android\Android Studio\jre\jre\bin\management.dll
0x00007ff831f20000 - 0x00007ff831f37000 	C:\Windows\SYSTEM32\CRYPTSP.dll
0x00007ff831980000 - 0x00007ff8319b3000 	C:\Windows\system32\rsaenh.dll
0x00007ff832440000 - 0x00007ff83246b000 	C:\Windows\SYSTEM32\bcrypt.dll
0x00007ff831c00000 - 0x00007ff831c1f000 	C:\Windows\SYSTEM32\USERENV.dll
0x00007ff8323e0000 - 0x00007ff8323eb000 	C:\Windows\SYSTEM32\CRYPTBASE.dll
0x00007ff831b00000 - 0x00007ff831b38000 	C:\Windows\SYSTEM32\IPHLPAPI.DLL
0x00007ff833610000 - 0x00007ff833618000 	C:\Windows\System32\NSI.dll
0x00007ff82ee60000 - 0x00007ff82ee76000 	C:\Windows\SYSTEM32\dhcpcsvc6.DLL
0x00007ff82eb80000 - 0x00007ff82eb9a000 	C:\Windows\SYSTEM32\dhcpcsvc.DLL
0x00007ff82eed0000 - 0x00007ff82eedb000 	C:\Windows\SYSTEM32\WINNSI.DLL
0x00007ff8235a0000 - 0x00007ff8235c4000 	C:\Program Files\Android\Android Studio\jre\jre\bin\sunec.dll
0x00007ff831b40000 - 0x00007ff831be1000 	C:\Windows\SYSTEM32\DNSAPI.dll
0x00007ff82b6c0000 - 0x00007ff82b6ca000 	C:\Windows\System32\rasadhlp.dll
0x00007ff82bf50000 - 0x00007ff82bfba000 	C:\Windows\System32\fwpuclnt.dll
0x00007ff823a00000 - 0x00007ff823a0b000 	C:\Program Files\Android\Android Studio\jre\jre\bin\sunmscapi.dll
0x00007ff832b20000 - 0x00007ff832ce9000 	C:\Windows\System32\CRYPT32.dll
0x00007ff8324f0000 - 0x00007ff832500000 	C:\Windows\System32\MSASN1.dll
0x00007ff831280000 - 0x00007ff8312b2000 	C:\Windows\SYSTEM32\ntmarta.dll
0x00007ff830b30000 - 0x00007ff830baa000 	C:\Windows\system32\apphelp.dll
0x00007ff8169f0000 - 0x00007ff816b8c000 	C:\Program Files\Android\Android Studio\jre\jre\bin\awt.dll
0x00007ff833960000 - 0x00007ff833a1f000 	C:\Windows\System32\OLEAUT32.dll
0x00007ff832a80000 - 0x00007ff832b1c000 	C:\Windows\System32\msvcp_win.dll
0x00007ff8304a0000 - 0x00007ff8304c6000 	C:\Windows\SYSTEM32\dwmapi.dll
0x00007ff82db20000 - 0x00007ff82e07f000 	C:\Windows\SYSTEM32\d2d1.dll
0x00007ff830cd0000 - 0x00007ff830d65000 	C:\Windows\system32\uxtheme.dll
0x00007ff82d130000 - 0x00007ff82d14e000 	C:\Users\Site\AppData\Local\Temp\native-platform6904125825707407986dir\native-platform.dll

VM Arguments:
jvm_args: -Xmx1536m -Dfile.encoding=windows-1256 -Duser.country=US -Duser.language=en -Duser.variant 
java_command: org.gradle.launcher.daemon.bootstrap.GradleDaemon 6.5
java_class_path (initial): C:\Users\Site\.gradle\wrapper\dists\gradle-6.5-bin\6nifqtx7604sqp1q6g8wikw7p\gradle-6.5\lib\gradle-launcher-6.5.jar
Launcher Type: SUN_STANDARD

Environment Variables:
PATH=C:\Windows\system32;C:\Windows;C:\Windows\System32\Wbem;C:\Windows\System32\WindowsPowerShell\v1.0\;D:\flutter_sdk\flutter\bin;%ANDROID_HOME%\tools;%ANDROID_HOME%\platform-tools;C:\Program Files\Git\cmd
USERNAME=Site
OS=Windows_NT
PROCESSOR_IDENTIFIER=Intel64 Family 6 Model 37 Stepping 5, GenuineIntel



---------------  S Y S T E M  ---------------

OS: Windows 10.0 , 64 bit Build 14393 (10.0.14393.1198)

CPU:total 4 (initial active 4) (2 cores per cpu, 2 threads per core) family 6 model 37 stepping 5, cmov, cx8, fxsr, mmx, sse, sse2, sse3, ssse3, sse4.1, sse4.2, popcnt, ht, tsc, tscinvbit

Memory: 4k page, physical 8182340k(2114852k free), swap 9746160k(6372k free)

vm_info: OpenJDK 64-Bit Server VM (25.242-b01) for windows-amd64 JRE (1.8.0_242-release-1644-b01), built by "builder" with MS VC++ 10.0 (VS2010)

time: Sat Nov 06 11:57:43 2021
timezone: Iran Standard Time
elapsed time: 4098 seconds (0d 1h 8m 18s)

