#
# There is insufficient memory for the Java Runtime Environment to continue.
# Native memory allocation (malloc) failed to allocate 1835536 bytes for Chunk::new
# Possible reasons:
#   The system is out of physical RAM or swap space
#   The process is running with CompressedOops enabled, and the Java Heap may be blocking the growth of the native heap
# Possible solutions:
#   Reduce memory load on the system
#   Increase physical memory or swap space
#   Check if swap backing store is full
#   Decrease Java heap size (-Xmx/-Xms)
#   Decrease number of Java threads
#   Decrease Java thread stack sizes (-Xss)
#   Set larger code cache with -XX:ReservedCodeCacheSize=
#   JVM is running with Unscaled Compressed Oops mode in which the Java heap is
#     placed in the first 4GB address space. The Java Heap base address is the
#     maximum limit for the native heap growth. Please use -XX:HeapBaseMinAddress
#     to set the Java Heap base and to place the Java Heap above 4GB virtual address.
# This output file may be truncated or incomplete.
#
#  Out of Memory Error (allocation.cpp:389), pid=8524, tid=0x0000000000006cd8
#
# JRE version: OpenJDK Runtime Environment (8.0_242-b01) (build 1.8.0_242-release-1644-b01)
# Java VM: OpenJDK 64-Bit Server VM (25.242-b01 mixed mode windows-amd64 compressed oops)
# Failed to write core dump. Minidumps are not enabled by default on client versions of Windows
#

---------------  T H R E A D  ---------------

Current thread (0x0000000016108000):  JavaThread "C2 CompilerThread1" daemon [_thread_in_native, id=27864, stack(0x0000000017870000,0x0000000017970000)]

Stack: [0x0000000017870000,0x0000000017970000]
[error occurred during error reporting (printing stack bounds), id 0xc0000005]

Native frames: (J=compiled Java code, j=interpreted, Vv=VM code, C=native code)


Current CompileTask:
C2:  18626 5213   !   4       com.sun.beans.TypeResolver::resolve (274 bytes)


---------------  P R O C E S S  ---------------

Java Threads: ( => current thread )
  0x0000000019160000 JavaThread "pool-1-thread-1" [_thread_blocked, id=27556, stack(0x000000002a8b0000,0x000000002a9b0000)]
  0x0000000019158800 JavaThread "Cache worker for Build Output Cleanup Cache (D:\Android\project_run\turkiye\.gradle\buildOutputCleanup)" [_thread_blocked, id=33064, stack(0x000000002a7b0000,0x000000002a8b0000)]
  0x000000001915f800 JavaThread "jar transforms Thread 150" [_thread_blocked, id=7520, stack(0x000000002a4b0000,0x000000002a5b0000)]
  0x000000001915e800 JavaThread "jar transforms Thread 149" [_thread_blocked, id=500, stack(0x000000002a3b0000,0x000000002a4b0000)]
  0x000000001915a000 JavaThread "jar transforms Thread 148" [_thread_blocked, id=9132, stack(0x000000002a2b0000,0x000000002a3b0000)]
  0x000000001915e000 JavaThread "jar transforms Thread 147" [_thread_blocked, id=16116, stack(0x000000002a1b0000,0x000000002a2b0000)]
  0x0000000019159800 JavaThread "jar transforms Thread 146" [_thread_blocked, id=9632, stack(0x000000002a0b0000,0x000000002a1b0000)]
  0x0000000019157000 JavaThread "jar transforms Thread 145" [_thread_blocked, id=37976, stack(0x0000000029fb0000,0x000000002a0b0000)]
  0x000000001915c800 JavaThread "jar transforms Thread 144" [_thread_blocked, id=5084, stack(0x0000000029eb0000,0x0000000029fb0000)]
  0x000000001915d000 JavaThread "jar transforms Thread 143" [_thread_blocked, id=37880, stack(0x0000000029db0000,0x0000000029eb0000)]
  0x0000000019156800 JavaThread "jar transforms Thread 142" [_thread_blocked, id=16100, stack(0x0000000029cb0000,0x0000000029db0000)]
  0x0000000019158000 JavaThread "jar transforms Thread 141" [_thread_blocked, id=452, stack(0x0000000029bb0000,0x0000000029cb0000)]
  0x0000000019155800 JavaThread "jar transforms Thread 140" [_thread_blocked, id=1964, stack(0x0000000029ab0000,0x0000000029bb0000)]
  0x0000000019ca7800 JavaThread "jar transforms Thread 139" [_thread_blocked, id=27428, stack(0x00000000299b0000,0x0000000029ab0000)]
  0x0000000019ca7000 JavaThread "jar transforms Thread 138" [_thread_blocked, id=19308, stack(0x00000000298b0000,0x00000000299b0000)]
  0x0000000019ca8800 JavaThread "jar transforms Thread 137" [_thread_blocked, id=40464, stack(0x00000000297b0000,0x00000000298b0000)]
  0x0000000019ca6000 JavaThread "jar transforms Thread 136" [_thread_blocked, id=14060, stack(0x00000000296b0000,0x00000000297b0000)]
  0x0000000019ca5800 JavaThread "jar transforms Thread 135" [_thread_blocked, id=35012, stack(0x00000000295b0000,0x00000000296b0000)]
  0x0000000019ca4800 JavaThread "jar transforms Thread 134" [_thread_blocked, id=39124, stack(0x00000000294b0000,0x00000000295b0000)]
  0x0000000019ca4000 JavaThread "jar transforms Thread 133" [_thread_blocked, id=31808, stack(0x00000000293b0000,0x00000000294b0000)]
  0x0000000019caa000 JavaThread "jar transforms Thread 132" [_thread_blocked, id=36160, stack(0x00000000292b0000,0x00000000293b0000)]
  0x0000000019ca9000 JavaThread "jar transforms Thread 131" [_thread_blocked, id=13000, stack(0x00000000291b0000,0x00000000292b0000)]
  0x0000000019c9c800 JavaThread "jar transforms Thread 130" [_thread_blocked, id=37352, stack(0x00000000290b0000,0x00000000291b0000)]
  0x0000000019ca2800 JavaThread "jar transforms Thread 129" [_thread_blocked, id=22364, stack(0x0000000028fb0000,0x00000000290b0000)]
  0x0000000019ca3000 JavaThread "jar transforms Thread 128" [_thread_blocked, id=27172, stack(0x0000000028eb0000,0x0000000028fb0000)]
  0x0000000019c9b800 JavaThread "jar transforms Thread 127" [_thread_blocked, id=24648, stack(0x0000000028db0000,0x0000000028eb0000)]
  0x0000000019c9b000 JavaThread "jar transforms Thread 126" [_thread_blocked, id=1736, stack(0x0000000028cb0000,0x0000000028db0000)]
  0x0000000019c9d000 JavaThread "jar transforms Thread 125" [_thread_blocked, id=49176, stack(0x0000000028bb0000,0x0000000028cb0000)]
  0x0000000019ca0000 JavaThread "jar transforms Thread 124" [_thread_blocked, id=5748, stack(0x0000000028ab0000,0x0000000028bb0000)]
  0x0000000019ca1800 JavaThread "jar transforms Thread 123" [_thread_blocked, id=43332, stack(0x00000000289b0000,0x0000000028ab0000)]
  0x0000000019c9e000 JavaThread "jar transforms Thread 122" [_thread_blocked, id=1996, stack(0x00000000288b0000,0x00000000289b0000)]
  0x0000000019c9f800 JavaThread "jar transforms Thread 121" [_thread_blocked, id=23248, stack(0x00000000287b0000,0x00000000288b0000)]
  0x0000000019c9e800 JavaThread "jar transforms Thread 120" [_thread_blocked, id=36784, stack(0x00000000286b0000,0x00000000287b0000)]
  0x0000000019ca1000 JavaThread "jar transforms Thread 119" [_thread_blocked, id=43848, stack(0x00000000285b0000,0x00000000286b0000)]
  0x000000001aafd800 JavaThread "jar transforms Thread 118" [_thread_blocked, id=28576, stack(0x00000000284b0000,0x00000000285b0000)]
  0x000000001aafc000 JavaThread "jar transforms Thread 117" [_thread_blocked, id=20020, stack(0x00000000283b0000,0x00000000284b0000)]
  0x000000001aafd000 JavaThread "jar transforms Thread 116" [_thread_blocked, id=11868, stack(0x00000000282b0000,0x00000000283b0000)]
  0x000000001aafb800 JavaThread "jar transforms Thread 115" [_thread_blocked, id=12520, stack(0x00000000281b0000,0x00000000282b0000)]
  0x000000001ab00000 JavaThread "jar transforms Thread 114" [_thread_blocked, id=176, stack(0x00000000280b0000,0x00000000281b0000)]
  0x000000001aafa800 JavaThread "jar transforms Thread 113" [_thread_blocked, id=27816, stack(0x0000000027fb0000,0x00000000280b0000)]
  0x000000001aaff000 JavaThread "jar transforms Thread 112" [_thread_blocked, id=7616, stack(0x0000000027eb0000,0x0000000027fb0000)]
  0x000000001aafe800 JavaThread "jar transforms Thread 111" [_thread_blocked, id=11976, stack(0x0000000027db0000,0x0000000027eb0000)]
  0x000000001aaf3000 JavaThread "jar transforms Thread 110" [_thread_blocked, id=36756, stack(0x0000000027cb0000,0x0000000027db0000)]
  0x000000001aafa000 JavaThread "jar transforms Thread 109" [_thread_blocked, id=42724, stack(0x0000000027bb0000,0x0000000027cb0000)]
  0x000000001aaf2800 JavaThread "jar transforms Thread 108" [_thread_blocked, id=34280, stack(0x0000000027ab0000,0x0000000027bb0000)]
  0x000000001aaf9000 JavaThread "jar transforms Thread 107" [_thread_blocked, id=43412, stack(0x00000000279b0000,0x0000000027ab0000)]
  0x000000001aaf8800 JavaThread "jar transforms Thread 106" [_thread_blocked, id=34664, stack(0x00000000278b0000,0x00000000279b0000)]
  0x000000001aaf7000 JavaThread "jar transforms Thread 105" [_thread_blocked, id=37996, stack(0x00000000277b0000,0x00000000278b0000)]
  0x000000001aaf6000 JavaThread "jar transforms Thread 104" [_thread_blocked, id=7852, stack(0x00000000276b0000,0x00000000277b0000)]
  0x000000001aaf4800 JavaThread "jar transforms Thread 103" [_thread_blocked, id=42284, stack(0x00000000275b0000,0x00000000276b0000)]
  0x000000001aaf5800 JavaThread "jar transforms Thread 102" [_thread_blocked, id=41568, stack(0x00000000274b0000,0x00000000275b0000)]
  0x000000001aaf1000 JavaThread "jar transforms Thread 101" [_thread_blocked, id=28452, stack(0x00000000273b0000,0x00000000274b0000)]
  0x000000001aaf4000 JavaThread "jar transforms Thread 100" [_thread_blocked, id=13120, stack(0x00000000272b0000,0x00000000273b0000)]
  0x000000001aaf1800 JavaThread "jar transforms Thread 99" [_thread_blocked, id=47312, stack(0x00000000271b0000,0x00000000272b0000)]
  0x000000001aaf7800 JavaThread "jar transforms Thread 98" [_thread_blocked, id=30264, stack(0x00000000270b0000,0x00000000271b0000)]
  0x00000000189fb000 JavaThread "jar transforms Thread 97" [_thread_blocked, id=29816, stack(0x0000000026fb0000,0x00000000270b0000)]
  0x00000000189fa000 JavaThread "jar transforms Thread 96" [_thread_blocked, id=19156, stack(0x0000000026eb0000,0x0000000026fb0000)]
  0x00000000189fe000 JavaThread "jar transforms Thread 95" [_thread_blocked, id=41928, stack(0x0000000026db0000,0x0000000026eb0000)]
  0x00000000189f9800 JavaThread "jar transforms Thread 94" [_thread_blocked, id=24344, stack(0x0000000026cb0000,0x0000000026db0000)]
  0x00000000189fd000 JavaThread "jar transforms Thread 93" [_thread_blocked, id=16296, stack(0x0000000026bb0000,0x0000000026cb0000)]
  0x00000000189fb800 JavaThread "jar transforms Thread 92" [_thread_blocked, id=18964, stack(0x0000000026ab0000,0x0000000026bb0000)]
  0x00000000189fc800 JavaThread "jar transforms Thread 91" [_thread_blocked, id=11568, stack(0x00000000269b0000,0x0000000026ab0000)]
  0x00000000189f8800 JavaThread "jar transforms Thread 90" [_thread_blocked, id=47960, stack(0x00000000268b0000,0x00000000269b0000)]
  0x00000000189f1000 JavaThread "jar transforms Thread 89" [_thread_blocked, id=8060, stack(0x00000000267b0000,0x00000000268b0000)]
  0x00000000189f3800 JavaThread "jar transforms Thread 88" [_thread_blocked, id=26892, stack(0x00000000266b0000,0x00000000267b0000)]
  0x00000000189f8000 JavaThread "jar transforms Thread 87" [_thread_blocked, id=5808, stack(0x00000000265b0000,0x00000000266b0000)]
  0x00000000189f7000 JavaThread "jar transforms Thread 86" [_thread_blocked, id=17012, stack(0x00000000264b0000,0x00000000265b0000)]
  0x00000000189f2800 JavaThread "jar transforms Thread 85" [_thread_blocked, id=7900, stack(0x00000000263b0000,0x00000000264b0000)]
  0x00000000189f0800 JavaThread "jar transforms Thread 84" [_thread_blocked, id=10208, stack(0x00000000262b0000,0x00000000263b0000)]
  0x00000000189f6800 JavaThread "jar transforms Thread 83" [_thread_blocked, id=1264, stack(0x00000000261b0000,0x00000000262b0000)]
  0x00000000189f5800 JavaThread "jar transforms Thread 82" [_thread_blocked, id=3044, stack(0x00000000260b0000,0x00000000261b0000)]
  0x00000000189ef800 JavaThread "jar transforms Thread 81" [_thread_blocked, id=46580, stack(0x0000000025fb0000,0x00000000260b0000)]
  0x00000000189f5000 JavaThread "jar transforms Thread 80" [_thread_blocked, id=25880, stack(0x0000000025eb0000,0x0000000025fb0000)]
  0x00000000189f4000 JavaThread "jar transforms Thread 79" [_thread_blocked, id=6292, stack(0x0000000025db0000,0x0000000025eb0000)]
  0x00000000189ef000 JavaThread "jar transforms Thread 78" [_thread_blocked, id=29464, stack(0x0000000025cb0000,0x0000000025db0000)]
  0x00000000189f2000 JavaThread "jar transforms Thread 77" [_thread_blocked, id=40044, stack(0x0000000025bb0000,0x0000000025cb0000)]
  0x000000001a86a800 JavaThread "jar transforms Thread 76" [_thread_blocked, id=6460, stack(0x0000000025ab0000,0x0000000025bb0000)]
  0x000000001a86a000 JavaThread "jar transforms Thread 75" [_thread_blocked, id=35408, stack(0x00000000259b0000,0x0000000025ab0000)]
  0x000000001a869000 JavaThread "jar transforms Thread 74" [_thread_blocked, id=15056, stack(0x00000000258b0000,0x00000000259b0000)]
  0x000000001a86b800 JavaThread "jar transforms Thread 73" [_thread_blocked, id=21460, stack(0x00000000257b0000,0x00000000258b0000)]
  0x000000001a868800 JavaThread "jar transforms Thread 72" [_thread_blocked, id=26524, stack(0x00000000256b0000,0x00000000257b0000)]
  0x000000001a867800 JavaThread "jar transforms Thread 71" [_thread_blocked, id=40732, stack(0x00000000255b0000,0x00000000256b0000)]
  0x000000001a867000 JavaThread "jar transforms Thread 70" [_thread_blocked, id=33732, stack(0x00000000254b0000,0x00000000255b0000)]
  0x000000001a85f800 JavaThread "jar transforms Thread 69" [_thread_blocked, id=15392, stack(0x00000000253b0000,0x00000000254b0000)]
  0x000000001a866000 JavaThread "jar transforms Thread 68" [_thread_blocked, id=17812, stack(0x00000000252b0000,0x00000000253b0000)]
  0x000000001a865800 JavaThread "jar transforms Thread 67" [_thread_blocked, id=17552, stack(0x00000000251b0000,0x00000000252b0000)]
  0x000000001a85e000 JavaThread "jar transforms Thread 66" [_thread_blocked, id=25364, stack(0x00000000250b0000,0x00000000251b0000)]
  0x000000001a860000 JavaThread "jar transforms Thread 65" [_thread_blocked, id=45488, stack(0x0000000024eb0000,0x0000000024fb0000)]
  0x000000001a864800 JavaThread "jar transforms Thread 64" [_thread_blocked, id=45776, stack(0x0000000024db0000,0x0000000024eb0000)]
  0x000000001a861000 JavaThread "jar transforms Thread 63" [_thread_blocked, id=25000, stack(0x0000000024cb0000,0x0000000024db0000)]
  0x000000001a864000 JavaThread "jar transforms Thread 62" [_thread_blocked, id=31636, stack(0x0000000024bb0000,0x0000000024cb0000)]
  0x000000001a85c800 JavaThread "jar transforms Thread 61" [_thread_blocked, id=26668, stack(0x0000000024ab0000,0x0000000024bb0000)]
  0x000000001a85e800 JavaThread "jar transforms Thread 60" [_thread_blocked, id=740, stack(0x00000000249b0000,0x0000000024ab0000)]
  0x000000001a863000 JavaThread "jar transforms Thread 59" [_thread_blocked, id=37464, stack(0x00000000248b0000,0x00000000249b0000)]
  0x000000001a862800 JavaThread "jar transforms Thread 58" [_thread_blocked, id=35244, stack(0x00000000247b0000,0x00000000248b0000)]
  0x000000001a85d000 JavaThread "jar transforms Thread 57" [_thread_blocked, id=20812, stack(0x00000000246b0000,0x00000000247b0000)]
  0x000000001a861800 JavaThread "jar transforms Thread 56" [_thread_blocked, id=20640, stack(0x00000000245b0000,0x00000000246b0000)]
  0x000000001900e000 JavaThread "jar transforms Thread 55" [_thread_blocked, id=36012, stack(0x00000000244b0000,0x00000000245b0000)]
  0x000000001900d000 JavaThread "jar transforms Thread 54" [_thread_blocked, id=11768, stack(0x00000000243b0000,0x00000000244b0000)]
  0x0000000019014000 JavaThread "jar transforms Thread 53" [_thread_blocked, id=26416, stack(0x00000000242b0000,0x00000000243b0000)]
  0x0000000019012800 JavaThread "jar transforms Thread 52" [_thread_blocked, id=19096, stack(0x00000000241b0000,0x00000000242b0000)]
  0x0000000019011800 JavaThread "jar transforms Thread 51" [_thread_blocked, id=44484, stack(0x00000000240b0000,0x00000000241b0000)]
  0x0000000019011000 JavaThread "jar transforms Thread 50" [_thread_blocked, id=17664, stack(0x0000000023fb0000,0x00000000240b0000)]
  0x0000000019010000 JavaThread "jar transforms Thread 49" [_thread_blocked, id=49888, stack(0x0000000023eb0000,0x0000000023fb0000)]
  0x0000000019013000 JavaThread "jar transforms Thread 48" [_thread_blocked, id=33028, stack(0x0000000023db0000,0x0000000023eb0000)]
  0x000000001900e800 JavaThread "jar transforms Thread 47" [_thread_blocked, id=20008, stack(0x0000000023cb0000,0x0000000023db0000)]
  0x000000001900f800 JavaThread "jar transforms Thread 46" [_thread_blocked, id=10764, stack(0x0000000023bb0000,0x0000000023cb0000)]
  0x0000000019005800 JavaThread "jar transforms Thread 45" [_thread_blocked, id=35476, stack(0x0000000023ab0000,0x0000000023bb0000)]
  0x000000001900c000 JavaThread "jar transforms Thread 44" [_thread_blocked, id=9028, stack(0x00000000239b0000,0x0000000023ab0000)]
  0x0000000019004800 JavaThread "jar transforms Thread 43" [_thread_blocked, id=5828, stack(0x00000000238b0000,0x00000000239b0000)]
  0x000000001900b800 JavaThread "jar transforms Thread 42" [_thread_blocked, id=25188, stack(0x00000000237b0000,0x00000000238b0000)]
  0x000000001900a800 JavaThread "jar transforms Thread 41" [_thread_blocked, id=38624, stack(0x00000000236b0000,0x00000000237b0000)]
  0x0000000019006000 JavaThread "jar transforms Thread 40" [_thread_blocked, id=7604, stack(0x00000000235b0000,0x00000000236b0000)]
  0x000000001900a000 JavaThread "jar transforms Thread 39" [_thread_blocked, id=8712, stack(0x00000000234b0000,0x00000000235b0000)]
  0x0000000019007800 JavaThread "jar transforms Thread 38" [_thread_blocked, id=19972, stack(0x00000000233b0000,0x00000000234b0000)]
  0x0000000019009000 JavaThread "jar transforms Thread 37" [_thread_blocked, id=16548, stack(0x00000000232b0000,0x00000000233b0000)]
  0x0000000019008800 JavaThread "jar transforms Thread 36" [_thread_blocked, id=34936, stack(0x00000000231b0000,0x00000000232b0000)]
  0x0000000019007000 JavaThread "jar transforms Thread 35" [_thread_blocked, id=25848, stack(0x00000000230b0000,0x00000000231b0000)]
  0x0000000018ebc000 JavaThread "jar transforms Thread 34" [_thread_blocked, id=27184, stack(0x0000000022fb0000,0x00000000230b0000)]
  0x0000000018eba800 JavaThread "jar transforms Thread 33" [_thread_blocked, id=37584, stack(0x0000000022eb0000,0x0000000022fb0000)]
  0x0000000018eb9800 JavaThread "jar transforms Thread 32" [_thread_blocked, id=40424, stack(0x0000000022db0000,0x0000000022eb0000)]
  0x0000000018eb9000 JavaThread "jar transforms Thread 31" [_thread_blocked, id=37356, stack(0x0000000022cb0000,0x0000000022db0000)]
  0x0000000018ebb000 JavaThread "jar transforms Thread 30" [_thread_blocked, id=47240, stack(0x0000000022bb0000,0x0000000022cb0000)]
  0x0000000018eb1000 JavaThread "jar transforms Thread 29" [_thread_blocked, id=18692, stack(0x0000000022ab0000,0x0000000022bb0000)]
  0x0000000018eb8000 JavaThread "jar transforms Thread 28" [_thread_blocked, id=45600, stack(0x00000000229b0000,0x0000000022ab0000)]
  0x0000000018eb7800 JavaThread "jar transforms Thread 27" [_thread_blocked, id=31032, stack(0x00000000228b0000,0x00000000229b0000)]
  0x0000000018eb6800 JavaThread "jar transforms Thread 26" [_thread_blocked, id=29296, stack(0x00000000227b0000,0x00000000228b0000)]
  0x0000000018eb6000 JavaThread "jar transforms Thread 25" [_thread_blocked, id=44352, stack(0x00000000226b0000,0x00000000227b0000)]
  0x0000000018eae000 JavaThread "jar transforms Thread 24" [_thread_blocked, id=34720, stack(0x00000000225b0000,0x00000000226b0000)]
  0x0000000018eb2800 JavaThread "jar transforms Thread 23" [_thread_blocked, id=27624, stack(0x00000000224b0000,0x00000000225b0000)]
  0x0000000018eb2000 JavaThread "jar transforms Thread 22" [_thread_blocked, id=21512, stack(0x00000000223b0000,0x00000000224b0000)]
  0x0000000018eb5000 JavaThread "jar transforms Thread 21" [_thread_blocked, id=39168, stack(0x00000000222b0000,0x00000000223b0000)]
  0x0000000018eb3800 JavaThread "jar transforms Thread 20" [_thread_blocked, id=23988, stack(0x00000000221b0000,0x00000000222b0000)]
  0x0000000018eaf800 JavaThread "jar transforms Thread 19" [_thread_blocked, id=21452, stack(0x00000000220b0000,0x00000000221b0000)]
  0x0000000018eb0800 JavaThread "jar transforms Thread 18" [_thread_blocked, id=2688, stack(0x0000000021fb0000,0x00000000220b0000)]
  0x0000000018eb4800 JavaThread "jar transforms Thread 17" [_thread_blocked, id=26708, stack(0x0000000021eb0000,0x0000000021fb0000)]
  0x0000000018ead800 JavaThread "jar transforms Thread 16" [_thread_blocked, id=31980, stack(0x0000000021db0000,0x0000000021eb0000)]
  0x0000000018eac800 JavaThread "jar transforms Thread 15" [_thread_blocked, id=8736, stack(0x0000000021cb0000,0x0000000021db0000)]
  0x0000000018eaf000 JavaThread "jar transforms Thread 14" [_thread_blocked, id=10300, stack(0x0000000021bb0000,0x0000000021cb0000)]
  0x000000001a17e800 JavaThread "jar transforms Thread 13" [_thread_blocked, id=3480, stack(0x0000000021ab0000,0x0000000021bb0000)]
  0x000000001a17e000 JavaThread "jar transforms Thread 12" [_thread_blocked, id=16536, stack(0x00000000219b0000,0x0000000021ab0000)]
  0x000000001a17d000 JavaThread "jar transforms Thread 11" [_thread_blocked, id=39772, stack(0x00000000218b0000,0x00000000219b0000)]
  0x000000001a17c800 JavaThread "jar transforms Thread 10" [_thread_blocked, id=8956, stack(0x00000000217b0000,0x00000000218b0000)]
  0x000000001a17b800 JavaThread "jar transforms Thread 9" [_thread_blocked, id=12536, stack(0x00000000216b0000,0x00000000217b0000)]
  0x000000001a174000 JavaThread "jar transforms Thread 8" [_thread_blocked, id=34544, stack(0x00000000215b0000,0x00000000216b0000)]
  0x000000001a17a800 JavaThread "jar transforms Thread 7" [_thread_blocked, id=12968, stack(0x00000000214b0000,0x00000000215b0000)]
  0x000000001a173000 JavaThread "jar transforms Thread 6" [_thread_blocked, id=6284, stack(0x00000000213b0000,0x00000000214b0000)]
  0x000000001a178800 JavaThread "jar transforms Thread 5" [_thread_blocked, id=48552, stack(0x00000000212b0000,0x00000000213b0000)]
  0x000000001a177800 JavaThread "jar transforms Thread 4" [_thread_blocked, id=42872, stack(0x00000000211b0000,0x00000000212b0000)]
  0x000000001a17a000 JavaThread "jar transforms Thread 3" [_thread_blocked, id=14264, stack(0x00000000210b0000,0x00000000211b0000)]
  0x000000001a179000 JavaThread "jar transforms Thread 2" [_thread_blocked, id=11244, stack(0x0000000020fb0000,0x00000000210b0000)]
  0x000000001a170000 JavaThread "Build operations Thread 4" [_thread_blocked, id=17064, stack(0x0000000020cb0000,0x0000000020db0000)]
  0x000000001a172800 JavaThread "Build operations Thread 3" [_thread_blocked, id=18440, stack(0x0000000020bb0000,0x0000000020cb0000)]
  0x000000001a177000 JavaThread "Build operations Thread 2" [_thread_blocked, id=38080, stack(0x0000000020ab0000,0x0000000020bb0000)]
  0x000000001a16f800 JavaThread "Build operations" [_thread_blocked, id=3200, stack(0x00000000209b0000,0x0000000020ab0000)]
  0x000000001a175800 JavaThread "Cache worker for file content cache (C:\Users\Site\.gradle\caches\6.5\fileContent)" [_thread_blocked, id=7844, stack(0x00000000202b0000,0x00000000203b0000)]
  0x0000000018a14000 JavaThread "jar transforms" [_thread_blocked, id=19436, stack(0x00000000201b0000,0x00000000202b0000)]
  0x0000000018a18800 JavaThread "Cache worker for execution history cache (C:\Users\Site\.gradle\caches\6.5\executionHistory)" [_thread_blocked, id=14980, stack(0x000000001fab0000,0x000000001fbb0000)]
  0x0000000018a18000 JavaThread "Cache worker for cache directory md-rule (C:\Users\Site\.gradle\caches\6.5\md-rule)" [_thread_blocked, id=18344, stack(0x000000001f9b0000,0x000000001fab0000)]
  0x0000000018a1b000 JavaThread "Cache worker for cache directory md-supplier (C:\Users\Site\.gradle\caches\6.5\md-supplier)" [_thread_blocked, id=39804, stack(0x000000001f8b0000,0x000000001f9b0000)]
  0x0000000018a16800 JavaThread "Cache worker for checksums cache (D:\Android\project_run\turkiye\.gradle\checksums)" [_thread_blocked, id=27596, stack(0x000000001f7b0000,0x000000001f8b0000)]
  0x0000000018a1a800 JavaThread "Cache worker for file hash cache (D:\Android\project_run\turkiye\.gradle\6.5\fileHashes)" [_thread_blocked, id=24768, stack(0x000000001e420000,0x000000001e520000)]
  0x0000000018a19800 JavaThread "Cache worker for file hash cache (C:\Users\Site\.gradle\caches\6.5\fileHashes)" [_thread_blocked, id=5676, stack(0x000000001beb0000,0x000000001bfb0000)]
  0x0000000018a15800 JavaThread "File lock request listener" [_thread_in_native, id=17324, stack(0x000000001bdb0000,0x000000001beb0000)]
  0x0000000018a17000 JavaThread "Cache worker for journal cache (C:\Users\Site\.gradle\caches\journal-1)" [_thread_blocked, id=36368, stack(0x000000001bbb0000,0x000000001bcb0000)]
  0x0000000018705800 JavaThread "Thread-9" [_thread_blocked, id=25640, stack(0x000000001b8b0000,0x000000001b9b0000)]
  0x0000000017d5c000 JavaThread "Stdin handler" [_thread_blocked, id=1744, stack(0x000000001b7b0000,0x000000001b8b0000)]
  0x0000000018e20800 JavaThread "Asynchronous log dispatcher for DefaultDaemonConnection: socket connection from /127.0.0.1:53690 to /127.0.0.1:53691" [_thread_blocked, id=46640, stack(0x000000001b6b0000,0x000000001b7b0000)]
  0x0000000018365000 JavaThread "Daemon worker" [_thread_in_native, id=32672, stack(0x000000001b5b0000,0x000000001b6b0000)]
  0x0000000018364800 JavaThread "Cancel handler" [_thread_blocked, id=26424, stack(0x000000001b4b0000,0x000000001b5b0000)]
  0x0000000017b16800 JavaThread "Handler for socket connection from /127.0.0.1:53690 to /127.0.0.1:53691" [_thread_in_native, id=19032, stack(0x000000001b3b0000,0x000000001b4b0000)]
  0x0000000017b14800 JavaThread "Daemon" [_thread_blocked, id=4712, stack(0x000000001b2b0000,0x000000001b3b0000)]
  0x00000000187f5800 JavaThread "Daemon periodic checks" [_thread_blocked, id=31404, stack(0x000000001afb0000,0x000000001b0b0000)]
  0x0000000019bc1000 JavaThread "Incoming local TCP Connector on port 53690" [_thread_in_native, id=40568, stack(0x000000001ad80000,0x000000001ae80000)]
  0x00000000199be800 JavaThread "Daemon health stats" [_thread_blocked, id=1060, stack(0x0000000019ab0000,0x0000000019bb0000)]
  0x00000000179d5000 JavaThread "Service Thread" daemon [_thread_blocked, id=49132, stack(0x0000000017e70000,0x0000000017f70000)]
  0x0000000017988800 JavaThread "C1 CompilerThread2" daemon [_thread_blocked, id=31220, stack(0x0000000017d70000,0x0000000017e70000)]
=>0x0000000016108000 JavaThread "C2 CompilerThread1" daemon [_thread_in_native, id=27864, stack(0x0000000017870000,0x0000000017970000)]
  0x0000000016104000 JavaThread "C2 CompilerThread0" daemon [_thread_in_native, id=43600, stack(0x0000000017770000,0x0000000017870000)]
  0x0000000016155000 JavaThread "Attach Listener" daemon [_thread_blocked, id=20340, stack(0x0000000017670000,0x0000000017770000)]
  0x0000000016154800 JavaThread "Signal Dispatcher" daemon [_thread_blocked, id=47292, stack(0x0000000017570000,0x0000000017670000)]
  0x000000000278d800 JavaThread "Finalizer" daemon [_thread_blocked, id=13940, stack(0x0000000017360000,0x0000000017460000)]
  0x00000000160e9800 JavaThread "Reference Handler" daemon [_thread_blocked, id=23716, stack(0x0000000017260000,0x0000000017360000)]
  0x000000000268d800 JavaThread "main" [_thread_blocked, id=16308, stack(0x0000000002530000,0x0000000002630000)]

Other Threads:
  0x00000000160c5800 VMThread [stack: 0x0000000017160000,0x0000000017260000] [id=23808]
  0x00000000179d7000 WatcherThread [stack: 0x0000000017f70000,0x0000000018070000] [id=38188]

VM state:not at safepoint (normal execution)

VM Mutex/Monitor currently owned by a thread: None

heap address: 0x00000000a0000000, size: 1536 MB, Compressed Oops mode: 32-bit
Narrow klass base: 0x0000000000000000, Narrow klass shift: 3
Compressed class space size: 1073741824 Address: 0x0000000100000000

Heap:
 PSYoungGen      total 186368K, used 52450K [0x00000000e0000000, 0x00000000ec980000, 0x0000000100000000)
  eden space 173056K, 22% used [0x00000000e0000000,0x00000000e2640200,0x00000000ea900000)
  from space 13312K, 99% used [0x00000000eaf80000,0x00000000ebc78690,0x00000000ebc80000)
  to   space 9216K, 0% used [0x00000000ec080000,0x00000000ec080000,0x00000000ec980000)
 ParOldGen       total 71168K, used 32554K [0x00000000a0000000, 0x00000000a4580000, 0x00000000e0000000)
  object space 71168K, 45% used [0x00000000a0000000,0x00000000a1fca920,0x00000000a4580000)
 Metaspace       used 54111K, capacity 56322K, committed 56408K, reserved 1099776K
  class space    used 7293K, capacity 7777K, committed 7808K, reserved 1048576K

Card table byte_map: [0x0000000011b50000,0x0000000011e60000] byte_map_base: 0x0000000011650000

Marking Bits: (ParMarkBitMap*) 0x0000000070ebf030
 Begin Bits: [0x0000000012460000, 0x0000000013c60000)
 End Bits:   [0x0000000013c60000, 0x0000000015460000)

Polling page: 0x0000000002500000

CodeCache: size=245760Kb used=16514Kb max_used=16514Kb free=229245Kb
 bounds [0x0000000002790000, 0x00000000037c0000, 0x0000000011790000]
 total_blobs=5768 nmethods=5006 adapters=675
 compilation: enabled

Compilation events (10 events):
Event: 18.555 Thread 0x0000000016104000 nmethod 5356 0x00000000037b63d0 code [0x00000000037b6540, 0x00000000037b6ad8]
Event: 18.562 Thread 0x0000000017988800 5358       3       org.gradle.api.internal.provider.Providers::internal (8 bytes)
Event: 18.562 Thread 0x0000000017988800 nmethod 5358 0x00000000037b5f10 code [0x00000000037b6080, 0x00000000037b6310]
Event: 18.564 Thread 0x0000000017988800 5359       3       com.google.common.collect.ImmutableSet::construct (252 bytes)
Event: 18.568 Thread 0x0000000017988800 nmethod 5359 0x00000000037bab50 code [0x00000000037baf00, 0x00000000037bd038]
Event: 18.611 Thread 0x0000000016104000 5360       4       java.lang.invoke.MethodType::makeImpl (66 bytes)
Event: 18.619 Thread 0x0000000017988800 5361       3       org.gradle.api.internal.DefaultDomainObjectCollection::withMutationDisabled (11 bytes)
Event: 18.619 Thread 0x0000000017988800 nmethod 5361 0x00000000037b5550 code [0x00000000037b56c0, 0x00000000037b5998]
Event: 18.619 Thread 0x0000000017988800 5362       1       org.gradle.api.internal.DefaultNamedDomainObjectCollection$AbstractNamedDomainObjectProvider::getType (5 bytes)
Event: 18.619 Thread 0x0000000017988800 nmethod 5362 0x00000000037b8150 code [0x00000000037b82a0, 0x00000000037b83b0]

GC Heap History (10 events):
Event: 9.583 GC heap before
{Heap before GC invocations=9 (full 1):
 PSYoungGen      total 75776K, used 65024K [0x00000000e0000000, 0x00000000e9400000, 0x0000000100000000)
  eden space 65024K, 100% used [0x00000000e0000000,0x00000000e3f80000,0x00000000e3f80000)
  from space 10752K, 0% used [0x00000000e3f80000,0x00000000e3f80000,0x00000000e4a00000)
  to   space 10752K, 0% used [0x00000000e8980000,0x00000000e8980000,0x00000000e9400000)
 ParOldGen       total 47104K, used 6700K [0x00000000a0000000, 0x00000000a2e00000, 0x00000000e0000000)
  object space 47104K, 14% used [0x00000000a0000000,0x00000000a068b120,0x00000000a2e00000)
 Metaspace       used 28529K, capacity 29406K, committed 29568K, reserved 1075200K
  class space    used 3949K, capacity 4219K, committed 4224K, reserved 1048576K
Event: 9.597 GC heap after
Heap after GC invocations=9 (full 1):
 PSYoungGen      total 130560K, used 8225K [0x00000000e0000000, 0x00000000e9200000, 0x0000000100000000)
  eden space 121856K, 0% used [0x00000000e0000000,0x00000000e0000000,0x00000000e7700000)
  from space 8704K, 94% used [0x00000000e8980000,0x00000000e9188458,0x00000000e9200000)
  to   space 11264K, 0% used [0x00000000e7c00000,0x00000000e7c00000,0x00000000e8700000)
 ParOldGen       total 47104K, used 6708K [0x00000000a0000000, 0x00000000a2e00000, 0x00000000e0000000)
  object space 47104K, 14% used [0x00000000a0000000,0x00000000a068d120,0x00000000a2e00000)
 Metaspace       used 28529K, capacity 29406K, committed 29568K, reserved 1075200K
  class space    used 3949K, capacity 4219K, committed 4224K, reserved 1048576K
}
Event: 11.747 GC heap before
{Heap before GC invocations=10 (full 1):
 PSYoungGen      total 130560K, used 106011K [0x00000000e0000000, 0x00000000e9200000, 0x0000000100000000)
  eden space 121856K, 80% used [0x00000000e0000000,0x00000000e5f7eb78,0x00000000e7700000)
  from space 8704K, 94% used [0x00000000e8980000,0x00000000e9188458,0x00000000e9200000)
  to   space 11264K, 0% used [0x00000000e7c00000,0x00000000e7c00000,0x00000000e8700000)
 ParOldGen       total 47104K, used 6708K [0x00000000a0000000, 0x00000000a2e00000, 0x00000000e0000000)
  object space 47104K, 14% used [0x00000000a0000000,0x00000000a068d120,0x00000000a2e00000)
 Metaspace       used 34300K, capacity 35390K, committed 35416K, reserved 1079296K
  class space    used 4717K, capacity 4970K, committed 4992K, reserved 1048576K
Event: 11.789 GC heap after
Heap after GC invocations=10 (full 1):
 PSYoungGen      total 138240K, used 11258K [0x00000000e0000000, 0x00000000ecd80000, 0x0000000100000000)
  eden space 126976K, 0% used [0x00000000e0000000,0x00000000e0000000,0x00000000e7c00000)
  from space 11264K, 99% used [0x00000000e7c00000,0x00000000e86fe908,0x00000000e8700000)
  to   space 13312K, 0% used [0x00000000ec080000,0x00000000ec080000,0x00000000ecd80000)
 ParOldGen       total 47104K, used 7415K [0x00000000a0000000, 0x00000000a2e00000, 0x00000000e0000000)
  object space 47104K, 15% used [0x00000000a0000000,0x00000000a073de50,0x00000000a2e00000)
 Metaspace       used 34300K, capacity 35390K, committed 35416K, reserved 1079296K
  class space    used 4717K, capacity 4970K, committed 4992K, reserved 1048576K
}
Event: 11.789 GC heap before
{Heap before GC invocations=11 (full 2):
 PSYoungGen      total 138240K, used 11258K [0x00000000e0000000, 0x00000000ecd80000, 0x0000000100000000)
  eden space 126976K, 0% used [0x00000000e0000000,0x00000000e0000000,0x00000000e7c00000)
  from space 11264K, 99% used [0x00000000e7c00000,0x00000000e86fe908,0x00000000e8700000)
  to   space 13312K, 0% used [0x00000000ec080000,0x00000000ec080000,0x00000000ecd80000)
 ParOldGen       total 47104K, used 7415K [0x00000000a0000000, 0x00000000a2e00000, 0x00000000e0000000)
  object space 47104K, 15% used [0x00000000a0000000,0x00000000a073de50,0x00000000a2e00000)
 Metaspace       used 34300K, capacity 35390K, committed 35416K, reserved 1079296K
  class space    used 4717K, capacity 4970K, committed 4992K, reserved 1048576K
Event: 11.958 GC heap after
Heap after GC invocations=11 (full 2):
 PSYoungGen      total 138240K, used 0K [0x00000000e0000000, 0x00000000ecd80000, 0x0000000100000000)
  eden space 126976K, 0% used [0x00000000e0000000,0x00000000e0000000,0x00000000e7c00000)
  from space 11264K, 0% used [0x00000000e7c00000,0x00000000e7c00000,0x00000000e8700000)
  to   space 13312K, 0% used [0x00000000ec080000,0x00000000ec080000,0x00000000ecd80000)
 ParOldGen       total 71168K, used 18218K [0x00000000a0000000, 0x00000000a4580000, 0x00000000e0000000)
  object space 71168K, 25% used [0x00000000a0000000,0x00000000a11caa88,0x00000000a4580000)
 Metaspace       used 34300K, capacity 35390K, committed 35416K, reserved 1079296K
  class space    used 4717K, capacity 4970K, committed 4992K, reserved 1048576K
}
Event: 13.444 GC heap before
{Heap before GC invocations=12 (full 2):
 PSYoungGen      total 138240K, used 126976K [0x00000000e0000000, 0x00000000ecd80000, 0x0000000100000000)
  eden space 126976K, 100% used [0x00000000e0000000,0x00000000e7c00000,0x00000000e7c00000)
  from space 11264K, 0% used [0x00000000e7c00000,0x00000000e7c00000,0x00000000e8700000)
  to   space 13312K, 0% used [0x00000000ec080000,0x00000000ec080000,0x00000000ecd80000)
 ParOldGen       total 71168K, used 18218K [0x00000000a0000000, 0x00000000a4580000, 0x00000000e0000000)
  object space 71168K, 25% used [0x00000000a0000000,0x00000000a11caa88,0x00000000a4580000)
 Metaspace       used 36904K, capacity 38414K, committed 38616K, reserved 1083392K
  class space    used 5054K, capacity 5346K, committed 5376K, reserved 1048576K
Event: 13.460 GC heap after
Heap after GC invocations=12 (full 2):
 PSYoungGen      total 182272K, used 9124K [0x00000000e0000000, 0x00000000ec980000, 0x0000000100000000)
  eden space 173056K, 0% used [0x00000000e0000000,0x00000000e0000000,0x00000000ea900000)
  from space 9216K, 99% used [0x00000000ec080000,0x00000000ec969358,0x00000000ec980000)
  to   space 13312K, 0% used [0x00000000eaf80000,0x00000000eaf80000,0x00000000ebc80000)
 ParOldGen       total 71168K, used 18226K [0x00000000a0000000, 0x00000000a4580000, 0x00000000e0000000)
  object space 71168K, 25% used [0x00000000a0000000,0x00000000a11cca88,0x00000000a4580000)
 Metaspace       used 36904K, capacity 38414K, committed 38616K, reserved 1083392K
  class space    used 5054K, capacity 5346K, committed 5376K, reserved 1048576K
}
Event: 17.750 GC heap before
{Heap before GC invocations=13 (full 2):
 PSYoungGen      total 182272K, used 182180K [0x00000000e0000000, 0x00000000ec980000, 0x0000000100000000)
  eden space 173056K, 100% used [0x00000000e0000000,0x00000000ea900000,0x00000000ea900000)
  from space 9216K, 99% used [0x00000000ec080000,0x00000000ec969358,0x00000000ec980000)
  to   space 13312K, 0% used [0x00000000eaf80000,0x00000000eaf80000,0x00000000ebc80000)
 ParOldGen       total 71168K, used 18226K [0x00000000a0000000, 0x00000000a4580000, 0x00000000e0000000)
  object space 71168K, 25% used [0x00000000a0000000,0x00000000a11cca88,0x00000000a4580000)
 Metaspace       used 51966K, capacity 54040K, committed 54360K, reserved 1095680K
  class space    used 6976K, capacity 7436K, committed 7552K, reserved 1048576K
Event: 17.794 GC heap after
Heap after GC invocations=13 (full 2):
 PSYoungGen      total 186368K, used 13281K [0x00000000e0000000, 0x00000000ec980000, 0x0000000100000000)
  eden space 173056K, 0% used [0x00000000e0000000,0x00000000e0000000,0x00000000ea900000)
  from space 13312K, 99% used [0x00000000eaf80000,0x00000000ebc78690,0x00000000ebc80000)
  to   space 9216K, 0% used [0x00000000ec080000,0x00000000ec080000,0x00000000ec980000)
 ParOldGen       total 71168K, used 32554K [0x00000000a0000000, 0x00000000a4580000, 0x00000000e0000000)
  object space 71168K, 45% used [0x00000000a0000000,0x00000000a1fca920,0x00000000a4580000)
 Metaspace       used 51966K, capacity 54040K, committed 54360K, reserved 1095680K
  class space    used 6976K, capacity 7436K, committed 7552K, reserved 1048576K
}

Deoptimization events (10 events):
Event: 15.646 Thread 0x0000000018365000 Uncommon trap: reason=bimorphic action=maybe_recompile pc=0x0000000003327018 method=java.util.regex.Pattern$CharProperty.match(Ljava/util/regex/Matcher;ILjava/lang/CharSequence;)Z @ 18
Event: 15.682 Thread 0x0000000018365000 Uncommon trap: reason=bimorphic action=maybe_recompile pc=0x0000000003327018 method=java.util.regex.Pattern$CharProperty.match(Ljava/util/regex/Matcher;ILjava/lang/CharSequence;)Z @ 18
Event: 16.072 Thread 0x0000000018365000 Uncommon trap: reason=unstable_if action=reinterpret pc=0x000000000317df70 method=org.gradle.internal.reflect.PropertyAccessorType.of(Ljava/lang/reflect/Method;)Lorg/gradle/internal/reflect/PropertyAccessorType; @ 56
Event: 17.158 Thread 0x0000000018365000 Uncommon trap: reason=unstable_if action=reinterpret pc=0x00000000034a3d30 method=org.gradle.internal.instantiation.generator.AbstractClassGenerator$InjectionAnnotationValidator.validateMethod(Ljava/lang/reflect/Method;Lorg/gradle/internal/reflect/Propert
Event: 17.158 Thread 0x0000000018365000 Uncommon trap: reason=unstable_if action=reinterpret pc=0x0000000003568e7c method=org.gradle.internal.instantiation.generator.AbstractClassGenerator$InjectionAnnotationValidator.validateMethod(Ljava/lang/reflect/Method;Lorg/gradle/internal/reflect/Propert
Event: 17.291 Thread 0x0000000018365000 Uncommon trap: reason=unstable_if action=reinterpret pc=0x0000000002e9b4ac method=sun.net.www.protocol.jar.Handler.parseURL(Ljava/net/URL;Ljava/lang/String;II)V @ 116
Event: 17.330 Thread 0x0000000018365000 Uncommon trap: reason=unstable_if action=reinterpret pc=0x000000000346b5f8 method=java.util.concurrent.ConcurrentHashMap.putVal(Ljava/lang/Object;Ljava/lang/Object;Z)Ljava/lang/Object; @ 195
Event: 17.666 Thread 0x0000000018365000 Uncommon trap: reason=null_check action=make_not_entrant pc=0x0000000002a08450 method=java.lang.Class.searchMethods([Ljava/lang/reflect/Method;Ljava/lang/String;[Ljava/lang/Class;)Ljava/lang/reflect/Method; @ 59
Event: 17.857 Thread 0x0000000018365000 Uncommon trap: reason=class_check action=maybe_recompile pc=0x0000000002efc874 method=java.util.WeakHashMap.eq(Ljava/lang/Object;Ljava/lang/Object;)Z @ 7
Event: 18.375 Thread 0x0000000018365000 Uncommon trap: reason=unstable_if action=reinterpret pc=0x000000000352b674 method=java.lang.ThreadLocal$ThreadLocalMap.cleanSomeSlots(II)Z @ 36

Classes redefined (0 events):
No events

Internal exceptions (10 events):
Event: 17.960 Thread 0x0000000018365000 Exception <a 'java/lang/ClassNotFoundException': org/gradle/api/internal/file/CompositeFileTreeCustomizer> (0x00000000e0d432f0) thrown at [C:\src\AOSP-openjdk-git\hotspot\src\share\vm\classfile\systemDictionary.cpp, line 210]
Event: 17.963 Thread 0x0000000018365000 Exception <a 'java/lang/ClassNotFoundException': org/gradle/api/internal/file/collections/DefaultConfigurableFileTreeCustomizer> (0x00000000e0da0f78) thrown at [C:\src\AOSP-openjdk-git\hotspot\src\share\vm\classfile\systemDictionary.cpp, line 210]
Event: 17.983 Thread 0x0000000018365000 Exception <a 'java/lang/ClassNotFoundException': org/gradle/api/plugins/internal/DefaultBasePluginConventionBeanInfo> (0x00000000e0e9ff98) thrown at [C:\src\AOSP-openjdk-git\hotspot\src\share\vm\classfile\systemDictionary.cpp, line 210]
Event: 17.986 Thread 0x0000000018365000 Exception <a 'java/lang/ClassNotFoundException': org/gradle/api/plugins/BasePluginConventionBeanInfo> (0x00000000e0eef718) thrown at [C:\src\AOSP-openjdk-git\hotspot\src\share\vm\classfile\systemDictionary.cpp, line 210]
Event: 17.988 Thread 0x0000000018365000 Exception <a 'java/lang/ClassNotFoundException': org/gradle/api/plugins/BasePluginConventionCustomizer> (0x00000000e0f40550) thrown at [C:\src\AOSP-openjdk-git\hotspot\src\share\vm\classfile\systemDictionary.cpp, line 210]
Event: 17.992 Thread 0x0000000018365000 Exception <a 'java/lang/ClassNotFoundException': org/gradle/api/plugins/internal/DefaultBasePluginConventionCustomizer> (0x00000000e0fb5e48) thrown at [C:\src\AOSP-openjdk-git\hotspot\src\share\vm\classfile\systemDictionary.cpp, line 210]
Event: 18.000 Thread 0x0000000018365000 Exception <a 'java/lang/ClassNotFoundException': org/gradle/api/plugins/internal/DefaultJavaPluginConventionBeanInfo> (0x00000000e1066e28) thrown at [C:\src\AOSP-openjdk-git\hotspot\src\share\vm\classfile\systemDictionary.cpp, line 210]
Event: 18.002 Thread 0x0000000018365000 Exception <a 'java/lang/ClassNotFoundException': org/gradle/api/plugins/JavaPluginConventionBeanInfo> (0x00000000e10b6528) thrown at [C:\src\AOSP-openjdk-git\hotspot\src\share\vm\classfile\systemDictionary.cpp, line 210]
Event: 18.005 Thread 0x0000000018365000 Exception <a 'java/lang/ClassNotFoundException': org/gradle/api/plugins/JavaPluginConventionCustomizer> (0x00000000e11073f0) thrown at [C:\src\AOSP-openjdk-git\hotspot\src\share\vm\classfile\systemDictionary.cpp, line 210]
Event: 18.009 Thread 0x0000000018365000 Exception <a 'java/lang/ClassNotFoundException': org/gradle/api/plugins/internal/DefaultJavaPluginConventionCustomizer> (0x00000000e11856b8) thrown at [C:\src\AOSP-openjdk-git\hotspot\src\share\vm\classfile\systemDictionary.cpp, line 210]

Events (10 events):
Event: 18.617 loading class com/android/build/gradle/internal/tasks/NewIncrementalTask
Event: 18.617 loading class com/android/build/gradle/internal/tasks/NewIncrementalTask done
Event: 18.619 loading class com/android/build/gradle/tasks/CompileLibraryResourcesTask$CreationAction$handleProvider$1
Event: 18.619 loading class com/android/build/gradle/tasks/CompileLibraryResourcesTask$CreationAction$handleProvider$1 done
Event: 18.621 loading class com/android/build/gradle/tasks/MergeSourceSetFolders$MergeShaderSourceFoldersCreationAction$handleProvider$1
Event: 18.621 loading class com/android/build/gradle/tasks/MergeSourceSetFolders$MergeShaderSourceFoldersCreationAction$handleProvider$1 done
Event: 18.622 loading class com/android/build/gradle/internal/scope/InternalArtifactType$MERGED_SHADERS
Event: 18.622 loading class com/android/build/gradle/internal/scope/InternalArtifactType$MERGED_SHADERS done
Event: 18.623 loading class com/android/build/gradle/internal/scope/InternalArtifactType$SHADER_ASSETS
Event: 18.623 loading class com/android/build/gradle/internal/scope/InternalArtifactType$SHADER_ASSETS done


Dynamic libraries:
0x00007ff6538a0000 - 0x00007ff6538d1000 	C:\Program Files\Android\Android Studio\jre\bin\java.exe
0x00007ffcb51f0000 - 0x00007ffcb53c2000 	C:\Windows\SYSTEM32\ntdll.dll
0x00007ffcb3b90000 - 0x00007ffcb3c3c000 	C:\Windows\System32\KERNEL32.DLL
0x00007ffcb1e80000 - 0x00007ffcb209d000 	C:\Windows\System32\KERNELBASE.dll
0x00007ffcb3a90000 - 0x00007ffcb3b32000 	C:\Windows\System32\ADVAPI32.dll
0x00007ffcb5150000 - 0x00007ffcb51ee000 	C:\Windows\System32\msvcrt.dll
0x00007ffcb3760000 - 0x00007ffcb37b9000 	C:\Windows\System32\sechost.dll
0x00007ffcb2810000 - 0x00007ffcb2931000 	C:\Windows\System32\RPCRT4.dll
0x00007ffcb2940000 - 0x00007ffcb2aa5000 	C:\Windows\System32\USER32.dll
0x00007ffcb2290000 - 0x00007ffcb22ae000 	C:\Windows\System32\win32u.dll
0x00007ffcb3b50000 - 0x00007ffcb3b84000 	C:\Windows\System32\GDI32.dll
0x00007ffcb20a0000 - 0x00007ffcb2220000 	C:\Windows\System32\gdi32full.dll
0x00007ffca6c10000 - 0x00007ffca6e8a000 	C:\Windows\WinSxS\amd64_microsoft.windows.common-controls_6595b64144ccf1df_6.0.14393.953_none_42151e83c686086b\COMCTL32.dll
0x00007ffcb37c0000 - 0x00007ffcb3a88000 	C:\Windows\System32\combase.dll
0x00007ffcb2680000 - 0x00007ffcb2775000 	C:\Windows\System32\ucrtbase.dll
0x00007ffcb2220000 - 0x00007ffcb228a000 	C:\Windows\System32\bcryptPrimitives.dll
0x00007ffcb27e0000 - 0x00007ffcb280e000 	C:\Windows\System32\IMM32.DLL
0x00007ffcb0ee0000 - 0x00007ffcb0f0f000 	C:\Windows\system32\nvinitx.dll
0x00007ffcb0ed0000 - 0x00007ffcb0eda000 	C:\Windows\SYSTEM32\VERSION.dll
0x0000000070540000 - 0x0000000070612000 	C:\Program Files\Android\Android Studio\jre\jre\bin\msvcr100.dll
0x00000000706f0000 - 0x0000000070f3b000 	C:\Program Files\Android\Android Studio\jre\jre\bin\server\jvm.dll
0x00007ffcb3490000 - 0x00007ffcb3498000 	C:\Windows\System32\PSAPI.DLL
0x00007ffcaef20000 - 0x00007ffcaef29000 	C:\Windows\SYSTEM32\WSOCK32.dll
0x00007ffcafb80000 - 0x00007ffcafba3000 	C:\Windows\SYSTEM32\WINMM.dll
0x00007ffcb36f0000 - 0x00007ffcb375a000 	C:\Windows\System32\WS2_32.dll
0x00007ffcafb50000 - 0x00007ffcafb7b000 	C:\Windows\SYSTEM32\WINMMBASE.dll
0x00007ffcb25d0000 - 0x00007ffcb2612000 	C:\Windows\System32\cfgmgr32.dll
0x00007ffcaea70000 - 0x00007ffcaea7f000 	C:\Program Files\Android\Android Studio\jre\jre\bin\verify.dll
0x00007ffcabb60000 - 0x00007ffcabb89000 	C:\Program Files\Android\Android Studio\jre\jre\bin\java.dll
0x00007ffcabb40000 - 0x00007ffcabb56000 	C:\Program Files\Android\Android Studio\jre\jre\bin\zip.dll
0x00007ffcb3c40000 - 0x00007ffcb5149000 	C:\Windows\System32\SHELL32.dll
0x00007ffcb17a0000 - 0x00007ffcb1e79000 	C:\Windows\System32\windows.storage.dll
0x00007ffcb1680000 - 0x00007ffcb16cc000 	C:\Windows\System32\powrprof.dll
0x00007ffcb31f0000 - 0x00007ffcb3242000 	C:\Windows\System32\shlwapi.dll
0x00007ffcb16e0000 - 0x00007ffcb16ef000 	C:\Windows\System32\kernel.appcore.dll
0x00007ffcb16f0000 - 0x00007ffcb1799000 	C:\Windows\System32\shcore.dll
0x00007ffcb1660000 - 0x00007ffcb1674000 	C:\Windows\System32\profapi.dll
0x00007ffcabb20000 - 0x00007ffcabb3a000 	C:\Program Files\Android\Android Studio\jre\jre\bin\net.dll
0x00007ffcb0f90000 - 0x00007ffcb0fec000 	C:\Windows\system32\mswsock.dll
0x00007ffcabb00000 - 0x00007ffcabb13000 	C:\Program Files\Android\Android Studio\jre\jre\bin\nio.dll
0x00007ffca2840000 - 0x00007ffca2867000 	C:\Users\Site\.gradle\native\f6784746aeab05261644944871eae4fe03e0ef1612fff0a4a95f87b438bc6780\windows-amd64\native-platform.dll
0x00007ffcabd50000 - 0x00007ffcabd5d000 	C:\Program Files\Android\Android Studio\jre\jre\bin\management.dll
0x00007ffcb1130000 - 0x00007ffcb1147000 	C:\Windows\SYSTEM32\CRYPTSP.dll
0x00007ffcb0b50000 - 0x00007ffcb0b83000 	C:\Windows\system32\rsaenh.dll
0x00007ffcb1240000 - 0x00007ffcb126b000 	C:\Windows\SYSTEM32\bcrypt.dll
0x00007ffcb0dd0000 - 0x00007ffcb0def000 	C:\Windows\SYSTEM32\USERENV.dll
0x00007ffcb1150000 - 0x00007ffcb115b000 	C:\Windows\SYSTEM32\CRYPTBASE.dll
0x00007ffcb0cd0000 - 0x00007ffcb0d08000 	C:\Windows\SYSTEM32\IPHLPAPI.DLL
0x00007ffcb3500000 - 0x00007ffcb3508000 	C:\Windows\System32\NSI.dll
0x00007ffcadbc0000 - 0x00007ffcadbd6000 	C:\Windows\SYSTEM32\dhcpcsvc6.DLL
0x00007ffcadba0000 - 0x00007ffcadbba000 	C:\Windows\SYSTEM32\dhcpcsvc.DLL
0x00007ffcadf20000 - 0x00007ffcadf2b000 	C:\Windows\SYSTEM32\WINNSI.DLL

VM Arguments:
jvm_args: -Xmx1536m -Dfile.encoding=windows-1256 -Duser.country=US -Duser.language=en -Duser.variant 
java_command: org.gradle.launcher.daemon.bootstrap.GradleDaemon 6.5
java_class_path (initial): C:\Users\Site\.gradle\wrapper\dists\gradle-6.5-bin\6nifqtx7604sqp1q6g8wikw7p\gradle-6.5\lib\gradle-launcher-6.5.jar
Launcher Type: SUN_STANDARD

Environment Variables:
PATH=C:\Windows\system32;C:\Windows;C:\Windows\System32\Wbem;C:\Windows\System32\WindowsPowerShell\v1.0\;D:\flutter_sdk\flutter\bin;%ANDROID_HOME%\tools;%ANDROID_HOME%\platform-tools;C:\Program Files\Git\cmd
USERNAME=Site
OS=Windows_NT
PROCESSOR_IDENTIFIER=Intel64 Family 6 Model 37 Stepping 5, GenuineIntel



---------------  S Y S T E M  ---------------

OS: Windows 10.0 , 64 bit Build 14393 (10.0.14393.1198)

CPU:total 4 (initial active 4) (2 cores per cpu, 2 threads per core) family 6 model 37 stepping 5, cmov, cx8, fxsr, mmx, sse, sse2, sse3, ssse3, sse4.1, sse4.2, popcnt, ht, tsc, tscinvbit

Memory: 4k page, physical 8182340k(1074008k free), swap 11935660k(5400k free)

vm_info: OpenJDK 64-Bit Server VM (25.242-b01) for windows-amd64 JRE (1.8.0_242-release-1644-b01), built by "builder" with MS VC++ 10.0 (VS2010)

time: Sun Jun 20 11:08:24 2021
timezone: Iran Daylight Time
elapsed time: 18 seconds (0d 0h 0m 18s)

