#
# A fatal error has been detected by the Java Runtime Environment:
#
#  EXCEPTION_ACCESS_VIOLATION (0xc0000005) at pc=0x000000006ba029a6, pid=2948, tid=0x0000000000001788
#
# JRE version: OpenJDK Runtime Environment (8.0_242-b01) (build 1.8.0_242-release-1644-b01)
# Java VM: OpenJDK 64-Bit Server VM (25.242-b01 mixed mode windows-amd64 compressed oops)
# Problematic frame:
# V  [jvm.dll+0x3c29a6]
#
# Failed to write core dump. Minidumps are not enabled by default on client versions of Windows
#
# If you would like to submit a bug report, please visit:
#   
#

---------------  T H R E A D  ---------------

Current thread (0x0000000002f4b800):  GCTaskThread [stack: 0x0000000012d70000,0x0000000012e70000] [id=6024]

siginfo: ExceptionCode=0xc0000005, reading address 0x000000012001b870

Registers:
RAX=0x0000000000000003, RBX=0x00000000a89eae00, RCX=0x0000000000000003, RDX=0x0000000000000008
RSP=0x0000000012e6f880, RBP=0x000000000000000c, RSI=0x00000000a89eae00, RDI=0x00000000a89eae00
R8 =0x000000012001b868, R9 =0x0000000000000003, R10=0x0000000012970000, R11=0x0000000012470000
R12=0x00000000126a4f57, R13=0x000000000301b7c0, R14=0x0000000002f42170, R15=0x0000000002f42330
RIP=0x000000006ba029a6, EFLAGS=0x0000000000010202

Top of Stack: (sp=0x0000000012e6f880)
0x0000000012e6f880:   00000000126a4f4a 00000000a89e9800
0x0000000012e6f890:   000000000301b7c0 00000000126a4f54
0x0000000012e6f8a0:   00000000a89eac08 000000006ba02d65
0x0000000012e6f8b0:   00000000126a4f81 00000000a89eaff8
0x0000000012e6f8c0:   00000000126a4f58 00000000a89e951d
0x0000000012e6f8d0:   00000000126a4e00 00000000126acb7a
0x0000000012e6f8e0:   0000000000000200 0000000000000100
0x0000000012e6f8f0:   0000000002f310d0 0000000002f3d450
0x0000000012e6f900:   000000006bc5dbb0 0000000000000000
0x0000000012e6f910:   0000000000000000 00000000169e55c0
0x0000000012e6f920:   0000000002f4c0a0 0000000002f4c090
0x0000000012e6f930:   000000000301b7c0 000000006ba156a2
0x0000000012e6f940:   00000000126a4f00 0000000002f42330
0x0000000012e6f950:   00000000a89f0000 00000000a996f230
0x0000000012e6f960:   000000000301b7c0 0000000000000002
0x0000000012e6f970:   0000000000000004 0000000002f451a0 

Instructions: (pc=0x000000006ba029a6)
0x000000006ba02986:   00 48 8b f3 74 16 44 8b 43 08 8b 0d 22 2d 3a 00
0x000000006ba02996:   49 d3 e0 4c 03 05 10 2d 3a 00 eb 04 4c 8b 43 08
0x000000006ba029a6:   45 8b 48 08 45 85 c9 7e 0c 41 f6 c1 01 75 53 41
0x000000006ba029b6:   c1 f9 03 eb 5f 79 4b 80 3d 8d 25 40 00 00 4c 63 


Register to memory mapping:

RAX=0x0000000000000003 is an unknown value
RBX=
[error occurred during error reporting (printing register info), id 0xc0000005]

Stack: [0x0000000012d70000,0x0000000012e70000],  sp=0x0000000012e6f880,  free space=1022k
Native frames: (J=compiled Java code, j=interpreted, Vv=VM code, C=native code)
V  [jvm.dll+0x3c29a6]
V  [jvm.dll+0x3c2d65]
V  [jvm.dll+0x3d56a2]
V  [jvm.dll+0x3c482e]
V  [jvm.dll+0x27276a]
C  [msvcr100.dll+0x21d9f]
C  [msvcr100.dll+0x21e3b]
C  [KERNEL32.DLL+0x8364]
C  [ntdll.dll+0x67091]


---------------  P R O C E S S  ---------------

Java Threads: ( => current thread )
  0x000000001cd09800 JavaThread "Cache worker for execution history cache (D:\Android\project_run\turkiye\.gradle\6.5\executionHistory)" [_thread_blocked, id=4304, stack(0x0000000057940000,0x0000000057a40000)]
  0x000000001cd10000 JavaThread "Execution worker for ':' Thread 3" [_thread_blocked, id=7364, stack(0x0000000057840000,0x0000000057940000)]
  0x000000001cd0e800 JavaThread "Execution worker for ':' Thread 2" [_thread_blocked, id=4080, stack(0x0000000057740000,0x0000000057840000)]
  0x000000001cd01000 JavaThread "Execution worker for ':'" [_thread_blocked, id=7728, stack(0x0000000057640000,0x0000000057740000)]
  0x000000001cd08000 JavaThread "Cache worker for file content cache (D:\Android\project_run\turkiye\.gradle\6.5\fileContent)" [_thread_blocked, id=7400, stack(0x0000000057540000,0x0000000057640000)]
  0x000000001cd04000 JavaThread "pool-37-thread-1" [_thread_blocked, id=1124, stack(0x0000000057440000,0x0000000057540000)]
  0x000000001cd06800 JavaThread "Cache worker for Build Output Cleanup Cache (D:\Android\project_run\turkiye\.gradle\buildOutputCleanup)" [_thread_blocked, id=676, stack(0x0000000057340000,0x0000000057440000)]
  0x000000001cd02800 JavaThread "jar transforms Thread 2850" [_thread_blocked, id=2616, stack(0x0000000057240000,0x0000000057340000)]
  0x000000001cd03800 JavaThread "jar transforms Thread 2849" [_thread_blocked, id=6864, stack(0x0000000057140000,0x0000000057240000)]
  0x000000001cd05000 JavaThread "jar transforms Thread 2848" [_thread_blocked, id=1688, stack(0x0000000057040000,0x0000000057140000)]
  0x000000001cd00800 JavaThread "jar transforms Thread 2847" [_thread_blocked, id=5672, stack(0x0000000056f40000,0x0000000057040000)]
  0x000000001cd05800 JavaThread "jar transforms Thread 2846" [_thread_blocked, id=5428, stack(0x0000000056e40000,0x0000000056f40000)]
  0x000000001cd02000 JavaThread "jar transforms Thread 2845" [_thread_blocked, id=3588, stack(0x0000000056d40000,0x0000000056e40000)]
  0x000000001ccff800 JavaThread "jar transforms Thread 2844" [_thread_blocked, id=1072, stack(0x0000000056c40000,0x0000000056d40000)]
  0x000000001ccf8000 JavaThread "jar transforms Thread 2843" [_thread_blocked, id=8032, stack(0x0000000056b40000,0x0000000056c40000)]
  0x000000001ccfe000 JavaThread "jar transforms Thread 2842" [_thread_blocked, id=7476, stack(0x0000000056a40000,0x0000000056b40000)]
  0x000000001ccfd800 JavaThread "jar transforms Thread 2841" [_thread_blocked, id=7200, stack(0x0000000056940000,0x0000000056a40000)]
  0x000000001ccff000 JavaThread "jar transforms Thread 2840" [_thread_blocked, id=5972, stack(0x0000000056840000,0x0000000056940000)]
  0x000000001ccfc800 JavaThread "jar transforms Thread 2839" [_thread_blocked, id=6660, stack(0x0000000056740000,0x0000000056840000)]
  0x000000001ccfa800 JavaThread "jar transforms Thread 2838" [_thread_blocked, id=9804, stack(0x0000000056640000,0x0000000056740000)]
  0x000000001ccf9800 JavaThread "jar transforms Thread 2837" [_thread_blocked, id=10144, stack(0x0000000056540000,0x0000000056640000)]
  0x000000001ccf6000 JavaThread "jar transforms Thread 2836" [_thread_blocked, id=216, stack(0x0000000056440000,0x0000000056540000)]
  0x000000001ccf6800 JavaThread "jar transforms Thread 2835" [_thread_blocked, id=7696, stack(0x0000000056340000,0x0000000056440000)]
  0x000000001ccf7800 JavaThread "jar transforms Thread 2834" [_thread_blocked, id=236, stack(0x0000000056240000,0x0000000056340000)]
  0x000000001ccfc000 JavaThread "jar transforms Thread 2833" [_thread_blocked, id=10152, stack(0x0000000056140000,0x0000000056240000)]
  0x000000001ccf9000 JavaThread "jar transforms Thread 2832" [_thread_blocked, id=5992, stack(0x0000000056040000,0x0000000056140000)]
  0x000000001ccfb000 JavaThread "jar transforms Thread 2831" [_thread_blocked, id=5508, stack(0x0000000055f40000,0x0000000056040000)]
  0x000000002cda9000 JavaThread "jar transforms Thread 2830" [_thread_blocked, id=10016, stack(0x0000000055e40000,0x0000000055f40000)]
  0x000000002cda8000 JavaThread "jar transforms Thread 2829" [_thread_blocked, id=3504, stack(0x0000000055d40000,0x0000000055e40000)]
  0x000000002cda6800 JavaThread "jar transforms Thread 2828" [_thread_blocked, id=3220, stack(0x0000000055c40000,0x0000000055d40000)]
  0x000000002cda7800 JavaThread "jar transforms Thread 2827" [_thread_blocked, id=5824, stack(0x0000000055b40000,0x0000000055c40000)]
  0x000000002cda5000 JavaThread "jar transforms Thread 2826" [_thread_blocked, id=2612, stack(0x0000000055a40000,0x0000000055b40000)]
  0x000000002cda4800 JavaThread "jar transforms Thread 2825" [_thread_blocked, id=7144, stack(0x0000000055940000,0x0000000055a40000)]
  0x000000002cda6000 JavaThread "jar transforms Thread 2824" [_thread_blocked, id=4872, stack(0x0000000055840000,0x0000000055940000)]
  0x000000002cd9d000 JavaThread "jar transforms Thread 2823" [_thread_blocked, id=240, stack(0x0000000055740000,0x0000000055840000)]
  0x000000002cda3800 JavaThread "jar transforms Thread 2822" [_thread_blocked, id=4820, stack(0x0000000055640000,0x0000000055740000)]
  0x000000002cd9e800 JavaThread "jar transforms Thread 2821" [_thread_blocked, id=9316, stack(0x0000000055540000,0x0000000055640000)]
  0x000000002cda3000 JavaThread "jar transforms Thread 2820" [_thread_blocked, id=6480, stack(0x0000000055440000,0x0000000055540000)]
  0x000000002cd9d800 JavaThread "jar transforms Thread 2819" [_thread_blocked, id=3636, stack(0x0000000055340000,0x0000000055440000)]
  0x000000002cda2000 JavaThread "jar transforms Thread 2818" [_thread_blocked, id=7644, stack(0x0000000055240000,0x0000000055340000)]
  0x000000002cda1800 JavaThread "jar transforms Thread 2817" [_thread_blocked, id=9256, stack(0x0000000055140000,0x0000000055240000)]
  0x000000002cda0800 JavaThread "jar transforms Thread 2816" [_thread_blocked, id=4792, stack(0x0000000055040000,0x0000000055140000)]
  0x000000002cda0000 JavaThread "jar transforms Thread 2815" [_thread_blocked, id=9296, stack(0x0000000054f40000,0x0000000055040000)]
  0x000000002cd94800 JavaThread "jar transforms Thread 2814" [_thread_blocked, id=9444, stack(0x0000000054e40000,0x0000000054f40000)]
  0x000000002cd9a800 JavaThread "jar transforms Thread 2813" [_thread_blocked, id=8028, stack(0x0000000054d40000,0x0000000054e40000)]
  0x000000002cd99000 JavaThread "jar transforms Thread 2812" [_thread_blocked, id=6836, stack(0x0000000054c40000,0x0000000054d40000)]
  0x000000002cd98000 JavaThread "jar transforms Thread 2811" [_thread_blocked, id=8940, stack(0x0000000054b40000,0x0000000054c40000)]
  0x000000002cd99800 JavaThread "jar transforms Thread 2810" [_thread_blocked, id=9072, stack(0x0000000054a40000,0x0000000054b40000)]
  0x000000002cd97800 JavaThread "jar transforms Thread 2809" [_thread_blocked, id=5228, stack(0x0000000054940000,0x0000000054a40000)]
  0x000000002cd9b800 JavaThread "jar transforms Thread 2808" [_thread_blocked, id=5552, stack(0x0000000054840000,0x0000000054940000)]
  0x000000002cd95000 JavaThread "jar transforms Thread 2807" [_thread_blocked, id=1684, stack(0x0000000054740000,0x0000000054840000)]
  0x000000002cd93800 JavaThread "jar transforms Thread 2806" [_thread_blocked, id=660, stack(0x0000000054640000,0x0000000054740000)]
  0x000000002cd96800 JavaThread "jar transforms Thread 2805" [_thread_blocked, id=7896, stack(0x0000000054540000,0x0000000054640000)]
  0x000000002cd96000 JavaThread "jar transforms Thread 2804" [_thread_blocked, id=5220, stack(0x0000000054440000,0x0000000054540000)]
  0x000000002cd8c000 JavaThread "jar transforms Thread 2803" [_thread_blocked, id=7692, stack(0x0000000054340000,0x0000000054440000)]
  0x000000002cd93000 JavaThread "jar transforms Thread 2802" [_thread_blocked, id=5484, stack(0x0000000054240000,0x0000000054340000)]
  0x000000002cd8d000 JavaThread "jar transforms Thread 2801" [_thread_blocked, id=172, stack(0x0000000054140000,0x0000000054240000)]
  0x000000002cd8b800 JavaThread "jar transforms Thread 2800" [_thread_blocked, id=9432, stack(0x0000000054040000,0x0000000054140000)]
  0x000000002cd92000 JavaThread "jar transforms Thread 2799" [_thread_blocked, id=8392, stack(0x0000000053f40000,0x0000000054040000)]
  0x000000002cd8f000 JavaThread "jar transforms Thread 2798" [_thread_blocked, id=7456, stack(0x0000000053e40000,0x0000000053f40000)]
  0x000000002cd8e800 JavaThread "jar transforms Thread 2797" [_thread_blocked, id=3208, stack(0x0000000053d40000,0x0000000053e40000)]
  0x000000002cd8a800 JavaThread "jar transforms Thread 2796" [_thread_blocked, id=7464, stack(0x0000000053c40000,0x0000000053d40000)]
  0x000000002cd8d800 JavaThread "jar transforms Thread 2795" [_thread_blocked, id=7036, stack(0x0000000053b40000,0x0000000053c40000)]
  0x000000002cd91800 JavaThread "jar transforms Thread 2794" [_thread_blocked, id=4552, stack(0x0000000053a40000,0x0000000053b40000)]
  0x000000002cd90000 JavaThread "jar transforms Thread 2793" [_thread_blocked, id=1816, stack(0x0000000053940000,0x0000000053a40000)]
  0x000000002cd8a000 JavaThread "jar transforms Thread 2792" [_thread_blocked, id=8588, stack(0x0000000053840000,0x0000000053940000)]
  0x000000002cd90800 JavaThread "jar transforms Thread 2791" [_thread_blocked, id=4548, stack(0x0000000053740000,0x0000000053840000)]
  0x000000002cc14800 JavaThread "jar transforms Thread 2790" [_thread_blocked, id=1760, stack(0x0000000053640000,0x0000000053740000)]
  0x000000002cc13800 JavaThread "jar transforms Thread 2789" [_thread_blocked, id=7632, stack(0x0000000053540000,0x0000000053640000)]
  0x000000002cc12000 JavaThread "jar transforms Thread 2788" [_thread_blocked, id=9652, stack(0x0000000053440000,0x0000000053540000)]
  0x000000002cc13000 JavaThread "jar transforms Thread 2787" [_thread_blocked, id=7352, stack(0x0000000053340000,0x0000000053440000)]
  0x000000002cc11800 JavaThread "jar transforms Thread 2786" [_thread_blocked, id=1264, stack(0x0000000053240000,0x0000000053340000)]
  0x000000002cc10800 JavaThread "jar transforms Thread 2785" [_thread_blocked, id=2132, stack(0x0000000053140000,0x0000000053240000)]
  0x000000002cc10000 JavaThread "jar transforms Thread 2784" [_thread_blocked, id=9624, stack(0x0000000053040000,0x0000000053140000)]
  0x000000002cc09000 JavaThread "jar transforms Thread 2783" [_thread_blocked, id=3680, stack(0x0000000052f40000,0x0000000053040000)]
  0x000000002cc0f000 JavaThread "jar transforms Thread 2782" [_thread_blocked, id=7664, stack(0x0000000052e40000,0x0000000052f40000)]
  0x000000002cc0e800 JavaThread "jar transforms Thread 2781" [_thread_blocked, id=9604, stack(0x0000000052d40000,0x0000000052e40000)]
  0x000000002cc0d800 JavaThread "jar transforms Thread 2780" [_thread_blocked, id=8252, stack(0x0000000052c40000,0x0000000052d40000)]
  0x000000002cc0d000 JavaThread "jar transforms Thread 2779" [_thread_blocked, id=396, stack(0x0000000052b40000,0x0000000052c40000)]
  0x000000002cc0c000 JavaThread "jar transforms Thread 2778" [_thread_blocked, id=6696, stack(0x0000000052a40000,0x0000000052b40000)]
  0x000000002cc0a800 JavaThread "jar transforms Thread 2777" [_thread_blocked, id=6236, stack(0x0000000052940000,0x0000000052a40000)]
  0x000000002cc0a000 JavaThread "jar transforms Thread 2776" [_thread_blocked, id=8748, stack(0x0000000052840000,0x0000000052940000)]
  0x000000002cc02800 JavaThread "jar transforms Thread 2775" [_thread_blocked, id=5580, stack(0x0000000052740000,0x0000000052840000)]
  0x000000002cc01800 JavaThread "jar transforms Thread 2774" [_thread_blocked, id=3008, stack(0x0000000052640000,0x0000000052740000)]
  0x000000002cc08800 JavaThread "jar transforms Thread 2773" [_thread_blocked, id=4484, stack(0x0000000052540000,0x0000000052640000)]
  0x000000002cc04000 JavaThread "jar transforms Thread 2772" [_thread_blocked, id=6544, stack(0x0000000052440000,0x0000000052540000)]
  0x000000002cc05800 JavaThread "jar transforms Thread 2771" [_thread_blocked, id=7280, stack(0x0000000052340000,0x0000000052440000)]
  0x000000002cc06000 JavaThread "jar transforms Thread 2770" [_thread_blocked, id=9832, stack(0x0000000052240000,0x0000000052340000)]
  0x000000002cc07000 JavaThread "jar transforms Thread 2769" [_thread_blocked, id=4712, stack(0x0000000052140000,0x0000000052240000)]
  0x000000002cc01000 JavaThread "jar transforms Thread 2768" [_thread_blocked, id=7572, stack(0x0000000052040000,0x0000000052140000)]
  0x000000002cc03000 JavaThread "jar transforms Thread 2767" [_thread_blocked, id=404, stack(0x0000000051f40000,0x0000000052040000)]
  0x000000002cc04800 JavaThread "jar transforms Thread 2766" [_thread_blocked, id=3564, stack(0x0000000051e40000,0x0000000051f40000)]
  0x000000002cc07800 JavaThread "jar transforms Thread 2765" [_thread_blocked, id=9620, stack(0x0000000051d40000,0x0000000051e40000)]
  0x000000002cbf9800 JavaThread "jar transforms Thread 2764" [_thread_blocked, id=8808, stack(0x0000000051c40000,0x0000000051d40000)]
  0x000000002cc00000 JavaThread "jar transforms Thread 2763" [_thread_blocked, id=4608, stack(0x0000000051b40000,0x0000000051c40000)]
  0x000000002cbfe800 JavaThread "jar transforms Thread 2762" [_thread_blocked, id=3704, stack(0x0000000051a40000,0x0000000051b40000)]
  0x000000002cbff800 JavaThread "jar transforms Thread 2761" [_thread_blocked, id=8300, stack(0x0000000051940000,0x0000000051a40000)]
  0x000000002cbf7000 JavaThread "jar transforms Thread 2760" [_thread_blocked, id=5160, stack(0x0000000051840000,0x0000000051940000)]
  0x000000002cbf8800 JavaThread "jar transforms Thread 2759" [_thread_blocked, id=7536, stack(0x0000000051740000,0x0000000051840000)]
  0x000000002cbfe000 JavaThread "jar transforms Thread 2758" [_thread_blocked, id=5452, stack(0x0000000051640000,0x0000000051740000)]
  0x000000002cbf8000 JavaThread "jar transforms Thread 2757" [_thread_blocked, id=9136, stack(0x0000000051540000,0x0000000051640000)]
  0x000000002cbfa000 JavaThread "jar transforms Thread 2756" [_thread_blocked, id=1120, stack(0x0000000051440000,0x0000000051540000)]
  0x000000002cbfb000 JavaThread "jar transforms Thread 2755" [_thread_blocked, id=10092, stack(0x0000000051340000,0x0000000051440000)]
  0x000000002cbfd000 JavaThread "jar transforms Thread 2754" [_thread_blocked, id=5144, stack(0x0000000051240000,0x0000000051340000)]
  0x000000002cbf5800 JavaThread "jar transforms Thread 2753" [_thread_blocked, id=4448, stack(0x0000000051140000,0x0000000051240000)]
  0x000000002cbf6800 JavaThread "jar transforms Thread 2752" [_thread_blocked, id=4172, stack(0x0000000051040000,0x0000000051140000)]
  0x000000002cbfc800 JavaThread "jar transforms Thread 2751" [_thread_blocked, id=9128, stack(0x0000000050f40000,0x0000000051040000)]
  0x000000002cbfb800 JavaThread "jar transforms Thread 2750" [_thread_blocked, id=2344, stack(0x0000000050e40000,0x0000000050f40000)]
  0x000000001d0e2000 JavaThread "jar transforms Thread 2749" [_thread_blocked, id=9616, stack(0x0000000050d40000,0x0000000050e40000)]
  0x000000001d0e1800 JavaThread "jar transforms Thread 2748" [_thread_blocked, id=9312, stack(0x0000000050c40000,0x0000000050d40000)]
  0x000000001d0e0800 JavaThread "jar transforms Thread 2747" [_thread_blocked, id=6536, stack(0x0000000050b40000,0x0000000050c40000)]
  0x000000001d0e0000 JavaThread "jar transforms Thread 2746" [_thread_blocked, id=4336, stack(0x0000000050a40000,0x0000000050b40000)]
  0x000000001d0df000 JavaThread "jar transforms Thread 2745" [_thread_blocked, id=6096, stack(0x0000000050940000,0x0000000050a40000)]
  0x000000001d0dd800 JavaThread "jar transforms Thread 2744" [_thread_blocked, id=5444, stack(0x0000000050840000,0x0000000050940000)]
  0x000000001d0de800 JavaThread "jar transforms Thread 2743" [_thread_blocked, id=1904, stack(0x0000000050740000,0x0000000050840000)]
  0x000000001d0d7000 JavaThread "jar transforms Thread 2742" [_thread_blocked, id=7768, stack(0x0000000050640000,0x0000000050740000)]
  0x000000001d0d6000 JavaThread "jar transforms Thread 2741" [_thread_blocked, id=2332, stack(0x0000000050540000,0x0000000050640000)]
  0x000000001d0dc000 JavaThread "jar transforms Thread 2740" [_thread_blocked, id=9436, stack(0x0000000050440000,0x0000000050540000)]
  0x000000001d0dd000 JavaThread "jar transforms Thread 2739" [_thread_blocked, id=9188, stack(0x0000000050340000,0x0000000050440000)]
  0x000000001d0db800 JavaThread "jar transforms Thread 2738" [_thread_blocked, id=5584, stack(0x0000000050240000,0x0000000050340000)]
  0x000000001d0da000 JavaThread "jar transforms Thread 2737" [_thread_blocked, id=2188, stack(0x0000000050140000,0x0000000050240000)]
  0x000000001d0da800 JavaThread "jar transforms Thread 2736" [_thread_blocked, id=3176, stack(0x0000000050040000,0x0000000050140000)]
  0x000000001d0d5800 JavaThread "jar transforms Thread 2735" [_thread_blocked, id=604, stack(0x000000004ff40000,0x0000000050040000)]
  0x000000001d0d7800 JavaThread "jar transforms Thread 2734" [_thread_blocked, id=1964, stack(0x000000004fe40000,0x000000004ff40000)]
  0x000000001d0d9000 JavaThread "jar transforms Thread 2733" [_thread_blocked, id=9800, stack(0x000000004fd40000,0x000000004fe40000)]
  0x000000001d0d8800 JavaThread "jar transforms Thread 2732" [_thread_blocked, id=8380, stack(0x000000004fc40000,0x000000004fd40000)]
  0x000000001d0ce000 JavaThread "jar transforms Thread 2731" [_thread_blocked, id=7372, stack(0x000000004fb40000,0x000000004fc40000)]
  0x000000001d0d0000 JavaThread "jar transforms Thread 2730" [_thread_blocked, id=9252, stack(0x000000004fa40000,0x000000004fb40000)]
  0x000000001d0d4800 JavaThread "jar transforms Thread 2729" [_thread_blocked, id=7236, stack(0x000000004f940000,0x000000004fa40000)]
  0x000000001d0d4000 JavaThread "jar transforms Thread 2728" [_thread_blocked, id=5168, stack(0x000000004f840000,0x000000004f940000)]
  0x000000001d0d3000 JavaThread "jar transforms Thread 2727" [_thread_blocked, id=5828, stack(0x000000004f740000,0x000000004f840000)]
  0x000000001d0cb800 JavaThread "jar transforms Thread 2726" [_thread_blocked, id=948, stack(0x000000004f640000,0x000000004f740000)]
  0x000000001d0d1800 JavaThread "jar transforms Thread 2725" [_thread_blocked, id=2076, stack(0x000000004f540000,0x000000004f640000)]
  0x000000001d0cf800 JavaThread "jar transforms Thread 2724" [_thread_blocked, id=9672, stack(0x000000004f440000,0x000000004f540000)]
  0x000000001d0cc800 JavaThread "jar transforms Thread 2723" [_thread_blocked, id=6680, stack(0x000000004f340000,0x000000004f440000)]
  0x000000001d0d2800 JavaThread "jar transforms Thread 2722" [_thread_blocked, id=4328, stack(0x000000004f240000,0x000000004f340000)]
  0x000000001d0d1000 JavaThread "jar transforms Thread 2721" [_thread_blocked, id=8652, stack(0x000000004f140000,0x000000004f240000)]
  0x000000001d0ca000 JavaThread "jar transforms Thread 2720" [_thread_blocked, id=9096, stack(0x000000004f040000,0x000000004f140000)]
  0x000000001d0c8800 JavaThread "jar transforms Thread 2719" [_thread_blocked, id=776, stack(0x000000004ef40000,0x000000004f040000)]
  0x000000001d0cb000 JavaThread "jar transforms Thread 2718" [_thread_blocked, id=9648, stack(0x000000004ee40000,0x000000004ef40000)]
  0x000000001d0ce800 JavaThread "jar transforms Thread 2717" [_thread_blocked, id=3480, stack(0x000000004ed40000,0x000000004ee40000)]
  0x000000001d0cd000 JavaThread "jar transforms Thread 2716" [_thread_blocked, id=2212, stack(0x000000004ec40000,0x000000004ed40000)]
  0x000000001d0c3000 JavaThread "jar transforms Thread 2715" [_thread_blocked, id=3584, stack(0x000000004eb40000,0x000000004ec40000)]
  0x000000001d0c9800 JavaThread "jar transforms Thread 2714" [_thread_blocked, id=9656, stack(0x000000004ea40000,0x000000004eb40000)]
  0x000000001d0c4800 JavaThread "jar transforms Thread 2713" [_thread_blocked, id=2264, stack(0x000000004e940000,0x000000004ea40000)]
  0x000000001d0c5800 JavaThread "jar transforms Thread 2712" [_thread_blocked, id=5820, stack(0x000000004e840000,0x000000004e940000)]
  0x000000001d0c7800 JavaThread "jar transforms Thread 2711" [_thread_blocked, id=9668, stack(0x000000004e740000,0x000000004e840000)]
  0x000000001d0c4000 JavaThread "jar transforms Thread 2710" [_thread_blocked, id=3840, stack(0x000000004e640000,0x000000004e740000)]
  0x000000001d0c7000 JavaThread "jar transforms Thread 2709" [_thread_blocked, id=6380, stack(0x000000004e540000,0x000000004e640000)]
  0x0000000019841800 JavaThread "jar transforms Thread 2708" [_thread_blocked, id=8060, stack(0x000000004e440000,0x000000004e540000)]
  0x0000000019841000 JavaThread "jar transforms Thread 2707" [_thread_blocked, id=8976, stack(0x000000004e340000,0x000000004e440000)]
  0x0000000019840000 JavaThread "jar transforms Thread 2706" [_thread_blocked, id=5780, stack(0x000000004e240000,0x000000004e340000)]
  0x000000001983f800 JavaThread "jar transforms Thread 2705" [_thread_blocked, id=2784, stack(0x000000004e140000,0x000000004e240000)]
  0x0000000019837000 JavaThread "jar transforms Thread 2704" [_thread_blocked, id=2992, stack(0x000000004e040000,0x000000004e140000)]
  0x000000001983e000 JavaThread "jar transforms Thread 2703" [_thread_blocked, id=6484, stack(0x000000004df40000,0x000000004e040000)]
  0x0000000019838800 JavaThread "jar transforms Thread 2702" [_thread_blocked, id=2772, stack(0x000000004de40000,0x000000004df40000)]
  0x0000000019836800 JavaThread "jar transforms Thread 2701" [_thread_blocked, id=4456, stack(0x000000004dd40000,0x000000004de40000)]
  0x000000001983a000 JavaThread "Build operations Thread 4" [_thread_blocked, id=9724, stack(0x000000004dc40000,0x000000004dd40000)]
  0x000000001983c800 JavaThread "Build operations Thread 3" [_thread_blocked, id=9344, stack(0x000000004db40000,0x000000004dc40000)]
  0x000000001982e000 JavaThread "Build operations Thread 2" [_thread_blocked, id=5352, stack(0x000000004da40000,0x000000004db40000)]
  0x000000001982d800 JavaThread "Build operations" [_thread_blocked, id=6044, stack(0x000000004d940000,0x000000004da40000)]
  0x0000000019833800 JavaThread "Cache worker for cache directory md-rule (C:\Users\Site\.gradle\caches\6.5\md-rule)" [_thread_blocked, id=8664, stack(0x000000004d840000,0x000000004d940000)]
  0x0000000019826000 JavaThread "Cache worker for cache directory md-supplier (C:\Users\Site\.gradle\caches\6.5\md-supplier)" [_thread_blocked, id=5988, stack(0x000000004d740000,0x000000004d840000)]
  0x000000001982c800 JavaThread "Cache worker for checksums cache (D:\Android\project_run\turkiye\.gradle\checksums)" [_thread_blocked, id=10100, stack(0x000000004d640000,0x000000004d740000)]
  0x0000000019825000 JavaThread "Cache worker for file hash cache (D:\Android\project_run\turkiye\.gradle\6.5\fileHashes)" [_thread_blocked, id=7596, stack(0x000000004d540000,0x000000004d640000)]
  0x000000001982c000 JavaThread "Thread-3160" [_thread_blocked, id=8888, stack(0x000000004d440000,0x000000004d540000)]
  0x0000000019828000 JavaThread "Stdin handler" [_thread_blocked, id=8920, stack(0x000000004d340000,0x000000004d440000)]
  0x0000000019824800 JavaThread "Asynchronous log dispatcher for DefaultDaemonConnection: socket connection from /127.0.0.1:49539 to /127.0.0.1:64523" [_thread_blocked, id=2424, stack(0x000000004d240000,0x000000004d340000)]
  0x0000000019829000 JavaThread "Daemon worker Thread 17" [_thread_blocked, id=872, stack(0x000000004d140000,0x000000004d240000)]
  0x000000001982a800 JavaThread "Cancel handler" [_thread_blocked, id=9916, stack(0x000000004d040000,0x000000004d140000)]
  0x000000001982b000 JavaThread "Handler for socket connection from /127.0.0.1:49539 to /127.0.0.1:64523" [_thread_in_native, id=9760, stack(0x000000004cf40000,0x000000004d040000)]
  0x0000000019829800 JavaThread "Daemon Thread 17" [_thread_blocked, id=4636, stack(0x000000004ce40000,0x000000004cf40000)]
  0x000000001982f800 JavaThread "Cache worker for Java compile cache (C:\Users\Site\.gradle\caches\6.5\javaCompile)" [_thread_blocked, id=5020, stack(0x0000000030040000,0x0000000030140000)]
  0x000000001983b800 JavaThread "RMI Reaper" [_thread_blocked, id=2864, stack(0x000000002fe40000,0x000000002ff40000)]
  0x0000000019831000 JavaThread "RMI TCP Accept-0" daemon [_thread_in_native, id=6400, stack(0x000000002fd40000,0x000000002fe40000)]
  0x0000000019838000 JavaThread "GC Daemon" daemon [_thread_blocked, id=9944, stack(0x000000002fc40000,0x000000002fd40000)]
  0x0000000019823800 JavaThread "RMI Scheduler(0)" daemon [_thread_blocked, id=6488, stack(0x000000002fa40000,0x000000002fb40000)]
  0x000000001dae4800 JavaThread "Memory manager" [_thread_blocked, id=6360, stack(0x000000002c520000,0x000000002c620000)]
  0x0000000019670800 JavaThread "Cache worker for file content cache (C:\Users\Site\.gradle\caches\6.5\fileContent)" [_thread_blocked, id=8936, stack(0x0000000020b60000,0x0000000020c60000)]
  0x0000000019670000 JavaThread "Cache worker for execution history cache (C:\Users\Site\.gradle\caches\6.5\executionHistory)" [_thread_blocked, id=3012, stack(0x0000000020360000,0x0000000020460000)]
  0x0000000019673000 JavaThread "Cache worker for file hash cache (C:\Users\Site\.gradle\caches\6.5\fileHashes)" [_thread_blocked, id=6552, stack(0x000000001d730000,0x000000001d830000)]
  0x000000001966e800 JavaThread "File lock request listener" [_thread_in_native, id=6936, stack(0x000000001c660000,0x000000001c760000)]
  0x000000001871a800 JavaThread "Cache worker for journal cache (C:\Users\Site\.gradle\caches\journal-1)" [_thread_blocked, id=1392, stack(0x000000001c560000,0x000000001c660000)]
  0x0000000019584800 JavaThread "Daemon periodic checks" [_thread_blocked, id=6652, stack(0x000000001b960000,0x000000001ba60000)]
  0x000000001849c800 JavaThread "Incoming local TCP Connector on port 49539" [_thread_in_native, id=9196, stack(0x000000001b730000,0x000000001b830000)]
  0x000000001846f800 JavaThread "Daemon health stats" [_thread_blocked, id=8496, stack(0x000000001b430000,0x000000001b530000)]
  0x00000000183de800 JavaThread "Service Thread" daemon [_thread_blocked, id=3556, stack(0x0000000018890000,0x0000000018990000)]
  0x00000000183d9000 JavaThread "C1 CompilerThread2" daemon [_thread_blocked, id=2624, stack(0x0000000018790000,0x0000000018890000)]
  0x0000000016b19000 JavaThread "C2 CompilerThread1" daemon [_thread_blocked, id=2720, stack(0x0000000018290000,0x0000000018390000)]
  0x0000000016b15800 JavaThread "C2 CompilerThread0" daemon [_thread_blocked, id=4680, stack(0x0000000018190000,0x0000000018290000)]
  0x0000000016b61000 JavaThread "Attach Listener" daemon [_thread_blocked, id=5808, stack(0x0000000018090000,0x0000000018190000)]
  0x0000000016b60800 JavaThread "Signal Dispatcher" daemon [_thread_blocked, id=4276, stack(0x0000000017f90000,0x0000000018090000)]
  0x0000000003025000 JavaThread "Finalizer" daemon [_thread_blocked, id=8492, stack(0x0000000017da0000,0x0000000017ea0000)]
  0x0000000016af9000 JavaThread "Reference Handler" daemon [_thread_blocked, id=1288, stack(0x0000000017ca0000,0x0000000017da0000)]
  0x000000000329d800 JavaThread "main" [_thread_blocked, id=8528, stack(0x0000000001360000,0x0000000001460000)]

Other Threads:
  0x0000000016ad5000 VMThread [stack: 0x0000000017ba0000,0x0000000017ca0000] [id=6068]
  0x00000000183e0800 WatcherThread [stack: 0x0000000018990000,0x0000000018a90000] [id=4176]

=>0x0000000002f4b800 (exited) GCTaskThread [stack: 0x0000000012d70000,0x0000000012e70000] [id=6024]

VM state:at safepoint (normal execution)

VM Mutex/Monitor currently owned by a thread:  ([mutex/lock_event])
[0x000000000329c3b0] Threads_lock - owner thread: 0x0000000016ad5000
[0x000000000329cc30] Heap_lock - owner thread: 0x000000001cd10000

heap address: 0x00000000a0000000, size: 1536 MB, Compressed Oops mode: 32-bit
Narrow klass base: 0x0000000000000000, Narrow klass shift: 3
Compressed class space size: 1073741824 Address: 0x0000000100000000

Heap:
 PSYoungGen      total 401408K, used 312829K [0x00000000e0000000, 0x00000000ff880000, 0x0000000100000000)
  eden space 299520K, 100% used [0x00000000e0000000,0x00000000f2480000,0x00000000f2480000)
  from space 101888K, 13% used [0x00000000f2480000,0x00000000f317f450,0x00000000f8800000)
  to   space 98304K, 26% used [0x00000000f9880000,0x00000000fb232f90,0x00000000ff880000)
 ParOldGen       total 310784K, used 160004K [0x00000000a0000000, 0x00000000b2f80000, 0x00000000e0000000)
  object space 310784K, 51% used [0x00000000a0000000,0x00000000a9c413a8,0x00000000b2f80000)
 Metaspace       used 113784K, capacity 124484K, committed 124800K, reserved 1157120K
  class space    used 14508K, capacity 16406K, committed 16512K, reserved 1048576K

Card table byte_map: [0x0000000012660000,0x0000000012970000] byte_map_base: 0x0000000012160000

Marking Bits: (ParMarkBitMap*) 0x000000006be0f030
 Begin Bits: [0x0000000012e70000, 0x0000000014670000)
 End Bits:   [0x0000000014670000, 0x0000000015e70000)

Polling page: 0x0000000000f20000

CodeCache: size=245760Kb used=98691Kb max_used=98812Kb free=147068Kb
 bounds [0x00000000032a0000, 0x00000000093d0000, 0x00000000122a0000]
 total_blobs=27479 nmethods=26567 adapters=819
 compilation: enabled

Compilation events (10 events):
Event: 5903.378 Thread 0x00000000183d9000 35414       1       com.android.build.gradle.internal.dependency.AarTransform$Parameters_Decorated::isImmutable (3 bytes)
Event: 5903.379 Thread 0x00000000183d9000 nmethod 35414 0x00000000045c3710 code [0x00000000045c3860, 0x00000000045c3970]
Event: 5903.384 Thread 0x00000000183d9000 35415       1       com.android.build.gradle.internal.dependency.AarTransform$Parameters_Decorated::publicType (3 bytes)
Event: 5903.385 Thread 0x00000000183d9000 nmethod 35415 0x00000000093b0c90 code [0x00000000093b0de0, 0x00000000093b0ef0]
Event: 5903.535 Thread 0x00000000183d9000 35416       3       com.android.build.api.variant.impl.LibraryVariantPropertiesImpl_Decorated::getMinSdkVersion (40 bytes)
Event: 5903.537 Thread 0x00000000183d9000 nmethod 35416 0x000000000697d850 code [0x000000000697da60, 0x000000000697e328]
Event: 5903.604 Thread 0x0000000016b19000 35417       4       org.gradle.api.internal.tasks.properties.ValidationActions::validateNotInReservedFileSystemLocation (33 bytes)
Event: 5903.608 Thread 0x0000000016b19000 nmethod 35417 0x00000000093addd0 code [0x00000000093adf40, 0x00000000093ae088]
Event: 5903.608 Thread 0x0000000016b19000 35418       4       org.gradle.internal.fingerprint.overlap.impl.DefaultOverlappingOutputDetector::detect (52 bytes)
Event: 5903.617 Thread 0x0000000016b19000 nmethod 35418 0x00000000069a7290 code [0x00000000069a7420, 0x00000000069a7858]

GC Heap History (10 events):
Event: 4320.745 GC heap after
Heap after GC invocations=70 (full 6):
 PSYoungGen      total 384512K, used 27691K [0x00000000e0000000, 0x00000000fe780000, 0x0000000100000000)
  eden space 266752K, 0% used [0x00000000e0000000,0x00000000e0000000,0x00000000f0480000)
  from space 117760K, 23% used [0x00000000f7480000,0x00000000f8f8af40,0x00000000fe780000)
  to   space 114688K, 0% used [0x00000000f0480000,0x00000000f0480000,0x00000000f7480000)
 ParOldGen       total 288256K, used 228671K [0x00000000a0000000, 0x00000000b1980000, 0x00000000e0000000)
  object space 288256K, 79% used [0x00000000a0000000,0x00000000adf4fc28,0x00000000b1980000)
 Metaspace       used 113456K, capacity 124132K, committed 124160K, reserved 1157120K
  class space    used 14501K, capacity 16364K, committed 16384K, reserved 1048576K
}
Event: 4325.059 GC heap before
{Heap before GC invocations=71 (full 6):
 PSYoungGen      total 384512K, used 294356K [0x00000000e0000000, 0x00000000fe780000, 0x0000000100000000)
  eden space 266752K, 99% used [0x00000000e0000000,0x00000000f046a2b8,0x00000000f0480000)
  from space 117760K, 23% used [0x00000000f7480000,0x00000000f8f8af40,0x00000000fe780000)
  to   space 114688K, 0% used [0x00000000f0480000,0x00000000f0480000,0x00000000f7480000)
 ParOldGen       total 288256K, used 228671K [0x00000000a0000000, 0x00000000b1980000, 0x00000000e0000000)
  object space 288256K, 79% used [0x00000000a0000000,0x00000000adf4fc28,0x00000000b1980000)
 Metaspace       used 113488K, capacity 124132K, committed 124160K, reserved 1157120K
  class space    used 14501K, capacity 16364K, committed 16384K, reserved 1048576K
Event: 4325.288 GC heap after
Heap after GC invocations=71 (full 6):
 PSYoungGen      total 381440K, used 18426K [0x00000000e0000000, 0x00000000ff300000, 0x0000000100000000)
  eden space 266752K, 0% used [0x00000000e0000000,0x00000000e0000000,0x00000000f0480000)
  from space 114688K, 16% used [0x00000000f0480000,0x00000000f167ea00,0x00000000f7480000)
  to   space 109568K, 0% used [0x00000000f8800000,0x00000000f8800000,0x00000000ff300000)
 ParOldGen       total 288256K, used 254129K [0x00000000a0000000, 0x00000000b1980000, 0x00000000e0000000)
  object space 288256K, 88% used [0x00000000a0000000,0x00000000af82c410,0x00000000b1980000)
 Metaspace       used 113488K, capacity 124132K, committed 124160K, reserved 1157120K
  class space    used 14501K, capacity 16364K, committed 16384K, reserved 1048576K
}
Event: 4325.288 GC heap before
{Heap before GC invocations=72 (full 7):
 PSYoungGen      total 381440K, used 18426K [0x00000000e0000000, 0x00000000ff300000, 0x0000000100000000)
  eden space 266752K, 0% used [0x00000000e0000000,0x00000000e0000000,0x00000000f0480000)
  from space 114688K, 16% used [0x00000000f0480000,0x00000000f167ea00,0x00000000f7480000)
  to   space 109568K, 0% used [0x00000000f8800000,0x00000000f8800000,0x00000000ff300000)
 ParOldGen       total 288256K, used 254129K [0x00000000a0000000, 0x00000000b1980000, 0x00000000e0000000)
  object space 288256K, 88% used [0x00000000a0000000,0x00000000af82c410,0x00000000b1980000)
 Metaspace       used 113488K, capacity 124132K, committed 124160K, reserved 1157120K
  class space    used 14501K, capacity 16364K, committed 16384K, reserved 1048576K
Event: 4326.223 GC heap after
Heap after GC invocations=72 (full 7):
 PSYoungGen      total 381440K, used 0K [0x00000000e0000000, 0x00000000ff300000, 0x0000000100000000)
  eden space 266752K, 0% used [0x00000000e0000000,0x00000000e0000000,0x00000000f0480000)
  from space 114688K, 0% used [0x00000000f0480000,0x00000000f0480000,0x00000000f7480000)
  to   space 109568K, 0% used [0x00000000f8800000,0x00000000f8800000,0x00000000ff300000)
 ParOldGen       total 310784K, used 128102K [0x00000000a0000000, 0x00000000b2f80000, 0x00000000e0000000)
  object space 310784K, 41% used [0x00000000a0000000,0x00000000a7d19b98,0x00000000b2f80000)
 Metaspace       used 113488K, capacity 124132K, committed 124160K, reserved 1157120K
  class space    used 14501K, capacity 16364K, committed 16384K, reserved 1048576K
}
Event: 5812.046 GC heap before
{Heap before GC invocations=73 (full 7):
 PSYoungGen      total 381440K, used 266752K [0x00000000e0000000, 0x00000000ff300000, 0x0000000100000000)
  eden space 266752K, 100% used [0x00000000e0000000,0x00000000f0480000,0x00000000f0480000)
  from space 114688K, 0% used [0x00000000f0480000,0x00000000f0480000,0x00000000f7480000)
  to   space 109568K, 0% used [0x00000000f8800000,0x00000000f8800000,0x00000000ff300000)
 ParOldGen       total 310784K, used 128102K [0x00000000a0000000, 0x00000000b2f80000, 0x00000000e0000000)
  object space 310784K, 41% used [0x00000000a0000000,0x00000000a7d19b98,0x00000000b2f80000)
 Metaspace       used 113597K, capacity 124196K, committed 124416K, reserved 1157120K
  class space    used 14501K, capacity 16364K, committed 16384K, reserved 1048576K
Event: 5812.289 GC heap after
Heap after GC invocations=73 (full 7):
 PSYoungGen      total 401920K, used 30699K [0x00000000e0000000, 0x00000000fec00000, 0x0000000100000000)
  eden space 299520K, 0% used [0x00000000e0000000,0x00000000e0000000,0x00000000f2480000)
  from space 102400K, 29% used [0x00000000f8800000,0x00000000fa5fafd0,0x00000000fec00000)
  to   space 101888K, 0% used [0x00000000f2480000,0x00000000f2480000,0x00000000f8800000)
 ParOldGen       total 310784K, used 128110K [0x00000000a0000000, 0x00000000b2f80000, 0x00000000e0000000)
  object space 310784K, 41% used [0x00000000a0000000,0x00000000a7d1bb98,0x00000000b2f80000)
 Metaspace       used 113597K, capacity 124196K, committed 124416K, reserved 1157120K
  class space    used 14501K, capacity 16364K, committed 16384K, reserved 1048576K
}
Event: 5817.026 GC heap before
{Heap before GC invocations=74 (full 7):
 PSYoungGen      total 401920K, used 330156K [0x00000000e0000000, 0x00000000fec00000, 0x0000000100000000)
  eden space 299520K, 99% used [0x00000000e0000000,0x00000000f2470420,0x00000000f2480000)
  from space 102400K, 29% used [0x00000000f8800000,0x00000000fa5fafd0,0x00000000fec00000)
  to   space 101888K, 0% used [0x00000000f2480000,0x00000000f2480000,0x00000000f8800000)
 ParOldGen       total 310784K, used 128110K [0x00000000a0000000, 0x00000000b2f80000, 0x00000000e0000000)
  object space 310784K, 41% used [0x00000000a0000000,0x00000000a7d1bb98,0x00000000b2f80000)
 Metaspace       used 113632K, capacity 124298K, committed 124544K, reserved 1157120K
  class space    used 14502K, capacity 16397K, committed 16512K, reserved 1048576K
Event: 5817.276 GC heap after
Heap after GC invocations=74 (full 7):
 PSYoungGen      total 401408K, used 13309K [0x00000000e0000000, 0x00000000ff880000, 0x0000000100000000)
  eden space 299520K, 0% used [0x00000000e0000000,0x00000000e0000000,0x00000000f2480000)
  from space 101888K, 13% used [0x00000000f2480000,0x00000000f317f450,0x00000000f8800000)
  to   space 98304K, 0% used [0x00000000f9880000,0x00000000f9880000,0x00000000ff880000)
 ParOldGen       total 310784K, used 157116K [0x00000000a0000000, 0x00000000b2f80000, 0x00000000e0000000)
  object space 310784K, 50% used [0x00000000a0000000,0x00000000a996f230,0x00000000b2f80000)
 Metaspace       used 113632K, capacity 124298K, committed 124544K, reserved 1157120K
  class space    used 14502K, capacity 16397K, committed 16512K, reserved 1048576K
}
Event: 5903.699 GC heap before
{Heap before GC invocations=75 (full 7):
 PSYoungGen      total 401408K, used 312829K [0x00000000e0000000, 0x00000000ff880000, 0x0000000100000000)
  eden space 299520K, 100% used [0x00000000e0000000,0x00000000f2480000,0x00000000f2480000)
  from space 101888K, 13% used [0x00000000f2480000,0x00000000f317f450,0x00000000f8800000)
  to   space 98304K, 0% used [0x00000000f9880000,0x00000000f9880000,0x00000000ff880000)
 ParOldGen       total 310784K, used 157116K [0x00000000a0000000, 0x00000000b2f80000, 0x00000000e0000000)
  object space 310784K, 50% used [0x00000000a0000000,0x00000000a996f230,0x00000000b2f80000)
 Metaspace       used 113784K, capacity 124484K, committed 124800K, reserved 1157120K
  class space    used 14508K, capacity 16406K, committed 16512K, reserved 1048576K

Deoptimization events (10 events):
Event: 5816.101 Thread 0x0000000019829000 Uncommon trap: reason=bimorphic action=maybe_recompile pc=0x0000000006960f48 method=com.android.tools.r8.s.b.k0.a(Lcom/android/tools/r8/s/b/k0;Lcom/android/tools/r8/ir/regalloc/e;)Z @ 653
Event: 5817.741 Thread 0x0000000019825000 Uncommon trap: reason=unstable_if action=reinterpret pc=0x00000000037b0430 method=java.util.concurrent.ForkJoinPool.scan(Ljava/util/concurrent/ForkJoinPool$WorkQueue;I)Ljava/util/concurrent/ForkJoinTask; @ 136
Event: 5818.067 Thread 0x000000001982c800 Uncommon trap: reason=unstable_if action=reinterpret pc=0x000000000340a4c8 method=java.util.concurrent.ForkJoinPool.scan(Ljava/util/concurrent/ForkJoinPool$WorkQueue;I)Ljava/util/concurrent/ForkJoinTask; @ 321
Event: 5818.067 Thread 0x0000000019825000 Uncommon trap: reason=unstable_if action=reinterpret pc=0x000000000340a4c8 method=java.util.concurrent.ForkJoinPool.scan(Ljava/util/concurrent/ForkJoinPool$WorkQueue;I)Ljava/util/concurrent/ForkJoinTask; @ 321
Event: 5818.067 Thread 0x000000001982c000 Uncommon trap: reason=unstable_if action=reinterpret pc=0x000000000340a4c8 method=java.util.concurrent.ForkJoinPool.scan(Ljava/util/concurrent/ForkJoinPool$WorkQueue;I)Ljava/util/concurrent/ForkJoinTask; @ 321
Event: 5818.067 Thread 0x000000001982b000 Uncommon trap: reason=unstable_if action=reinterpret pc=0x000000000340a4c8 method=java.util.concurrent.ForkJoinPool.scan(Ljava/util/concurrent/ForkJoinPool$WorkQueue;I)Ljava/util/concurrent/ForkJoinTask; @ 321
Event: 5899.811 Thread 0x0000000019829800 Uncommon trap: reason=unstable_if action=reinterpret pc=0x00000000091a2940 method=java.text.DecimalFormat.format(JLjava/lang/StringBuffer;Ljava/text/Format$FieldDelegate;)Ljava/lang/StringBuffer; @ 136
Event: 5899.811 Thread 0x0000000019829800 Uncommon trap: reason=unstable_if action=reinterpret pc=0x00000000034b9e88 method=java.text.DigitList.set(ZJI)V @ 8
Event: 5899.811 Thread 0x0000000019829800 Uncommon trap: reason=unstable_if action=reinterpret pc=0x00000000091a9904 method=java.text.DigitList.isZero()Z @ 7
Event: 5901.702 Thread 0x0000000019829000 Uncommon trap: reason=unstable_if action=reinterpret pc=0x0000000003941bb4 method=java.lang.ref.SoftReference.get()Ljava/lang/Object; @ 6

Classes redefined (0 events):
No events

Internal exceptions (10 events):
Event: 5817.397 Thread 0x0000000019829000 Exception <a 'sun/nio/fs/WindowsException'> (0x00000000e0db20f8) thrown at [C:\src\AOSP-openjdk-git\hotspot\src\share\vm\prims\jni.cpp, line 710]
Event: 5817.398 Thread 0x0000000019829000 Exception <a 'sun/nio/fs/WindowsException'> (0x00000000e0dbb820) thrown at [C:\src\AOSP-openjdk-git\hotspot\src\share\vm\prims\jni.cpp, line 710]
Event: 5817.400 Thread 0x0000000019829000 Exception <a 'sun/nio/fs/WindowsException'> (0x00000000e0dc49b8) thrown at [C:\src\AOSP-openjdk-git\hotspot\src\share\vm\prims\jni.cpp, line 710]
Event: 5817.402 Thread 0x0000000019829000 Exception <a 'sun/nio/fs/WindowsException'> (0x00000000e0e8cc20) thrown at [C:\src\AOSP-openjdk-git\hotspot\src\share\vm\prims\jni.cpp, line 710]
Event: 5817.618 Thread 0x0000000019829800 Exception <a 'sun/nio/fs/WindowsException'> (0x00000000e1707f38) thrown at [C:\src\AOSP-openjdk-git\hotspot\src\share\vm\prims\jni.cpp, line 710]
Event: 5818.064 Thread 0x000000001982b000 Exception <a 'sun/nio/fs/WindowsException'> (0x00000000e4f986d8) thrown at [C:\src\AOSP-openjdk-git\hotspot\src\share\vm\prims\jni.cpp, line 710]
Event: 5900.633 Thread 0x0000000019829000 Exception <a 'sun/nio/fs/WindowsException'> (0x00000000e9578558) thrown at [C:\src\AOSP-openjdk-git\hotspot\src\share\vm\prims\jni.cpp, line 710]
Event: 5901.980 Thread 0x0000000019829000 Exception <a 'sun/nio/fs/WindowsException'> (0x00000000ebff3750) thrown at [C:\src\AOSP-openjdk-git\hotspot\src\share\vm\prims\jni.cpp, line 710]
Event: 5903.310 Thread 0x000000001cd10000 Exception <a 'sun/nio/fs/WindowsException'> (0x00000000f17e9e60) thrown at [C:\src\AOSP-openjdk-git\hotspot\src\share\vm\prims\jni.cpp, line 710]
Event: 5903.310 Thread 0x000000001cd10000 Exception <a 'sun/nio/fs/WindowsException'> (0x00000000f17eab20) thrown at [C:\src\AOSP-openjdk-git\hotspot\src\share\vm\prims\jni.cpp, line 710]

Events (10 events):
Event: 5903.320 Thread 0x00000000183d9000 flushing nmethod 0x000000000646b590
Event: 5903.320 Thread 0x00000000183d9000 flushing nmethod 0x00000000064aa3d0
Event: 5903.325 Thread 0x00000000183d9000 flushing nmethod 0x00000000068e4890
Event: 5903.325 Thread 0x00000000183d9000 flushing nmethod 0x0000000006966fd0
Event: 5903.326 Thread 0x00000000183d9000 flushing nmethod 0x000000000697d610
Event: 5903.326 Thread 0x00000000183d9000 flushing nmethod 0x00000000069a7290
Event: 5903.358 Thread 0x0000000016b19000 flushing nmethod 0x0000000007366dd0
Event: 5903.360 Thread 0x0000000016b19000 flushing nmethod 0x0000000007647910
Event: 5903.389 Thread 0x00000000183d9000 flushing nmethod 0x00000000086effd0
Event: 5903.698 Executing VM operation: ParallelGCFailedAllocation


Dynamic libraries:
0x00007ff685860000 - 0x00007ff685891000 	C:\Program Files\Android\Android Studio\jre\bin\java.exe
0x00007ffc71700000 - 0x00007ffc718d2000 	C:\Windows\SYSTEM32\ntdll.dll
0x00007ffc6f100000 - 0x00007ffc6f1ac000 	C:\Windows\System32\KERNEL32.DLL
0x00007ffc6e0b0000 - 0x00007ffc6e2cd000 	C:\Windows\System32\KERNELBASE.dll
0x00007ffc715e0000 - 0x00007ffc71682000 	C:\Windows\System32\ADVAPI32.dll
0x00007ffc70fa0000 - 0x00007ffc7103e000 	C:\Windows\System32\msvcrt.dll
0x00007ffc6ee30000 - 0x00007ffc6ee89000 	C:\Windows\System32\sechost.dll
0x00007ffc6ef30000 - 0x00007ffc6f051000 	C:\Windows\System32\RPCRT4.dll
0x00007ffc71470000 - 0x00007ffc715d5000 	C:\Windows\System32\USER32.dll
0x00007ffc6dd50000 - 0x00007ffc6dd6e000 	C:\Windows\System32\win32u.dll
0x00007ffc6f710000 - 0x00007ffc6f744000 	C:\Windows\System32\GDI32.dll
0x00007ffc6df30000 - 0x00007ffc6e0b0000 	C:\Windows\System32\gdi32full.dll
0x00007ffc633e0000 - 0x00007ffc6365a000 	C:\Windows\WinSxS\amd64_microsoft.windows.common-controls_6595b64144ccf1df_6.0.14393.953_none_42151e83c686086b\COMCTL32.dll
0x00007ffc6f1b0000 - 0x00007ffc6f478000 	C:\Windows\System32\combase.dll
0x00007ffc6dc50000 - 0x00007ffc6dd45000 	C:\Windows\System32\ucrtbase.dll
0x00007ffc6ec20000 - 0x00007ffc6ec8a000 	C:\Windows\System32\bcryptPrimitives.dll
0x00007ffc6f060000 - 0x00007ffc6f08e000 	C:\Windows\System32\IMM32.DLL
0x00007ffc6d6b0000 - 0x00007ffc6d6df000 	C:\Windows\system32\nvinitx.dll
0x00007ffc6d6a0000 - 0x00007ffc6d6aa000 	C:\Windows\SYSTEM32\VERSION.dll
0x000000006b560000 - 0x000000006b632000 	C:\Program Files\Android\Android Studio\jre\jre\bin\msvcr100.dll
0x000000006b640000 - 0x000000006be8b000 	C:\Program Files\Android\Android Studio\jre\jre\bin\server\jvm.dll
0x00007ffc6f4e0000 - 0x00007ffc6f4e8000 	C:\Windows\System32\PSAPI.DLL
0x00007ffc68d10000 - 0x00007ffc68d19000 	C:\Windows\SYSTEM32\WSOCK32.dll
0x00007ffc6f090000 - 0x00007ffc6f0fa000 	C:\Windows\System32\WS2_32.dll
0x00007ffc6c110000 - 0x00007ffc6c133000 	C:\Windows\SYSTEM32\WINMM.dll
0x00007ffc6c0e0000 - 0x00007ffc6c10b000 	C:\Windows\SYSTEM32\WINMMBASE.dll
0x00007ffc6dc00000 - 0x00007ffc6dc42000 	C:\Windows\System32\cfgmgr32.dll
0x00007ffc68990000 - 0x00007ffc6899f000 	C:\Program Files\Android\Android Studio\jre\jre\bin\verify.dll
0x00007ffc63b70000 - 0x00007ffc63b99000 	C:\Program Files\Android\Android Studio\jre\jre\bin\java.dll
0x00007ffc68020000 - 0x00007ffc68036000 	C:\Program Files\Android\Android Studio\jre\jre\bin\zip.dll
0x00007ffc6f890000 - 0x00007ffc70d99000 	C:\Windows\System32\SHELL32.dll
0x00007ffc6e370000 - 0x00007ffc6ea49000 	C:\Windows\System32\windows.storage.dll
0x00007ffc6db80000 - 0x00007ffc6dbcc000 	C:\Windows\System32\powrprof.dll
0x00007ffc70f00000 - 0x00007ffc70f52000 	C:\Windows\System32\shlwapi.dll
0x00007ffc6db70000 - 0x00007ffc6db7f000 	C:\Windows\System32\kernel.appcore.dll
0x00007ffc6de80000 - 0x00007ffc6df29000 	C:\Windows\System32\shcore.dll
0x00007ffc6dbe0000 - 0x00007ffc6dbf4000 	C:\Windows\System32\profapi.dll
0x00007ffc67f30000 - 0x00007ffc67f4a000 	C:\Program Files\Android\Android Studio\jre\jre\bin\net.dll
0x00007ffc6d460000 - 0x00007ffc6d4bc000 	C:\Windows\system32\mswsock.dll
0x00007ffc63130000 - 0x00007ffc63143000 	C:\Program Files\Android\Android Studio\jre\jre\bin\nio.dll
0x00007ffc667a0000 - 0x00007ffc667c7000 	C:\Users\Site\.gradle\native\f6784746aeab05261644944871eae4fe03e0ef1612fff0a4a95f87b438bc6780\windows-amd64\native-platform.dll
0x00007ffc68980000 - 0x00007ffc6898d000 	C:\Program Files\Android\Android Studio\jre\jre\bin\management.dll
0x00007ffc6d600000 - 0x00007ffc6d617000 	C:\Windows\SYSTEM32\CRYPTSP.dll
0x00007ffc6d060000 - 0x00007ffc6d093000 	C:\Windows\system32\rsaenh.dll
0x00007ffc6d750000 - 0x00007ffc6d77b000 	C:\Windows\SYSTEM32\bcrypt.dll
0x00007ffc6d2e0000 - 0x00007ffc6d2ff000 	C:\Windows\SYSTEM32\USERENV.dll
0x00007ffc6d620000 - 0x00007ffc6d62b000 	C:\Windows\SYSTEM32\CRYPTBASE.dll
0x00007ffc6d1e0000 - 0x00007ffc6d218000 	C:\Windows\SYSTEM32\IPHLPAPI.DLL
0x00007ffc70f60000 - 0x00007ffc70f68000 	C:\Windows\System32\NSI.dll
0x00007ffc6a470000 - 0x00007ffc6a486000 	C:\Windows\SYSTEM32\dhcpcsvc6.DLL
0x00007ffc6a160000 - 0x00007ffc6a17a000 	C:\Windows\SYSTEM32\dhcpcsvc.DLL
0x00007ffc6a530000 - 0x00007ffc6a53b000 	C:\Windows\SYSTEM32\WINNSI.DLL
0x00007ffc67740000 - 0x00007ffc6775e000 	C:\Users\Site\AppData\Local\Temp\native-platform1966574636650019567dir\native-platform.dll
0x00007ffc60b70000 - 0x00007ffc60d02000 	C:\Windows\SYSTEM32\dbghelp.dll

VM Arguments:
jvm_args: -Xmx1536m -Dfile.encoding=windows-1256 -Duser.country=US -Duser.language=en -Duser.variant 
java_command: org.gradle.launcher.daemon.bootstrap.GradleDaemon 6.5
java_class_path (initial): C:\Users\Site\.gradle\wrapper\dists\gradle-6.5-bin\6nifqtx7604sqp1q6g8wikw7p\gradle-6.5\lib\gradle-launcher-6.5.jar
Launcher Type: SUN_STANDARD

Environment Variables:
PATH=C:\Windows\system32;C:\Windows;C:\Windows\System32\Wbem;C:\Windows\System32\WindowsPowerShell\v1.0\;D:\flutter_sdk\flutter\bin;%ANDROID_HOME%\tools;%ANDROID_HOME%\platform-tools;C:\Program Files\Git\cmd
USERNAME=Site
OS=Windows_NT
PROCESSOR_IDENTIFIER=Intel64 Family 6 Model 37 Stepping 5, GenuineIntel



---------------  S Y S T E M  ---------------

OS: Windows 10.0 , 64 bit Build 14393 (10.0.14393.1198)

CPU:total 4 (initial active 4) (2 cores per cpu, 2 threads per core) family 6 model 37 stepping 5, cmov, cx8, fxsr, mmx, sse, sse2, sse3, ssse3, sse4.1, sse4.2, popcnt, ht, tsc, tscinvbit

Memory: 4k page, physical 8182340k(1148144k free), swap 14998084k(1978416k free)

vm_info: OpenJDK 64-Bit Server VM (25.242-b01) for windows-amd64 JRE (1.8.0_242-release-1644-b01), built by "builder" with MS VC++ 10.0 (VS2010)

time: Sun Oct 17 03:46:12 2021
timezone: Iran Standard Time
elapsed time: 5903 seconds (0d 1h 38m 23s)

