#
# A fatal error has been detected by the Java Runtime Environment:
#
#  EXCEPTION_ACCESS_VIOLATION (0xc0000005) at pc=0x00000000037fe3f4, pid=9080, tid=0x0000000000002398
#
# JRE version: OpenJDK Runtime Environment (8.0_242-b01) (build 1.8.0_242-release-1644-b01)
# Java VM: OpenJDK 64-Bit Server VM (25.242-b01 mixed mode windows-amd64 compressed oops)
# Problematic frame:
# J 2021 C1 java.util.concurrent.ConcurrentHashMap$Traverser.advance()Ljava/util/concurrent/ConcurrentHashMap$Node; (188 bytes) @ 0x00000000037fe3f4 [0x00000000037fe180+0x274]
#
# Failed to write core dump. Minidumps are not enabled by default on client versions of Windows
#
# If you would like to submit a bug report, please visit:
#   
#

---------------  T H R E A D  ---------------

Current thread (0x000000001fbf4800):  JavaThread "WorkerExecutor Queue Thread 4" [_thread_in_Java, id=9112, stack(0x0000000030a20000,0x0000000030b20000)]

siginfo: ExceptionCode=0xc0000005, reading address 0x00000007c01b2030

Registers:
RAX=0x0000000000033b5e, RBX=0x00000000000156da, RCX=0x00000007c01b2000, RDX=0x00000000f5fb07e0
RSP=0x0000000030b1de00, RBP=0x0000000030b1e038, RSI=0x00000000eb14d290, RDI=0x0000000000020000
R8 =0x0000000004000000, R9 =0x0000000100034c48, R10=0x0000000000000010, R11=0x0000000030b1df30
R12=0x0000000000000000, R13=0x000000000672d250, R14=0x0000000030b1dfe0, R15=0x000000001fbf4800
RIP=0x00000000037fe3f4, EFLAGS=0x0000000000010206

Top of Stack: (sp=0x0000000030b1de00)
0x0000000030b1de00:   ffffffffffffffff 000000001b360cd0
0x0000000030b1de10:   000000001fbf4800 0000000030b1dfe0
0x0000000030b1de20:   000000000672d250 0000000000000000
0x0000000030b1de30:   0000000030b1df30 00000001009b7138
0x0000000030b1de40:   00000000e8d22ad0 00000000221cfb90
0x0000000030b1de50:   00000000221cfb90 0000000000000000
0x0000000030b1de60:   00000000f5fb07e0 00000000eb337500
0x0000000030b1de70:   000000000000000d 00000000f5fb07e0
0x0000000030b1de80:   0000000030b1e038 0000000006b88754
0x0000000030b1de90:   0000000030b1e038 000000000380447b
0x0000000030b1dea0:   ffffffffffffffff 000000001b360480
0x0000000030b1deb0:   00000000eb3374e8 0000000000000000
0x0000000030b1dec0:   00000000eb9d5778 0000000000000000
0x0000000030b1ded0:   0000000030b1e038 000000000672da54
0x0000000030b1dee0:   000000000000002e 0000000030745250
0x0000000030b1def0:   000000001b360400 0000000030b1df70 

Instructions: (pc=0x00000000037fe3f4)
0x00000000037fe3d4:   89 30 01 00 00 00 01 00 00 e9 c3 00 00 00 49 b9
0x00000000037fe3e4:   48 4c 03 00 01 00 00 00 41 8b 48 08 48 c1 e1 03
0x00000000037fe3f4:   4c 3b 49 30 0f 85 8b 00 00 00 48 b9 68 46 3b 16
0x00000000037fe404:   00 00 00 00 45 8b 48 08 49 c1 e1 03 4c 3b 89 40 


Register to memory mapping:

RAX=0x0000000000033b5e is an unknown value
RBX=0x00000000000156da is an unknown value
RCX=0x00000007c01b2000 is an unknown value
RDX=0x00000000f5fb07e0 is an oop
java.util.concurrent.ConcurrentHashMap$KeyIterator 
 - klass: 'java/util/concurrent/ConcurrentHashMap$KeyIterator'
RSP=0x0000000030b1de00 is pointing into the stack for thread: 0x000000001fbf4800
RBP=0x0000000030b1e038 is pointing into the stack for thread: 0x000000001fbf4800
RSI=0x00000000eb14d290 is an oop
[Ljava.util.concurrent.ConcurrentHashMap$Node; 
 - klass: 'java/util/concurrent/ConcurrentHashMap$Node'[]
 - length: 131072
RDI=0x0000000000020000 is an unknown value
R8 =0x0000000004000000 is at entry_point+-64 in (nmethod*)0x0000000003fffed0
R9 =0x0000000100034c48 is pointing into metadata
R10=0x0000000000000010 is an unknown value
R11=0x0000000030b1df30 is pointing into the stack for thread: 0x000000001fbf4800
R12=0x0000000000000000 is an unknown value
R13=0x000000000672d250 is at entry_point+-592 in (nmethod*)0x000000000672d250
R14=0x0000000030b1dfe0 is pointing into the stack for thread: 0x000000001fbf4800
R15=0x000000001fbf4800 is a thread


Stack: [0x0000000030a20000,0x0000000030b20000],  sp=0x0000000030b1de00,  free space=1015k
Native frames: (J=compiled Java code, j=interpreted, Vv=VM code, C=native code)
C  0x00000000037fe3f4


---------------  P R O C E S S  ---------------

Java Threads: ( => current thread )
  0x000000002c270800 JavaThread "ForkJoinPool.commonPool-worker-1" daemon [_thread_blocked, id=8892, stack(0x0000000036be0000,0x0000000036ce0000)]
  0x000000002c265000 JavaThread "ForkJoinPool-2-worker-0" daemon [_thread_blocked, id=8880, stack(0x0000000036ae0000,0x0000000036be0000)]
  0x000000002c26c000 JavaThread "ForkJoinPool-2-worker-3" daemon [_thread_blocked, id=8732, stack(0x00000000369e0000,0x0000000036ae0000)]
  0x000000002c26b800 JavaThread "ForkJoinPool-2-worker-2" daemon [_thread_blocked, id=8716, stack(0x00000000368e0000,0x00000000369e0000)]
  0x000000002c26a800 JavaThread "ForkJoinPool-2-worker-1" daemon [_thread_blocked, id=8724, stack(0x00000000367e0000,0x00000000368e0000)]
  0x000000002c267800 JavaThread "WorkerExecutor Queue Thread 8" [_thread_in_Java, id=8612, stack(0x0000000035510000,0x0000000035610000)]
  0x000000002c262000 JavaThread "WorkerExecutor Queue Thread 7" [_thread_blocked, id=8460, stack(0x0000000033a00000,0x0000000033b00000)]
  0x000000002c263000 JavaThread "RMI TCP Connection(9)-127.0.0.1" daemon [_thread_in_native, id=8012, stack(0x0000000033800000,0x0000000033900000)]
  0x000000002c263800 JavaThread "stdout" daemon [_thread_in_native, id=76, stack(0x0000000033120000,0x0000000033220000)]
  0x000000002c264800 JavaThread "stderr" daemon [_thread_in_native, id=7744, stack(0x0000000033020000,0x0000000033120000)]
  0x0000000018f46800 JavaThread "stdout" [_thread_in_native, id=4952, stack(0x0000000032e20000,0x0000000032f20000)]
  0x000000001fc0a000 JavaThread "stderr" [_thread_in_native, id=4300, stack(0x0000000032d20000,0x0000000032e20000)]
  0x000000001fc0b800 JavaThread "MarlinRenderer Disposer" daemon [_thread_blocked, id=7044, stack(0x0000000032a20000,0x0000000032b20000)]
  0x000000001fc0a800 JavaThread "Java2D Disposer" daemon [_thread_blocked, id=6268, stack(0x0000000032920000,0x0000000032a20000)]
  0x000000001fc08800 JavaThread "Cache worker for Java compile cache (D:\Android\project_run\turkiye\.gradle\6.5\javaCompile)" [_thread_blocked, id=8908, stack(0x0000000032220000,0x0000000032320000)]
  0x000000001fc07800 JavaThread "Cache worker for Java compile cache (C:\Users\Site\.gradle\caches\6.5\javaCompile)" [_thread_blocked, id=6780, stack(0x0000000032120000,0x0000000032220000)]
  0x000000001fc00000 JavaThread "RMI TCP Connection(idle)" daemon [_thread_blocked, id=8704, stack(0x0000000032020000,0x0000000032120000)]
  0x000000001fbff800 JavaThread "RMI TCP Connection(10)-127.0.0.1" daemon [_thread_in_native, id=8284, stack(0x0000000031c20000,0x0000000031d20000)]
  0x000000001fc04800 JavaThread "RMI TCP Connection(11)-127.0.0.1" daemon [_thread_in_native, id=8540, stack(0x0000000031a20000,0x0000000031b20000)]
  0x000000001fc02800 JavaThread "RMI Reaper" [_thread_blocked, id=4816, stack(0x0000000031920000,0x0000000031a20000)]
  0x000000001fc01000 JavaThread "RMI TCP Accept-0" daemon [_thread_in_native, id=992, stack(0x0000000031820000,0x0000000031920000)]
  0x000000001fc03000 JavaThread "GC Daemon" daemon [_thread_blocked, id=8176, stack(0x0000000031720000,0x0000000031820000)]
  0x000000001fc06000 JavaThread "RMI Scheduler(0)" daemon [_thread_blocked, id=6388, stack(0x0000000031520000,0x0000000031620000)]
  0x000000001fbf6000 JavaThread "stdout" daemon [_thread_in_native, id=7296, stack(0x0000000031420000,0x0000000031520000)]
  0x000000001fbfd000 JavaThread "stderr" daemon [_thread_in_native, id=5152, stack(0x0000000031320000,0x0000000031420000)]
  0x000000001fbfa000 JavaThread "stdout" daemon [_thread_in_native, id=6080, stack(0x0000000031220000,0x0000000031320000)]
  0x000000001fbf9000 JavaThread "stderr" daemon [_thread_in_native, id=9152, stack(0x0000000031120000,0x0000000031220000)]
  0x000000001fbfc800 JavaThread "stdout" daemon [_thread_in_native, id=9020, stack(0x0000000031020000,0x0000000031120000)]
  0x000000001fbfb800 JavaThread "stderr" daemon [_thread_in_native, id=9000, stack(0x0000000030f20000,0x0000000031020000)]
  0x000000001fbf7000 JavaThread "pool-3-thread-1" [_thread_blocked, id=9104, stack(0x0000000030e20000,0x0000000030f20000)]
=>0x000000001fbf4800 JavaThread "WorkerExecutor Queue Thread 4" [_thread_in_Java, id=9112, stack(0x0000000030a20000,0x0000000030b20000)]
  0x000000001fbf5800 JavaThread "WorkerExecutor Queue Thread 3" [_thread_blocked, id=7708, stack(0x0000000030920000,0x0000000030a20000)]
  0x000000001fbed000 JavaThread "Cache worker for execution history cache (D:\Android\project_run\turkiye\.gradle\6.5\executionHistory)" [_thread_blocked, id=1660, stack(0x0000000030620000,0x0000000030720000)]
  0x000000001fbee000 JavaThread "Execution worker for ':' Thread 3" [_thread_in_native, id=8832, stack(0x0000000030520000,0x0000000030620000)]
  0x000000001fbf1000 JavaThread "Execution worker for ':' Thread 2" [_thread_blocked, id=4360, stack(0x0000000030420000,0x0000000030520000)]
  0x000000001fbf0000 JavaThread "Execution worker for ':'" [_thread_blocked, id=8860, stack(0x0000000030320000,0x0000000030420000)]
  0x000000001fbee800 JavaThread "Cache worker for file content cache (D:\Android\project_run\turkiye\.gradle\6.5\fileContent)" [_thread_blocked, id=8852, stack(0x0000000030220000,0x0000000030320000)]
  0x000000001fbf4000 JavaThread "Memory manager" [_thread_blocked, id=8836, stack(0x0000000030120000,0x0000000030220000)]
  0x000000001fbec800 JavaThread "pool-2-thread-1" [_thread_blocked, id=8784, stack(0x0000000030020000,0x0000000030120000)]
  0x00000000190fb800 JavaThread "Cache worker for Build Output Cleanup Cache (D:\Android\project_run\turkiye\.gradle\buildOutputCleanup)" [_thread_blocked, id=8772, stack(0x000000002ff20000,0x0000000030020000)]
  0x00000000190f9000 JavaThread "Build operations Thread 4" [_thread_blocked, id=8776, stack(0x000000002fe20000,0x000000002ff20000)]
  0x00000000190f4000 JavaThread "Build operations Thread 3" [_thread_blocked, id=8828, stack(0x000000002fd20000,0x000000002fe20000)]
  0x00000000190fa800 JavaThread "Build operations Thread 2" [_thread_blocked, id=8780, stack(0x000000002fc20000,0x000000002fd20000)]
  0x000000001a58c800 JavaThread "Build operations" [_thread_blocked, id=8820, stack(0x000000002fb20000,0x000000002fc20000)]
  0x000000001a58e000 JavaThread "Cache worker for cache directory md-rule (C:\Users\Site\.gradle\caches\6.5\md-rule)" [_thread_blocked, id=8788, stack(0x000000002fa20000,0x000000002fb20000)]
  0x000000001a589000 JavaThread "Cache worker for cache directory md-supplier (C:\Users\Site\.gradle\caches\6.5\md-supplier)" [_thread_blocked, id=8796, stack(0x000000002f920000,0x000000002fa20000)]
  0x0000000018f48000 JavaThread "Cache worker for checksums cache (D:\Android\project_run\turkiye\.gradle\checksums)" [_thread_blocked, id=8808, stack(0x000000002f820000,0x000000002f920000)]
  0x0000000018f4a800 JavaThread "Cache worker for file hash cache (D:\Android\project_run\turkiye\.gradle\6.5\fileHashes)" [_thread_blocked, id=8768, stack(0x000000002f720000,0x000000002f820000)]
  0x0000000018f47800 JavaThread "Thread-181" [_thread_blocked, id=8824, stack(0x000000002f620000,0x000000002f720000)]
  0x0000000018f49000 JavaThread "Asynchronous log dispatcher for DefaultDaemonConnection: socket connection from /127.0.0.1:50729 to /127.0.0.1:50751" [_thread_blocked, id=8816, stack(0x000000002f420000,0x000000002f520000)]
  0x0000000018f3f000 JavaThread "Cancel handler" [_thread_blocked, id=8584, stack(0x000000002f320000,0x000000002f420000)]
  0x0000000018f46000 JavaThread "Handler for socket connection from /127.0.0.1:50729 to /127.0.0.1:50751" [_thread_in_native, id=8568, stack(0x000000002f220000,0x000000002f320000)]
  0x000000001a58e800 JavaThread "Cache worker for file content cache (C:\Users\Site\.gradle\caches\6.5\fileContent)" [_thread_blocked, id=6280, stack(0x0000000020e60000,0x0000000020f60000)]
  0x000000001a58a000 JavaThread "Cache worker for execution history cache (C:\Users\Site\.gradle\caches\6.5\executionHistory)" [_thread_blocked, id=1220, stack(0x0000000020860000,0x0000000020960000)]
  0x000000001a58b800 JavaThread "Cache worker for file hash cache (C:\Users\Site\.gradle\caches\6.5\fileHashes)" [_thread_blocked, id=8220, stack(0x000000001c6c0000,0x000000001c7c0000)]
  0x000000001a588800 JavaThread "File lock request listener" [_thread_in_native, id=5540, stack(0x000000001c5c0000,0x000000001c6c0000)]
  0x0000000019d19800 JavaThread "Cache worker for journal cache (C:\Users\Site\.gradle\caches\journal-1)" [_thread_blocked, id=8216, stack(0x000000001c4c0000,0x000000001c5c0000)]
  0x0000000019d1c000 JavaThread "Daemon worker" [_thread_blocked, id=6568, stack(0x000000001bec0000,0x000000001bfc0000)]
  0x000000001a411000 JavaThread "Daemon" [_thread_blocked, id=7564, stack(0x000000001bbc0000,0x000000001bcc0000)]
  0x000000001a3f9000 JavaThread "Daemon periodic checks" [_thread_blocked, id=8212, stack(0x000000001b8c0000,0x000000001b9c0000)]
  0x000000001a494000 JavaThread "Incoming local TCP Connector on port 50729" [_thread_in_native, id=5604, stack(0x000000001b690000,0x000000001b790000)]
  0x00000000187c1000 JavaThread "Daemon health stats" [_thread_blocked, id=1004, stack(0x000000001b390000,0x000000001b490000)]
  0x0000000018461800 JavaThread "Service Thread" daemon [_thread_blocked, id=6884, stack(0x00000000187f0000,0x00000000188f0000)]
  0x0000000016ae5800 JavaThread "C1 CompilerThread2" daemon [_thread_blocked, id=8544, stack(0x00000000182f0000,0x00000000183f0000)]
  0x0000000016a99000 JavaThread "C2 CompilerThread1" daemon [_thread_in_native, id=7956, stack(0x00000000181f0000,0x00000000182f0000)]
  0x0000000016a95800 JavaThread "C2 CompilerThread0" daemon [_thread_in_native, id=7468, stack(0x00000000180f0000,0x00000000181f0000)]
  0x0000000016ae1000 JavaThread "Attach Listener" daemon [_thread_blocked, id=2344, stack(0x0000000017ff0000,0x00000000180f0000)]
  0x0000000016ae0800 JavaThread "Signal Dispatcher" daemon [_thread_blocked, id=2388, stack(0x0000000017ef0000,0x0000000017ff0000)]
  0x000000000311b000 JavaThread "Finalizer" daemon [_thread_blocked, id=5244, stack(0x0000000017d00000,0x0000000017e00000)]
  0x0000000016a79000 JavaThread "Reference Handler" daemon [_thread_blocked, id=8316, stack(0x0000000017c00000,0x0000000017d00000)]
  0x000000000156d800 JavaThread "main" [_thread_blocked, id=7484, stack(0x0000000002e70000,0x0000000002f70000)]

Other Threads:
  0x0000000016a56000 VMThread [stack: 0x0000000017b00000,0x0000000017c00000] [id=7504]
  0x000000001846b800 WatcherThread [stack: 0x00000000188f0000,0x00000000189f0000] [id=7368]

VM state:not at safepoint (normal execution)

VM Mutex/Monitor currently owned by a thread: None

heap address: 0x00000000a0000000, size: 1536 MB, Compressed Oops mode: 32-bit
Narrow klass base: 0x0000000000000000, Narrow klass shift: 3
Compressed class space size: 1073741824 Address: 0x0000000100000000

Heap:
 PSYoungGen      total 459264K, used 400467K [0x00000000e0000000, 0x0000000100000000, 0x0000000100000000)
  eden space 394240K, 92% used [0x00000000e0000000,0x00000000f63163f0,0x00000000f8100000)
  from space 65024K, 56% used [0x00000000f8100000,0x00000000fa4fe830,0x00000000fc080000)
  to   space 65024K, 0% used [0x00000000fc080000,0x00000000fc080000,0x0000000100000000)
 ParOldGen       total 230400K, used 125090K [0x00000000a0000000, 0x00000000ae100000, 0x00000000e0000000)
  object space 230400K, 54% used [0x00000000a0000000,0x00000000a7a28a38,0x00000000ae100000)
 Metaspace       used 114750K, capacity 122614K, committed 122840K, reserved 1155072K
  class space    used 14887K, capacity 16519K, committed 16640K, reserved 1048576K

Card table byte_map: [0x00000000124e0000,0x00000000127f0000] byte_map_base: 0x0000000011fe0000

Marking Bits: (ParMarkBitMap*) 0x0000000050aef030
 Begin Bits: [0x0000000012df0000, 0x00000000145f0000)
 End Bits:   [0x00000000145f0000, 0x0000000015df0000)

Polling page: 0x0000000000ec0000

CodeCache: size=245760Kb used=66795Kb max_used=67223Kb free=178965Kb
 bounds [0x0000000003120000, 0x0000000007360000, 0x0000000012120000]
 total_blobs=21210 nmethods=20169 adapters=951
 compilation: enabled

Compilation events (10 events):
Event: 120.085 Thread 0x0000000016ae5800 24187       2       com.android.build.gradle.internal.tasks.IncrementalFileMergerTaskUtils$toInputs$$inlined$let$lambda$1::getScopes (15 bytes)
Event: 120.086 Thread 0x0000000016ae5800 nmethod 24187 0x00000000067233d0 code [0x0000000006723580, 0x0000000006723988]
Event: 120.092 Thread 0x0000000016ae5800 24188       2       com.android.tools.r8.graph.f0::p0 (16 bytes)
Event: 120.093 Thread 0x0000000016ae5800 nmethod 24188 0x0000000005fa6550 code [0x0000000005fa66a0, 0x0000000005fa6810]
Event: 120.097 Thread 0x0000000016ae5800 24189       1       com.android.builder.merge.LazyIncrementalFileMergerInput::getName (5 bytes)
Event: 120.098 Thread 0x0000000016ae5800 nmethod 24189 0x00000000066eeed0 code [0x00000000066ef020, 0x00000000066ef130]
Event: 120.127 Thread 0x0000000016ae5800 24190 %s    3       com.android.tools.r8.graph.Z::e @ 23 (60 bytes)
Event: 120.129 Thread 0x0000000016ae5800 nmethod 24190% 0x000000000672d250 code [0x000000000672d4a0, 0x000000000672e458]
Event: 120.129 Thread 0x0000000016ae5800 24191  s    3       com.android.tools.r8.graph.Z::e (60 bytes)
Event: 120.131 Thread 0x0000000016ae5800 nmethod 24191 0x0000000005e04f90 code [0x0000000005e051e0, 0x0000000005e060f8]

GC Heap History (10 events):
Event: 76.213 GC heap before
{Heap before GC invocations=17 (full 4):
 PSYoungGen      total 406016K, used 31155K [0x00000000e0000000, 0x00000000fff00000, 0x0000000100000000)
  eden space 359424K, 0% used [0x00000000e0000000,0x00000000e0000000,0x00000000f5f00000)
  from space 46592K, 66% used [0x00000000f5f00000,0x00000000f7d6ccb0,0x00000000f8c80000)
  to   space 48640K, 0% used [0x00000000fcf80000,0x00000000fcf80000,0x00000000fff00000)
 ParOldGen       total 129024K, used 106946K [0x00000000a0000000, 0x00000000a7e00000, 0x00000000e0000000)
  object space 129024K, 82% used [0x00000000a0000000,0x00000000a6870b88,0x00000000a7e00000)
 Metaspace       used 93001K, capacity 98112K, committed 98264K, reserved 1134592K
  class space    used 12351K, capacity 13470K, committed 13568K, reserved 1048576K
Event: 77.118 GC heap after
Heap after GC invocations=17 (full 4):
 PSYoungGen      total 406016K, used 0K [0x00000000e0000000, 0x00000000fff00000, 0x0000000100000000)
  eden space 359424K, 0% used [0x00000000e0000000,0x00000000e0000000,0x00000000f5f00000)
  from space 46592K, 0% used [0x00000000f5f00000,0x00000000f5f00000,0x00000000f8c80000)
  to   space 48640K, 0% used [0x00000000fcf80000,0x00000000fcf80000,0x00000000fff00000)
 ParOldGen       total 230400K, used 100659K [0x00000000a0000000, 0x00000000ae100000, 0x00000000e0000000)
  object space 230400K, 43% used [0x00000000a0000000,0x00000000a624cd20,0x00000000ae100000)
 Metaspace       used 92975K, capacity 98030K, committed 98264K, reserved 1134592K
  class space    used 12343K, capacity 13455K, committed 13568K, reserved 1048576K
}
Event: 81.459 GC heap before
{Heap before GC invocations=18 (full 4):
 PSYoungGen      total 406016K, used 359424K [0x00000000e0000000, 0x00000000fff00000, 0x0000000100000000)
  eden space 359424K, 100% used [0x00000000e0000000,0x00000000f5f00000,0x00000000f5f00000)
  from space 46592K, 0% used [0x00000000f5f00000,0x00000000f5f00000,0x00000000f8c80000)
  to   space 48640K, 0% used [0x00000000fcf80000,0x00000000fcf80000,0x00000000fff00000)
 ParOldGen       total 230400K, used 100659K [0x00000000a0000000, 0x00000000ae100000, 0x00000000e0000000)
  object space 230400K, 43% used [0x00000000a0000000,0x00000000a624cd20,0x00000000ae100000)
 Metaspace       used 95882K, capacity 101114K, committed 101336K, reserved 1136640K
  class space    used 12603K, capacity 13719K, committed 13824K, reserved 1048576K
Event: 81.526 GC heap after
Heap after GC invocations=18 (full 4):
 PSYoungGen      total 475648K, used 23724K [0x00000000e0000000, 0x0000000100000000, 0x0000000100000000)
  eden space 427008K, 0% used [0x00000000e0000000,0x00000000e0000000,0x00000000fa100000)
  from space 48640K, 48% used [0x00000000fcf80000,0x00000000fe6ab340,0x00000000fff00000)
  to   space 47616K, 0% used [0x00000000fa100000,0x00000000fa100000,0x00000000fcf80000)
 ParOldGen       total 230400K, used 100667K [0x00000000a0000000, 0x00000000ae100000, 0x00000000e0000000)
  object space 230400K, 43% used [0x00000000a0000000,0x00000000a624ed20,0x00000000ae100000)
 Metaspace       used 95882K, capacity 101114K, committed 101336K, reserved 1136640K
  class space    used 12603K, capacity 13719K, committed 13824K, reserved 1048576K
}
Event: 95.294 GC heap before
{Heap before GC invocations=19 (full 4):
 PSYoungGen      total 475648K, used 450732K [0x00000000e0000000, 0x0000000100000000, 0x0000000100000000)
  eden space 427008K, 100% used [0x00000000e0000000,0x00000000fa100000,0x00000000fa100000)
  from space 48640K, 48% used [0x00000000fcf80000,0x00000000fe6ab340,0x00000000fff00000)
  to   space 47616K, 0% used [0x00000000fa100000,0x00000000fa100000,0x00000000fcf80000)
 ParOldGen       total 230400K, used 100667K [0x00000000a0000000, 0x00000000ae100000, 0x00000000e0000000)
  object space 230400K, 43% used [0x00000000a0000000,0x00000000a624ed20,0x00000000ae100000)
 Metaspace       used 98441K, capacity 103892K, committed 104024K, reserved 1138688K
  class space    used 12738K, capacity 13882K, committed 13952K, reserved 1048576K
Event: 95.356 GC heap after
Heap after GC invocations=19 (full 4):
 PSYoungGen      total 474624K, used 31560K [0x00000000e0000000, 0x0000000100000000, 0x0000000100000000)
  eden space 427008K, 0% used [0x00000000e0000000,0x00000000e0000000,0x00000000fa100000)
  from space 47616K, 66% used [0x00000000fa100000,0x00000000fbfd2348,0x00000000fcf80000)
  to   space 49152K, 0% used [0x00000000fd000000,0x00000000fd000000,0x0000000100000000)
 ParOldGen       total 230400K, used 100675K [0x00000000a0000000, 0x00000000ae100000, 0x00000000e0000000)
  object space 230400K, 43% used [0x00000000a0000000,0x00000000a6250d20,0x00000000ae100000)
 Metaspace       used 98441K, capacity 103892K, committed 104024K, reserved 1138688K
  class space    used 12738K, capacity 13882K, committed 13952K, reserved 1048576K
}
Event: 111.304 GC heap before
{Heap before GC invocations=20 (full 4):
 PSYoungGen      total 474624K, used 458568K [0x00000000e0000000, 0x0000000100000000, 0x0000000100000000)
  eden space 427008K, 100% used [0x00000000e0000000,0x00000000fa100000,0x00000000fa100000)
  from space 47616K, 66% used [0x00000000fa100000,0x00000000fbfd2348,0x00000000fcf80000)
  to   space 49152K, 0% used [0x00000000fd000000,0x00000000fd000000,0x0000000100000000)
 ParOldGen       total 230400K, used 100675K [0x00000000a0000000, 0x00000000ae100000, 0x00000000e0000000)
  object space 230400K, 43% used [0x00000000a0000000,0x00000000a6250d20,0x00000000ae100000)
 Metaspace       used 108621K, capacity 115864K, committed 116056K, reserved 1148928K
  class space    used 14241K, capacity 15740K, committed 15744K, reserved 1048576K
Event: 111.438 GC heap after
Heap after GC invocations=20 (full 4):
 PSYoungGen      total 443392K, used 49144K [0x00000000e0000000, 0x0000000100000000, 0x0000000100000000)
  eden space 394240K, 0% used [0x00000000e0000000,0x00000000e0000000,0x00000000f8100000)
  from space 49152K, 99% used [0x00000000fd000000,0x00000000ffffe178,0x0000000100000000)
  to   space 65024K, 0% used [0x00000000f8100000,0x00000000f8100000,0x00000000fc080000)
 ParOldGen       total 230400K, used 121994K [0x00000000a0000000, 0x00000000ae100000, 0x00000000e0000000)
  object space 230400K, 52% used [0x00000000a0000000,0x00000000a7722870,0x00000000ae100000)
 Metaspace       used 108621K, capacity 115864K, committed 116056K, reserved 1148928K
  class space    used 14241K, capacity 15740K, committed 15744K, reserved 1048576K
}
Event: 115.892 GC heap before
{Heap before GC invocations=21 (full 4):
 PSYoungGen      total 443392K, used 443384K [0x00000000e0000000, 0x0000000100000000, 0x0000000100000000)
  eden space 394240K, 100% used [0x00000000e0000000,0x00000000f8100000,0x00000000f8100000)
  from space 49152K, 99% used [0x00000000fd000000,0x00000000ffffe178,0x0000000100000000)
  to   space 65024K, 0% used [0x00000000f8100000,0x00000000f8100000,0x00000000fc080000)
 ParOldGen       total 230400K, used 121994K [0x00000000a0000000, 0x00000000ae100000, 0x00000000e0000000)
  object space 230400K, 52% used [0x00000000a0000000,0x00000000a7722870,0x00000000ae100000)
 Metaspace       used 111140K, capacity 118786K, committed 119000K, reserved 1153024K
  class space    used 14473K, capacity 16035K, committed 16128K, reserved 1048576K
Event: 115.969 GC heap after
Heap after GC invocations=21 (full 4):
 PSYoungGen      total 459264K, used 36858K [0x00000000e0000000, 0x0000000100000000, 0x0000000100000000)
  eden space 394240K, 0% used [0x00000000e0000000,0x00000000e0000000,0x00000000f8100000)
  from space 65024K, 56% used [0x00000000f8100000,0x00000000fa4fe830,0x00000000fc080000)
  to   space 65024K, 0% used [0x00000000fc080000,0x00000000fc080000,0x0000000100000000)
 ParOldGen       total 230400K, used 125090K [0x00000000a0000000, 0x00000000ae100000, 0x00000000e0000000)
  object space 230400K, 54% used [0x00000000a0000000,0x00000000a7a28a38,0x00000000ae100000)
 Metaspace       used 111140K, capacity 118786K, committed 119000K, reserved 1153024K
  class space    used 14473K, capacity 16035K, committed 16128K, reserved 1048576K
}

Deoptimization events (10 events):
Event: 119.914 Thread 0x0000000019d1c000 Uncommon trap: reason=class_check action=maybe_recompile pc=0x0000000005af2c58 method=org.gradle.internal.fingerprint.classpath.impl.ClasspathFingerprintingStrategy$ClasspathContentFingerprintingVisitor.visitFile(Lorg/gradle/internal/snapshot/CompleteFile
Event: 119.914 Thread 0x0000000019d1c000 Uncommon trap: reason=class_check action=maybe_recompile pc=0x0000000005af2c58 method=org.gradle.internal.fingerprint.classpath.impl.ClasspathFingerprintingStrategy$ClasspathContentFingerprintingVisitor.visitFile(Lorg/gradle/internal/snapshot/CompleteFile
Event: 119.914 Thread 0x0000000019d1c000 Uncommon trap: reason=class_check action=maybe_recompile pc=0x0000000005af2c58 method=org.gradle.internal.fingerprint.classpath.impl.ClasspathFingerprintingStrategy$ClasspathContentFingerprintingVisitor.visitFile(Lorg/gradle/internal/snapshot/CompleteFile
Event: 120.026 Thread 0x000000002c267800 Uncommon trap: reason=bimorphic action=maybe_recompile pc=0x0000000003654714 method=java.util.regex.Pattern$Slice.match(Ljava/util/regex/Matcher;ILjava/lang/CharSequence;)Z @ 75
Event: 120.026 Thread 0x000000002c267800 Uncommon trap: reason=bimorphic action=maybe_recompile pc=0x0000000003654714 method=java.util.regex.Pattern$Slice.match(Ljava/util/regex/Matcher;ILjava/lang/CharSequence;)Z @ 75
Event: 120.026 Thread 0x000000002c267800 Uncommon trap: reason=unstable_if action=reinterpret pc=0x00000000036546dc method=java.util.regex.Matcher.match(II)Z @ 30
Event: 120.026 Thread 0x000000002c267800 Uncommon trap: reason=unstable_if action=reinterpret pc=0x0000000003d86f60 method=java.util.regex.Pattern$LastNode.match(Ljava/util/regex/Matcher;ILjava/lang/CharSequence;)Z @ 13
Event: 120.037 Thread 0x000000002c267800 Uncommon trap: reason=bimorphic action=maybe_recompile pc=0x0000000003d3750c method=kotlin.comparisons.ComparisonsKt__ComparisonsKt.compareValues(Ljava/lang/Comparable;Ljava/lang/Comparable;)I @ 21
Event: 120.037 Thread 0x000000002c267800 Uncommon trap: reason=unstable_if action=reinterpret pc=0x0000000003d374f8 method=kotlin.comparisons.ComparisonsKt__ComparisonsKt.compareValues(Ljava/lang/Comparable;Ljava/lang/Comparable;)I @ 2
Event: 120.128 Thread 0x000000002c267800 Uncommon trap: reason=unstable_if action=reinterpret pc=0x000000000508394c method=sun.nio.fs.WindowsPathParser.nextNonSlash(Ljava/lang/String;II)I @ 2

Classes redefined (0 events):
No events

Internal exceptions (10 events):
Event: 118.932 Thread 0x000000001fbee000 Implicit null exception at 0x000000000666a398 to 0x000000000666a4cd
Event: 119.859 Thread 0x0000000019d1c000 Exception <a 'sun/nio/fs/WindowsException'> (0x00000000f4cdede0) thrown at [C:\src\AOSP-openjdk-git\hotspot\src\share\vm\prims\jni.cpp, line 710]
Event: 119.859 Thread 0x0000000019d1c000 Exception <a 'sun/nio/fs/WindowsException'> (0x00000000f4ce0658) thrown at [C:\src\AOSP-openjdk-git\hotspot\src\share\vm\prims\jni.cpp, line 710]
Event: 119.930 Thread 0x0000000019d1c000 Exception <a 'sun/nio/fs/WindowsException'> (0x00000000f4d02e98) thrown at [C:\src\AOSP-openjdk-git\hotspot\src\share\vm\prims\jni.cpp, line 710]
Event: 119.930 Thread 0x0000000019d1c000 Exception <a 'sun/nio/fs/WindowsException'> (0x00000000f4d04a58) thrown at [C:\src\AOSP-openjdk-git\hotspot\src\share\vm\prims\jni.cpp, line 710]
Event: 119.943 Thread 0x0000000019d1c000 Exception <a 'java/lang/NoSuchMethodError': <clinit>> (0x00000000f563cc50) thrown at [C:\src\AOSP-openjdk-git\hotspot\src\share\vm\prims\jni.cpp, line 1615]
Event: 119.945 Thread 0x0000000019d1c000 Exception <a 'java/lang/NoSuchMethodError': <clinit>> (0x00000000f565e9f0) thrown at [C:\src\AOSP-openjdk-git\hotspot\src\share\vm\prims\jni.cpp, line 1615]
Event: 119.951 Thread 0x000000002c267800 Exception <a 'sun/nio/fs/WindowsException'> (0x00000000e4ab93b0) thrown at [C:\src\AOSP-openjdk-git\hotspot\src\share\vm\prims\jni.cpp, line 710]
Event: 119.958 Thread 0x000000002c267800 Exception <a 'java/lang/NoSuchMethodError': java.lang.Object.lambda$asRunnable$0(Lcom/android/tools/build/apkzlib/utils/IOExceptionRunnable;)V> (0x00000000f57970f0) thrown at [C:\src\AOSP-openjdk-git\hotspot\src\share\vm\interpreter\linkResolver.cpp, line
Event: 120.065 Thread 0x000000002c267800 Exception <a 'java/lang/NoSuchMethodError': java.lang.Object.newSystemTemporaryDirectory()Lcom/android/tools/build/apkzlib/bytestorage/TemporaryDirectory;> (0x00000000f5e02678) thrown at [C:\src\AOSP-openjdk-git\hotspot\src\share\vm\interpreter\linkResolv

Events (10 events):
Event: 120.135 loading class com/android/tools/build/apkzlib/bytestorage/LruTracker
Event: 120.135 loading class com/android/tools/build/apkzlib/bytestorage/LruTracker done
Event: 120.136 loading class com/google/common/collect/HashBiMap
Event: 120.136 loading class com/google/common/collect/HashBiMap done
Event: 120.138 Executing VM operation: Deoptimize
Event: 120.142 Executing VM operation: Deoptimize done
Event: 120.143 loading class com/google/common/collect/HashBiMap$BiEntry
Event: 120.143 loading class com/google/common/collect/HashBiMap$BiEntry done
Event: 120.145 loading class com/android/tools/build/apkzlib/zip/VerifyLogs$1
Event: 120.145 loading class com/android/tools/build/apkzlib/zip/VerifyLogs$1 done


Dynamic libraries:
0x00007ff6c7dd0000 - 0x00007ff6c7e01000 	C:\Program Files\Android\Android Studio\jre\bin\java.exe
0x00007ff903f10000 - 0x00007ff9040e2000 	C:\Windows\SYSTEM32\ntdll.dll
0x00007ff903990000 - 0x00007ff903a3c000 	C:\Windows\System32\KERNEL32.DLL
0x00007ff9010d0000 - 0x00007ff9012ed000 	C:\Windows\System32\KERNELBASE.dll
0x00007ff902ce0000 - 0x00007ff902d82000 	C:\Windows\System32\ADVAPI32.dll
0x00007ff902c20000 - 0x00007ff902cbe000 	C:\Windows\System32\msvcrt.dll
0x00007ff903520000 - 0x00007ff903579000 	C:\Windows\System32\sechost.dll
0x00007ff902ea0000 - 0x00007ff902fc1000 	C:\Windows\System32\RPCRT4.dll
0x00007ff903210000 - 0x00007ff903375000 	C:\Windows\System32\USER32.dll
0x00007ff900860000 - 0x00007ff90087e000 	C:\Windows\System32\win32u.dll
0x00007ff902df0000 - 0x00007ff902e24000 	C:\Windows\System32\GDI32.dll
0x00007ff900510000 - 0x00007ff900690000 	C:\Windows\System32\gdi32full.dll
0x00007ff8f67d0000 - 0x00007ff8f6a4a000 	C:\Windows\WinSxS\amd64_microsoft.windows.common-controls_6595b64144ccf1df_6.0.14393.953_none_42151e83c686086b\COMCTL32.dll
0x00007ff903580000 - 0x00007ff903848000 	C:\Windows\System32\combase.dll
0x00007ff9013a0000 - 0x00007ff901495000 	C:\Windows\System32\ucrtbase.dll
0x00007ff900fb0000 - 0x00007ff90101a000 	C:\Windows\System32\bcryptPrimitives.dll
0x00007ff903380000 - 0x00007ff9033ae000 	C:\Windows\System32\IMM32.DLL
0x00007ff8ffa40000 - 0x00007ff8ffa6f000 	C:\Windows\system32\nvinitx.dll
0x00007ff8ff9f0000 - 0x00007ff8ff9fa000 	C:\Windows\SYSTEM32\VERSION.dll
0x0000000050240000 - 0x0000000050312000 	C:\Program Files\Android\Android Studio\jre\jre\bin\msvcr100.dll
0x0000000050320000 - 0x0000000050b6b000 	C:\Program Files\Android\Android Studio\jre\jre\bin\server\jvm.dll
0x00007ff903410000 - 0x00007ff903418000 	C:\Windows\System32\PSAPI.DLL
0x00007ff8f70f0000 - 0x00007ff8f70f9000 	C:\Windows\SYSTEM32\WSOCK32.dll
0x00007ff8fe8d0000 - 0x00007ff8fe8f3000 	C:\Windows\SYSTEM32\WINMM.dll
0x00007ff902fd0000 - 0x00007ff90303a000 	C:\Windows\System32\WS2_32.dll
0x00007ff8fe870000 - 0x00007ff8fe89b000 	C:\Windows\SYSTEM32\WINMMBASE.dll
0x00007ff900f60000 - 0x00007ff900fa2000 	C:\Windows\System32\cfgmgr32.dll
0x00007ff8f6e00000 - 0x00007ff8f6e0f000 	C:\Program Files\Android\Android Studio\jre\jre\bin\verify.dll
0x00007ff8f1560000 - 0x00007ff8f1589000 	C:\Program Files\Android\Android Studio\jre\jre\bin\java.dll
0x00007ff8f6b40000 - 0x00007ff8f6b56000 	C:\Program Files\Android\Android Studio\jre\jre\bin\zip.dll
0x00007ff9014a0000 - 0x00007ff9029a9000 	C:\Windows\System32\SHELL32.dll
0x00007ff900880000 - 0x00007ff900f59000 	C:\Windows\System32\windows.storage.dll
0x00007ff9003a0000 - 0x00007ff9003ec000 	C:\Windows\System32\powrprof.dll
0x00007ff903050000 - 0x00007ff9030a2000 	C:\Windows\System32\shlwapi.dll
0x00007ff900390000 - 0x00007ff90039f000 	C:\Windows\System32\kernel.appcore.dll
0x00007ff9012f0000 - 0x00007ff901399000 	C:\Windows\System32\shcore.dll
0x00007ff9003f0000 - 0x00007ff900404000 	C:\Windows\System32\profapi.dll
0x00007ff8f5f00000 - 0x00007ff8f5f1a000 	C:\Program Files\Android\Android Studio\jre\jre\bin\net.dll
0x00007ff8ffcb0000 - 0x00007ff8ffd0c000 	C:\Windows\system32\mswsock.dll
0x00007ff8f5420000 - 0x00007ff8f5433000 	C:\Program Files\Android\Android Studio\jre\jre\bin\nio.dll
0x00007ff8f9880000 - 0x00007ff8f98a7000 	C:\Users\Site\.gradle\native\f6784746aeab05261644944871eae4fe03e0ef1612fff0a4a95f87b438bc6780\windows-amd64\native-platform.dll
0x00007ff8f6be0000 - 0x00007ff8f6bed000 	C:\Program Files\Android\Android Studio\jre\jre\bin\management.dll
0x00007ff8ffe50000 - 0x00007ff8ffe67000 	C:\Windows\SYSTEM32\CRYPTSP.dll
0x00007ff8ff870000 - 0x00007ff8ff8a3000 	C:\Windows\system32\rsaenh.dll
0x00007ff8fff60000 - 0x00007ff8fff8b000 	C:\Windows\SYSTEM32\bcrypt.dll
0x00007ff8ffb40000 - 0x00007ff8ffb5f000 	C:\Windows\SYSTEM32\USERENV.dll
0x00007ff8ffe70000 - 0x00007ff8ffe7b000 	C:\Windows\SYSTEM32\CRYPTBASE.dll
0x00007ff8ffa00000 - 0x00007ff8ffa38000 	C:\Windows\SYSTEM32\IPHLPAPI.DLL
0x00007ff903040000 - 0x00007ff903048000 	C:\Windows\System32\NSI.dll
0x00007ff8fc540000 - 0x00007ff8fc556000 	C:\Windows\SYSTEM32\dhcpcsvc6.DLL
0x00007ff8fc520000 - 0x00007ff8fc53a000 	C:\Windows\SYSTEM32\dhcpcsvc.DLL
0x00007ff8fc8a0000 - 0x00007ff8fc8ab000 	C:\Windows\SYSTEM32\WINNSI.DLL
0x00007ff8ff020000 - 0x00007ff8ff052000 	C:\Windows\SYSTEM32\ntmarta.dll
0x00007ff8dc8d0000 - 0x00007ff8dca6c000 	C:\Program Files\Android\Android Studio\jre\jre\bin\awt.dll
0x00007ff9029b0000 - 0x00007ff902a6f000 	C:\Windows\System32\OLEAUT32.dll
0x00007ff900470000 - 0x00007ff90050c000 	C:\Windows\System32\msvcp_win.dll
0x00007ff8fe030000 - 0x00007ff8fe056000 	C:\Windows\SYSTEM32\dwmapi.dll
0x00007ff8f8340000 - 0x00007ff8f889f000 	C:\Windows\SYSTEM32\d2d1.dll
0x00007ff900690000 - 0x00007ff900859000 	C:\Windows\System32\CRYPT32.dll
0x00007ff900380000 - 0x00007ff900390000 	C:\Windows\System32\MSASN1.dll
0x00007ff8fea00000 - 0x00007ff8fea7a000 	C:\Windows\SYSTEM32\apphelp.dll
0x00007ff8feba0000 - 0x00007ff8fec35000 	C:\Windows\system32\uxtheme.dll
0x00007ff8e32d0000 - 0x00007ff8e32f4000 	C:\Program Files\Android\Android Studio\jre\jre\bin\sunec.dll
0x00007ff8f4350000 - 0x00007ff8f44e2000 	C:\Windows\SYSTEM32\dbghelp.dll

VM Arguments:
jvm_args: -Xmx1536m -Dfile.encoding=windows-1256 -Duser.country=US -Duser.language=en -Duser.variant 
java_command: org.gradle.launcher.daemon.bootstrap.GradleDaemon 6.5
java_class_path (initial): C:\Users\Site\.gradle\wrapper\dists\gradle-6.5-bin\6nifqtx7604sqp1q6g8wikw7p\gradle-6.5\lib\gradle-launcher-6.5.jar
Launcher Type: SUN_STANDARD

Environment Variables:
PATH=C:\Windows\system32;C:\Windows;C:\Windows\System32\Wbem;C:\Windows\System32\WindowsPowerShell\v1.0\;C:\Program Files\Git\cmd;D:\flutter_sdk\flutter\bin;%ANDROID_HOME%\tools;%ANDROID_HOME%\platform-tools
USERNAME=Site
OS=Windows_NT
PROCESSOR_IDENTIFIER=Intel64 Family 6 Model 37 Stepping 5, GenuineIntel



---------------  S Y S T E M  ---------------

OS: Windows 10.0 , 64 bit Build 14393 (10.0.14393.1198)

CPU:total 4 (initial active 4) (2 cores per cpu, 2 threads per core) family 6 model 37 stepping 5, cmov, cx8, fxsr, mmx, sse, sse2, sse3, ssse3, sse4.1, sse4.2, popcnt, ht, tsc, tscinvbit

Memory: 4k page, physical 8182340k(1903828k free), swap 9624132k(1826692k free)

vm_info: OpenJDK 64-Bit Server VM (25.242-b01) for windows-amd64 JRE (1.8.0_242-release-1644-b01), built by "builder" with MS VC++ 10.0 (VS2010)

time: Thu Apr 29 12:10:13 2021
timezone: Iran Daylight Time
elapsed time: 120 seconds (0d 0h 2m 0s)

