#
# There is insufficient memory for the Java Runtime Environment to continue.
# Native memory allocation (malloc) failed to allocate 1886096 bytes for Chunk::new
# Possible reasons:
#   The system is out of physical RAM or swap space
#   The process is running with CompressedOops enabled, and the Java Heap may be blocking the growth of the native heap
# Possible solutions:
#   Reduce memory load on the system
#   Increase physical memory or swap space
#   Check if swap backing store is full
#   Decrease Java heap size (-Xmx/-Xms)
#   Decrease number of Java threads
#   Decrease Java thread stack sizes (-Xss)
#   Set larger code cache with -XX:ReservedCodeCacheSize=
#   JVM is running with Unscaled Compressed Oops mode in which the Java heap is
#     placed in the first 4GB address space. The Java Heap base address is the
#     maximum limit for the native heap growth. Please use -XX:HeapBaseMinAddress
#     to set the Java Heap base and to place the Java Heap above 4GB virtual address.
# This output file may be truncated or incomplete.
#
#  Out of Memory Error (allocation.cpp:389), pid=34104, tid=0x0000000000007680
#
# JRE version: OpenJDK Runtime Environment (8.0_242-b01) (build 1.8.0_242-release-1644-b01)
# Java VM: OpenJDK 64-Bit Server VM (25.242-b01 mixed mode windows-amd64 compressed oops)
# Failed to write core dump. Minidumps are not enabled by default on client versions of Windows
#

---------------  T H R E A D  ---------------

Current thread (0x0000000016b77000):  JavaThread "C2 CompilerThread0" daemon [_thread_in_native, id=30336, stack(0x00000000181b0000,0x00000000182b0000)]

Stack: [0x00000000181b0000,0x00000000182b0000]
[error occurred during error reporting (printing stack bounds), id 0xc0000005]

Native frames: (J=compiled Java code, j=interpreted, Vv=VM code, C=native code)


Current CompileTask:
C2:   5064 1533       4       java.net.URLClassLoader$1::run (5 bytes)


---------------  P R O C E S S  ---------------

Java Threads: ( => current thread )
  0x000000001a898000 JavaThread "Cache worker for file hash cache (C:\Users\Site\.gradle\caches\6.5\fileHashes)" [_thread_blocked, id=16416, stack(0x000000001c880000,0x000000001c980000)]
  0x000000001a896800 JavaThread "File lock request listener" [_thread_in_native, id=43660, stack(0x000000001c780000,0x000000001c880000)]
  0x000000001a89a000 JavaThread "Cache worker for journal cache (C:\Users\Site\.gradle\caches\journal-1)" [_thread_blocked, id=27576, stack(0x000000001c580000,0x000000001c680000)]
  0x0000000018c7c800 JavaThread "Thread-9" [_thread_blocked, id=28836, stack(0x000000001c280000,0x000000001c380000)]
  0x000000001a530000 JavaThread "Stdin handler" [_thread_blocked, id=10940, stack(0x000000001c180000,0x000000001c280000)]
  0x000000001a52f800 JavaThread "Asynchronous log dispatcher for DefaultDaemonConnection: socket connection from /127.0.0.1:64949 to /127.0.0.1:64950" [_thread_blocked, id=38600, stack(0x000000001c080000,0x000000001c180000)]
  0x000000001a52d000 JavaThread "Daemon worker" [_thread_in_Java, id=30800, stack(0x000000001bf80000,0x000000001c080000)]
  0x000000001a52b800 JavaThread "Cancel handler" [_thread_blocked, id=45520, stack(0x000000001be80000,0x000000001bf80000)]
  0x000000001a55e800 JavaThread "Handler for socket connection from /127.0.0.1:64949 to /127.0.0.1:64950" [_thread_in_native, id=45468, stack(0x000000001bd80000,0x000000001be80000)]
  0x000000001a55d800 JavaThread "Daemon" [_thread_blocked, id=8672, stack(0x000000001bc80000,0x000000001bd80000)]
  0x000000001a4f9800 JavaThread "Daemon periodic checks" [_thread_blocked, id=4936, stack(0x000000001b980000,0x000000001ba80000)]
  0x000000001a4b6000 JavaThread "Incoming local TCP Connector on port 64949" [_thread_in_native, id=1348, stack(0x000000001b750000,0x000000001b850000)]
  0x00000000185cc800 JavaThread "Daemon health stats" [_thread_blocked, id=32140, stack(0x000000001b450000,0x000000001b550000)]
  0x0000000018521800 JavaThread "Service Thread" daemon [_thread_blocked, id=43844, stack(0x00000000188b0000,0x00000000189b0000)]
  0x0000000016bc2000 JavaThread "C1 CompilerThread2" daemon [_thread_in_native, id=12872, stack(0x00000000183b0000,0x00000000184b0000)]
  0x0000000016b7a800 JavaThread "C2 CompilerThread1" daemon [_thread_in_native, id=8084, stack(0x00000000182b0000,0x00000000183b0000)]
=>0x0000000016b77000 JavaThread "C2 CompilerThread0" daemon [_thread_in_native, id=30336, stack(0x00000000181b0000,0x00000000182b0000)]
  0x0000000016bc1000 JavaThread "Attach Listener" daemon [_thread_blocked, id=240, stack(0x00000000180b0000,0x00000000181b0000)]
  0x0000000016bc0800 JavaThread "Signal Dispatcher" daemon [_thread_blocked, id=16288, stack(0x0000000017fb0000,0x00000000180b0000)]
  0x00000000031fb000 JavaThread "Finalizer" daemon [_thread_blocked, id=10800, stack(0x0000000017dc0000,0x0000000017ec0000)]
  0x0000000016b59000 JavaThread "Reference Handler" daemon [_thread_blocked, id=19068, stack(0x0000000017cc0000,0x0000000017dc0000)]
  0x0000000002f3d800 JavaThread "main" [_thread_blocked, id=31940, stack(0x0000000003000000,0x0000000003100000)]

Other Threads:
  0x0000000016b35000 VMThread [stack: 0x0000000017bc0000,0x0000000017cc0000] [id=14904]
  0x0000000018523800 WatcherThread [stack: 0x00000000189b0000,0x0000000018ab0000] [id=41108]

VM state:not at safepoint (normal execution)

VM Mutex/Monitor currently owned by a thread: None

heap address: 0x00000000a0000000, size: 1536 MB, Compressed Oops mode: 32-bit
Narrow klass base: 0x0000000000000000, Narrow klass shift: 3
Compressed class space size: 1073741824 Address: 0x0000000100000000

Heap:
 PSYoungGen      total 37888K, used 10770K [0x00000000e0000000, 0x00000000e5300000, 0x0000000100000000)
  eden space 32768K, 17% used [0x00000000e0000000,0x00000000e0588810,0x00000000e2000000)
  from space 5120K, 99% used [0x00000000e2000000,0x00000000e24fc010,0x00000000e2500000)
  to   space 9728K, 0% used [0x00000000e4980000,0x00000000e4980000,0x00000000e5300000)
 ParOldGen       total 86016K, used 6359K [0x00000000a0000000, 0x00000000a5400000, 0x00000000e0000000)
  object space 86016K, 7% used [0x00000000a0000000,0x00000000a0635fd0,0x00000000a5400000)
 Metaspace       used 18096K, capacity 18660K, committed 18816K, reserved 1064960K
  class space    used 2476K, capacity 2660K, committed 2688K, reserved 1048576K

Card table byte_map: [0x00000000125c0000,0x00000000128d0000] byte_map_base: 0x00000000120c0000

Marking Bits: (ParMarkBitMap*) 0x0000000070ebf030
 Begin Bits: [0x0000000012ed0000, 0x00000000146d0000)
 End Bits:   [0x00000000146d0000, 0x0000000015ed0000)

Polling page: 0x0000000000fd0000

CodeCache: size=245760Kb used=5869Kb max_used=5869Kb free=239890Kb
 bounds [0x0000000003200000, 0x00000000037c0000, 0x0000000012200000]
 total_blobs=2086 nmethods=1684 adapters=316
 compilation: enabled

Compilation events (10 events):
Event: 4.961 Thread 0x0000000016bc2000 nmethod 1682 0x00000000037b7890 code [0x00000000037b7a00, 0x00000000037b7dd0]
Event: 4.961 Thread 0x0000000016bc2000 1683       3       org.gradle.internal.service.DefaultServiceRegistry::access$1500 (6 bytes)
Event: 4.961 Thread 0x0000000016bc2000 nmethod 1683 0x00000000037b7e90 code [0x00000000037b8000, 0x00000000037b8168]
Event: 4.971 Thread 0x0000000016bc2000 1684       3       java.lang.reflect.Constructor::<init> (50 bytes)
Event: 4.971 Thread 0x0000000016bc2000 nmethod 1684 0x00000000037b8210 code [0x00000000037b8380, 0x00000000037b8690]
Event: 5.043 Thread 0x0000000016bc2000 1685       3       java.lang.Thread::interrupted (8 bytes)
Event: 5.043 Thread 0x0000000016bc2000 nmethod 1685 0x00000000037b8810 code [0x00000000037b8980, 0x00000000037b8b08]
Event: 5.061 Thread 0x0000000016bc2000 1686   !   3       sun.reflect.generics.factory.CoreReflectionFactory::makeNamedType (21 bytes)
Event: 5.062 Thread 0x0000000016bc2000 nmethod 1686 0x00000000037b8bd0 code [0x00000000037b8d60, 0x00000000037b8fc8]
Event: 5.062 Thread 0x0000000016bc2000 1687       3       sun.reflect.generics.factory.CoreReflectionFactory::getDeclsLoader (85 bytes)

GC Heap History (10 events):
Event: 1.622 GC heap before
{Heap before GC invocations=1 (full 0):
 PSYoungGen      total 37888K, used 32768K [0x00000000e0000000, 0x00000000e2a00000, 0x0000000100000000)
  eden space 32768K, 100% used [0x00000000e0000000,0x00000000e2000000,0x00000000e2000000)
  from space 5120K, 0% used [0x00000000e2500000,0x00000000e2500000,0x00000000e2a00000)
  to   space 5120K, 0% used [0x00000000e2000000,0x00000000e2000000,0x00000000e2500000)
 ParOldGen       total 86016K, used 0K [0x00000000a0000000, 0x00000000a5400000, 0x00000000e0000000)
  object space 86016K, 0% used [0x00000000a0000000,0x00000000a0000000,0x00000000a5400000)
 Metaspace       used 7271K, capacity 7550K, committed 7680K, reserved 1056768K
  class space    used 895K, capacity 1005K, committed 1024K, reserved 1048576K
Event: 1.632 GC heap after
Heap after GC invocations=1 (full 0):
 PSYoungGen      total 37888K, used 4513K [0x00000000e0000000, 0x00000000e2a00000, 0x0000000100000000)
  eden space 32768K, 0% used [0x00000000e0000000,0x00000000e0000000,0x00000000e2000000)
  from space 5120K, 88% used [0x00000000e2000000,0x00000000e2468670,0x00000000e2500000)
  to   space 5120K, 0% used [0x00000000e2500000,0x00000000e2500000,0x00000000e2a00000)
 ParOldGen       total 86016K, used 8K [0x00000000a0000000, 0x00000000a5400000, 0x00000000e0000000)
  object space 86016K, 0% used [0x00000000a0000000,0x00000000a0002000,0x00000000a5400000)
 Metaspace       used 7271K, capacity 7550K, committed 7680K, reserved 1056768K
  class space    used 895K, capacity 1005K, committed 1024K, reserved 1048576K
}
Event: 2.040 GC heap before
{Heap before GC invocations=2 (full 0):
 PSYoungGen      total 37888K, used 37281K [0x00000000e0000000, 0x00000000e2a00000, 0x0000000100000000)
  eden space 32768K, 100% used [0x00000000e0000000,0x00000000e2000000,0x00000000e2000000)
  from space 5120K, 88% used [0x00000000e2000000,0x00000000e2468670,0x00000000e2500000)
  to   space 5120K, 0% used [0x00000000e2500000,0x00000000e2500000,0x00000000e2a00000)
 ParOldGen       total 86016K, used 8K [0x00000000a0000000, 0x00000000a5400000, 0x00000000e0000000)
  object space 86016K, 0% used [0x00000000a0000000,0x00000000a0002000,0x00000000a5400000)
 Metaspace       used 7508K, capacity 7760K, committed 7936K, reserved 1056768K
  class space    used 916K, capacity 1011K, committed 1024K, reserved 1048576K
Event: 2.045 GC heap after
Heap after GC invocations=2 (full 0):
 PSYoungGen      total 37888K, used 3313K [0x00000000e0000000, 0x00000000e2a00000, 0x0000000100000000)
  eden space 32768K, 0% used [0x00000000e0000000,0x00000000e0000000,0x00000000e2000000)
  from space 5120K, 64% used [0x00000000e2500000,0x00000000e283c5f8,0x00000000e2a00000)
  to   space 5120K, 0% used [0x00000000e2000000,0x00000000e2000000,0x00000000e2500000)
 ParOldGen       total 86016K, used 16K [0x00000000a0000000, 0x00000000a5400000, 0x00000000e0000000)
  object space 86016K, 0% used [0x00000000a0000000,0x00000000a0004000,0x00000000a5400000)
 Metaspace       used 7508K, capacity 7760K, committed 7936K, reserved 1056768K
  class space    used 916K, capacity 1011K, committed 1024K, reserved 1048576K
}
Event: 3.721 GC heap before
{Heap before GC invocations=3 (full 0):
 PSYoungGen      total 37888K, used 36081K [0x00000000e0000000, 0x00000000e2a00000, 0x0000000100000000)
  eden space 32768K, 100% used [0x00000000e0000000,0x00000000e2000000,0x00000000e2000000)
  from space 5120K, 64% used [0x00000000e2500000,0x00000000e283c5f8,0x00000000e2a00000)
  to   space 5120K, 0% used [0x00000000e2000000,0x00000000e2000000,0x00000000e2500000)
 ParOldGen       total 86016K, used 16K [0x00000000a0000000, 0x00000000a5400000, 0x00000000e0000000)
  object space 86016K, 0% used [0x00000000a0000000,0x00000000a0004000,0x00000000a5400000)
 Metaspace       used 11973K, capacity 12276K, committed 12544K, reserved 1060864K
  class space    used 1584K, capacity 1682K, committed 1792K, reserved 1048576K
Event: 3.730 GC heap after
Heap after GC invocations=3 (full 0):
 PSYoungGen      total 37888K, used 5088K [0x00000000e0000000, 0x00000000e2a00000, 0x0000000100000000)
  eden space 32768K, 0% used [0x00000000e0000000,0x00000000e0000000,0x00000000e2000000)
  from space 5120K, 99% used [0x00000000e2000000,0x00000000e24f8020,0x00000000e2500000)
  to   space 5120K, 0% used [0x00000000e2500000,0x00000000e2500000,0x00000000e2a00000)
 ParOldGen       total 86016K, used 1016K [0x00000000a0000000, 0x00000000a5400000, 0x00000000e0000000)
  object space 86016K, 1% used [0x00000000a0000000,0x00000000a00fe2d0,0x00000000a5400000)
 Metaspace       used 11973K, capacity 12276K, committed 12544K, reserved 1060864K
  class space    used 1584K, capacity 1682K, committed 1792K, reserved 1048576K
}
Event: 4.299 GC heap before
{Heap before GC invocations=4 (full 0):
 PSYoungGen      total 37888K, used 37835K [0x00000000e0000000, 0x00000000e2a00000, 0x0000000100000000)
  eden space 32768K, 99% used [0x00000000e0000000,0x00000000e1ffad00,0x00000000e2000000)
  from space 5120K, 99% used [0x00000000e2000000,0x00000000e24f8020,0x00000000e2500000)
  to   space 5120K, 0% used [0x00000000e2500000,0x00000000e2500000,0x00000000e2a00000)
 ParOldGen       total 86016K, used 1016K [0x00000000a0000000, 0x00000000a5400000, 0x00000000e0000000)
  object space 86016K, 1% used [0x00000000a0000000,0x00000000a00fe2d0,0x00000000a5400000)
 Metaspace       used 14704K, capacity 15222K, committed 15488K, reserved 1062912K
  class space    used 2000K, capacity 2153K, committed 2176K, reserved 1048576K
Event: 4.311 GC heap after
Heap after GC invocations=4 (full 0):
 PSYoungGen      total 37888K, used 5119K [0x00000000e0000000, 0x00000000e4a00000, 0x0000000100000000)
  eden space 32768K, 0% used [0x00000000e0000000,0x00000000e0000000,0x00000000e2000000)
  from space 5120K, 99% used [0x00000000e2500000,0x00000000e29ffc30,0x00000000e2a00000)
  to   space 5120K, 0% used [0x00000000e2000000,0x00000000e2000000,0x00000000e2500000)
 ParOldGen       total 86016K, used 3316K [0x00000000a0000000, 0x00000000a5400000, 0x00000000e0000000)
  object space 86016K, 3% used [0x00000000a0000000,0x00000000a033d128,0x00000000a5400000)
 Metaspace       used 14704K, capacity 15222K, committed 15488K, reserved 1062912K
  class space    used 2000K, capacity 2153K, committed 2176K, reserved 1048576K
}
Event: 4.915 GC heap before
{Heap before GC invocations=5 (full 0):
 PSYoungGen      total 37888K, used 37887K [0x00000000e0000000, 0x00000000e4a00000, 0x0000000100000000)
  eden space 32768K, 100% used [0x00000000e0000000,0x00000000e2000000,0x00000000e2000000)
  from space 5120K, 99% used [0x00000000e2500000,0x00000000e29ffc30,0x00000000e2a00000)
  to   space 5120K, 0% used [0x00000000e2000000,0x00000000e2000000,0x00000000e2500000)
 ParOldGen       total 86016K, used 3316K [0x00000000a0000000, 0x00000000a5400000, 0x00000000e0000000)
  object space 86016K, 3% used [0x00000000a0000000,0x00000000a033d128,0x00000000a5400000)
 Metaspace       used 17584K, capacity 18180K, committed 18560K, reserved 1064960K
  class space    used 2399K, capacity 2564K, committed 2688K, reserved 1048576K
Event: 4.938 GC heap after
Heap after GC invocations=5 (full 0):
 PSYoungGen      total 37888K, used 5104K [0x00000000e0000000, 0x00000000e5300000, 0x0000000100000000)
  eden space 32768K, 0% used [0x00000000e0000000,0x00000000e0000000,0x00000000e2000000)
  from space 5120K, 99% used [0x00000000e2000000,0x00000000e24fc010,0x00000000e2500000)
  to   space 9728K, 0% used [0x00000000e4980000,0x00000000e4980000,0x00000000e5300000)
 ParOldGen       total 86016K, used 6359K [0x00000000a0000000, 0x00000000a5400000, 0x00000000e0000000)
  object space 86016K, 7% used [0x00000000a0000000,0x00000000a0635fd0,0x00000000a5400000)
 Metaspace       used 17584K, capacity 18180K, committed 18560K, reserved 1064960K
  class space    used 2399K, capacity 2564K, committed 2688K, reserved 1048576K
}

Deoptimization events (10 events):
Event: 4.176 Thread 0x000000001a52d000 Uncommon trap: reason=class_check action=maybe_recompile pc=0x00000000033c1f0c method=java.util.regex.Matcher.match(II)Z @ 86
Event: 4.368 Thread 0x000000001a52d000 Uncommon trap: reason=unstable_if action=reinterpret pc=0x000000000353e2c0 method=java.io.File.getName()Ljava/lang/String; @ 16
Event: 4.368 Thread 0x000000001a52d000 Uncommon trap: reason=unstable_if action=reinterpret pc=0x0000000003539c90 method=java.lang.String.substring(I)Ljava/lang/String; @ 35
Event: 4.751 Thread 0x000000001a52d000 Uncommon trap: reason=unstable_if action=reinterpret pc=0x000000000353a530 method=java.util.LinkedHashMap.afterNodeInsertion(Z)V @ 1
Event: 4.752 Thread 0x000000001a52d000 Uncommon trap: reason=unstable_if action=reinterpret pc=0x000000000347a2fc method=java.util.HashMap.getNode(ILjava/lang/Object;)Ljava/util/HashMap$Node; @ 129
Event: 4.752 Thread 0x000000001a52d000 Uncommon trap: reason=bimorphic action=maybe_recompile pc=0x00000000036fb910 method=java.util.HashMap.putVal(ILjava/lang/Object;Ljava/lang/Object;ZZ)Ljava/lang/Object; @ 203
Event: 4.755 Thread 0x000000001a52d000 Uncommon trap: reason=unstable_if action=reinterpret pc=0x00000000034776d0 method=java.util.HashMap.getNode(ILjava/lang/Object;)Ljava/util/HashMap$Node; @ 129
Event: 4.755 Thread 0x000000001a52d000 Uncommon trap: reason=bimorphic action=maybe_recompile pc=0x00000000036fb910 method=java.util.HashMap.putVal(ILjava/lang/Object;Ljava/lang/Object;ZZ)Ljava/lang/Object; @ 203
Event: 4.756 Thread 0x000000001a52d000 Uncommon trap: reason=bimorphic action=maybe_recompile pc=0x00000000036f4ac8 method=java.util.HashMap.putVal(ILjava/lang/Object;Ljava/lang/Object;ZZ)Ljava/lang/Object; @ 203
Event: 5.008 Thread 0x000000001a52d000 Uncommon trap: reason=unstable_if action=reinterpret pc=0x000000000371368c method=java.util.jar.Attributes$Name.isDigit(C)Z @ 3

Classes redefined (0 events):
No events

Internal exceptions (10 events):
Event: 3.706 Thread 0x000000001a55e800 Exception <a 'java/lang/NoSuchMethodError': <clinit>> (0x00000000e1f90438) thrown at [C:\src\AOSP-openjdk-git\hotspot\src\share\vm\prims\jni.cpp, line 1615]
Event: 3.708 Thread 0x000000001a55e800 Exception <a 'java/lang/NoSuchMethodError': <clinit>> (0x00000000e1fa4a08) thrown at [C:\src\AOSP-openjdk-git\hotspot\src\share\vm\prims\jni.cpp, line 1615]
Event: 3.736 Thread 0x000000001a55e800 Exception <a 'java/lang/NoSuchMethodError': <clinit>> (0x00000000e00122f0) thrown at [C:\src\AOSP-openjdk-git\hotspot\src\share\vm\prims\jni.cpp, line 1615]
Event: 3.754 Thread 0x000000001a55e800 Exception <a 'java/lang/NoSuchMethodError': <clinit>> (0x00000000e004c800) thrown at [C:\src\AOSP-openjdk-git\hotspot\src\share\vm\prims\jni.cpp, line 1615]
Event: 3.765 Thread 0x000000001a55e800 Exception <a 'java/lang/NoSuchMethodError': <clinit>> (0x00000000e0082378) thrown at [C:\src\AOSP-openjdk-git\hotspot\src\share\vm\prims\jni.cpp, line 1615]
Event: 3.768 Thread 0x000000001a55e800 Exception <a 'java/lang/NoSuchMethodError': <clinit>> (0x00000000e008e8d8) thrown at [C:\src\AOSP-openjdk-git\hotspot\src\share\vm\prims\jni.cpp, line 1615]
Event: 4.438 Thread 0x000000001a52d000 Exception <a 'java/lang/NoSuchMethodError': java.lang.Object.lambda$and$0(Ljava/util/function/Predicate;Ljava/lang/Object;)Z> (0x00000000e04c9110) thrown at [C:\src\AOSP-openjdk-git\hotspot\src\share\vm\interpreter\linkResolver.cpp, line 620]
Event: 4.449 Thread 0x000000001a52d000 Exception <a 'java/lang/IncompatibleClassChangeError': Found class java.lang.Object, but interface was expected> (0x00000000e04d9408) thrown at [C:\src\AOSP-openjdk-git\hotspot\src\share\vm\interpreter\linkResolver.cpp, line 653]
Event: 4.453 Thread 0x000000001a52d000 Exception <a 'java/lang/NoSuchMethodError': java.lang.Object.lambda$or$2(Ljava/util/function/Predicate;Ljava/lang/Object;)Z> (0x00000000e04ddf58) thrown at [C:\src\AOSP-openjdk-git\hotspot\src\share\vm\interpreter\linkResolver.cpp, line 620]
Event: 4.832 Thread 0x000000001a52d000 Exception <a 'java/lang/NoSuchMethodError': java.lang.Object.lambda$static$0(Lorg/gradle/internal/state/ModelObject;)Ljava/lang/String;> (0x00000000e1c6ef38) thrown at [C:\src\AOSP-openjdk-git\hotspot\src\share\vm\interpreter\linkResolver.cpp, line 620]

Events (10 events):
Event: 5.060 loading class sun/reflect/generics/tree/Wildcard
Event: 5.060 loading class sun/reflect/generics/tree/Wildcard done
Event: 5.060 loading class sun/reflect/generics/reflectiveObjects/WildcardTypeImpl
Event: 5.060 loading class sun/reflect/generics/reflectiveObjects/WildcardTypeImpl done
Event: 5.060 loading class org/gradle/internal/instantiation/generator/AbstractClassGenerator$MethodMetadata
Event: 5.060 loading class org/gradle/internal/instantiation/generator/AbstractClassGenerator$MethodMetadata done
Event: 5.061 loading class org/gradle/api/NonExtensible
Event: 5.061 loading class org/gradle/api/NonExtensible done
Event: 5.061 loading class java/lang/annotation/Documented
Event: 5.062 loading class java/lang/annotation/Documented done


Dynamic libraries:
0x00007ff6538a0000 - 0x00007ff6538d1000 	C:\Program Files\Android\Android Studio\jre\bin\java.exe
0x00007ffcb51f0000 - 0x00007ffcb53c2000 	C:\Windows\SYSTEM32\ntdll.dll
0x00007ffcb3b90000 - 0x00007ffcb3c3c000 	C:\Windows\System32\KERNEL32.DLL
0x00007ffcb1e80000 - 0x00007ffcb209d000 	C:\Windows\System32\KERNELBASE.dll
0x00007ffcb3a90000 - 0x00007ffcb3b32000 	C:\Windows\System32\ADVAPI32.dll
0x00007ffcb5150000 - 0x00007ffcb51ee000 	C:\Windows\System32\msvcrt.dll
0x00007ffcb3760000 - 0x00007ffcb37b9000 	C:\Windows\System32\sechost.dll
0x00007ffcb2810000 - 0x00007ffcb2931000 	C:\Windows\System32\RPCRT4.dll
0x00007ffcb2940000 - 0x00007ffcb2aa5000 	C:\Windows\System32\USER32.dll
0x00007ffcb2290000 - 0x00007ffcb22ae000 	C:\Windows\System32\win32u.dll
0x00007ffcb3b50000 - 0x00007ffcb3b84000 	C:\Windows\System32\GDI32.dll
0x00007ffcb20a0000 - 0x00007ffcb2220000 	C:\Windows\System32\gdi32full.dll
0x00007ffca6c10000 - 0x00007ffca6e8a000 	C:\Windows\WinSxS\amd64_microsoft.windows.common-controls_6595b64144ccf1df_6.0.14393.953_none_42151e83c686086b\COMCTL32.dll
0x00007ffcb37c0000 - 0x00007ffcb3a88000 	C:\Windows\System32\combase.dll
0x00007ffcb2680000 - 0x00007ffcb2775000 	C:\Windows\System32\ucrtbase.dll
0x00007ffcb2220000 - 0x00007ffcb228a000 	C:\Windows\System32\bcryptPrimitives.dll
0x00007ffcb27e0000 - 0x00007ffcb280e000 	C:\Windows\System32\IMM32.DLL
0x00007ffcb0ee0000 - 0x00007ffcb0f0f000 	C:\Windows\system32\nvinitx.dll
0x00007ffcb0ed0000 - 0x00007ffcb0eda000 	C:\Windows\SYSTEM32\VERSION.dll
0x0000000070540000 - 0x0000000070612000 	C:\Program Files\Android\Android Studio\jre\jre\bin\msvcr100.dll
0x00000000706f0000 - 0x0000000070f3b000 	C:\Program Files\Android\Android Studio\jre\jre\bin\server\jvm.dll
0x00007ffcb3490000 - 0x00007ffcb3498000 	C:\Windows\System32\PSAPI.DLL
0x00007ffcaef20000 - 0x00007ffcaef29000 	C:\Windows\SYSTEM32\WSOCK32.dll
0x00007ffcafb80000 - 0x00007ffcafba3000 	C:\Windows\SYSTEM32\WINMM.dll
0x00007ffcb36f0000 - 0x00007ffcb375a000 	C:\Windows\System32\WS2_32.dll
0x00007ffcafb50000 - 0x00007ffcafb7b000 	C:\Windows\SYSTEM32\WINMMBASE.dll
0x00007ffcb25d0000 - 0x00007ffcb2612000 	C:\Windows\System32\cfgmgr32.dll
0x00007ffcaea70000 - 0x00007ffcaea7f000 	C:\Program Files\Android\Android Studio\jre\jre\bin\verify.dll
0x00007ffcabb60000 - 0x00007ffcabb89000 	C:\Program Files\Android\Android Studio\jre\jre\bin\java.dll
0x00007ffcabb40000 - 0x00007ffcabb56000 	C:\Program Files\Android\Android Studio\jre\jre\bin\zip.dll
0x00007ffcb3c40000 - 0x00007ffcb5149000 	C:\Windows\System32\SHELL32.dll
0x00007ffcb17a0000 - 0x00007ffcb1e79000 	C:\Windows\System32\windows.storage.dll
0x00007ffcb1680000 - 0x00007ffcb16cc000 	C:\Windows\System32\powrprof.dll
0x00007ffcb31f0000 - 0x00007ffcb3242000 	C:\Windows\System32\shlwapi.dll
0x00007ffcb16e0000 - 0x00007ffcb16ef000 	C:\Windows\System32\kernel.appcore.dll
0x00007ffcb16f0000 - 0x00007ffcb1799000 	C:\Windows\System32\shcore.dll
0x00007ffcb1660000 - 0x00007ffcb1674000 	C:\Windows\System32\profapi.dll
0x00007ffcabb20000 - 0x00007ffcabb3a000 	C:\Program Files\Android\Android Studio\jre\jre\bin\net.dll
0x00007ffcb0f90000 - 0x00007ffcb0fec000 	C:\Windows\system32\mswsock.dll
0x00007ffcabb00000 - 0x00007ffcabb13000 	C:\Program Files\Android\Android Studio\jre\jre\bin\nio.dll
0x00007ffca2840000 - 0x00007ffca2867000 	C:\Users\Site\.gradle\native\f6784746aeab05261644944871eae4fe03e0ef1612fff0a4a95f87b438bc6780\windows-amd64\native-platform.dll
0x00007ffcabd50000 - 0x00007ffcabd5d000 	C:\Program Files\Android\Android Studio\jre\jre\bin\management.dll
0x00007ffcb1130000 - 0x00007ffcb1147000 	C:\Windows\SYSTEM32\CRYPTSP.dll
0x00007ffcb0b50000 - 0x00007ffcb0b83000 	C:\Windows\system32\rsaenh.dll
0x00007ffcb1240000 - 0x00007ffcb126b000 	C:\Windows\SYSTEM32\bcrypt.dll
0x00007ffcb0dd0000 - 0x00007ffcb0def000 	C:\Windows\SYSTEM32\USERENV.dll
0x00007ffcb1150000 - 0x00007ffcb115b000 	C:\Windows\SYSTEM32\CRYPTBASE.dll
0x00007ffcb0cd0000 - 0x00007ffcb0d08000 	C:\Windows\SYSTEM32\IPHLPAPI.DLL
0x00007ffcb3500000 - 0x00007ffcb3508000 	C:\Windows\System32\NSI.dll
0x00007ffcadbc0000 - 0x00007ffcadbd6000 	C:\Windows\SYSTEM32\dhcpcsvc6.DLL
0x00007ffcadba0000 - 0x00007ffcadbba000 	C:\Windows\SYSTEM32\dhcpcsvc.DLL
0x00007ffcadf20000 - 0x00007ffcadf2b000 	C:\Windows\SYSTEM32\WINNSI.DLL

VM Arguments:
jvm_args: -Xmx1536m -Dfile.encoding=windows-1256 -Duser.country=US -Duser.language=en -Duser.variant 
java_command: org.gradle.launcher.daemon.bootstrap.GradleDaemon 6.5
java_class_path (initial): C:\Users\Site\.gradle\wrapper\dists\gradle-6.5-bin\6nifqtx7604sqp1q6g8wikw7p\gradle-6.5\lib\gradle-launcher-6.5.jar
Launcher Type: SUN_STANDARD

Environment Variables:
PATH=C:\Windows\system32;C:\Windows;C:\Windows\System32\Wbem;C:\Windows\System32\WindowsPowerShell\v1.0\;D:\flutter_sdk\flutter\bin;%ANDROID_HOME%\tools;%ANDROID_HOME%\platform-tools;C:\Program Files\Git\cmd
USERNAME=Site
OS=Windows_NT
PROCESSOR_IDENTIFIER=Intel64 Family 6 Model 37 Stepping 5, GenuineIntel



---------------  S Y S T E M  ---------------

OS: Windows 10.0 , 64 bit Build 14393 (10.0.14393.1198)

CPU:total 4 (initial active 4) (2 cores per cpu, 2 threads per core) family 6 model 37 stepping 5, cmov, cx8, fxsr, mmx, sse, sse2, sse3, ssse3, sse4.1, sse4.2, popcnt, ht, tsc, tscinvbit

Memory: 4k page, physical 8182340k(1327472k free), swap 11935660k(5556k free)

vm_info: OpenJDK 64-Bit Server VM (25.242-b01) for windows-amd64 JRE (1.8.0_242-release-1644-b01), built by "builder" with MS VC++ 10.0 (VS2010)

time: Sun Jun 20 11:13:28 2021
timezone: Iran Daylight Time
elapsed time: 5 seconds (0d 0h 0m 5s)

