#
# There is insufficient memory for the Java Runtime Environment to continue.
# Native memory allocation (malloc) failed to allocate 1521760 bytes for Chunk::new
# Possible reasons:
#   The system is out of physical RAM or swap space
#   The process is running with CompressedOops enabled, and the Java Heap may be blocking the growth of the native heap
# Possible solutions:
#   Reduce memory load on the system
#   Increase physical memory or swap space
#   Check if swap backing store is full
#   Decrease Java heap size (-Xmx/-Xms)
#   Decrease number of Java threads
#   Decrease Java thread stack sizes (-Xss)
#   Set larger code cache with -XX:ReservedCodeCacheSize=
#   JVM is running with Unscaled Compressed Oops mode in which the Java heap is
#     placed in the first 4GB address space. The Java Heap base address is the
#     maximum limit for the native heap growth. Please use -XX:HeapBaseMinAddress
#     to set the Java Heap base and to place the Java Heap above 4GB virtual address.
# This output file may be truncated or incomplete.
#
#  Out of Memory Error (allocation.cpp:389), pid=13096, tid=0x0000000000009330
#
# JRE version: OpenJDK Runtime Environment (8.0_242-b01) (build 1.8.0_242-release-1644-b01)
# Java VM: OpenJDK 64-Bit Server VM (25.242-b01 mixed mode windows-amd64 compressed oops)
# Failed to write core dump. Minidumps are not enabled by default on client versions of Windows
#

---------------  T H R E A D  ---------------

Current thread (0x00000000167ed800):  JavaThread "C2 CompilerThread1" daemon [_thread_in_native, id=37680, stack(0x0000000017f30000,0x0000000018030000)]

Stack: [0x0000000017f30000,0x0000000018030000]
[error occurred during error reporting (printing stack bounds), id 0xc0000005]

Native frames: (J=compiled Java code, j=interpreted, Vv=VM code, C=native code)


Current CompileTask:
C2:   4698 1565   !   4       java.net.URLClassLoader$1::run (63 bytes)


---------------  P R O C E S S  ---------------

Java Threads: ( => current thread )
  0x000000001a3f7000 JavaThread "Cache worker for file hash cache (C:\Users\Site\.gradle\caches\6.5\fileHashes)" [_thread_blocked, id=30868, stack(0x000000001c500000,0x000000001c600000)]
  0x000000001a3f8800 JavaThread "File lock request listener" [_thread_in_native, id=34736, stack(0x000000001c400000,0x000000001c500000)]
  0x000000001a330000 JavaThread "Cache worker for journal cache (C:\Users\Site\.gradle\caches\journal-1)" [_thread_blocked, id=3084, stack(0x000000001c200000,0x000000001c300000)]
  0x00000000189f2000 JavaThread "Thread-9" [_thread_blocked, id=20128, stack(0x000000001bf00000,0x000000001c000000)]
  0x00000000189ef800 JavaThread "Stdin handler" [_thread_blocked, id=29468, stack(0x000000001be00000,0x000000001bf00000)]
  0x00000000189ee800 JavaThread "Asynchronous log dispatcher for DefaultDaemonConnection: socket connection from /127.0.0.1:63905 to /127.0.0.1:63906" [_thread_blocked, id=672, stack(0x000000001bd00000,0x000000001be00000)]
  0x00000000189ed000 JavaThread "Daemon worker" [_thread_in_Java, id=44804, stack(0x000000001bc00000,0x000000001bd00000)]
  0x0000000018843800 JavaThread "Cancel handler" [_thread_blocked, id=14352, stack(0x000000001bb00000,0x000000001bc00000)]
  0x000000001a188000 JavaThread "Handler for socket connection from /127.0.0.1:63905 to /127.0.0.1:63906" [_thread_in_native, id=18128, stack(0x000000001ba00000,0x000000001bb00000)]
  0x000000001a18c800 JavaThread "Daemon" [_thread_blocked, id=49164, stack(0x000000001b900000,0x000000001ba00000)]
  0x000000001a126800 JavaThread "Daemon periodic checks" [_thread_blocked, id=44608, stack(0x000000001b600000,0x000000001b700000)]
  0x000000001a130800 JavaThread "Incoming local TCP Connector on port 63905" [_thread_in_native, id=26172, stack(0x000000001b3d0000,0x000000001b4d0000)]
  0x000000001a105000 JavaThread "Daemon health stats" [_thread_blocked, id=40616, stack(0x000000001b0d0000,0x000000001b1d0000)]
  0x00000000180a0800 JavaThread "Service Thread" daemon [_thread_blocked, id=37124, stack(0x0000000018530000,0x0000000018630000)]
  0x000000001804b000 JavaThread "C1 CompilerThread2" daemon [_thread_blocked, id=11476, stack(0x0000000018430000,0x0000000018530000)]
=>0x00000000167ed800 JavaThread "C2 CompilerThread1" daemon [_thread_in_native, id=37680, stack(0x0000000017f30000,0x0000000018030000)]
  0x00000000167e5800 JavaThread "C2 CompilerThread0" daemon [_thread_in_native, id=27720, stack(0x0000000017e30000,0x0000000017f30000)]
  0x0000000016831000 JavaThread "Attach Listener" daemon [_thread_blocked, id=29548, stack(0x0000000017d30000,0x0000000017e30000)]
  0x0000000016830800 JavaThread "Signal Dispatcher" daemon [_thread_blocked, id=22628, stack(0x0000000017c30000,0x0000000017d30000)]
  0x0000000002e6b000 JavaThread "Finalizer" daemon [_thread_blocked, id=14820, stack(0x0000000017a40000,0x0000000017b40000)]
  0x00000000167c9000 JavaThread "Reference Handler" daemon [_thread_blocked, id=29584, stack(0x0000000017940000,0x0000000017a40000)]
  0x00000000009ed800 JavaThread "main" [_thread_blocked, id=19524, stack(0x0000000002b90000,0x0000000002c90000)]

Other Threads:
  0x00000000167a5000 VMThread [stack: 0x0000000017840000,0x0000000017940000] [id=19740]
  0x00000000180a3000 WatcherThread [stack: 0x0000000018630000,0x0000000018730000] [id=19892]

VM state:not at safepoint (normal execution)

VM Mutex/Monitor currently owned by a thread: None

heap address: 0x00000000a0000000, size: 1536 MB, Compressed Oops mode: 32-bit
Narrow klass base: 0x0000000000000000, Narrow klass shift: 3
Compressed class space size: 1073741824 Address: 0x0000000100000000

Heap:
 PSYoungGen      total 37888K, used 13705K [0x00000000e0000000, 0x00000000e5400000, 0x0000000100000000)
  eden space 32768K, 26% used [0x00000000e0000000,0x00000000e0866400,0x00000000e2000000)
  from space 5120K, 99% used [0x00000000e2000000,0x00000000e24fc010,0x00000000e2500000)
  to   space 10240K, 0% used [0x00000000e4a00000,0x00000000e4a00000,0x00000000e5400000)
 ParOldGen       total 86016K, used 6391K [0x00000000a0000000, 0x00000000a5400000, 0x00000000e0000000)
  object space 86016K, 7% used [0x00000000a0000000,0x00000000a063dd90,0x00000000a5400000)
 Metaspace       used 18461K, capacity 19076K, committed 19200K, reserved 1064960K
  class space    used 2520K, capacity 2704K, committed 2816K, reserved 1048576K

Card table byte_map: [0x0000000012230000,0x0000000012540000] byte_map_base: 0x0000000011d30000

Marking Bits: (ParMarkBitMap*) 0x0000000070ebf030
 Begin Bits: [0x0000000012b40000, 0x0000000014340000)
 End Bits:   [0x0000000014340000, 0x0000000015b40000)

Polling page: 0x0000000000d20000

CodeCache: size=245760Kb used=5757Kb max_used=5757Kb free=240002Kb
 bounds [0x0000000002e70000, 0x0000000003420000, 0x0000000011e70000]
 total_blobs=2093 nmethods=1683 adapters=324
 compilation: enabled

Compilation events (10 events):
Event: 4.668 Thread 0x000000001804b000 1684       1       java.lang.invoke.MethodType::parameterType (7 bytes)
Event: 4.669 Thread 0x000000001804b000 nmethod 1684 0x000000000340e7d0 code [0x000000000340e920, 0x000000000340ea50]
Event: 4.670 Thread 0x000000001804b000 1685       1       java.lang.invoke.DirectMethodHandle::internalMemberName (5 bytes)
Event: 4.670 Thread 0x000000001804b000 nmethod 1685 0x000000000340eb10 code [0x000000000340ec60, 0x000000000340ed70]
Event: 4.676 Thread 0x000000001804b000 1686       3       java.util.concurrent.locks.ReentrantLock$Sync::nonfairTryAcquire (67 bytes)
Event: 4.677 Thread 0x000000001804b000 nmethod 1686 0x000000000340edd0 code [0x000000000340ef60, 0x000000000340f688]
Event: 4.680 Thread 0x000000001804b000 1687       3       org.objectweb.asm.SymbolTable::get (13 bytes)
Event: 4.680 Thread 0x000000001804b000 nmethod 1687 0x000000000340f810 code [0x000000000340f960, 0x000000000340faf0]
Event: 4.682 Thread 0x000000001804b000 1688       1       java.lang.invoke.InnerClassLambdaMetafactory::access$300 (5 bytes)
Event: 4.682 Thread 0x000000001804b000 nmethod 1688 0x000000000340fbd0 code [0x000000000340fd20, 0x000000000340fe10]

GC Heap History (10 events):
Event: 1.144 GC heap before
{Heap before GC invocations=1 (full 0):
 PSYoungGen      total 37888K, used 32768K [0x00000000e0000000, 0x00000000e2a00000, 0x0000000100000000)
  eden space 32768K, 100% used [0x00000000e0000000,0x00000000e2000000,0x00000000e2000000)
  from space 5120K, 0% used [0x00000000e2500000,0x00000000e2500000,0x00000000e2a00000)
  to   space 5120K, 0% used [0x00000000e2000000,0x00000000e2000000,0x00000000e2500000)
 ParOldGen       total 86016K, used 0K [0x00000000a0000000, 0x00000000a5400000, 0x00000000e0000000)
  object space 86016K, 0% used [0x00000000a0000000,0x00000000a0000000,0x00000000a5400000)
 Metaspace       used 7275K, capacity 7550K, committed 7680K, reserved 1056768K
  class space    used 895K, capacity 1005K, committed 1024K, reserved 1048576K
Event: 1.154 GC heap after
Heap after GC invocations=1 (full 0):
 PSYoungGen      total 37888K, used 4429K [0x00000000e0000000, 0x00000000e2a00000, 0x0000000100000000)
  eden space 32768K, 0% used [0x00000000e0000000,0x00000000e0000000,0x00000000e2000000)
  from space 5120K, 86% used [0x00000000e2000000,0x00000000e24537b8,0x00000000e2500000)
  to   space 5120K, 0% used [0x00000000e2500000,0x00000000e2500000,0x00000000e2a00000)
 ParOldGen       total 86016K, used 16K [0x00000000a0000000, 0x00000000a5400000, 0x00000000e0000000)
  object space 86016K, 0% used [0x00000000a0000000,0x00000000a0004000,0x00000000a5400000)
 Metaspace       used 7275K, capacity 7550K, committed 7680K, reserved 1056768K
  class space    used 895K, capacity 1005K, committed 1024K, reserved 1048576K
}
Event: 1.601 GC heap before
{Heap before GC invocations=2 (full 0):
 PSYoungGen      total 37888K, used 37197K [0x00000000e0000000, 0x00000000e2a00000, 0x0000000100000000)
  eden space 32768K, 100% used [0x00000000e0000000,0x00000000e2000000,0x00000000e2000000)
  from space 5120K, 86% used [0x00000000e2000000,0x00000000e24537b8,0x00000000e2500000)
  to   space 5120K, 0% used [0x00000000e2500000,0x00000000e2500000,0x00000000e2a00000)
 ParOldGen       total 86016K, used 16K [0x00000000a0000000, 0x00000000a5400000, 0x00000000e0000000)
  object space 86016K, 0% used [0x00000000a0000000,0x00000000a0004000,0x00000000a5400000)
 Metaspace       used 7514K, capacity 7760K, committed 7936K, reserved 1056768K
  class space    used 916K, capacity 1011K, committed 1024K, reserved 1048576K
Event: 1.606 GC heap after
Heap after GC invocations=2 (full 0):
 PSYoungGen      total 37888K, used 3297K [0x00000000e0000000, 0x00000000e2a00000, 0x0000000100000000)
  eden space 32768K, 0% used [0x00000000e0000000,0x00000000e0000000,0x00000000e2000000)
  from space 5120K, 64% used [0x00000000e2500000,0x00000000e2838608,0x00000000e2a00000)
  to   space 5120K, 0% used [0x00000000e2000000,0x00000000e2000000,0x00000000e2500000)
 ParOldGen       total 86016K, used 24K [0x00000000a0000000, 0x00000000a5400000, 0x00000000e0000000)
  object space 86016K, 0% used [0x00000000a0000000,0x00000000a0006000,0x00000000a5400000)
 Metaspace       used 7514K, capacity 7760K, committed 7936K, reserved 1056768K
  class space    used 916K, capacity 1011K, committed 1024K, reserved 1048576K
}
Event: 3.214 GC heap before
{Heap before GC invocations=3 (full 0):
 PSYoungGen      total 37888K, used 36065K [0x00000000e0000000, 0x00000000e2a00000, 0x0000000100000000)
  eden space 32768K, 100% used [0x00000000e0000000,0x00000000e2000000,0x00000000e2000000)
  from space 5120K, 64% used [0x00000000e2500000,0x00000000e2838608,0x00000000e2a00000)
  to   space 5120K, 0% used [0x00000000e2000000,0x00000000e2000000,0x00000000e2500000)
 ParOldGen       total 86016K, used 24K [0x00000000a0000000, 0x00000000a5400000, 0x00000000e0000000)
  object space 86016K, 0% used [0x00000000a0000000,0x00000000a0006000,0x00000000a5400000)
 Metaspace       used 12002K, capacity 12288K, committed 12544K, reserved 1060864K
  class space    used 1587K, capacity 1684K, committed 1792K, reserved 1048576K
Event: 3.222 GC heap after
Heap after GC invocations=3 (full 0):
 PSYoungGen      total 37888K, used 5120K [0x00000000e0000000, 0x00000000e2a00000, 0x0000000100000000)
  eden space 32768K, 0% used [0x00000000e0000000,0x00000000e0000000,0x00000000e2000000)
  from space 5120K, 100% used [0x00000000e2000000,0x00000000e2500000,0x00000000e2500000)
  to   space 5120K, 0% used [0x00000000e2500000,0x00000000e2500000,0x00000000e2a00000)
 ParOldGen       total 86016K, used 990K [0x00000000a0000000, 0x00000000a5400000, 0x00000000e0000000)
  object space 86016K, 1% used [0x00000000a0000000,0x00000000a00f7840,0x00000000a5400000)
 Metaspace       used 12002K, capacity 12288K, committed 12544K, reserved 1060864K
  class space    used 1587K, capacity 1684K, committed 1792K, reserved 1048576K
}
Event: 3.667 GC heap before
{Heap before GC invocations=4 (full 0):
 PSYoungGen      total 37888K, used 37658K [0x00000000e0000000, 0x00000000e2a00000, 0x0000000100000000)
  eden space 32768K, 99% used [0x00000000e0000000,0x00000000e1fc6818,0x00000000e2000000)
  from space 5120K, 100% used [0x00000000e2000000,0x00000000e2500000,0x00000000e2500000)
  to   space 5120K, 0% used [0x00000000e2500000,0x00000000e2500000,0x00000000e2a00000)
 ParOldGen       total 86016K, used 990K [0x00000000a0000000, 0x00000000a5400000, 0x00000000e0000000)
  object space 86016K, 1% used [0x00000000a0000000,0x00000000a00f7840,0x00000000a5400000)
 Metaspace       used 14701K, capacity 15222K, committed 15488K, reserved 1062912K
  class space    used 2000K, capacity 2153K, committed 2176K, reserved 1048576K
Event: 3.679 GC heap after
Heap after GC invocations=4 (full 0):
 PSYoungGen      total 37888K, used 5103K [0x00000000e0000000, 0x00000000e4a00000, 0x0000000100000000)
  eden space 32768K, 0% used [0x00000000e0000000,0x00000000e0000000,0x00000000e2000000)
  from space 5120K, 99% used [0x00000000e2500000,0x00000000e29fbc20,0x00000000e2a00000)
  to   space 5120K, 0% used [0x00000000e2000000,0x00000000e2000000,0x00000000e2500000)
 ParOldGen       total 86016K, used 3362K [0x00000000a0000000, 0x00000000a5400000, 0x00000000e0000000)
  object space 86016K, 3% used [0x00000000a0000000,0x00000000a03489e8,0x00000000a5400000)
 Metaspace       used 14701K, capacity 15222K, committed 15488K, reserved 1062912K
  class space    used 2000K, capacity 2153K, committed 2176K, reserved 1048576K
}
Event: 4.250 GC heap before
{Heap before GC invocations=5 (full 0):
 PSYoungGen      total 37888K, used 37871K [0x00000000e0000000, 0x00000000e4a00000, 0x0000000100000000)
  eden space 32768K, 100% used [0x00000000e0000000,0x00000000e2000000,0x00000000e2000000)
  from space 5120K, 99% used [0x00000000e2500000,0x00000000e29fbc20,0x00000000e2a00000)
  to   space 5120K, 0% used [0x00000000e2000000,0x00000000e2000000,0x00000000e2500000)
 ParOldGen       total 86016K, used 3362K [0x00000000a0000000, 0x00000000a5400000, 0x00000000e0000000)
  object space 86016K, 3% used [0x00000000a0000000,0x00000000a03489e8,0x00000000a5400000)
 Metaspace       used 17579K, capacity 18116K, committed 18304K, reserved 1064960K
  class space    used 2398K, capacity 2564K, committed 2688K, reserved 1048576K
Event: 4.278 GC heap after
Heap after GC invocations=5 (full 0):
 PSYoungGen      total 37888K, used 5104K [0x00000000e0000000, 0x00000000e5400000, 0x0000000100000000)
  eden space 32768K, 0% used [0x00000000e0000000,0x00000000e0000000,0x00000000e2000000)
  from space 5120K, 99% used [0x00000000e2000000,0x00000000e24fc010,0x00000000e2500000)
  to   space 10240K, 0% used [0x00000000e4a00000,0x00000000e4a00000,0x00000000e5400000)
 ParOldGen       total 86016K, used 6391K [0x00000000a0000000, 0x00000000a5400000, 0x00000000e0000000)
  object space 86016K, 7% used [0x00000000a0000000,0x00000000a063dd90,0x00000000a5400000)
 Metaspace       used 17579K, capacity 18116K, committed 18304K, reserved 1064960K
  class space    used 2398K, capacity 2564K, committed 2688K, reserved 1048576K
}

Deoptimization events (10 events):
Event: 3.567 Thread 0x00000000189ed000 Uncommon trap: reason=class_check action=maybe_recompile pc=0x000000000302e48c method=java.util.regex.Matcher.match(II)Z @ 86
Event: 3.730 Thread 0x00000000189ed000 Uncommon trap: reason=unstable_if action=reinterpret pc=0x00000000031aa240 method=java.io.File.getName()Ljava/lang/String; @ 16
Event: 3.730 Thread 0x00000000189ed000 Uncommon trap: reason=unstable_if action=reinterpret pc=0x00000000031a2788 method=java.lang.String.substring(I)Ljava/lang/String; @ 35
Event: 4.081 Thread 0x00000000189ed000 Uncommon trap: reason=unstable_if action=reinterpret pc=0x00000000031a2e30 method=java.util.LinkedHashMap.afterNodeInsertion(Z)V @ 1
Event: 4.082 Thread 0x00000000189ed000 Uncommon trap: reason=unstable_if action=reinterpret pc=0x00000000030e22fc method=java.util.HashMap.getNode(ILjava/lang/Object;)Ljava/util/HashMap$Node; @ 129
Event: 4.082 Thread 0x00000000189ed000 Uncommon trap: reason=bimorphic action=maybe_recompile pc=0x0000000003338794 method=java.util.HashMap.putVal(ILjava/lang/Object;Ljava/lang/Object;ZZ)Ljava/lang/Object; @ 203
Event: 4.086 Thread 0x00000000189ed000 Uncommon trap: reason=unstable_if action=reinterpret pc=0x00000000030e4b90 method=java.util.HashMap.getNode(ILjava/lang/Object;)Ljava/util/HashMap$Node; @ 129
Event: 4.086 Thread 0x00000000189ed000 Uncommon trap: reason=bimorphic action=maybe_recompile pc=0x0000000003338794 method=java.util.HashMap.putVal(ILjava/lang/Object;Ljava/lang/Object;ZZ)Ljava/lang/Object; @ 203
Event: 4.087 Thread 0x00000000189ed000 Uncommon trap: reason=bimorphic action=maybe_recompile pc=0x000000000333e188 method=java.util.HashMap.putVal(ILjava/lang/Object;Ljava/lang/Object;ZZ)Ljava/lang/Object; @ 203
Event: 4.383 Thread 0x00000000189ed000 Uncommon trap: reason=unstable_if action=reinterpret pc=0x0000000003381bcc method=java.util.jar.Attributes$Name.isDigit(C)Z @ 3

Classes redefined (0 events):
No events

Internal exceptions (10 events):
Event: 3.197 Thread 0x000000001a188000 Exception <a 'java/lang/NoSuchMethodError': <clinit>> (0x00000000e1f6dd00) thrown at [C:\src\AOSP-openjdk-git\hotspot\src\share\vm\prims\jni.cpp, line 1615]
Event: 3.199 Thread 0x000000001a188000 Exception <a 'java/lang/NoSuchMethodError': <clinit>> (0x00000000e1f822d0) thrown at [C:\src\AOSP-openjdk-git\hotspot\src\share\vm\prims\jni.cpp, line 1615]
Event: 3.212 Thread 0x000000001a188000 Exception <a 'java/lang/NoSuchMethodError': <clinit>> (0x00000000e1fef388) thrown at [C:\src\AOSP-openjdk-git\hotspot\src\share\vm\prims\jni.cpp, line 1615]
Event: 3.231 Thread 0x000000001a188000 Exception <a 'java/lang/NoSuchMethodError': <clinit>> (0x00000000e0029ce8) thrown at [C:\src\AOSP-openjdk-git\hotspot\src\share\vm\prims\jni.cpp, line 1615]
Event: 3.240 Thread 0x000000001a188000 Exception <a 'java/lang/NoSuchMethodError': <clinit>> (0x00000000e005fff0) thrown at [C:\src\AOSP-openjdk-git\hotspot\src\share\vm\prims\jni.cpp, line 1615]
Event: 3.243 Thread 0x000000001a188000 Exception <a 'java/lang/NoSuchMethodError': <clinit>> (0x00000000e006c550) thrown at [C:\src\AOSP-openjdk-git\hotspot\src\share\vm\prims\jni.cpp, line 1615]
Event: 3.780 Thread 0x00000000189ed000 Exception <a 'java/lang/NoSuchMethodError': java.lang.Object.lambda$and$0(Ljava/util/function/Predicate;Ljava/lang/Object;)Z> (0x00000000e04ab250) thrown at [C:\src\AOSP-openjdk-git\hotspot\src\share\vm\interpreter\linkResolver.cpp, line 620]
Event: 3.787 Thread 0x00000000189ed000 Exception <a 'java/lang/IncompatibleClassChangeError': Found class java.lang.Object, but interface was expected> (0x00000000e04bb598) thrown at [C:\src\AOSP-openjdk-git\hotspot\src\share\vm\interpreter\linkResolver.cpp, line 653]
Event: 3.790 Thread 0x00000000189ed000 Exception <a 'java/lang/NoSuchMethodError': java.lang.Object.lambda$or$2(Ljava/util/function/Predicate;Ljava/lang/Object;)Z> (0x00000000e04c00e8) thrown at [C:\src\AOSP-openjdk-git\hotspot\src\share\vm\interpreter\linkResolver.cpp, line 620]
Event: 4.155 Thread 0x00000000189ed000 Exception <a 'java/lang/NoSuchMethodError': java.lang.Object.lambda$static$0(Lorg/gradle/internal/state/ModelObject;)Ljava/lang/String;> (0x00000000e1c79078) thrown at [C:\src\AOSP-openjdk-git\hotspot\src\share\vm\interpreter\linkResolver.cpp, line 620]

Events (10 events):
Event: 4.681 loading class org/gradle/internal/instantiation/generator/AsmBackedClassGenerator$ClassBuilderImpl
Event: 4.681 loading class org/gradle/internal/instantiation/generator/AsmBackedClassGenerator$ClassBuilderImpl done
Event: 4.683 loading class org/objectweb/asm/MethodVisitor
Event: 4.683 loading class org/objectweb/asm/MethodVisitor done
Event: 4.683 loading class org/gradle/internal/instantiation/generator/AsmBackedClassGenerator$ClassBuilderImpl
Event: 4.683 loading class org/gradle/internal/instantiation/generator/AsmBackedClassGenerator$ClassBuilderImpl done
Event: 4.684 loading class org/objectweb/asm/MethodVisitor
Event: 4.684 loading class org/objectweb/asm/MethodVisitor done
Event: 4.685 loading class org/gradle/internal/instantiation/generator/AsmBackedClassGenerator$ClassBuilderImpl
Event: 4.685 loading class org/gradle/internal/instantiation/generator/AsmBackedClassGenerator$ClassBuilderImpl done


Dynamic libraries:
0x00007ff6538a0000 - 0x00007ff6538d1000 	C:\Program Files\Android\Android Studio\jre\bin\java.exe
0x00007ffcb51f0000 - 0x00007ffcb53c2000 	C:\Windows\SYSTEM32\ntdll.dll
0x00007ffcb3b90000 - 0x00007ffcb3c3c000 	C:\Windows\System32\KERNEL32.DLL
0x00007ffcb1e80000 - 0x00007ffcb209d000 	C:\Windows\System32\KERNELBASE.dll
0x00007ffcb3a90000 - 0x00007ffcb3b32000 	C:\Windows\System32\ADVAPI32.dll
0x00007ffcb5150000 - 0x00007ffcb51ee000 	C:\Windows\System32\msvcrt.dll
0x00007ffcb3760000 - 0x00007ffcb37b9000 	C:\Windows\System32\sechost.dll
0x00007ffcb2810000 - 0x00007ffcb2931000 	C:\Windows\System32\RPCRT4.dll
0x00007ffcb2940000 - 0x00007ffcb2aa5000 	C:\Windows\System32\USER32.dll
0x00007ffcb2290000 - 0x00007ffcb22ae000 	C:\Windows\System32\win32u.dll
0x00007ffcb3b50000 - 0x00007ffcb3b84000 	C:\Windows\System32\GDI32.dll
0x00007ffcb20a0000 - 0x00007ffcb2220000 	C:\Windows\System32\gdi32full.dll
0x00007ffca6c10000 - 0x00007ffca6e8a000 	C:\Windows\WinSxS\amd64_microsoft.windows.common-controls_6595b64144ccf1df_6.0.14393.953_none_42151e83c686086b\COMCTL32.dll
0x00007ffcb37c0000 - 0x00007ffcb3a88000 	C:\Windows\System32\combase.dll
0x00007ffcb2680000 - 0x00007ffcb2775000 	C:\Windows\System32\ucrtbase.dll
0x00007ffcb2220000 - 0x00007ffcb228a000 	C:\Windows\System32\bcryptPrimitives.dll
0x00007ffcb27e0000 - 0x00007ffcb280e000 	C:\Windows\System32\IMM32.DLL
0x00007ffcb0ee0000 - 0x00007ffcb0f0f000 	C:\Windows\system32\nvinitx.dll
0x00007ffcb0ed0000 - 0x00007ffcb0eda000 	C:\Windows\SYSTEM32\VERSION.dll
0x0000000070540000 - 0x0000000070612000 	C:\Program Files\Android\Android Studio\jre\jre\bin\msvcr100.dll
0x00000000706f0000 - 0x0000000070f3b000 	C:\Program Files\Android\Android Studio\jre\jre\bin\server\jvm.dll
0x00007ffcb3490000 - 0x00007ffcb3498000 	C:\Windows\System32\PSAPI.DLL
0x00007ffcaef20000 - 0x00007ffcaef29000 	C:\Windows\SYSTEM32\WSOCK32.dll
0x00007ffcb36f0000 - 0x00007ffcb375a000 	C:\Windows\System32\WS2_32.dll
0x00007ffcafb80000 - 0x00007ffcafba3000 	C:\Windows\SYSTEM32\WINMM.dll
0x00007ffcafb50000 - 0x00007ffcafb7b000 	C:\Windows\SYSTEM32\WINMMBASE.dll
0x00007ffcb25d0000 - 0x00007ffcb2612000 	C:\Windows\System32\cfgmgr32.dll
0x00007ffcaea70000 - 0x00007ffcaea7f000 	C:\Program Files\Android\Android Studio\jre\jre\bin\verify.dll
0x00007ffcabb60000 - 0x00007ffcabb89000 	C:\Program Files\Android\Android Studio\jre\jre\bin\java.dll
0x00007ffcabb40000 - 0x00007ffcabb56000 	C:\Program Files\Android\Android Studio\jre\jre\bin\zip.dll
0x00007ffcb3c40000 - 0x00007ffcb5149000 	C:\Windows\System32\SHELL32.dll
0x00007ffcb17a0000 - 0x00007ffcb1e79000 	C:\Windows\System32\windows.storage.dll
0x00007ffcb1680000 - 0x00007ffcb16cc000 	C:\Windows\System32\powrprof.dll
0x00007ffcb31f0000 - 0x00007ffcb3242000 	C:\Windows\System32\shlwapi.dll
0x00007ffcb16e0000 - 0x00007ffcb16ef000 	C:\Windows\System32\kernel.appcore.dll
0x00007ffcb16f0000 - 0x00007ffcb1799000 	C:\Windows\System32\shcore.dll
0x00007ffcb1660000 - 0x00007ffcb1674000 	C:\Windows\System32\profapi.dll
0x00007ffcabb20000 - 0x00007ffcabb3a000 	C:\Program Files\Android\Android Studio\jre\jre\bin\net.dll
0x00007ffcb0f90000 - 0x00007ffcb0fec000 	C:\Windows\system32\mswsock.dll
0x00007ffcabb00000 - 0x00007ffcabb13000 	C:\Program Files\Android\Android Studio\jre\jre\bin\nio.dll
0x00007ffca2840000 - 0x00007ffca2867000 	C:\Users\Site\.gradle\native\f6784746aeab05261644944871eae4fe03e0ef1612fff0a4a95f87b438bc6780\windows-amd64\native-platform.dll
0x00007ffcabd50000 - 0x00007ffcabd5d000 	C:\Program Files\Android\Android Studio\jre\jre\bin\management.dll
0x00007ffcb1130000 - 0x00007ffcb1147000 	C:\Windows\SYSTEM32\CRYPTSP.dll
0x00007ffcb0b50000 - 0x00007ffcb0b83000 	C:\Windows\system32\rsaenh.dll
0x00007ffcb1240000 - 0x00007ffcb126b000 	C:\Windows\SYSTEM32\bcrypt.dll
0x00007ffcb0dd0000 - 0x00007ffcb0def000 	C:\Windows\SYSTEM32\USERENV.dll
0x00007ffcb1150000 - 0x00007ffcb115b000 	C:\Windows\SYSTEM32\CRYPTBASE.dll
0x00007ffcb0cd0000 - 0x00007ffcb0d08000 	C:\Windows\SYSTEM32\IPHLPAPI.DLL
0x00007ffcb3500000 - 0x00007ffcb3508000 	C:\Windows\System32\NSI.dll
0x00007ffcadbc0000 - 0x00007ffcadbd6000 	C:\Windows\SYSTEM32\dhcpcsvc6.DLL
0x00007ffcadba0000 - 0x00007ffcadbba000 	C:\Windows\SYSTEM32\dhcpcsvc.DLL
0x00007ffcadf20000 - 0x00007ffcadf2b000 	C:\Windows\SYSTEM32\WINNSI.DLL

VM Arguments:
jvm_args: -Xmx1536m -Dfile.encoding=windows-1256 -Duser.country=US -Duser.language=en -Duser.variant 
java_command: org.gradle.launcher.daemon.bootstrap.GradleDaemon 6.5
java_class_path (initial): C:\Users\Site\.gradle\wrapper\dists\gradle-6.5-bin\6nifqtx7604sqp1q6g8wikw7p\gradle-6.5\lib\gradle-launcher-6.5.jar
Launcher Type: SUN_STANDARD

Environment Variables:
PATH=C:\Windows\system32;C:\Windows;C:\Windows\System32\Wbem;C:\Windows\System32\WindowsPowerShell\v1.0\;D:\flutter_sdk\flutter\bin;%ANDROID_HOME%\tools;%ANDROID_HOME%\platform-tools;C:\Program Files\Git\cmd
USERNAME=Site
OS=Windows_NT
PROCESSOR_IDENTIFIER=Intel64 Family 6 Model 37 Stepping 5, GenuineIntel



---------------  S Y S T E M  ---------------

OS: Windows 10.0 , 64 bit Build 14393 (10.0.14393.1198)

CPU:total 4 (initial active 4) (2 cores per cpu, 2 threads per core) family 6 model 37 stepping 5, cmov, cx8, fxsr, mmx, sse, sse2, sse3, ssse3, sse4.1, sse4.2, popcnt, ht, tsc, tscinvbit

Memory: 4k page, physical 8182340k(1363812k free), swap 11935660k(6564k free)

vm_info: OpenJDK 64-Bit Server VM (25.242-b01) for windows-amd64 JRE (1.8.0_242-release-1644-b01), built by "builder" with MS VC++ 10.0 (VS2010)

time: Sun Jun 20 11:12:02 2021
timezone: Iran Daylight Time
elapsed time: 4 seconds (0d 0h 0m 4s)

