#
# There is insufficient memory for the Java Runtime Environment to continue.
# Native memory allocation (malloc) failed to allocate 1841072 bytes for Chunk::new
# Possible reasons:
#   The system is out of physical RAM or swap space
#   The process is running with CompressedOops enabled, and the Java Heap may be blocking the growth of the native heap
# Possible solutions:
#   Reduce memory load on the system
#   Increase physical memory or swap space
#   Check if swap backing store is full
#   Decrease Java heap size (-Xmx/-Xms)
#   Decrease number of Java threads
#   Decrease Java thread stack sizes (-Xss)
#   Set larger code cache with -XX:ReservedCodeCacheSize=
#   JVM is running with Unscaled Compressed Oops mode in which the Java heap is
#     placed in the first 4GB address space. The Java Heap base address is the
#     maximum limit for the native heap growth. Please use -XX:HeapBaseMinAddress
#     to set the Java Heap base and to place the Java Heap above 4GB virtual address.
# This output file may be truncated or incomplete.
#
#  Out of Memory Error (allocation.cpp:389), pid=43460, tid=0x0000000000008034
#
# JRE version: OpenJDK Runtime Environment (8.0_242-b01) (build 1.8.0_242-release-1644-b01)
# Java VM: OpenJDK 64-Bit Server VM (25.242-b01 mixed mode windows-amd64 compressed oops)
# Failed to write core dump. Minidumps are not enabled by default on client versions of Windows
#

---------------  T H R E A D  ---------------

Current thread (0x0000000016154800):  JavaThread "C2 CompilerThread0" daemon [_thread_in_native, id=32820, stack(0x00000000177a0000,0x00000000178a0000)]

Stack: [0x00000000177a0000,0x00000000178a0000]
[error occurred during error reporting (printing stack bounds), id 0xc0000005]

Native frames: (J=compiled Java code, j=interpreted, Vv=VM code, C=native code)


Current CompileTask:
C2:   5399 1586   !   4       java.net.URLClassLoader$1::run (63 bytes)


---------------  P R O C E S S  ---------------

Java Threads: ( => current thread )
  0x0000000019c63000 JavaThread "Cache worker for file hash cache (D:\Android\project_run\turkiye\.gradle\6.5\fileHashes)" [_thread_blocked, id=40704, stack(0x000000001e3d0000,0x000000001e4d0000)]
  0x0000000019c65800 JavaThread "Cache worker for file hash cache (C:\Users\Site\.gradle\caches\6.5\fileHashes)" [_thread_blocked, id=30608, stack(0x000000001be70000,0x000000001bf70000)]
  0x0000000019c62800 JavaThread "File lock request listener" [_thread_in_native, id=17856, stack(0x000000001bd70000,0x000000001be70000)]
  0x0000000019c5f000 JavaThread "Cache worker for journal cache (C:\Users\Site\.gradle\caches\journal-1)" [_thread_blocked, id=48240, stack(0x000000001bb70000,0x000000001bc70000)]
  0x00000000191de000 JavaThread "Thread-9" [_thread_blocked, id=6832, stack(0x000000001b870000,0x000000001b970000)]
  0x00000000191db000 JavaThread "Stdin handler" [_thread_blocked, id=3264, stack(0x000000001b770000,0x000000001b870000)]
  0x0000000018a9a800 JavaThread "Asynchronous log dispatcher for DefaultDaemonConnection: socket connection from /127.0.0.1:64907 to /127.0.0.1:64908" [_thread_blocked, id=13364, stack(0x000000001b670000,0x000000001b770000)]
  0x000000001856d800 JavaThread "Daemon worker" [_thread_in_vm, id=40260, stack(0x000000001b570000,0x000000001b670000)]
  0x0000000018c6b000 JavaThread "Cancel handler" [_thread_blocked, id=16868, stack(0x000000001b470000,0x000000001b570000)]
  0x0000000018c11000 JavaThread "Handler for socket connection from /127.0.0.1:64907 to /127.0.0.1:64908" [_thread_in_native, id=46868, stack(0x000000001b370000,0x000000001b470000)]
  0x0000000019a5a000 JavaThread "Daemon" [_thread_blocked, id=16832, stack(0x000000001b270000,0x000000001b370000)]
  0x0000000019a4b800 JavaThread "Daemon periodic checks" [_thread_blocked, id=17316, stack(0x000000001af70000,0x000000001b070000)]
  0x0000000019a48800 JavaThread "Incoming local TCP Connector on port 64907" [_thread_in_native, id=17232, stack(0x000000001ad40000,0x000000001ae40000)]
  0x0000000017b9c800 JavaThread "Daemon health stats" [_thread_blocked, id=22792, stack(0x000000001aa40000,0x000000001ab40000)]
  0x0000000017b0c000 JavaThread "Service Thread" daemon [_thread_blocked, id=26444, stack(0x0000000017ea0000,0x0000000017fa0000)]
  0x000000001615d000 JavaThread "C1 CompilerThread2" daemon [_thread_blocked, id=28816, stack(0x00000000179a0000,0x0000000017aa0000)]
  0x0000000016158000 JavaThread "C2 CompilerThread1" daemon [_thread_in_native, id=9828, stack(0x00000000178a0000,0x00000000179a0000)]
=>0x0000000016154800 JavaThread "C2 CompilerThread0" daemon [_thread_in_native, id=32820, stack(0x00000000177a0000,0x00000000178a0000)]
  0x0000000016153800 JavaThread "Attach Listener" daemon [_thread_blocked, id=5656, stack(0x00000000176a0000,0x00000000177a0000)]
  0x00000000161a4800 JavaThread "Signal Dispatcher" daemon [_thread_blocked, id=12072, stack(0x00000000175a0000,0x00000000176a0000)]
  0x00000000027dc800 JavaThread "Finalizer" daemon [_thread_blocked, id=23184, stack(0x00000000173b0000,0x00000000174b0000)]
  0x0000000016139000 JavaThread "Reference Handler" daemon [_thread_blocked, id=23212, stack(0x00000000172b0000,0x00000000173b0000)]
  0x00000000026dd800 JavaThread "main" [_thread_blocked, id=10928, stack(0x0000000002500000,0x0000000002600000)]

Other Threads:
  0x0000000016115000 VMThread [stack: 0x00000000171b0000,0x00000000172b0000] [id=24784]
  0x00000000161ae000 WatcherThread [stack: 0x0000000017fa0000,0x00000000180a0000] [id=15468]

VM state:not at safepoint (normal execution)

VM Mutex/Monitor currently owned by a thread: None

heap address: 0x00000000a0000000, size: 1536 MB, Compressed Oops mode: 32-bit
Narrow klass base: 0x0000000000000000, Narrow klass shift: 3
Compressed class space size: 1073741824 Address: 0x0000000100000000

Heap:
 PSYoungGen      total 70656K, used 64477K [0x00000000e0000000, 0x00000000e4a00000, 0x0000000100000000)
  eden space 65536K, 90% used [0x00000000e0000000,0x00000000e39f7b60,0x00000000e4000000)
  from space 5120K, 99% used [0x00000000e4500000,0x00000000e49ffc30,0x00000000e4a00000)
  to   space 5120K, 0% used [0x00000000e4000000,0x00000000e4000000,0x00000000e4500000)
 ParOldGen       total 86016K, used 3346K [0x00000000a0000000, 0x00000000a5400000, 0x00000000e0000000)
  object space 86016K, 3% used [0x00000000a0000000,0x00000000a0344ad0,0x00000000a5400000)
 Metaspace       used 19955K, capacity 20574K, committed 20736K, reserved 1067008K
  class space    used 2770K, capacity 2945K, committed 3072K, reserved 1048576K

Card table byte_map: [0x0000000011ba0000,0x0000000011eb0000] byte_map_base: 0x00000000116a0000

Marking Bits: (ParMarkBitMap*) 0x0000000070ebf030
 Begin Bits: [0x00000000124b0000, 0x0000000013cb0000)
 End Bits:   [0x0000000013cb0000, 0x00000000154b0000)

Polling page: 0x00000000005b0000

CodeCache: size=245760Kb used=6064Kb max_used=6064Kb free=239695Kb
 bounds [0x00000000027e0000, 0x0000000002dd0000, 0x00000000117e0000]
 total_blobs=2199 nmethods=1783 adapters=330
 compilation: enabled

Compilation events (10 events):
Event: 5.291 Thread 0x000000001615d000 1788       3       java.util.concurrent.locks.ReentrantLock::<init> (16 bytes)
Event: 5.292 Thread 0x000000001615d000 nmethod 1788 0x0000000002dc75d0 code [0x0000000002dc7760, 0x0000000002dc7b50]
Event: 5.303 Thread 0x000000001615d000 1789   !   3       java.net.URL::getURLStreamHandler (313 bytes)
Event: 5.307 Thread 0x000000001615d000 nmethod 1789 0x0000000002dc7d50 code [0x0000000002dc8240, 0x0000000002dcb538]
Event: 5.381 Thread 0x000000001615d000 1792       3       java.io.FilterOutputStream::<init> (10 bytes)
Event: 5.381 Thread 0x000000001615d000 nmethod 1792 0x0000000002dcd510 code [0x0000000002dcd680, 0x0000000002dcd8b0]
Event: 5.385 Thread 0x000000001615d000 1794       3       java.lang.String::contains (20 bytes)
Event: 5.386 Thread 0x000000001615d000 nmethod 1794 0x0000000002dcdb10 code [0x0000000002dcdca0, 0x0000000002dce138]
Event: 5.387 Thread 0x000000001615d000 1795       3       java.lang.reflect.Modifier::isFinal (13 bytes)
Event: 5.387 Thread 0x000000001615d000 nmethod 1795 0x0000000002dce350 code [0x0000000002dce4a0, 0x0000000002dce630]

GC Heap History (8 events):
Event: 1.167 GC heap before
{Heap before GC invocations=1 (full 0):
 PSYoungGen      total 37888K, used 32768K [0x00000000e0000000, 0x00000000e2a00000, 0x0000000100000000)
  eden space 32768K, 100% used [0x00000000e0000000,0x00000000e2000000,0x00000000e2000000)
  from space 5120K, 0% used [0x00000000e2500000,0x00000000e2500000,0x00000000e2a00000)
  to   space 5120K, 0% used [0x00000000e2000000,0x00000000e2000000,0x00000000e2500000)
 ParOldGen       total 86016K, used 0K [0x00000000a0000000, 0x00000000a5400000, 0x00000000e0000000)
  object space 86016K, 0% used [0x00000000a0000000,0x00000000a0000000,0x00000000a5400000)
 Metaspace       used 7272K, capacity 7550K, committed 7680K, reserved 1056768K
  class space    used 895K, capacity 1005K, committed 1024K, reserved 1048576K
Event: 1.178 GC heap after
Heap after GC invocations=1 (full 0):
 PSYoungGen      total 37888K, used 4417K [0x00000000e0000000, 0x00000000e2a00000, 0x0000000100000000)
  eden space 32768K, 0% used [0x00000000e0000000,0x00000000e0000000,0x00000000e2000000)
  from space 5120K, 86% used [0x00000000e2000000,0x00000000e2450558,0x00000000e2500000)
  to   space 5120K, 0% used [0x00000000e2500000,0x00000000e2500000,0x00000000e2a00000)
 ParOldGen       total 86016K, used 16K [0x00000000a0000000, 0x00000000a5400000, 0x00000000e0000000)
  object space 86016K, 0% used [0x00000000a0000000,0x00000000a0004000,0x00000000a5400000)
 Metaspace       used 7272K, capacity 7550K, committed 7680K, reserved 1056768K
  class space    used 895K, capacity 1005K, committed 1024K, reserved 1048576K
}
Event: 1.585 GC heap before
{Heap before GC invocations=2 (full 0):
 PSYoungGen      total 37888K, used 37185K [0x00000000e0000000, 0x00000000e2a00000, 0x0000000100000000)
  eden space 32768K, 100% used [0x00000000e0000000,0x00000000e2000000,0x00000000e2000000)
  from space 5120K, 86% used [0x00000000e2000000,0x00000000e2450558,0x00000000e2500000)
  to   space 5120K, 0% used [0x00000000e2500000,0x00000000e2500000,0x00000000e2a00000)
 ParOldGen       total 86016K, used 16K [0x00000000a0000000, 0x00000000a5400000, 0x00000000e0000000)
  object space 86016K, 0% used [0x00000000a0000000,0x00000000a0004000,0x00000000a5400000)
 Metaspace       used 7515K, capacity 7762K, committed 7936K, reserved 1056768K
  class space    used 917K, capacity 1013K, committed 1024K, reserved 1048576K
Event: 1.591 GC heap after
Heap after GC invocations=2 (full 0):
 PSYoungGen      total 37888K, used 3233K [0x00000000e0000000, 0x00000000e4a00000, 0x0000000100000000)
  eden space 32768K, 0% used [0x00000000e0000000,0x00000000e0000000,0x00000000e2000000)
  from space 5120K, 63% used [0x00000000e2500000,0x00000000e2828608,0x00000000e2a00000)
  to   space 5120K, 0% used [0x00000000e2000000,0x00000000e2000000,0x00000000e2500000)
 ParOldGen       total 86016K, used 24K [0x00000000a0000000, 0x00000000a5400000, 0x00000000e0000000)
  object space 86016K, 0% used [0x00000000a0000000,0x00000000a0006000,0x00000000a5400000)
 Metaspace       used 7515K, capacity 7762K, committed 7936K, reserved 1056768K
  class space    used 917K, capacity 1013K, committed 1024K, reserved 1048576K
}
Event: 3.232 GC heap before
{Heap before GC invocations=3 (full 0):
 PSYoungGen      total 37888K, used 36001K [0x00000000e0000000, 0x00000000e4a00000, 0x0000000100000000)
  eden space 32768K, 100% used [0x00000000e0000000,0x00000000e2000000,0x00000000e2000000)
  from space 5120K, 63% used [0x00000000e2500000,0x00000000e2828608,0x00000000e2a00000)
  to   space 5120K, 0% used [0x00000000e2000000,0x00000000e2000000,0x00000000e2500000)
 ParOldGen       total 86016K, used 24K [0x00000000a0000000, 0x00000000a5400000, 0x00000000e0000000)
  object space 86016K, 0% used [0x00000000a0000000,0x00000000a0006000,0x00000000a5400000)
 Metaspace       used 11980K, capacity 12288K, committed 12544K, reserved 1060864K
  class space    used 1585K, capacity 1684K, committed 1792K, reserved 1048576K
Event: 3.245 GC heap after
Heap after GC invocations=3 (full 0):
 PSYoungGen      total 37888K, used 5120K [0x00000000e0000000, 0x00000000e4a00000, 0x0000000100000000)
  eden space 32768K, 0% used [0x00000000e0000000,0x00000000e0000000,0x00000000e2000000)
  from space 5120K, 100% used [0x00000000e2000000,0x00000000e2500000,0x00000000e2500000)
  to   space 5120K, 0% used [0x00000000e4500000,0x00000000e4500000,0x00000000e4a00000)
 ParOldGen       total 86016K, used 949K [0x00000000a0000000, 0x00000000a5400000, 0x00000000e0000000)
  object space 86016K, 1% used [0x00000000a0000000,0x00000000a00ed6d0,0x00000000a5400000)
 Metaspace       used 11980K, capacity 12288K, committed 12544K, reserved 1060864K
  class space    used 1585K, capacity 1684K, committed 1792K, reserved 1048576K
}
Event: 4.369 GC heap before
{Heap before GC invocations=4 (full 0):
 PSYoungGen      total 37888K, used 37864K [0x00000000e0000000, 0x00000000e4a00000, 0x0000000100000000)
  eden space 32768K, 99% used [0x00000000e0000000,0x00000000e1ffa3d0,0x00000000e2000000)
  from space 5120K, 100% used [0x00000000e2000000,0x00000000e2500000,0x00000000e2500000)
  to   space 5120K, 0% used [0x00000000e4500000,0x00000000e4500000,0x00000000e4a00000)
 ParOldGen       total 86016K, used 949K [0x00000000a0000000, 0x00000000a5400000, 0x00000000e0000000)
  object space 86016K, 1% used [0x00000000a0000000,0x00000000a00ed6d0,0x00000000a5400000)
 Metaspace       used 14723K, capacity 15222K, committed 15488K, reserved 1062912K
  class space    used 2001K, capacity 2153K, committed 2176K, reserved 1048576K
Event: 4.382 GC heap after
Heap after GC invocations=4 (full 0):
 PSYoungGen      total 70656K, used 5119K [0x00000000e0000000, 0x00000000e4a00000, 0x0000000100000000)
  eden space 65536K, 0% used [0x00000000e0000000,0x00000000e0000000,0x00000000e4000000)
  from space 5120K, 99% used [0x00000000e4500000,0x00000000e49ffc30,0x00000000e4a00000)
  to   space 5120K, 0% used [0x00000000e4000000,0x00000000e4000000,0x00000000e4500000)
 ParOldGen       total 86016K, used 3346K [0x00000000a0000000, 0x00000000a5400000, 0x00000000e0000000)
  object space 86016K, 3% used [0x00000000a0000000,0x00000000a0344ad0,0x00000000a5400000)
 Metaspace       used 14723K, capacity 15222K, committed 15488K, reserved 1062912K
  class space    used 2001K, capacity 2153K, committed 2176K, reserved 1048576K
}

Deoptimization events (10 events):
Event: 4.431 Thread 0x000000001856d800 Uncommon trap: reason=unstable_if action=reinterpret pc=0x0000000002b10890 method=java.lang.String.substring(I)Ljava/lang/String; @ 35
Event: 4.721 Thread 0x000000001856d800 Uncommon trap: reason=unstable_if action=reinterpret pc=0x0000000002b05330 method=java.util.LinkedHashMap.afterNodeInsertion(Z)V @ 1
Event: 4.722 Thread 0x000000001856d800 Uncommon trap: reason=unstable_if action=reinterpret pc=0x0000000002a55ac4 method=java.util.HashMap.getNode(ILjava/lang/Object;)Ljava/util/HashMap$Node; @ 129
Event: 4.722 Thread 0x000000001856d800 Uncommon trap: reason=bimorphic action=maybe_recompile pc=0x0000000002cb6290 method=java.util.HashMap.putVal(ILjava/lang/Object;Ljava/lang/Object;ZZ)Ljava/lang/Object; @ 203
Event: 4.726 Thread 0x000000001856d800 Uncommon trap: reason=unstable_if action=reinterpret pc=0x0000000002a35b50 method=java.util.HashMap.getNode(ILjava/lang/Object;)Ljava/util/HashMap$Node; @ 129
Event: 4.726 Thread 0x000000001856d800 Uncommon trap: reason=bimorphic action=maybe_recompile pc=0x0000000002cb6290 method=java.util.HashMap.putVal(ILjava/lang/Object;Ljava/lang/Object;ZZ)Ljava/lang/Object; @ 203
Event: 4.727 Thread 0x000000001856d800 Uncommon trap: reason=bimorphic action=maybe_recompile pc=0x0000000002cb3620 method=java.util.HashMap.putVal(ILjava/lang/Object;Ljava/lang/Object;ZZ)Ljava/lang/Object; @ 203
Event: 4.900 Thread 0x000000001856d800 Uncommon trap: reason=unstable_if action=reinterpret pc=0x0000000002d4794c method=java.util.jar.Attributes$Name.isDigit(C)Z @ 3
Event: 5.141 Thread 0x000000001856d800 Uncommon trap: reason=unstable_if action=reinterpret pc=0x00000000029aef08 method=java.net.URI.match(CJJ)Z @ 19
Event: 5.141 Thread 0x000000001856d800 Uncommon trap: reason=unstable_if action=reinterpret pc=0x0000000002a8b740 method=java.net.URI.match(CJJ)Z @ 19

Classes redefined (0 events):
No events

Internal exceptions (10 events):
Event: 3.211 Thread 0x0000000018c11000 Exception <a 'java/lang/NoSuchMethodError': <clinit>> (0x00000000e1f89c38) thrown at [C:\src\AOSP-openjdk-git\hotspot\src\share\vm\prims\jni.cpp, line 1615]
Event: 3.231 Thread 0x0000000018c11000 Exception <a 'java/lang/NoSuchMethodError': <clinit>> (0x00000000e1ff6ce8) thrown at [C:\src\AOSP-openjdk-git\hotspot\src\share\vm\prims\jni.cpp, line 1615]
Event: 3.277 Thread 0x0000000018c11000 Exception <a 'java/lang/NoSuchMethodError': <clinit>> (0x00000000e0031680) thrown at [C:\src\AOSP-openjdk-git\hotspot\src\share\vm\prims\jni.cpp, line 1615]
Event: 3.309 Thread 0x0000000018c11000 Exception <a 'java/lang/NoSuchMethodError': <clinit>> (0x00000000e0066e50) thrown at [C:\src\AOSP-openjdk-git\hotspot\src\share\vm\prims\jni.cpp, line 1615]
Event: 3.315 Thread 0x0000000018c11000 Exception <a 'java/lang/NoSuchMethodError': <clinit>> (0x00000000e00733b0) thrown at [C:\src\AOSP-openjdk-git\hotspot\src\share\vm\prims\jni.cpp, line 1615]
Event: 4.482 Thread 0x000000001856d800 Exception <a 'java/lang/NoSuchMethodError': java.lang.Object.lambda$and$0(Ljava/util/function/Predicate;Ljava/lang/Object;)Z> (0x00000000e04c4cb0) thrown at [C:\src\AOSP-openjdk-git\hotspot\src\share\vm\interpreter\linkResolver.cpp, line 620]
Event: 4.490 Thread 0x000000001856d800 Exception <a 'java/lang/IncompatibleClassChangeError': Found class java.lang.Object, but interface was expected> (0x00000000e04d4fa8) thrown at [C:\src\AOSP-openjdk-git\hotspot\src\share\vm\interpreter\linkResolver.cpp, line 653]
Event: 4.492 Thread 0x000000001856d800 Exception <a 'java/lang/NoSuchMethodError': java.lang.Object.lambda$or$2(Ljava/util/function/Predicate;Ljava/lang/Object;)Z> (0x00000000e04d9af8) thrown at [C:\src\AOSP-openjdk-git\hotspot\src\share\vm\interpreter\linkResolver.cpp, line 620]
Event: 4.780 Thread 0x000000001856d800 Exception <a 'java/lang/NoSuchMethodError': java.lang.Object.lambda$static$0(Lorg/gradle/internal/state/ModelObject;)Ljava/lang/String;> (0x00000000e1c7e988) thrown at [C:\src\AOSP-openjdk-git\hotspot\src\share\vm\interpreter\linkResolver.cpp, line 620]
Event: 5.283 Thread 0x000000001856d800 Exception <a 'java/lang/NoSuchMethodError': java.lang.Object.lambda$static$1(Lorg/gradle/internal/snapshot/SnapshotHierarchy$DiffCapturingUpdateFunction;)Lorg/gradle/internal/snapshot/AtomicSnapshotHierarchyReference$UpdateFunction;> (0x00000000e33914a8) 

Events (10 events):
Event: 5.394 loading class org/gradle/internal/operations/BuildOperationContext
Event: 5.394 loading class org/gradle/internal/operations/BuildOperationContext done
Event: 5.394 loading class org/gradle/internal/operations/OperationIdentifier
Event: 5.394 loading class org/gradle/internal/operations/OperationIdentifier done
Event: 5.395 loading class org/gradle/internal/MutableReference
Event: 5.395 loading class org/gradle/internal/MutableReference done
Event: 5.395 loading class org/gradle/internal/operations/DefaultBuildOperationExecutor$DefaultBuildOperationContext
Event: 5.395 loading class org/gradle/internal/operations/DefaultBuildOperationExecutor$DefaultBuildOperationContext done
Event: 5.396 loading class org/gradle/internal/operations/DefaultBuildOperationExecutor$3
Event: 5.396 loading class org/gradle/internal/operations/DefaultBuildOperationExecutor$3 done


Dynamic libraries:
0x00007ff6538a0000 - 0x00007ff6538d1000 	C:\Program Files\Android\Android Studio\jre\bin\java.exe
0x00007ffcb51f0000 - 0x00007ffcb53c2000 	C:\Windows\SYSTEM32\ntdll.dll
0x00007ffcb3b90000 - 0x00007ffcb3c3c000 	C:\Windows\System32\KERNEL32.DLL
0x00007ffcb1e80000 - 0x00007ffcb209d000 	C:\Windows\System32\KERNELBASE.dll
0x00007ffcb3a90000 - 0x00007ffcb3b32000 	C:\Windows\System32\ADVAPI32.dll
0x00007ffcb5150000 - 0x00007ffcb51ee000 	C:\Windows\System32\msvcrt.dll
0x00007ffcb3760000 - 0x00007ffcb37b9000 	C:\Windows\System32\sechost.dll
0x00007ffcb2810000 - 0x00007ffcb2931000 	C:\Windows\System32\RPCRT4.dll
0x00007ffcb2940000 - 0x00007ffcb2aa5000 	C:\Windows\System32\USER32.dll
0x00007ffcb2290000 - 0x00007ffcb22ae000 	C:\Windows\System32\win32u.dll
0x00007ffcb3b50000 - 0x00007ffcb3b84000 	C:\Windows\System32\GDI32.dll
0x00007ffcb20a0000 - 0x00007ffcb2220000 	C:\Windows\System32\gdi32full.dll
0x00007ffca6c10000 - 0x00007ffca6e8a000 	C:\Windows\WinSxS\amd64_microsoft.windows.common-controls_6595b64144ccf1df_6.0.14393.953_none_42151e83c686086b\COMCTL32.dll
0x00007ffcb37c0000 - 0x00007ffcb3a88000 	C:\Windows\System32\combase.dll
0x00007ffcb2680000 - 0x00007ffcb2775000 	C:\Windows\System32\ucrtbase.dll
0x00007ffcb2220000 - 0x00007ffcb228a000 	C:\Windows\System32\bcryptPrimitives.dll
0x00007ffcb27e0000 - 0x00007ffcb280e000 	C:\Windows\System32\IMM32.DLL
0x00007ffcb0ee0000 - 0x00007ffcb0f0f000 	C:\Windows\system32\nvinitx.dll
0x00007ffcb0ed0000 - 0x00007ffcb0eda000 	C:\Windows\SYSTEM32\VERSION.dll
0x0000000070540000 - 0x0000000070612000 	C:\Program Files\Android\Android Studio\jre\jre\bin\msvcr100.dll
0x00000000706f0000 - 0x0000000070f3b000 	C:\Program Files\Android\Android Studio\jre\jre\bin\server\jvm.dll
0x00007ffcb3490000 - 0x00007ffcb3498000 	C:\Windows\System32\PSAPI.DLL
0x00007ffcaef20000 - 0x00007ffcaef29000 	C:\Windows\SYSTEM32\WSOCK32.dll
0x00007ffcb36f0000 - 0x00007ffcb375a000 	C:\Windows\System32\WS2_32.dll
0x00007ffcafb80000 - 0x00007ffcafba3000 	C:\Windows\SYSTEM32\WINMM.dll
0x00007ffcafb50000 - 0x00007ffcafb7b000 	C:\Windows\SYSTEM32\WINMMBASE.dll
0x00007ffcb25d0000 - 0x00007ffcb2612000 	C:\Windows\System32\cfgmgr32.dll
0x00007ffcaea70000 - 0x00007ffcaea7f000 	C:\Program Files\Android\Android Studio\jre\jre\bin\verify.dll
0x00007ffcabb60000 - 0x00007ffcabb89000 	C:\Program Files\Android\Android Studio\jre\jre\bin\java.dll
0x00007ffcabb40000 - 0x00007ffcabb56000 	C:\Program Files\Android\Android Studio\jre\jre\bin\zip.dll
0x00007ffcb3c40000 - 0x00007ffcb5149000 	C:\Windows\System32\SHELL32.dll
0x00007ffcb17a0000 - 0x00007ffcb1e79000 	C:\Windows\System32\windows.storage.dll
0x00007ffcb1680000 - 0x00007ffcb16cc000 	C:\Windows\System32\powrprof.dll
0x00007ffcb31f0000 - 0x00007ffcb3242000 	C:\Windows\System32\shlwapi.dll
0x00007ffcb16e0000 - 0x00007ffcb16ef000 	C:\Windows\System32\kernel.appcore.dll
0x00007ffcb16f0000 - 0x00007ffcb1799000 	C:\Windows\System32\shcore.dll
0x00007ffcb1660000 - 0x00007ffcb1674000 	C:\Windows\System32\profapi.dll
0x00007ffcabb20000 - 0x00007ffcabb3a000 	C:\Program Files\Android\Android Studio\jre\jre\bin\net.dll
0x00007ffcb0f90000 - 0x00007ffcb0fec000 	C:\Windows\system32\mswsock.dll
0x00007ffcabb00000 - 0x00007ffcabb13000 	C:\Program Files\Android\Android Studio\jre\jre\bin\nio.dll
0x00007ffca2840000 - 0x00007ffca2867000 	C:\Users\Site\.gradle\native\f6784746aeab05261644944871eae4fe03e0ef1612fff0a4a95f87b438bc6780\windows-amd64\native-platform.dll
0x00007ffcabd50000 - 0x00007ffcabd5d000 	C:\Program Files\Android\Android Studio\jre\jre\bin\management.dll
0x00007ffcb1130000 - 0x00007ffcb1147000 	C:\Windows\SYSTEM32\CRYPTSP.dll
0x00007ffcb0b50000 - 0x00007ffcb0b83000 	C:\Windows\system32\rsaenh.dll
0x00007ffcb1240000 - 0x00007ffcb126b000 	C:\Windows\SYSTEM32\bcrypt.dll
0x00007ffcb0dd0000 - 0x00007ffcb0def000 	C:\Windows\SYSTEM32\USERENV.dll
0x00007ffcb1150000 - 0x00007ffcb115b000 	C:\Windows\SYSTEM32\CRYPTBASE.dll
0x00007ffcb0cd0000 - 0x00007ffcb0d08000 	C:\Windows\SYSTEM32\IPHLPAPI.DLL
0x00007ffcb3500000 - 0x00007ffcb3508000 	C:\Windows\System32\NSI.dll
0x00007ffcadbc0000 - 0x00007ffcadbd6000 	C:\Windows\SYSTEM32\dhcpcsvc6.DLL
0x00007ffcadba0000 - 0x00007ffcadbba000 	C:\Windows\SYSTEM32\dhcpcsvc.DLL
0x00007ffcadf20000 - 0x00007ffcadf2b000 	C:\Windows\SYSTEM32\WINNSI.DLL

VM Arguments:
jvm_args: -Xmx1536m -Dfile.encoding=windows-1256 -Duser.country=US -Duser.language=en -Duser.variant 
java_command: org.gradle.launcher.daemon.bootstrap.GradleDaemon 6.5
java_class_path (initial): C:\Users\Site\.gradle\wrapper\dists\gradle-6.5-bin\6nifqtx7604sqp1q6g8wikw7p\gradle-6.5\lib\gradle-launcher-6.5.jar
Launcher Type: SUN_STANDARD

Environment Variables:
PATH=C:\Windows\system32;C:\Windows;C:\Windows\System32\Wbem;C:\Windows\System32\WindowsPowerShell\v1.0\;D:\flutter_sdk\flutter\bin;%ANDROID_HOME%\tools;%ANDROID_HOME%\platform-tools;C:\Program Files\Git\cmd
USERNAME=Site
OS=Windows_NT
PROCESSOR_IDENTIFIER=Intel64 Family 6 Model 37 Stepping 5, GenuineIntel



---------------  S Y S T E M  ---------------

OS: Windows 10.0 , 64 bit Build 14393 (10.0.14393.1198)

CPU:total 4 (initial active 4) (2 cores per cpu, 2 threads per core) family 6 model 37 stepping 5, cmov, cx8, fxsr, mmx, sse, sse2, sse3, ssse3, sse4.1, sse4.2, popcnt, ht, tsc, tscinvbit

Memory: 4k page, physical 8182340k(1333912k free), swap 11935660k(5656k free)

vm_info: OpenJDK 64-Bit Server VM (25.242-b01) for windows-amd64 JRE (1.8.0_242-release-1644-b01), built by "builder" with MS VC++ 10.0 (VS2010)

time: Sun Jun 20 11:12:32 2021
timezone: Iran Daylight Time
elapsed time: 5 seconds (0d 0h 0m 5s)

