#
# There is insufficient memory for the Java Runtime Environment to continue.
# Native memory allocation (malloc) failed to allocate 32744 bytes for ChunkPool::allocate
# Possible reasons:
#   The system is out of physical RAM or swap space
#   The process is running with CompressedOops enabled, and the Java Heap may be blocking the growth of the native heap
# Possible solutions:
#   Reduce memory load on the system
#   Increase physical memory or swap space
#   Check if swap backing store is full
#   Decrease Java heap size (-Xmx/-Xms)
#   Decrease number of Java threads
#   Decrease Java thread stack sizes (-Xss)
#   Set larger code cache with -XX:ReservedCodeCacheSize=
#   JVM is running with Unscaled Compressed Oops mode in which the Java heap is
#     placed in the first 4GB address space. The Java Heap base address is the
#     maximum limit for the native heap growth. Please use -XX:HeapBaseMinAddress
#     to set the Java Heap base and to place the Java Heap above 4GB virtual address.
# This output file may be truncated or incomplete.
#
#  Out of Memory Error (allocation.cpp:272), pid=31300, tid=0x0000000000005108
#
# JRE version: OpenJDK Runtime Environment (8.0_242-b01) (build 1.8.0_242-release-1644-b01)
# Java VM: OpenJDK 64-Bit Server VM (25.242-b01 mixed mode windows-amd64 compressed oops)
# Failed to write core dump. Minidumps are not enabled by default on client versions of Windows
#

---------------  T H R E A D  ---------------

Current thread (0x00000000163f9000):  JavaThread "C2 CompilerThread1" daemon [_thread_in_native, id=20744, stack(0x0000000017b40000,0x0000000017c40000)]

Stack: [0x0000000017b40000,0x0000000017c40000]
[error occurred during error reporting (printing stack bounds), id 0xc0000005]

Native frames: (J=compiled Java code, j=interpreted, Vv=VM code, C=native code)


Current CompileTask:
C2:   4439 1568   !   4       java.net.URLClassLoader$1::run (63 bytes)


---------------  P R O C E S S  ---------------

Java Threads: ( => current thread )
  0x0000000019dec800 JavaThread "Cache worker for file hash cache (C:\Users\Site\.gradle\caches\6.5\fileHashes)" [_thread_blocked, id=41664, stack(0x000000001c110000,0x000000001c210000)]
  0x0000000019def000 JavaThread "File lock request listener" [_thread_in_native, id=47072, stack(0x000000001c010000,0x000000001c110000)]
  0x0000000019f29000 JavaThread "Cache worker for journal cache (C:\Users\Site\.gradle\caches\journal-1)" [_thread_blocked, id=26508, stack(0x000000001be10000,0x000000001bf10000)]
  0x0000000018ffc000 JavaThread "Thread-9" [_thread_blocked, id=46304, stack(0x000000001bb10000,0x000000001bc10000)]
  0x00000000195ed800 JavaThread "Stdin handler" [_thread_blocked, id=35420, stack(0x000000001ba10000,0x000000001bb10000)]
  0x00000000195eb000 JavaThread "Asynchronous log dispatcher for DefaultDaemonConnection: socket connection from /127.0.0.1:63862 to /127.0.0.1:63863" [_thread_blocked, id=6396, stack(0x000000001b910000,0x000000001ba10000)]
  0x0000000018a8d000 JavaThread "Daemon worker" [_thread_in_native, id=19772, stack(0x000000001b810000,0x000000001b910000)]
  0x0000000018a8c800 JavaThread "Cancel handler" [_thread_blocked, id=5152, stack(0x000000001b710000,0x000000001b810000)]
  0x0000000019cab800 JavaThread "Handler for socket connection from /127.0.0.1:63862 to /127.0.0.1:63863" [_thread_in_native, id=4752, stack(0x000000001b610000,0x000000001b710000)]
  0x0000000019d19800 JavaThread "Daemon" [_thread_blocked, id=45668, stack(0x000000001b510000,0x000000001b610000)]
  0x0000000019c8e000 JavaThread "Daemon periodic checks" [_thread_blocked, id=22836, stack(0x000000001b210000,0x000000001b310000)]
  0x0000000019c8b800 JavaThread "Incoming local TCP Connector on port 63862" [_thread_in_native, id=41048, stack(0x000000001afe0000,0x000000001b0e0000)]
  0x0000000019b0b800 JavaThread "Daemon health stats" [_thread_blocked, id=7912, stack(0x000000001ace0000,0x000000001ade0000)]
  0x0000000017db3800 JavaThread "Service Thread" daemon [_thread_blocked, id=6236, stack(0x0000000018140000,0x0000000018240000)]
  0x00000000163fd000 JavaThread "C1 CompilerThread2" daemon [_thread_in_native, id=35548, stack(0x0000000017c40000,0x0000000017d40000)]
=>0x00000000163f9000 JavaThread "C2 CompilerThread1" daemon [_thread_in_native, id=20744, stack(0x0000000017b40000,0x0000000017c40000)]
  0x00000000163f5000 JavaThread "C2 CompilerThread0" daemon [_thread_in_native, id=23640, stack(0x0000000017a40000,0x0000000017b40000)]
  0x00000000163f4000 JavaThread "Attach Listener" daemon [_thread_blocked, id=5268, stack(0x0000000017940000,0x0000000017a40000)]
  0x0000000016443800 JavaThread "Signal Dispatcher" daemon [_thread_blocked, id=4704, stack(0x0000000017840000,0x0000000017940000)]
  0x0000000002a7c000 JavaThread "Finalizer" daemon [_thread_blocked, id=5192, stack(0x0000000017650000,0x0000000017750000)]
  0x00000000163d9000 JavaThread "Reference Handler" daemon [_thread_blocked, id=43704, stack(0x0000000017550000,0x0000000017650000)]
  0x0000000000d0d800 JavaThread "main" [_thread_blocked, id=19364, stack(0x0000000002880000,0x0000000002980000)]

Other Threads:
  0x00000000163b5000 VMThread [stack: 0x0000000017450000,0x0000000017550000] [id=26644]
  0x000000001644e800 WatcherThread [stack: 0x0000000018240000,0x0000000018340000] [id=33328]

VM state:not at safepoint (normal execution)

VM Mutex/Monitor currently owned by a thread: None

heap address: 0x00000000a0000000, size: 1536 MB, Compressed Oops mode: 32-bit
Narrow klass base: 0x0000000000000000, Narrow klass shift: 3
Compressed class space size: 1073741824 Address: 0x0000000100000000

Heap:
 PSYoungGen      total 37888K, used 17113K [0x00000000e0000000, 0x00000000e5400000, 0x0000000100000000)
  eden space 32768K, 36% used [0x00000000e0000000,0x00000000e0bbe540,0x00000000e2000000)
  from space 5120K, 99% used [0x00000000e2000000,0x00000000e24f8020,0x00000000e2500000)
  to   space 10240K, 0% used [0x00000000e4a00000,0x00000000e4a00000,0x00000000e5400000)
 ParOldGen       total 86016K, used 6395K [0x00000000a0000000, 0x00000000a5400000, 0x00000000e0000000)
  object space 86016K, 7% used [0x00000000a0000000,0x00000000a063ece8,0x00000000a5400000)
 Metaspace       used 18871K, capacity 19478K, committed 19712K, reserved 1067008K
  class space    used 2581K, capacity 2775K, committed 2816K, reserved 1048576K

Card table byte_map: [0x0000000011e40000,0x0000000012150000] byte_map_base: 0x0000000011940000

Marking Bits: (ParMarkBitMap*) 0x0000000070ebf030
 Begin Bits: [0x0000000012750000, 0x0000000013f50000)
 End Bits:   [0x0000000013f50000, 0x0000000015750000)

Polling page: 0x0000000000d30000

CodeCache: size=245760Kb used=5913Kb max_used=5913Kb free=239846Kb
 bounds [0x0000000002a80000, 0x0000000003050000, 0x0000000011a80000]
 total_blobs=2127 nmethods=1717 adapters=324
 compilation: enabled

Compilation events (10 events):
Event: 4.418 Thread 0x00000000163fd000 nmethod 1724 0x0000000003045f10 code [0x0000000003046100, 0x0000000003046978]
Event: 4.418 Thread 0x00000000163fd000 1725       3       org.objectweb.asm.ByteVector::putByte (39 bytes)
Event: 4.418 Thread 0x00000000163fd000 nmethod 1725 0x0000000003046e10 code [0x0000000003046f80, 0x00000000030471a8]
Event: 4.419 Thread 0x00000000163fd000 1726       3       org.objectweb.asm.Symbol::<init> (38 bytes)
Event: 4.419 Thread 0x00000000163fd000 nmethod 1726 0x00000000030472d0 code [0x0000000003047420, 0x0000000003047630]
Event: 4.419 Thread 0x00000000163fd000 1727       3       org.objectweb.asm.SymbolTable::put (150 bytes)
Event: 4.420 Thread 0x00000000163fd000 nmethod 1727 0x0000000003047710 code [0x00000000030478c0, 0x0000000003047ff0]
Event: 4.421 Thread 0x00000000163fd000 1728       3       org.objectweb.asm.SymbolTable::addConstantUtf8 (98 bytes)
Event: 4.421 Thread 0x00000000163fd000 nmethod 1728 0x0000000003048410 code [0x0000000003048600, 0x0000000003048dd8]
Event: 4.421 Thread 0x00000000163fd000 1729       3       org.objectweb.asm.Frame::execute (2318 bytes)

GC Heap History (10 events):
Event: 1.051 GC heap before
{Heap before GC invocations=1 (full 0):
 PSYoungGen      total 37888K, used 32768K [0x00000000e0000000, 0x00000000e2a00000, 0x0000000100000000)
  eden space 32768K, 100% used [0x00000000e0000000,0x00000000e2000000,0x00000000e2000000)
  from space 5120K, 0% used [0x00000000e2500000,0x00000000e2500000,0x00000000e2a00000)
  to   space 5120K, 0% used [0x00000000e2000000,0x00000000e2000000,0x00000000e2500000)
 ParOldGen       total 86016K, used 0K [0x00000000a0000000, 0x00000000a5400000, 0x00000000e0000000)
  object space 86016K, 0% used [0x00000000a0000000,0x00000000a0000000,0x00000000a5400000)
 Metaspace       used 7256K, capacity 7550K, committed 7680K, reserved 1056768K
  class space    used 895K, capacity 1005K, committed 1024K, reserved 1048576K
Event: 1.062 GC heap after
Heap after GC invocations=1 (full 0):
 PSYoungGen      total 37888K, used 4417K [0x00000000e0000000, 0x00000000e2a00000, 0x0000000100000000)
  eden space 32768K, 0% used [0x00000000e0000000,0x00000000e0000000,0x00000000e2000000)
  from space 5120K, 86% used [0x00000000e2000000,0x00000000e2450628,0x00000000e2500000)
  to   space 5120K, 0% used [0x00000000e2500000,0x00000000e2500000,0x00000000e2a00000)
 ParOldGen       total 86016K, used 8K [0x00000000a0000000, 0x00000000a5400000, 0x00000000e0000000)
  object space 86016K, 0% used [0x00000000a0000000,0x00000000a0002000,0x00000000a5400000)
 Metaspace       used 7256K, capacity 7550K, committed 7680K, reserved 1056768K
  class space    used 895K, capacity 1005K, committed 1024K, reserved 1048576K
}
Event: 1.471 GC heap before
{Heap before GC invocations=2 (full 0):
 PSYoungGen      total 37888K, used 37185K [0x00000000e0000000, 0x00000000e2a00000, 0x0000000100000000)
  eden space 32768K, 100% used [0x00000000e0000000,0x00000000e2000000,0x00000000e2000000)
  from space 5120K, 86% used [0x00000000e2000000,0x00000000e2450628,0x00000000e2500000)
  to   space 5120K, 0% used [0x00000000e2500000,0x00000000e2500000,0x00000000e2a00000)
 ParOldGen       total 86016K, used 8K [0x00000000a0000000, 0x00000000a5400000, 0x00000000e0000000)
  object space 86016K, 0% used [0x00000000a0000000,0x00000000a0002000,0x00000000a5400000)
 Metaspace       used 7503K, capacity 7760K, committed 7936K, reserved 1056768K
  class space    used 916K, capacity 1011K, committed 1024K, reserved 1048576K
Event: 1.477 GC heap after
Heap after GC invocations=2 (full 0):
 PSYoungGen      total 37888K, used 3281K [0x00000000e0000000, 0x00000000e4a00000, 0x0000000100000000)
  eden space 32768K, 0% used [0x00000000e0000000,0x00000000e0000000,0x00000000e2000000)
  from space 5120K, 64% used [0x00000000e2500000,0x00000000e28345f8,0x00000000e2a00000)
  to   space 5120K, 0% used [0x00000000e2000000,0x00000000e2000000,0x00000000e2500000)
 ParOldGen       total 86016K, used 16K [0x00000000a0000000, 0x00000000a5400000, 0x00000000e0000000)
  object space 86016K, 0% used [0x00000000a0000000,0x00000000a0004000,0x00000000a5400000)
 Metaspace       used 7503K, capacity 7760K, committed 7936K, reserved 1056768K
  class space    used 916K, capacity 1011K, committed 1024K, reserved 1048576K
}
Event: 2.993 GC heap before
{Heap before GC invocations=3 (full 0):
 PSYoungGen      total 37888K, used 36049K [0x00000000e0000000, 0x00000000e4a00000, 0x0000000100000000)
  eden space 32768K, 100% used [0x00000000e0000000,0x00000000e2000000,0x00000000e2000000)
  from space 5120K, 64% used [0x00000000e2500000,0x00000000e28345f8,0x00000000e2a00000)
  to   space 5120K, 0% used [0x00000000e2000000,0x00000000e2000000,0x00000000e2500000)
 ParOldGen       total 86016K, used 16K [0x00000000a0000000, 0x00000000a5400000, 0x00000000e0000000)
  object space 86016K, 0% used [0x00000000a0000000,0x00000000a0004000,0x00000000a5400000)
 Metaspace       used 11968K, capacity 12276K, committed 12544K, reserved 1060864K
  class space    used 1584K, capacity 1682K, committed 1792K, reserved 1048576K
Event: 3.001 GC heap after
Heap after GC invocations=3 (full 0):
 PSYoungGen      total 37888K, used 5120K [0x00000000e0000000, 0x00000000e2a00000, 0x0000000100000000)
  eden space 32768K, 0% used [0x00000000e0000000,0x00000000e0000000,0x00000000e2000000)
  from space 5120K, 100% used [0x00000000e2000000,0x00000000e2500000,0x00000000e2500000)
  to   space 5120K, 0% used [0x00000000e2500000,0x00000000e2500000,0x00000000e2a00000)
 ParOldGen       total 86016K, used 958K [0x00000000a0000000, 0x00000000a5400000, 0x00000000e0000000)
  object space 86016K, 1% used [0x00000000a0000000,0x00000000a00ef930,0x00000000a5400000)
 Metaspace       used 11968K, capacity 12276K, committed 12544K, reserved 1060864K
  class space    used 1584K, capacity 1682K, committed 1792K, reserved 1048576K
}
Event: 3.493 GC heap before
{Heap before GC invocations=4 (full 0):
 PSYoungGen      total 37888K, used 37864K [0x00000000e0000000, 0x00000000e2a00000, 0x0000000100000000)
  eden space 32768K, 99% used [0x00000000e0000000,0x00000000e1ffa0c0,0x00000000e2000000)
  from space 5120K, 100% used [0x00000000e2000000,0x00000000e2500000,0x00000000e2500000)
  to   space 5120K, 0% used [0x00000000e2500000,0x00000000e2500000,0x00000000e2a00000)
 ParOldGen       total 86016K, used 958K [0x00000000a0000000, 0x00000000a5400000, 0x00000000e0000000)
  object space 86016K, 1% used [0x00000000a0000000,0x00000000a00ef930,0x00000000a5400000)
 Metaspace       used 14703K, capacity 15222K, committed 15488K, reserved 1062912K
  class space    used 2001K, capacity 2153K, committed 2176K, reserved 1048576K
Event: 3.508 GC heap after
Heap after GC invocations=4 (full 0):
 PSYoungGen      total 37888K, used 5103K [0x00000000e0000000, 0x00000000e4a00000, 0x0000000100000000)
  eden space 32768K, 0% used [0x00000000e0000000,0x00000000e0000000,0x00000000e2000000)
  from space 5120K, 99% used [0x00000000e2500000,0x00000000e29fbc40,0x00000000e2a00000)
  to   space 5120K, 0% used [0x00000000e2000000,0x00000000e2000000,0x00000000e2500000)
 ParOldGen       total 86016K, used 3317K [0x00000000a0000000, 0x00000000a5400000, 0x00000000e0000000)
  object space 86016K, 3% used [0x00000000a0000000,0x00000000a033d688,0x00000000a5400000)
 Metaspace       used 14703K, capacity 15222K, committed 15488K, reserved 1062912K
  class space    used 2001K, capacity 2153K, committed 2176K, reserved 1048576K
}
Event: 4.122 GC heap before
{Heap before GC invocations=5 (full 0):
 PSYoungGen      total 37888K, used 37871K [0x00000000e0000000, 0x00000000e4a00000, 0x0000000100000000)
  eden space 32768K, 100% used [0x00000000e0000000,0x00000000e2000000,0x00000000e2000000)
  from space 5120K, 99% used [0x00000000e2500000,0x00000000e29fbc40,0x00000000e2a00000)
  to   space 5120K, 0% used [0x00000000e2000000,0x00000000e2000000,0x00000000e2500000)
 ParOldGen       total 86016K, used 3317K [0x00000000a0000000, 0x00000000a5400000, 0x00000000e0000000)
  object space 86016K, 3% used [0x00000000a0000000,0x00000000a033d688,0x00000000a5400000)
 Metaspace       used 17590K, capacity 18180K, committed 18560K, reserved 1064960K
  class space    used 2400K, capacity 2564K, committed 2688K, reserved 1048576K
Event: 4.140 GC heap after
Heap after GC invocations=5 (full 0):
 PSYoungGen      total 37888K, used 5088K [0x00000000e0000000, 0x00000000e5400000, 0x0000000100000000)
  eden space 32768K, 0% used [0x00000000e0000000,0x00000000e0000000,0x00000000e2000000)
  from space 5120K, 99% used [0x00000000e2000000,0x00000000e24f8020,0x00000000e2500000)
  to   space 10240K, 0% used [0x00000000e4a00000,0x00000000e4a00000,0x00000000e5400000)
 ParOldGen       total 86016K, used 6395K [0x00000000a0000000, 0x00000000a5400000, 0x00000000e0000000)
  object space 86016K, 7% used [0x00000000a0000000,0x00000000a063ece8,0x00000000a5400000)
 Metaspace       used 17590K, capacity 18180K, committed 18560K, reserved 1064960K
  class space    used 2400K, capacity 2564K, committed 2688K, reserved 1048576K
}

Deoptimization events (10 events):
Event: 3.393 Thread 0x0000000018a8d000 Uncommon trap: reason=class_check action=maybe_recompile pc=0x0000000002dba818 method=java.util.regex.Matcher.match(II)Z @ 86
Event: 3.393 Thread 0x0000000018a8d000 Uncommon trap: reason=class_check action=maybe_recompile pc=0x0000000002c3be0c method=java.util.regex.Matcher.match(II)Z @ 86
Event: 3.564 Thread 0x0000000018a8d000 Uncommon trap: reason=unstable_if action=reinterpret pc=0x0000000002da06d0 method=java.io.File.getName()Ljava/lang/String; @ 16
Event: 3.564 Thread 0x0000000018a8d000 Uncommon trap: reason=unstable_if action=reinterpret pc=0x0000000002d977c8 method=java.lang.String.substring(I)Ljava/lang/String; @ 35
Event: 3.909 Thread 0x0000000018a8d000 Uncommon trap: reason=unstable_if action=reinterpret pc=0x0000000002d9fe70 method=java.util.LinkedHashMap.afterNodeInsertion(Z)V @ 1
Event: 3.914 Thread 0x0000000018a8d000 Uncommon trap: reason=unstable_if action=reinterpret pc=0x0000000002ce6484 method=java.util.HashMap.getNode(ILjava/lang/Object;)Ljava/util/HashMap$Node; @ 129
Event: 3.914 Thread 0x0000000018a8d000 Uncommon trap: reason=bimorphic action=maybe_recompile pc=0x0000000002f66c84 method=java.util.HashMap.putVal(ILjava/lang/Object;Ljava/lang/Object;ZZ)Ljava/lang/Object; @ 203
Event: 3.920 Thread 0x0000000018a8d000 Uncommon trap: reason=unstable_if action=reinterpret pc=0x0000000002cd71d0 method=java.util.HashMap.getNode(ILjava/lang/Object;)Ljava/util/HashMap$Node; @ 129
Event: 3.920 Thread 0x0000000018a8d000 Uncommon trap: reason=bimorphic action=maybe_recompile pc=0x0000000002f66c84 method=java.util.HashMap.putVal(ILjava/lang/Object;Ljava/lang/Object;ZZ)Ljava/lang/Object; @ 203
Event: 4.196 Thread 0x0000000018a8d000 Uncommon trap: reason=unstable_if action=reinterpret pc=0x0000000002f9904c method=java.util.jar.Attributes$Name.isDigit(C)Z @ 3

Classes redefined (0 events):
No events

Internal exceptions (10 events):
Event: 2.979 Thread 0x0000000019cab800 Exception <a 'java/lang/NoSuchMethodError': <clinit>> (0x00000000e1f8aa80) thrown at [C:\src\AOSP-openjdk-git\hotspot\src\share\vm\prims\jni.cpp, line 1615]
Event: 2.981 Thread 0x0000000019cab800 Exception <a 'java/lang/NoSuchMethodError': <clinit>> (0x00000000e1f9f050) thrown at [C:\src\AOSP-openjdk-git\hotspot\src\share\vm\prims\jni.cpp, line 1615]
Event: 3.004 Thread 0x0000000019cab800 Exception <a 'java/lang/NoSuchMethodError': <clinit>> (0x00000000e000c138) thrown at [C:\src\AOSP-openjdk-git\hotspot\src\share\vm\prims\jni.cpp, line 1615]
Event: 3.014 Thread 0x0000000019cab800 Exception <a 'java/lang/NoSuchMethodError': <clinit>> (0x00000000e00465f0) thrown at [C:\src\AOSP-openjdk-git\hotspot\src\share\vm\prims\jni.cpp, line 1615]
Event: 3.024 Thread 0x0000000019cab800 Exception <a 'java/lang/NoSuchMethodError': <clinit>> (0x00000000e007c278) thrown at [C:\src\AOSP-openjdk-git\hotspot\src\share\vm\prims\jni.cpp, line 1615]
Event: 3.025 Thread 0x0000000019cab800 Exception <a 'java/lang/NoSuchMethodError': <clinit>> (0x00000000e0088880) thrown at [C:\src\AOSP-openjdk-git\hotspot\src\share\vm\prims\jni.cpp, line 1615]
Event: 3.612 Thread 0x0000000018a8d000 Exception <a 'java/lang/NoSuchMethodError': java.lang.Object.lambda$and$0(Ljava/util/function/Predicate;Ljava/lang/Object;)Z> (0x00000000e04a93f0) thrown at [C:\src\AOSP-openjdk-git\hotspot\src\share\vm\interpreter\linkResolver.cpp, line 620]
Event: 3.621 Thread 0x0000000018a8d000 Exception <a 'java/lang/IncompatibleClassChangeError': Found class java.lang.Object, but interface was expected> (0x00000000e04b96f8) thrown at [C:\src\AOSP-openjdk-git\hotspot\src\share\vm\interpreter\linkResolver.cpp, line 653]
Event: 3.624 Thread 0x0000000018a8d000 Exception <a 'java/lang/NoSuchMethodError': java.lang.Object.lambda$or$2(Ljava/util/function/Predicate;Ljava/lang/Object;)Z> (0x00000000e04be248) thrown at [C:\src\AOSP-openjdk-git\hotspot\src\share\vm\interpreter\linkResolver.cpp, line 620]
Event: 4.008 Thread 0x0000000018a8d000 Exception <a 'java/lang/NoSuchMethodError': java.lang.Object.lambda$static$0(Lorg/gradle/internal/state/ModelObject;)Ljava/lang/String;> (0x00000000e1c75df8) thrown at [C:\src\AOSP-openjdk-git\hotspot\src\share\vm\interpreter\linkResolver.cpp, line 620]

Events (10 events):
Event: 4.390 loading class org/gradle/api/plugins/PluginCollection
Event: 4.390 loading class org/gradle/api/plugins/PluginCollection done
Event: 4.392 loading class org/gradle/configuration/ConfigurationTargetIdentifier
Event: 4.392 loading class org/gradle/configuration/ConfigurationTargetIdentifier done
Event: 4.404 loading class javax/annotation/Nullable
Event: 4.404 loading class javax/annotation/Nullable done
Event: 4.405 loading class javax/annotation/Nonnull
Event: 4.405 loading class javax/annotation/Nonnull done
Event: 4.412 loading class org/gradle/api/Incubating
Event: 4.412 loading class org/gradle/api/Incubating done


Dynamic libraries:
0x00007ff6538a0000 - 0x00007ff6538d1000 	C:\Program Files\Android\Android Studio\jre\bin\java.exe
0x00007ffcb51f0000 - 0x00007ffcb53c2000 	C:\Windows\SYSTEM32\ntdll.dll
0x00007ffcb3b90000 - 0x00007ffcb3c3c000 	C:\Windows\System32\KERNEL32.DLL
0x00007ffcb1e80000 - 0x00007ffcb209d000 	C:\Windows\System32\KERNELBASE.dll
0x00007ffcb3a90000 - 0x00007ffcb3b32000 	C:\Windows\System32\ADVAPI32.dll
0x00007ffcb5150000 - 0x00007ffcb51ee000 	C:\Windows\System32\msvcrt.dll
0x00007ffcb3760000 - 0x00007ffcb37b9000 	C:\Windows\System32\sechost.dll
0x00007ffcb2810000 - 0x00007ffcb2931000 	C:\Windows\System32\RPCRT4.dll
0x00007ffcb2940000 - 0x00007ffcb2aa5000 	C:\Windows\System32\USER32.dll
0x00007ffcb2290000 - 0x00007ffcb22ae000 	C:\Windows\System32\win32u.dll
0x00007ffcb3b50000 - 0x00007ffcb3b84000 	C:\Windows\System32\GDI32.dll
0x00007ffcb20a0000 - 0x00007ffcb2220000 	C:\Windows\System32\gdi32full.dll
0x00007ffca6c10000 - 0x00007ffca6e8a000 	C:\Windows\WinSxS\amd64_microsoft.windows.common-controls_6595b64144ccf1df_6.0.14393.953_none_42151e83c686086b\COMCTL32.dll
0x00007ffcb37c0000 - 0x00007ffcb3a88000 	C:\Windows\System32\combase.dll
0x00007ffcb2680000 - 0x00007ffcb2775000 	C:\Windows\System32\ucrtbase.dll
0x00007ffcb2220000 - 0x00007ffcb228a000 	C:\Windows\System32\bcryptPrimitives.dll
0x00007ffcb27e0000 - 0x00007ffcb280e000 	C:\Windows\System32\IMM32.DLL
0x00007ffcb0ee0000 - 0x00007ffcb0f0f000 	C:\Windows\system32\nvinitx.dll
0x00007ffcb0ed0000 - 0x00007ffcb0eda000 	C:\Windows\SYSTEM32\VERSION.dll
0x0000000070540000 - 0x0000000070612000 	C:\Program Files\Android\Android Studio\jre\jre\bin\msvcr100.dll
0x00000000706f0000 - 0x0000000070f3b000 	C:\Program Files\Android\Android Studio\jre\jre\bin\server\jvm.dll
0x00007ffcb3490000 - 0x00007ffcb3498000 	C:\Windows\System32\PSAPI.DLL
0x00007ffcaef20000 - 0x00007ffcaef29000 	C:\Windows\SYSTEM32\WSOCK32.dll
0x00007ffcafb80000 - 0x00007ffcafba3000 	C:\Windows\SYSTEM32\WINMM.dll
0x00007ffcb36f0000 - 0x00007ffcb375a000 	C:\Windows\System32\WS2_32.dll
0x0000000000cd0000 - 0x0000000000cfb000 	C:\Windows\SYSTEM32\WINMMBASE.dll
0x00007ffcb25d0000 - 0x00007ffcb2612000 	C:\Windows\System32\cfgmgr32.dll
0x00007ffcaea70000 - 0x00007ffcaea7f000 	C:\Program Files\Android\Android Studio\jre\jre\bin\verify.dll
0x00007ffcabb60000 - 0x00007ffcabb89000 	C:\Program Files\Android\Android Studio\jre\jre\bin\java.dll
0x00007ffcabb40000 - 0x00007ffcabb56000 	C:\Program Files\Android\Android Studio\jre\jre\bin\zip.dll
0x00007ffcb3c40000 - 0x00007ffcb5149000 	C:\Windows\System32\SHELL32.dll
0x00007ffcb17a0000 - 0x00007ffcb1e79000 	C:\Windows\System32\windows.storage.dll
0x00007ffcb1680000 - 0x00007ffcb16cc000 	C:\Windows\System32\powrprof.dll
0x00007ffcb31f0000 - 0x00007ffcb3242000 	C:\Windows\System32\shlwapi.dll
0x00007ffcb16e0000 - 0x00007ffcb16ef000 	C:\Windows\System32\kernel.appcore.dll
0x00007ffcb16f0000 - 0x00007ffcb1799000 	C:\Windows\System32\shcore.dll
0x00007ffcb1660000 - 0x00007ffcb1674000 	C:\Windows\System32\profapi.dll
0x00007ffcabb20000 - 0x00007ffcabb3a000 	C:\Program Files\Android\Android Studio\jre\jre\bin\net.dll
0x00007ffcb0f90000 - 0x00007ffcb0fec000 	C:\Windows\system32\mswsock.dll
0x00007ffcabb00000 - 0x00007ffcabb13000 	C:\Program Files\Android\Android Studio\jre\jre\bin\nio.dll
0x00007ffca2840000 - 0x00007ffca2867000 	C:\Users\Site\.gradle\native\f6784746aeab05261644944871eae4fe03e0ef1612fff0a4a95f87b438bc6780\windows-amd64\native-platform.dll
0x00007ffcabd50000 - 0x00007ffcabd5d000 	C:\Program Files\Android\Android Studio\jre\jre\bin\management.dll
0x00007ffcb1130000 - 0x00007ffcb1147000 	C:\Windows\SYSTEM32\CRYPTSP.dll
0x00007ffcb0b50000 - 0x00007ffcb0b83000 	C:\Windows\system32\rsaenh.dll
0x00007ffcb1240000 - 0x00007ffcb126b000 	C:\Windows\SYSTEM32\bcrypt.dll
0x00007ffcb0dd0000 - 0x00007ffcb0def000 	C:\Windows\SYSTEM32\USERENV.dll
0x00007ffcb1150000 - 0x00007ffcb115b000 	C:\Windows\SYSTEM32\CRYPTBASE.dll
0x00007ffcb0cd0000 - 0x00007ffcb0d08000 	C:\Windows\SYSTEM32\IPHLPAPI.DLL
0x00007ffcb3500000 - 0x00007ffcb3508000 	C:\Windows\System32\NSI.dll
0x00007ffcadbc0000 - 0x00007ffcadbd6000 	C:\Windows\SYSTEM32\dhcpcsvc6.DLL
0x00007ffcadba0000 - 0x00007ffcadbba000 	C:\Windows\SYSTEM32\dhcpcsvc.DLL
0x00007ffcadf20000 - 0x00007ffcadf2b000 	C:\Windows\SYSTEM32\WINNSI.DLL

VM Arguments:
jvm_args: -Xmx1536m -Dfile.encoding=windows-1256 -Duser.country=US -Duser.language=en -Duser.variant 
java_command: org.gradle.launcher.daemon.bootstrap.GradleDaemon 6.5
java_class_path (initial): C:\Users\Site\.gradle\wrapper\dists\gradle-6.5-bin\6nifqtx7604sqp1q6g8wikw7p\gradle-6.5\lib\gradle-launcher-6.5.jar
Launcher Type: SUN_STANDARD

Environment Variables:
PATH=C:\Windows\system32;C:\Windows;C:\Windows\System32\Wbem;C:\Windows\System32\WindowsPowerShell\v1.0\;D:\flutter_sdk\flutter\bin;%ANDROID_HOME%\tools;%ANDROID_HOME%\platform-tools;C:\Program Files\Git\cmd
USERNAME=Site
OS=Windows_NT
PROCESSOR_IDENTIFIER=Intel64 Family 6 Model 37 Stepping 5, GenuineIntel



---------------  S Y S T E M  ---------------

OS: Windows 10.0 , 64 bit Build 14393 (10.0.14393.1198)

CPU:total 4 (initial active 4) (2 cores per cpu, 2 threads per core) family 6 model 37 stepping 5, cmov, cx8, fxsr, mmx, sse, sse2, sse3, ssse3, sse4.1, sse4.2, popcnt, ht, tsc, tscinvbit

Memory: 4k page, physical 8182340k(1142196k free), swap 11935660k(7700k free)

vm_info: OpenJDK 64-Bit Server VM (25.242-b01) for windows-amd64 JRE (1.8.0_242-release-1644-b01), built by "builder" with MS VC++ 10.0 (VS2010)

time: Sun Jun 20 11:11:05 2021
timezone: Iran Daylight Time
elapsed time: 4 seconds (0d 0h 0m 4s)

