#
# A fatal error has been detected by the Java Runtime Environment:
#
#  EXCEPTION_ACCESS_VIOLATION (0xc0000005) at pc=0x000000005040f93b, pid=42984, tid=0x0000000000007cc0
#
# JRE version: OpenJDK Runtime Environment (8.0_242-b01) (build 1.8.0_242-release-1644-b01)
# Java VM: OpenJDK 64-Bit Server VM (25.242-b01 mixed mode windows-amd64 compressed oops)
# Problematic frame:
# V  [jvm.dll+0xef93b]
#
# Failed to write core dump. Minidumps are not enabled by default on client versions of Windows
#
# If you would like to submit a bug report, please visit:
#   
#

---------------  T H R E A D  ---------------

Current thread (0x0000000002ce8800):  GCTaskThread [stack: 0x00000000127a0000,0x00000000128a0000] [id=31936]

siginfo: ExceptionCode=0xc0000005, reading address 0x0000000000000070

Registers:
RAX=0x0000000012aa0000, RBX=0x00000000ae9985b8, RCX=0x0000000000000003, RDX=0x0000000000000001
RSP=0x000000001289fbd0, RBP=0x00000000af9f4e08, RSI=0x0000000000000003, RDI=0x00000000166a3fe0
R8 =0x0000000000000068, R9 =0x0000000000000003, R10=0x000000000000000c, R11=0x0000000000001fae
R12=0x00000000af9f4e0c, R13=0x0000000100cda280, R14=0x0000000100cda288, R15=0x00000000af9f4dc8
RIP=0x000000005040f93b, EFLAGS=0x0000000000010202

Top of Stack: (sp=0x000000001289fbd0)
0x000000001289fbd0:   00000000af9f4f40 00000000af9f4de8
0x000000001289fbe0:   0000000000000003 00000000166a3fe0
0x000000001289fbf0:   0000000000000000 0000000002ce8f00
0x000000001289fc00:   0000000002cde0b0 00000000af8998b0
0x000000001289fc10:   0000000000001fab 00000000506e9af0
0x000000001289fc20:   0000000016e49db0 0000000000004600
0x000000001289fc30:   00000000166a3fe0 000000005093c4d8
0x000000001289fc40:   00000ba200001f29 00000ba300001f29
0x000000001289fc50:   00000000af89a8ac 00000000af8998b0
0x000000001289fc60:   0000000000004600 0000000050435b41
0x000000001289fc70:   00000000166a8d60 000009a8000000a6
0x000000001289fc80:   0000000002ce8800 0000000002cde0b0
0x000000001289fc90:   0000000002ce8f10 0000000002ce8f00
0x000000001289fca0:   000000005093c4d8 0000000000000001
0x000000001289fcb0:   000000001d858550 0000000000000000
0x000000001289fcc0:   00000000166a3fe0 00000000506e7370 

Instructions: (pc=0x000000005040f93b)
0x000000005040f91b:   6d 00 84 d2 74 16 44 8b 43 08 8b 0d 8d 5d 67 00
0x000000005040f92b:   49 d3 e0 4c 03 05 7b 5d 67 00 eb 04 4c 8b 43 08
0x000000005040f93b:   45 8b 48 08 45 85 c9 7e 0c 41 f6 c1 01 75 4b 41
0x000000005040f94b:   c1 f9 03 eb 57 79 43 84 d2 41 8b c9 b8 10 00 00 


Register to memory mapping:

RAX=0x0000000012aa0000 is an unknown value
RBX=0x00000000ae9985b8 is pointing into object: 0x00000000ae998598
com.android.tools.r8.graph.U 
 - klass: 'com/android/tools/r8/graph/U'
RCX=0x0000000000000003 is an unknown value
RDX=0x0000000000000001 is an unknown value
RSP=0x000000001289fbd0 is an unknown value
RBP=0x00000000af9f4e08 is pointing into object: 0x00000000af9f4dc8
com.android.tools.r8.graph.W 
 - klass: 'com/android/tools/r8/graph/W'
RSI=0x0000000000000003 is an unknown value
RDI=0x00000000166a3fe0 is an unknown value
R8 =0x0000000000000068 is an unknown value
R9 =0x0000000000000003 is an unknown value
R10=0x000000000000000c is an unknown value
R11=0x0000000000001fae is an unknown value
R12=0x00000000af9f4e0c is pointing into object: 0x00000000af9f4dc8
com.android.tools.r8.graph.W 
 - klass: 'com/android/tools/r8/graph/W'
R13=0x0000000100cda280 is pointing into metadata
R14=0x0000000100cda288 is pointing into metadata
R15=0x00000000af9f4dc8 is an oop
com.android.tools.r8.graph.W 
 - klass: 'com/android/tools/r8/graph/W'


Stack: [0x00000000127a0000,0x00000000128a0000],  sp=0x000000001289fbd0,  free space=1022k
Native frames: (J=compiled Java code, j=interpreted, Vv=VM code, C=native code)
V  [jvm.dll+0xef93b]
V  [jvm.dll+0x3c9af0]
V  [jvm.dll+0x3c7370]
V  [jvm.dll+0x3c482e]
V  [jvm.dll+0x27276a]
C  [msvcr100.dll+0x21d9f]
C  [msvcr100.dll+0x21e3b]
C  [KERNEL32.DLL+0x8364]
C  [ntdll.dll+0x67091]


---------------  P R O C E S S  ---------------

Java Threads: ( => current thread )
  0x000000001a934000 JavaThread "ForkJoinPool-1-worker-1" daemon [_thread_blocked, id=22700, stack(0x000000002fd40000,0x000000002fe40000)]
  0x000000001a937800 JavaThread "RMI TCP Connection(2)-127.0.0.1" daemon [_thread_in_native, id=27208, stack(0x000000002fa40000,0x000000002fb40000)]
  0x000000001a938800 JavaThread "RMI Reaper" [_thread_blocked, id=984, stack(0x000000002f940000,0x000000002fa40000)]
  0x000000001a930000 JavaThread "RMI TCP Accept-0" daemon [_thread_in_native, id=18348, stack(0x000000002f840000,0x000000002f940000)]
  0x000000001a937000 JavaThread "GC Daemon" daemon [_thread_blocked, id=45020, stack(0x000000002f740000,0x000000002f840000)]
  0x000000001a92f800 JavaThread "RMI Scheduler(0)" daemon [_thread_blocked, id=25444, stack(0x000000002f540000,0x000000002f640000)]
  0x000000001a934800 JavaThread "stdout" [_thread_in_native, id=42344, stack(0x000000002f340000,0x000000002f440000)]
  0x000000001a931000 JavaThread "stderr" [_thread_in_native, id=36776, stack(0x000000002f240000,0x000000002f340000)]
  0x000000001a928000 JavaThread "pool-2-thread-1" [_thread_blocked, id=39520, stack(0x000000002f140000,0x000000002f240000)]
  0x000000001a926800 JavaThread "WorkerExecutor Queue Thread 4" [_thread_blocked, id=25788, stack(0x000000002f040000,0x000000002f140000)]
  0x000000001a92c800 JavaThread "WorkerExecutor Queue Thread 3" [_thread_blocked, id=23624, stack(0x000000002ef40000,0x000000002f040000)]
  0x000000001a928800 JavaThread "WorkerExecutor Queue Thread 2" [_thread_blocked, id=42104, stack(0x000000002ee40000,0x000000002ef40000)]
  0x000000001a92e000 JavaThread "WorkerExecutor Queue" [_thread_blocked, id=5028, stack(0x000000002ed40000,0x000000002ee40000)]
  0x000000001a92a000 JavaThread "Cache worker for execution history cache (D:\Android\project_run\turkiye\.gradle\6.5\executionHistory)" [_thread_blocked, id=17820, stack(0x000000002e440000,0x000000002e540000)]
  0x000000001a929800 JavaThread "Execution worker for ':' Thread 3" [_thread_blocked, id=34480, stack(0x000000002e340000,0x000000002e440000)]
  0x000000001a92b000 JavaThread "Execution worker for ':' Thread 2" [_thread_blocked, id=26072, stack(0x000000002e240000,0x000000002e340000)]
  0x0000000018eb8000 JavaThread "Execution worker for ':'" [_thread_blocked, id=23572, stack(0x000000002e140000,0x000000002e240000)]
  0x0000000018eb9800 JavaThread "Cache worker for file content cache (D:\Android\project_run\turkiye\.gradle\6.5\fileContent)" [_thread_blocked, id=18780, stack(0x000000002d790000,0x000000002d890000)]
  0x0000000018eba000 JavaThread "Memory manager" [_thread_blocked, id=31212, stack(0x000000002d450000,0x000000002d550000)]
  0x0000000018eb0800 JavaThread "pool-1-thread-1" [_thread_blocked, id=30284, stack(0x000000002b380000,0x000000002b480000)]
  0x0000000018eb5800 JavaThread "Cache worker for Build Output Cleanup Cache (D:\Android\project_run\turkiye\.gradle\buildOutputCleanup)" [_thread_blocked, id=26268, stack(0x000000002b280000,0x000000002b380000)]
  0x000000001d05a800 JavaThread "Build operations Thread 4" [_thread_blocked, id=11192, stack(0x0000000021980000,0x0000000021a80000)]
  0x000000001d052800 JavaThread "Build operations Thread 3" [_thread_blocked, id=28368, stack(0x0000000021880000,0x0000000021980000)]
  0x000000001d054000 JavaThread "Build operations Thread 2" [_thread_blocked, id=28200, stack(0x0000000021780000,0x0000000021880000)]
  0x000000001d059000 JavaThread "Build operations" [_thread_blocked, id=27160, stack(0x0000000021680000,0x0000000021780000)]
  0x000000001d058000 JavaThread "Cache worker for file content cache (C:\Users\Site\.gradle\caches\6.5\fileContent)" [_thread_blocked, id=27704, stack(0x0000000020880000,0x0000000020980000)]
  0x000000001949f800 JavaThread "Cache worker for execution history cache (C:\Users\Site\.gradle\caches\6.5\executionHistory)" [_thread_blocked, id=28340, stack(0x000000001f000000,0x000000001f100000)]
  0x00000000194a0800 JavaThread "Cache worker for cache directory md-rule (C:\Users\Site\.gradle\caches\6.5\md-rule)" [_thread_blocked, id=39168, stack(0x000000001ef00000,0x000000001f000000)]
  0x00000000194a3800 JavaThread "Cache worker for cache directory md-supplier (C:\Users\Site\.gradle\caches\6.5\md-supplier)" [_thread_blocked, id=29068, stack(0x000000001eba0000,0x000000001eca0000)]
  0x00000000194a3000 JavaThread "Cache worker for checksums cache (D:\Android\project_run\turkiye\.gradle\checksums)" [_thread_blocked, id=28588, stack(0x000000001eaa0000,0x000000001eba0000)]
  0x000000001949f000 JavaThread "Cache worker for file hash cache (D:\Android\project_run\turkiye\.gradle\6.5\fileHashes)" [_thread_blocked, id=29044, stack(0x000000001e7a0000,0x000000001e8a0000)]
  0x00000000194a1800 JavaThread "Cache worker for file hash cache (C:\Users\Site\.gradle\caches\6.5\fileHashes)" [_thread_blocked, id=2212, stack(0x000000001d4d0000,0x000000001d5d0000)]
  0x000000001949e000 JavaThread "File lock request listener" [_thread_in_native, id=32220, stack(0x000000001c400000,0x000000001c500000)]
  0x00000000194a2000 JavaThread "Cache worker for journal cache (C:\Users\Site\.gradle\caches\journal-1)" [_thread_blocked, id=37520, stack(0x000000001c200000,0x000000001c300000)]
  0x000000001996c800 JavaThread "Thread-9" [_thread_blocked, id=31268, stack(0x000000001bf00000,0x000000001c000000)]
  0x0000000018d5b800 JavaThread "Asynchronous log dispatcher for DefaultDaemonConnection: socket connection from /127.0.0.1:59221 to /127.0.0.1:59222" [_thread_blocked, id=4164, stack(0x000000001bd00000,0x000000001be00000)]
  0x0000000019a48000 JavaThread "Daemon worker" [_thread_blocked, id=17228, stack(0x000000001bc00000,0x000000001bd00000)]
  0x0000000019a47800 JavaThread "Cancel handler" [_thread_blocked, id=37688, stack(0x000000001bb00000,0x000000001bc00000)]
  0x000000001977d800 JavaThread "Handler for socket connection from /127.0.0.1:59221 to /127.0.0.1:59222" [_thread_in_native, id=42252, stack(0x000000001ba00000,0x000000001bb00000)]
  0x000000001977d000 JavaThread "Daemon" [_thread_blocked, id=28724, stack(0x000000001b900000,0x000000001ba00000)]
  0x00000000183ba800 JavaThread "Daemon periodic checks" [_thread_blocked, id=12680, stack(0x000000001b600000,0x000000001b700000)]
  0x000000001a1f9800 JavaThread "Incoming local TCP Connector on port 59221" [_thread_in_native, id=30668, stack(0x000000001b3d0000,0x000000001b4d0000)]
  0x0000000018938800 JavaThread "Daemon health stats" [_thread_blocked, id=31056, stack(0x000000001b0d0000,0x000000001b1d0000)]
  0x0000000018149000 JavaThread "Service Thread" daemon [_thread_blocked, id=17100, stack(0x00000000184d0000,0x00000000185d0000)]
  0x000000001676d800 JavaThread "C1 CompilerThread2" daemon [_thread_blocked, id=36500, stack(0x0000000017fd0000,0x00000000180d0000)]
  0x0000000016769000 JavaThread "C2 CompilerThread1" daemon [_thread_blocked, id=3812, stack(0x0000000017ed0000,0x0000000017fd0000)]
  0x0000000016765800 JavaThread "C2 CompilerThread0" daemon [_thread_blocked, id=37012, stack(0x0000000017dd0000,0x0000000017ed0000)]
  0x00000000167b1000 JavaThread "Attach Listener" daemon [_thread_blocked, id=18488, stack(0x0000000017cd0000,0x0000000017dd0000)]
  0x00000000167b0800 JavaThread "Signal Dispatcher" daemon [_thread_blocked, id=39976, stack(0x0000000017bd0000,0x0000000017cd0000)]
  0x0000000002dc5000 JavaThread "Finalizer" daemon [_thread_blocked, id=3168, stack(0x00000000179c0000,0x0000000017ac0000)]
  0x0000000016749000 JavaThread "Reference Handler" daemon [_thread_blocked, id=8596, stack(0x00000000178c0000,0x00000000179c0000)]
  0x00000000009dd800 JavaThread "main" [_thread_blocked, id=34668, stack(0x0000000002b90000,0x0000000002c90000)]

Other Threads:
  0x0000000016725000 VMThread [stack: 0x00000000177c0000,0x00000000178c0000] [id=42576]
  0x000000001814b000 WatcherThread [stack: 0x00000000185d0000,0x00000000186d0000] [id=31664]

=>0x0000000002ce8800 (exited) GCTaskThread [stack: 0x00000000127a0000,0x00000000128a0000] [id=31936]

VM state:at safepoint (normal execution)

VM Mutex/Monitor currently owned by a thread:  ([mutex/lock_event])
[0x00000000009dc3d0] Threads_lock - owner thread: 0x0000000016725000
[0x00000000009dc4d0] Heap_lock - owner thread: 0x0000000019a48000

heap address: 0x00000000a0000000, size: 1536 MB, Compressed Oops mode: 32-bit
Narrow klass base: 0x0000000000000000, Narrow klass shift: 3
Compressed class space size: 1073741824 Address: 0x0000000100000000

Heap:
 PSYoungGen      total 418816K, used 21462K [0x00000000e0000000, 0x0000000100000000, 0x0000000100000000)
  eden space 313344K, 0% used [0x00000000e0000000,0x00000000e0000000,0x00000000f3200000)
  from space 105472K, 20% used [0x00000000f3200000,0x00000000f46f5b90,0x00000000f9900000)
  to   space 101376K, 0% used [0x00000000f9d00000,0x00000000f9d00000,0x0000000100000000)
 ParOldGen       total 339456K, used 288228K [0x00000000a0000000, 0x00000000b4b80000, 0x00000000e0000000)
  object space 339456K, 84% used [0x00000000a0000000,0x00000000b19790b8,0x00000000b4b80000)
 Metaspace       used 93412K, capacity 99124K, committed 99288K, reserved 1134592K
  class space    used 12571K, capacity 13755K, committed 13824K, reserved 1048576K

Card table byte_map: [0x0000000012190000,0x00000000124a0000] byte_map_base: 0x0000000011c90000

Marking Bits: (ParMarkBitMap*) 0x0000000050aef030
 Begin Bits: [0x0000000012aa0000, 0x00000000142a0000)
 End Bits:   [0x00000000142a0000, 0x0000000015aa0000)

Polling page: 0x0000000000cd0000

CodeCache: size=245760Kb used=48382Kb max_used=48395Kb free=197377Kb
 bounds [0x0000000002dd0000, 0x0000000005d70000, 0x0000000011dd0000]
 total_blobs=14613 nmethods=13698 adapters=828
 compilation: enabled

Compilation events (10 events):
Event: 158.184 Thread 0x0000000016769000 nmethod 16367 0x0000000005d39350 code [0x0000000005d394a0, 0x0000000005d396d8]
Event: 158.184 Thread 0x0000000016769000 16368       4       com.android.tools.r8.graph.l::registerCodeReferences (52 bytes)
Event: 158.196 Thread 0x0000000016769000 nmethod 16368 0x0000000005d368d0 code [0x0000000005d36a60, 0x0000000005d36f38]
Event: 158.196 Thread 0x0000000016769000 16362       4       com.android.tools.r8.shaking.Enqueuer::transitionUnusedInterfaceToLive (99 bytes)
Event: 158.223 Thread 0x0000000016769000 nmethod 16362 0x0000000005d379d0 code [0x0000000005d37bc0, 0x0000000005d385a0]
Event: 158.223 Thread 0x0000000016769000 16358       4       java.util.IdentityHashMap$IdentityHashMapIterator::<init> (63 bytes)
Event: 158.225 Thread 0x0000000016769000 nmethod 16358 0x000000000562e410 code [0x000000000562e540, 0x000000000562e618]
Event: 158.225 Thread 0x0000000016769000 16360       4       java.util.IdentityHashMap$KeySet::iterator (13 bytes)
Event: 158.228 Thread 0x0000000016769000 nmethod 16360 0x0000000005d364d0 code [0x0000000005d36620, 0x0000000005d36758]
Event: 158.228 Thread 0x0000000016769000 16355       4       java.util.Collections$SetFromMap::forEach (11 bytes)

GC Heap History (10 events):
Event: 136.871 GC heap after
Heap after GC invocations=20 (full 4):
 PSYoungGen      total 430592K, used 39220K [0x00000000e0000000, 0x00000000fdb00000, 0x0000000100000000)
  eden space 390144K, 0% used [0x00000000e0000000,0x00000000e0000000,0x00000000f7d00000)
  from space 40448K, 96% used [0x00000000fb380000,0x00000000fd9cd088,0x00000000fdb00000)
  to   space 48128K, 0% used [0x00000000f7d00000,0x00000000f7d00000,0x00000000fac00000)
 ParOldGen       total 199168K, used 99712K [0x00000000a0000000, 0x00000000ac280000, 0x00000000e0000000)
  object space 199168K, 50% used [0x00000000a0000000,0x00000000a6160108,0x00000000ac280000)
 Metaspace       used 87882K, capacity 92894K, committed 93144K, reserved 1130496K
  class space    used 11874K, capacity 12950K, committed 13056K, reserved 1048576K
}
Event: 141.569 GC heap before
{Heap before GC invocations=21 (full 4):
 PSYoungGen      total 430592K, used 429364K [0x00000000e0000000, 0x00000000fdb00000, 0x0000000100000000)
  eden space 390144K, 100% used [0x00000000e0000000,0x00000000f7d00000,0x00000000f7d00000)
  from space 40448K, 96% used [0x00000000fb380000,0x00000000fd9cd088,0x00000000fdb00000)
  to   space 48128K, 0% used [0x00000000f7d00000,0x00000000f7d00000,0x00000000fac00000)
 ParOldGen       total 199168K, used 99712K [0x00000000a0000000, 0x00000000ac280000, 0x00000000e0000000)
  object space 199168K, 50% used [0x00000000a0000000,0x00000000a6160108,0x00000000ac280000)
 Metaspace       used 90954K, capacity 96266K, committed 96344K, reserved 1132544K
  class space    used 12283K, capacity 13432K, committed 13440K, reserved 1048576K
Event: 141.962 GC heap after
Heap after GC invocations=21 (full 4):
 PSYoungGen      total 438272K, used 48127K [0x00000000e0000000, 0x0000000100000000, 0x0000000100000000)
  eden space 390144K, 0% used [0x00000000e0000000,0x00000000e0000000,0x00000000f7d00000)
  from space 48128K, 99% used [0x00000000f7d00000,0x00000000fabffe20,0x00000000fac00000)
  to   space 86016K, 0% used [0x00000000fac00000,0x00000000fac00000,0x0000000100000000)
 ParOldGen       total 199168K, used 182559K [0x00000000a0000000, 0x00000000ac280000, 0x00000000e0000000)
  object space 199168K, 91% used [0x00000000a0000000,0x00000000ab247ea0,0x00000000ac280000)
 Metaspace       used 90954K, capacity 96266K, committed 96344K, reserved 1132544K
  class space    used 12283K, capacity 13432K, committed 13440K, reserved 1048576K
}
Event: 141.962 GC heap before
{Heap before GC invocations=22 (full 5):
 PSYoungGen      total 438272K, used 48127K [0x00000000e0000000, 0x0000000100000000, 0x0000000100000000)
  eden space 390144K, 0% used [0x00000000e0000000,0x00000000e0000000,0x00000000f7d00000)
  from space 48128K, 99% used [0x00000000f7d00000,0x00000000fabffe20,0x00000000fac00000)
  to   space 86016K, 0% used [0x00000000fac00000,0x00000000fac00000,0x0000000100000000)
 ParOldGen       total 199168K, used 182559K [0x00000000a0000000, 0x00000000ac280000, 0x00000000e0000000)
  object space 199168K, 91% used [0x00000000a0000000,0x00000000ab247ea0,0x00000000ac280000)
 Metaspace       used 90954K, capacity 96266K, committed 96344K, reserved 1132544K
  class space    used 12283K, capacity 13432K, committed 13440K, reserved 1048576K
Event: 144.529 GC heap after
Heap after GC invocations=22 (full 5):
 PSYoungGen      total 438272K, used 19036K [0x00000000e0000000, 0x0000000100000000, 0x0000000100000000)
  eden space 390144K, 0% used [0x00000000e0000000,0x00000000e0000000,0x00000000f7d00000)
  from space 48128K, 39% used [0x00000000f7d00000,0x00000000f8f97098,0x00000000fac00000)
  to   space 86016K, 0% used [0x00000000fac00000,0x00000000fac00000,0x0000000100000000)
 ParOldGen       total 339456K, used 198853K [0x00000000a0000000, 0x00000000b4b80000, 0x00000000e0000000)
  object space 339456K, 58% used [0x00000000a0000000,0x00000000ac2315f8,0x00000000b4b80000)
 Metaspace       used 90933K, capacity 96212K, committed 96344K, reserved 1132544K
  class space    used 12275K, capacity 13419K, committed 13440K, reserved 1048576K
}
Event: 152.260 GC heap before
{Heap before GC invocations=23 (full 5):
 PSYoungGen      total 438272K, used 409180K [0x00000000e0000000, 0x0000000100000000, 0x0000000100000000)
  eden space 390144K, 100% used [0x00000000e0000000,0x00000000f7d00000,0x00000000f7d00000)
  from space 48128K, 39% used [0x00000000f7d00000,0x00000000f8f97098,0x00000000fac00000)
  to   space 86016K, 0% used [0x00000000fac00000,0x00000000fac00000,0x0000000100000000)
 ParOldGen       total 339456K, used 198853K [0x00000000a0000000, 0x00000000b4b80000, 0x00000000e0000000)
  object space 339456K, 58% used [0x00000000a0000000,0x00000000ac2315f8,0x00000000b4b80000)
 Metaspace       used 91882K, capacity 97278K, committed 97496K, reserved 1132544K
  class space    used 12404K, capacity 13538K, committed 13568K, reserved 1048576K
Event: 152.615 GC heap after
Heap after GC invocations=23 (full 5):
 PSYoungGen      total 399360K, used 86006K [0x00000000e0000000, 0x0000000100000000, 0x0000000100000000)
  eden space 313344K, 0% used [0x00000000e0000000,0x00000000e0000000,0x00000000f3200000)
  from space 86016K, 99% used [0x00000000fac00000,0x00000000ffffdb58,0x0000000100000000)
  to   space 105472K, 0% used [0x00000000f3200000,0x00000000f3200000,0x00000000f9900000)
 ParOldGen       total 339456K, used 208946K [0x00000000a0000000, 0x00000000b4b80000, 0x00000000e0000000)
  object space 339456K, 61% used [0x00000000a0000000,0x00000000acc0cad8,0x00000000b4b80000)
 Metaspace       used 91882K, capacity 97278K, committed 97496K, reserved 1132544K
  class space    used 12404K, capacity 13538K, committed 13568K, reserved 1048576K
}
Event: 158.243 GC heap before
{Heap before GC invocations=24 (full 5):
 PSYoungGen      total 399360K, used 399350K [0x00000000e0000000, 0x0000000100000000, 0x0000000100000000)
  eden space 313344K, 100% used [0x00000000e0000000,0x00000000f3200000,0x00000000f3200000)
  from space 86016K, 99% used [0x00000000fac00000,0x00000000ffffdb58,0x0000000100000000)
  to   space 105472K, 0% used [0x00000000f3200000,0x00000000f3200000,0x00000000f9900000)
 ParOldGen       total 339456K, used 208946K [0x00000000a0000000, 0x00000000b4b80000, 0x00000000e0000000)
  object space 339456K, 61% used [0x00000000a0000000,0x00000000acc0cad8,0x00000000b4b80000)
 Metaspace       used 93412K, capacity 99124K, committed 99288K, reserved 1134592K
  class space    used 12571K, capacity 13755K, committed 13824K, reserved 1048576K
Event: 158.552 GC heap after
Heap after GC invocations=24 (full 5):
 PSYoungGen      total 418816K, used 21462K [0x00000000e0000000, 0x0000000100000000, 0x0000000100000000)
  eden space 313344K, 0% used [0x00000000e0000000,0x00000000e0000000,0x00000000f3200000)
  from space 105472K, 20% used [0x00000000f3200000,0x00000000f46f5b90,0x00000000f9900000)
  to   space 101376K, 0% used [0x00000000f9d00000,0x00000000f9d00000,0x0000000100000000)
 ParOldGen       total 339456K, used 288228K [0x00000000a0000000, 0x00000000b4b80000, 0x00000000e0000000)
  object space 339456K, 84% used [0x00000000a0000000,0x00000000b19790b8,0x00000000b4b80000)
 Metaspace       used 93412K, capacity 99124K, committed 99288K, reserved 1134592K
  class space    used 12571K, capacity 13755K, committed 13824K, reserved 1048576K
}
Event: 158.552 GC heap before
{Heap before GC invocations=25 (full 6):
 PSYoungGen      total 418816K, used 21462K [0x00000000e0000000, 0x0000000100000000, 0x0000000100000000)
  eden space 313344K, 0% used [0x00000000e0000000,0x00000000e0000000,0x00000000f3200000)
  from space 105472K, 20% used [0x00000000f3200000,0x00000000f46f5b90,0x00000000f9900000)
  to   space 101376K, 0% used [0x00000000f9d00000,0x00000000f9d00000,0x0000000100000000)
 ParOldGen       total 339456K, used 288228K [0x00000000a0000000, 0x00000000b4b80000, 0x00000000e0000000)
  object space 339456K, 84% used [0x00000000a0000000,0x00000000b19790b8,0x00000000b4b80000)
 Metaspace       used 93412K, capacity 99124K, committed 99288K, reserved 1134592K
  class space    used 12571K, capacity 13755K, committed 13824K, reserved 1048576K

Deoptimization events (10 events):
Event: 154.808 Thread 0x0000000019a48000 Uncommon trap: reason=bimorphic action=maybe_recompile pc=0x0000000005a20e74 method=java.lang.Iterable.forEach(Ljava/util/function/Consumer;)V @ 22
Event: 154.832 Thread 0x0000000019a48000 Uncommon trap: reason=unstable_if action=reinterpret pc=0x0000000005aad1d4 method=com.android.tools.r8.graph.W0.a(Lcom/android/tools/r8/graph/d0;)Lcom/android/tools/r8/graph/W; @ 34
Event: 155.837 Thread 0x0000000019a48000 Uncommon trap: reason=class_check action=maybe_recompile pc=0x00000000058f0b1c method=com.android.tools.r8.z.a.a.f.a(Lcom/android/tools/r8/z/a/a/h;[Lcom/android/tools/r8/z/a/a/d;I)V @ 663
Event: 155.889 Thread 0x0000000019a48000 Uncommon trap: reason=class_check action=maybe_recompile pc=0x00000000058f0b1c method=com.android.tools.r8.z.a.a.f.a(Lcom/android/tools/r8/z/a/a/h;[Lcom/android/tools/r8/z/a/a/d;I)V @ 663
Event: 155.890 Thread 0x0000000019a48000 Uncommon trap: reason=class_check action=maybe_recompile pc=0x00000000058f0b1c method=com.android.tools.r8.z.a.a.f.a(Lcom/android/tools/r8/z/a/a/h;[Lcom/android/tools/r8/z/a/a/d;I)V @ 663
Event: 155.992 Thread 0x0000000019a48000 Uncommon trap: reason=class_check action=maybe_recompile pc=0x00000000058f0b1c method=com.android.tools.r8.z.a.a.f.a(Lcom/android/tools/r8/z/a/a/h;[Lcom/android/tools/r8/z/a/a/d;I)V @ 663
Event: 156.128 Thread 0x0000000019a48000 Uncommon trap: reason=class_check action=maybe_recompile pc=0x0000000002fb2080 method=com.android.tools.r8.z.a.a.f.a(Lcom/android/tools/r8/z/a/a/u;Lcom/android/tools/r8/z/a/a/k;IZ)V @ 20
Event: 156.128 Thread 0x0000000019a48000 Uncommon trap: reason=class_check action=maybe_recompile pc=0x0000000002fb2080 method=com.android.tools.r8.z.a.a.f.a(Lcom/android/tools/r8/z/a/a/u;Lcom/android/tools/r8/z/a/a/k;IZ)V @ 20
Event: 156.128 Thread 0x0000000019a48000 Uncommon trap: reason=class_check action=maybe_recompile pc=0x0000000002fb2080 method=com.android.tools.r8.z.a.a.f.a(Lcom/android/tools/r8/z/a/a/u;Lcom/android/tools/r8/z/a/a/k;IZ)V @ 20
Event: 156.128 Thread 0x0000000019a48000 Uncommon trap: reason=class_check action=maybe_recompile pc=0x0000000002fb2080 method=com.android.tools.r8.z.a.a.f.a(Lcom/android/tools/r8/z/a/a/u;Lcom/android/tools/r8/z/a/a/k;IZ)V @ 20

Classes redefined (0 events):
No events

Internal exceptions (10 events):
Event: 136.154 Thread 0x0000000019a48000 Exception <a 'sun/nio/fs/WindowsException'> (0x00000000ef61b5a8) thrown at [C:\src\AOSP-openjdk-git\hotspot\src\share\vm\prims\jni.cpp, line 710]
Event: 136.169 Thread 0x0000000019a48000 Exception <a 'sun/nio/fs/WindowsException'> (0x00000000ef6435b8) thrown at [C:\src\AOSP-openjdk-git\hotspot\src\share\vm\prims\jni.cpp, line 710]
Event: 136.170 Thread 0x0000000019a48000 Exception <a 'sun/nio/fs/WindowsException'> (0x00000000ef6443e0) thrown at [C:\src\AOSP-openjdk-git\hotspot\src\share\vm\prims\jni.cpp, line 710]
Event: 136.170 Thread 0x0000000019a48000 Exception <a 'sun/nio/fs/WindowsException'> (0x00000000ef645208) thrown at [C:\src\AOSP-openjdk-git\hotspot\src\share\vm\prims\jni.cpp, line 710]
Event: 136.170 Thread 0x0000000019a48000 Exception <a 'sun/nio/fs/WindowsException'> (0x00000000ef646040) thrown at [C:\src\AOSP-openjdk-git\hotspot\src\share\vm\prims\jni.cpp, line 710]
Event: 136.170 Thread 0x0000000019a48000 Exception <a 'sun/nio/fs/WindowsException'> (0x00000000ef646f30) thrown at [C:\src\AOSP-openjdk-git\hotspot\src\share\vm\prims\jni.cpp, line 710]
Event: 138.298 Thread 0x0000000019a48000 Exception <a 'java/lang/NoSuchMethodError': java.lang.Object.lambda$static$0(Ljava/lang/String;)Z> (0x00000000e85c2ec8) thrown at [C:\src\AOSP-openjdk-git\hotspot\src\share\vm\interpreter\linkResolver.cpp, line 620]
Event: 138.962 Thread 0x0000000019a48000 Exception <a 'java/lang/IncompatibleClassChangeError': Found class java.lang.Object, but interface was expected> (0x00000000e979c230) thrown at [C:\src\AOSP-openjdk-git\hotspot\src\share\vm\interpreter\linkResolver.cpp, line 653]
Event: 146.217 Thread 0x0000000019a48000 Implicit null exception at 0x00000000057e3d88 to 0x00000000057edb35
Event: 147.698 Thread 0x0000000019a48000 Implicit null exception at 0x00000000058c7ae6 to 0x00000000058cbd41

Events (10 events):
Event: 158.237 loading class com/android/tools/r8/s/a/p/l done
Event: 158.239 loading class com/android/tools/r8/graph/C
Event: 158.239 loading class com/android/tools/r8/graph/C done
Event: 158.240 loading class com/android/tools/r8/graph/C
Event: 158.240 loading class com/android/tools/r8/graph/C done
Event: 158.241 loading class com/android/tools/r8/graph/f0
Event: 158.241 loading class com/android/tools/r8/graph/f0 done
Event: 158.241 loading class com/android/tools/r8/graph/f0
Event: 158.241 loading class com/android/tools/r8/graph/f0 done
Event: 158.243 Executing VM operation: ParallelGCFailedAllocation


Dynamic libraries:
0x00007ff607980000 - 0x00007ff6079b1000 	C:\Program Files\Android\Android Studio\jre\bin\java.exe
0x00007ff903f10000 - 0x00007ff9040e2000 	C:\Windows\SYSTEM32\ntdll.dll
0x00007ff903990000 - 0x00007ff903a3c000 	C:\Windows\System32\KERNEL32.DLL
0x00007ff9010d0000 - 0x00007ff9012ed000 	C:\Windows\System32\KERNELBASE.dll
0x00007ff902ce0000 - 0x00007ff902d82000 	C:\Windows\System32\ADVAPI32.dll
0x00007ff902c20000 - 0x00007ff902cbe000 	C:\Windows\System32\msvcrt.dll
0x00007ff903520000 - 0x00007ff903579000 	C:\Windows\System32\sechost.dll
0x00007ff902ea0000 - 0x00007ff902fc1000 	C:\Windows\System32\RPCRT4.dll
0x00007ff903210000 - 0x00007ff903375000 	C:\Windows\System32\USER32.dll
0x00007ff900860000 - 0x00007ff90087e000 	C:\Windows\System32\win32u.dll
0x00007ff902df0000 - 0x00007ff902e24000 	C:\Windows\System32\GDI32.dll
0x00007ff900510000 - 0x00007ff900690000 	C:\Windows\System32\gdi32full.dll
0x00007ff8f67d0000 - 0x00007ff8f6a4a000 	C:\Windows\WinSxS\amd64_microsoft.windows.common-controls_6595b64144ccf1df_6.0.14393.953_none_42151e83c686086b\COMCTL32.dll
0x00007ff903580000 - 0x00007ff903848000 	C:\Windows\System32\combase.dll
0x00007ff9013a0000 - 0x00007ff901495000 	C:\Windows\System32\ucrtbase.dll
0x00007ff900fb0000 - 0x00007ff90101a000 	C:\Windows\System32\bcryptPrimitives.dll
0x00007ff903380000 - 0x00007ff9033ae000 	C:\Windows\System32\IMM32.DLL
0x00007ff8ffa40000 - 0x00007ff8ffa6f000 	C:\Windows\system32\nvinitx.dll
0x00007ff8ff9f0000 - 0x00007ff8ff9fa000 	C:\Windows\SYSTEM32\VERSION.dll
0x0000000050240000 - 0x0000000050312000 	C:\Program Files\Android\Android Studio\jre\jre\bin\msvcr100.dll
0x0000000050320000 - 0x0000000050b6b000 	C:\Program Files\Android\Android Studio\jre\jre\bin\server\jvm.dll
0x00007ff903410000 - 0x00007ff903418000 	C:\Windows\System32\PSAPI.DLL
0x00007ff8fd5e0000 - 0x00007ff8fd5e9000 	C:\Windows\SYSTEM32\WSOCK32.dll
0x00007ff8fe8d0000 - 0x00007ff8fe8f3000 	C:\Windows\SYSTEM32\WINMM.dll
0x00007ff902fd0000 - 0x00007ff90303a000 	C:\Windows\System32\WS2_32.dll
0x00007ff8fe870000 - 0x00007ff8fe89b000 	C:\Windows\SYSTEM32\WINMMBASE.dll
0x00007ff900f60000 - 0x00007ff900fa2000 	C:\Windows\System32\cfgmgr32.dll
0x00007ff8fd5d0000 - 0x00007ff8fd5df000 	C:\Program Files\Android\Android Studio\jre\jre\bin\verify.dll
0x00007ff8fb3d0000 - 0x00007ff8fb3f9000 	C:\Program Files\Android\Android Studio\jre\jre\bin\java.dll
0x00007ff8fba90000 - 0x00007ff8fbaa6000 	C:\Program Files\Android\Android Studio\jre\jre\bin\zip.dll
0x00007ff9014a0000 - 0x00007ff9029a9000 	C:\Windows\System32\SHELL32.dll
0x00007ff900880000 - 0x00007ff900f59000 	C:\Windows\System32\windows.storage.dll
0x00007ff9003a0000 - 0x00007ff9003ec000 	C:\Windows\System32\powrprof.dll
0x00007ff903050000 - 0x00007ff9030a2000 	C:\Windows\System32\shlwapi.dll
0x00007ff900390000 - 0x00007ff90039f000 	C:\Windows\System32\kernel.appcore.dll
0x00007ff9012f0000 - 0x00007ff901399000 	C:\Windows\System32\shcore.dll
0x00007ff9003f0000 - 0x00007ff900404000 	C:\Windows\System32\profapi.dll
0x00007ff8fb240000 - 0x00007ff8fb25a000 	C:\Program Files\Android\Android Studio\jre\jre\bin\net.dll
0x00007ff8ffcb0000 - 0x00007ff8ffd0c000 	C:\Windows\system32\mswsock.dll
0x00007ff8f9a60000 - 0x00007ff8f9a73000 	C:\Program Files\Android\Android Studio\jre\jre\bin\nio.dll
0x00007ff8fb7f0000 - 0x00007ff8fb817000 	C:\Users\Site\.gradle\native\f6784746aeab05261644944871eae4fe03e0ef1612fff0a4a95f87b438bc6780\windows-amd64\native-platform.dll
0x00007ff8fc560000 - 0x00007ff8fc56d000 	C:\Program Files\Android\Android Studio\jre\jre\bin\management.dll
0x00007ff8ffe50000 - 0x00007ff8ffe67000 	C:\Windows\SYSTEM32\CRYPTSP.dll
0x00007ff8ff870000 - 0x00007ff8ff8a3000 	C:\Windows\system32\rsaenh.dll
0x00007ff8fff60000 - 0x00007ff8fff8b000 	C:\Windows\SYSTEM32\bcrypt.dll
0x00007ff8ffb40000 - 0x00007ff8ffb5f000 	C:\Windows\SYSTEM32\USERENV.dll
0x00007ff8ffe70000 - 0x00007ff8ffe7b000 	C:\Windows\SYSTEM32\CRYPTBASE.dll
0x00007ff8ffa00000 - 0x00007ff8ffa38000 	C:\Windows\SYSTEM32\IPHLPAPI.DLL
0x00007ff903040000 - 0x00007ff903048000 	C:\Windows\System32\NSI.dll
0x00007ff8fc540000 - 0x00007ff8fc556000 	C:\Windows\SYSTEM32\dhcpcsvc6.DLL
0x00007ff8fc520000 - 0x00007ff8fc53a000 	C:\Windows\SYSTEM32\dhcpcsvc.DLL
0x00007ff8fc8a0000 - 0x00007ff8fc8ab000 	C:\Windows\SYSTEM32\WINNSI.DLL
0x00007ff8f1a10000 - 0x00007ff8f1a34000 	C:\Program Files\Android\Android Studio\jre\jre\bin\sunec.dll
0x00007ff8ffa70000 - 0x00007ff8ffb11000 	C:\Windows\SYSTEM32\DNSAPI.dll
0x00007ff8f7710000 - 0x00007ff8f771a000 	C:\Windows\System32\rasadhlp.dll
0x00007ff8fa280000 - 0x00007ff8fa2ea000 	C:\Windows\System32\fwpuclnt.dll
0x00007ff8fb230000 - 0x00007ff8fb23b000 	C:\Program Files\Android\Android Studio\jre\jre\bin\sunmscapi.dll
0x00007ff900690000 - 0x00007ff900859000 	C:\Windows\System32\CRYPT32.dll
0x00007ff900380000 - 0x00007ff900390000 	C:\Windows\System32\MSASN1.dll
0x00007ff8f5f00000 - 0x00007ff8f5f1e000 	C:\Users\Site\AppData\Local\Temp\native-platform1213240377561012454dir\native-platform.dll
0x00007ff8f4350000 - 0x00007ff8f44e2000 	C:\Windows\SYSTEM32\dbghelp.dll

VM Arguments:
jvm_args: -Xmx1536m -Dfile.encoding=windows-1256 -Duser.country=US -Duser.language=en -Duser.variant 
java_command: org.gradle.launcher.daemon.bootstrap.GradleDaemon 6.5
java_class_path (initial): C:\Users\Site\.gradle\wrapper\dists\gradle-6.5-bin\6nifqtx7604sqp1q6g8wikw7p\gradle-6.5\lib\gradle-launcher-6.5.jar
Launcher Type: SUN_STANDARD

Environment Variables:
PATH=C:\Windows\system32;C:\Windows;C:\Windows\System32\Wbem;C:\Windows\System32\WindowsPowerShell\v1.0\;C:\Program Files\Git\cmd;D:\flutter_sdk\flutter\bin;%ANDROID_HOME%\tools;%ANDROID_HOME%\platform-tools
USERNAME=Site
OS=Windows_NT
PROCESSOR_IDENTIFIER=Intel64 Family 6 Model 37 Stepping 5, GenuineIntel



---------------  S Y S T E M  ---------------

OS: Windows 10.0 , 64 bit Build 14393 (10.0.14393.1198)

CPU:total 4 (initial active 4) (2 cores per cpu, 2 threads per core) family 6 model 37 stepping 5, cmov, cx8, fxsr, mmx, sse, sse2, sse3, ssse3, sse4.1, sse4.2, popcnt, ht, tsc, tscinvbit

Memory: 4k page, physical 8182340k(688412k free), swap 12723552k(1347704k free)

vm_info: OpenJDK 64-Bit Server VM (25.242-b01) for windows-amd64 JRE (1.8.0_242-release-1644-b01), built by "builder" with MS VC++ 10.0 (VS2010)

time: Sat May 01 14:58:59 2021
timezone: Iran Daylight Time
elapsed time: 158 seconds (0d 0h 2m 38s)

