#
# There is insufficient memory for the Java Runtime Environment to continue.
# Native memory allocation (malloc) failed to allocate 1829536 bytes for Chunk::new
# Possible reasons:
#   The system is out of physical RAM or swap space
#   The process is running with CompressedOops enabled, and the Java Heap may be blocking the growth of the native heap
# Possible solutions:
#   Reduce memory load on the system
#   Increase physical memory or swap space
#   Check if swap backing store is full
#   Decrease Java heap size (-Xmx/-Xms)
#   Decrease number of Java threads
#   Decrease Java thread stack sizes (-Xss)
#   Set larger code cache with -XX:ReservedCodeCacheSize=
#   JVM is running with Unscaled Compressed Oops mode in which the Java heap is
#     placed in the first 4GB address space. The Java Heap base address is the
#     maximum limit for the native heap growth. Please use -XX:HeapBaseMinAddress
#     to set the Java Heap base and to place the Java Heap above 4GB virtual address.
# This output file may be truncated or incomplete.
#
#  Out of Memory Error (allocation.cpp:389), pid=4200, tid=0x0000000000001470
#
# JRE version: OpenJDK Runtime Environment (8.0_242-b01) (build 1.8.0_242-release-1644-b01)
# Java VM: OpenJDK 64-Bit Server VM (25.242-b01 mixed mode windows-amd64 compressed oops)
# Failed to write core dump. Minidumps are not enabled by default on client versions of Windows
#

---------------  T H R E A D  ---------------

Current thread (0x0000000016275800):  JavaThread "C2 CompilerThread0" daemon [_thread_in_native, id=5232, stack(0x00000000178b0000,0x00000000179b0000)]

Stack: [0x00000000178b0000,0x00000000179b0000]
[error occurred during error reporting (printing stack bounds), id 0xc0000005]

Native frames: (J=compiled Java code, j=interpreted, Vv=VM code, C=native code)


Current CompileTask:
C2:   6945 1599   !   4       java.net.URLClassLoader$1::run (63 bytes)


---------------  P R O C E S S  ---------------

Java Threads: ( => current thread )
  0x0000000019681000 JavaThread "Cache worker for file hash cache (D:\Android\project_run\turkiye\.gradle\6.5\fileHashes)" [_thread_blocked, id=1812, stack(0x000000001eb70000,0x000000001ec70000)]
  0x0000000019682800 JavaThread "Cache worker for file hash cache (C:\Users\Site\.gradle\caches\6.5\fileHashes)" [_thread_blocked, id=3780, stack(0x000000001afb0000,0x000000001b0b0000)]
  0x0000000019680800 JavaThread "File lock request listener" [_thread_in_native, id=40860, stack(0x000000001aeb0000,0x000000001afb0000)]
  0x000000001967e000 JavaThread "Cache worker for journal cache (C:\Users\Site\.gradle\caches\journal-1)" [_thread_blocked, id=13288, stack(0x000000001acb0000,0x000000001adb0000)]
  0x00000000195bb000 JavaThread "Thread-9" [_thread_blocked, id=5588, stack(0x000000001a9b0000,0x000000001aab0000)]
  0x00000000185d6000 JavaThread "Stdin handler" [_thread_blocked, id=17340, stack(0x000000001a8b0000,0x000000001a9b0000)]
  0x00000000185d0000 JavaThread "Asynchronous log dispatcher for DefaultDaemonConnection: socket connection from /127.0.0.1:63853 to /127.0.0.1:63854" [_thread_blocked, id=47560, stack(0x000000001a7b0000,0x000000001a8b0000)]
  0x0000000018405800 JavaThread "Daemon worker" [_thread_in_vm, id=12844, stack(0x000000001a6b0000,0x000000001a7b0000)]
  0x0000000018403000 JavaThread "Cancel handler" [_thread_blocked, id=2152, stack(0x000000001a5b0000,0x000000001a6b0000)]
  0x00000000194ef800 JavaThread "Handler for socket connection from /127.0.0.1:63853 to /127.0.0.1:63854" [_thread_in_native, id=39392, stack(0x000000001a4b0000,0x000000001a5b0000)]
  0x00000000194ef000 JavaThread "Daemon" [_thread_blocked, id=33820, stack(0x000000001a3b0000,0x000000001a4b0000)]
  0x000000001948a800 JavaThread "Daemon periodic checks" [_thread_blocked, id=4012, stack(0x000000001a0b0000,0x000000001a1b0000)]
  0x000000001945a800 JavaThread "Incoming local TCP Connector on port 63853" [_thread_in_native, id=13792, stack(0x0000000019e80000,0x0000000019f80000)]
  0x00000000191e6800 JavaThread "Daemon health stats" [_thread_blocked, id=22432, stack(0x0000000019b80000,0x0000000019c80000)]
  0x0000000017a00800 JavaThread "Service Thread" daemon [_thread_blocked, id=8580, stack(0x0000000017fb0000,0x00000000180b0000)]
  0x00000000179fc000 JavaThread "C1 CompilerThread2" daemon [_thread_blocked, id=43320, stack(0x0000000017eb0000,0x0000000017fb0000)]
  0x00000000162ce800 JavaThread "C2 CompilerThread1" daemon [_thread_in_native, id=36988, stack(0x0000000017db0000,0x0000000017eb0000)]
=>0x0000000016275800 JavaThread "C2 CompilerThread0" daemon [_thread_in_native, id=5232, stack(0x00000000178b0000,0x00000000179b0000)]
  0x00000000162c1000 JavaThread "Attach Listener" daemon [_thread_blocked, id=13296, stack(0x00000000177b0000,0x00000000178b0000)]
  0x00000000162c0800 JavaThread "Signal Dispatcher" daemon [_thread_blocked, id=35692, stack(0x00000000176b0000,0x00000000177b0000)]
  0x00000000028fb000 JavaThread "Finalizer" daemon [_thread_blocked, id=37324, stack(0x00000000174c0000,0x00000000175c0000)]
  0x0000000016259000 JavaThread "Reference Handler" daemon [_thread_blocked, id=42992, stack(0x00000000173c0000,0x00000000174c0000)]
  0x00000000027fd800 JavaThread "main" [_thread_blocked, id=27144, stack(0x00000000026b0000,0x00000000027b0000)]

Other Threads:
  0x0000000016236000 VMThread [stack: 0x00000000172c0000,0x00000000173c0000] [id=46784]
  0x0000000017a03000 WatcherThread [stack: 0x00000000180b0000,0x00000000181b0000] [id=30020]

VM state:not at safepoint (normal execution)

VM Mutex/Monitor currently owned by a thread: None

heap address: 0x00000000a0000000, size: 1536 MB, Compressed Oops mode: 32-bit
Narrow klass base: 0x0000000000000000, Narrow klass shift: 3
Compressed class space size: 1073741824 Address: 0x0000000100000000

Heap:
 PSYoungGen      total 37888K, used 31234K [0x00000000e0000000, 0x00000000e5400000, 0x0000000100000000)
  eden space 32768K, 79% used [0x00000000e0000000,0x00000000e1984a20,0x00000000e2000000)
  from space 5120K, 99% used [0x00000000e2000000,0x00000000e24fc010,0x00000000e2500000)
  to   space 10240K, 0% used [0x00000000e4a00000,0x00000000e4a00000,0x00000000e5400000)
 ParOldGen       total 86016K, used 6449K [0x00000000a0000000, 0x00000000a5400000, 0x00000000e0000000)
  object space 86016K, 7% used [0x00000000a0000000,0x00000000a064c690,0x00000000a5400000)
 Metaspace       used 19942K, capacity 20574K, committed 20736K, reserved 1067008K
  class space    used 2765K, capacity 2945K, committed 3072K, reserved 1048576K

Card table byte_map: [0x0000000011cc0000,0x0000000011fd0000] byte_map_base: 0x00000000117c0000

Marking Bits: (ParMarkBitMap*) 0x0000000070ebf030
 Begin Bits: [0x00000000125d0000, 0x0000000013dd0000)
 End Bits:   [0x0000000013dd0000, 0x00000000155d0000)

Polling page: 0x0000000000a90000

CodeCache: size=245760Kb used=6117Kb max_used=6117Kb free=239642Kb
 bounds [0x0000000002900000, 0x0000000002f00000, 0x0000000011900000]
 total_blobs=2216 nmethods=1800 adapters=330
 compilation: enabled

Compilation events (10 events):
Event: 6.800 Thread 0x00000000179fc000 1805       3       java.util.concurrent.locks.ReentrantLock$NonfairSync::<init> (5 bytes)
Event: 6.800 Thread 0x00000000179fc000 nmethod 1805 0x0000000002ef0dd0 code [0x0000000002ef0f40, 0x0000000002ef1210]
Event: 6.800 Thread 0x00000000179fc000 1806       3       sun.reflect.NativeMethodAccessorImpl::invoke (104 bytes)
Event: 6.804 Thread 0x00000000179fc000 nmethod 1806 0x0000000002ef1750 code [0x0000000002ef19c0, 0x0000000002ef2e58]
Event: 6.825 Thread 0x00000000179fc000 1809       3       java.util.concurrent.locks.ReentrantLock::<init> (16 bytes)
Event: 6.825 Thread 0x00000000179fc000 nmethod 1809 0x0000000002ef3890 code [0x0000000002ef3a20, 0x0000000002ef3e10]
Event: 6.840 Thread 0x00000000179fc000 1810   !   3       java.net.URL::getURLStreamHandler (313 bytes)
Event: 6.846 Thread 0x00000000179fc000 nmethod 1810 0x0000000002ef4010 code [0x0000000002ef4500, 0x0000000002ef77f8]
Event: 6.851 Thread 0x00000000179fc000 1811       1       org.gradle.launcher.daemon.server.exec.DaemonConnectionBackedEventConsumer::access$100 (5 bytes)
Event: 6.851 Thread 0x00000000179fc000 nmethod 1811 0x0000000002ef95d0 code [0x0000000002ef9720, 0x0000000002ef9810]

GC Heap History (10 events):
Event: 3.092 GC heap before
{Heap before GC invocations=1 (full 0):
 PSYoungGen      total 37888K, used 32768K [0x00000000e0000000, 0x00000000e2a00000, 0x0000000100000000)
  eden space 32768K, 100% used [0x00000000e0000000,0x00000000e2000000,0x00000000e2000000)
  from space 5120K, 0% used [0x00000000e2500000,0x00000000e2500000,0x00000000e2a00000)
  to   space 5120K, 0% used [0x00000000e2000000,0x00000000e2000000,0x00000000e2500000)
 ParOldGen       total 86016K, used 0K [0x00000000a0000000, 0x00000000a5400000, 0x00000000e0000000)
  object space 86016K, 0% used [0x00000000a0000000,0x00000000a0000000,0x00000000a5400000)
 Metaspace       used 7283K, capacity 7550K, committed 7680K, reserved 1056768K
  class space    used 895K, capacity 1005K, committed 1024K, reserved 1048576K
Event: 3.103 GC heap after
Heap after GC invocations=1 (full 0):
 PSYoungGen      total 37888K, used 4450K [0x00000000e0000000, 0x00000000e2a00000, 0x0000000100000000)
  eden space 32768K, 0% used [0x00000000e0000000,0x00000000e0000000,0x00000000e2000000)
  from space 5120K, 86% used [0x00000000e2000000,0x00000000e2458b58,0x00000000e2500000)
  to   space 5120K, 0% used [0x00000000e2500000,0x00000000e2500000,0x00000000e2a00000)
 ParOldGen       total 86016K, used 8K [0x00000000a0000000, 0x00000000a5400000, 0x00000000e0000000)
  object space 86016K, 0% used [0x00000000a0000000,0x00000000a0002000,0x00000000a5400000)
 Metaspace       used 7283K, capacity 7550K, committed 7680K, reserved 1056768K
  class space    used 895K, capacity 1005K, committed 1024K, reserved 1048576K
}
Event: 3.479 GC heap before
{Heap before GC invocations=2 (full 0):
 PSYoungGen      total 37888K, used 37218K [0x00000000e0000000, 0x00000000e2a00000, 0x0000000100000000)
  eden space 32768K, 100% used [0x00000000e0000000,0x00000000e2000000,0x00000000e2000000)
  from space 5120K, 86% used [0x00000000e2000000,0x00000000e2458b58,0x00000000e2500000)
  to   space 5120K, 0% used [0x00000000e2500000,0x00000000e2500000,0x00000000e2a00000)
 ParOldGen       total 86016K, used 8K [0x00000000a0000000, 0x00000000a5400000, 0x00000000e0000000)
  object space 86016K, 0% used [0x00000000a0000000,0x00000000a0002000,0x00000000a5400000)
 Metaspace       used 7510K, capacity 7760K, committed 7936K, reserved 1056768K
  class space    used 916K, capacity 1011K, committed 1024K, reserved 1048576K
Event: 3.484 GC heap after
Heap after GC invocations=2 (full 0):
 PSYoungGen      total 37888K, used 3265K [0x00000000e0000000, 0x00000000e2a00000, 0x0000000100000000)
  eden space 32768K, 0% used [0x00000000e0000000,0x00000000e0000000,0x00000000e2000000)
  from space 5120K, 63% used [0x00000000e2500000,0x00000000e2830608,0x00000000e2a00000)
  to   space 5120K, 0% used [0x00000000e2000000,0x00000000e2000000,0x00000000e2500000)
 ParOldGen       total 86016K, used 16K [0x00000000a0000000, 0x00000000a5400000, 0x00000000e0000000)
  object space 86016K, 0% used [0x00000000a0000000,0x00000000a0004000,0x00000000a5400000)
 Metaspace       used 7510K, capacity 7760K, committed 7936K, reserved 1056768K
  class space    used 916K, capacity 1011K, committed 1024K, reserved 1048576K
}
Event: 5.224 GC heap before
{Heap before GC invocations=3 (full 0):
 PSYoungGen      total 37888K, used 36033K [0x00000000e0000000, 0x00000000e2a00000, 0x0000000100000000)
  eden space 32768K, 100% used [0x00000000e0000000,0x00000000e2000000,0x00000000e2000000)
  from space 5120K, 63% used [0x00000000e2500000,0x00000000e2830608,0x00000000e2a00000)
  to   space 5120K, 0% used [0x00000000e2000000,0x00000000e2000000,0x00000000e2500000)
 ParOldGen       total 86016K, used 16K [0x00000000a0000000, 0x00000000a5400000, 0x00000000e0000000)
  object space 86016K, 0% used [0x00000000a0000000,0x00000000a0004000,0x00000000a5400000)
 Metaspace       used 12037K, capacity 12318K, committed 12544K, reserved 1060864K
  class space    used 1592K, capacity 1689K, committed 1792K, reserved 1048576K
Event: 5.242 GC heap after
Heap after GC invocations=3 (full 0):
 PSYoungGen      total 37888K, used 5088K [0x00000000e0000000, 0x00000000e2a00000, 0x0000000100000000)
  eden space 32768K, 0% used [0x00000000e0000000,0x00000000e0000000,0x00000000e2000000)
  from space 5120K, 99% used [0x00000000e2000000,0x00000000e24f8020,0x00000000e2500000)
  to   space 5120K, 0% used [0x00000000e2500000,0x00000000e2500000,0x00000000e2a00000)
 ParOldGen       total 86016K, used 978K [0x00000000a0000000, 0x00000000a5400000, 0x00000000e0000000)
  object space 86016K, 1% used [0x00000000a0000000,0x00000000a00f4b28,0x00000000a5400000)
 Metaspace       used 12037K, capacity 12318K, committed 12544K, reserved 1060864K
  class space    used 1592K, capacity 1689K, committed 1792K, reserved 1048576K
}
Event: 5.839 GC heap before
{Heap before GC invocations=4 (full 0):
 PSYoungGen      total 37888K, used 37646K [0x00000000e0000000, 0x00000000e2a00000, 0x0000000100000000)
  eden space 32768K, 99% used [0x00000000e0000000,0x00000000e1fcbbb0,0x00000000e2000000)
  from space 5120K, 99% used [0x00000000e2000000,0x00000000e24f8020,0x00000000e2500000)
  to   space 5120K, 0% used [0x00000000e2500000,0x00000000e2500000,0x00000000e2a00000)
 ParOldGen       total 86016K, used 978K [0x00000000a0000000, 0x00000000a5400000, 0x00000000e0000000)
  object space 86016K, 1% used [0x00000000a0000000,0x00000000a00f4b28,0x00000000a5400000)
 Metaspace       used 14705K, capacity 15222K, committed 15488K, reserved 1062912K
  class space    used 2000K, capacity 2153K, committed 2176K, reserved 1048576K
Event: 5.850 GC heap after
Heap after GC invocations=4 (full 0):
 PSYoungGen      total 37888K, used 5103K [0x00000000e0000000, 0x00000000e4a00000, 0x0000000100000000)
  eden space 32768K, 0% used [0x00000000e0000000,0x00000000e0000000,0x00000000e2000000)
  from space 5120K, 99% used [0x00000000e2500000,0x00000000e29fbc20,0x00000000e2a00000)
  to   space 5120K, 0% used [0x00000000e2000000,0x00000000e2000000,0x00000000e2500000)
 ParOldGen       total 86016K, used 3393K [0x00000000a0000000, 0x00000000a5400000, 0x00000000e0000000)
  object space 86016K, 3% used [0x00000000a0000000,0x00000000a03507f8,0x00000000a5400000)
 Metaspace       used 14705K, capacity 15222K, committed 15488K, reserved 1062912K
  class space    used 2000K, capacity 2153K, committed 2176K, reserved 1048576K
}
Event: 6.345 GC heap before
{Heap before GC invocations=5 (full 0):
 PSYoungGen      total 37888K, used 37871K [0x00000000e0000000, 0x00000000e4a00000, 0x0000000100000000)
  eden space 32768K, 100% used [0x00000000e0000000,0x00000000e2000000,0x00000000e2000000)
  from space 5120K, 99% used [0x00000000e2500000,0x00000000e29fbc20,0x00000000e2a00000)
  to   space 5120K, 0% used [0x00000000e2000000,0x00000000e2000000,0x00000000e2500000)
 ParOldGen       total 86016K, used 3393K [0x00000000a0000000, 0x00000000a5400000, 0x00000000e0000000)
  object space 86016K, 3% used [0x00000000a0000000,0x00000000a03507f8,0x00000000a5400000)
 Metaspace       used 17581K, capacity 18180K, committed 18560K, reserved 1064960K
  class space    used 2399K, capacity 2564K, committed 2688K, reserved 1048576K
Event: 6.363 GC heap after
Heap after GC invocations=5 (full 0):
 PSYoungGen      total 37888K, used 5104K [0x00000000e0000000, 0x00000000e5400000, 0x0000000100000000)
  eden space 32768K, 0% used [0x00000000e0000000,0x00000000e0000000,0x00000000e2000000)
  from space 5120K, 99% used [0x00000000e2000000,0x00000000e24fc010,0x00000000e2500000)
  to   space 10240K, 0% used [0x00000000e4a00000,0x00000000e4a00000,0x00000000e5400000)
 ParOldGen       total 86016K, used 6449K [0x00000000a0000000, 0x00000000a5400000, 0x00000000e0000000)
  object space 86016K, 7% used [0x00000000a0000000,0x00000000a064c690,0x00000000a5400000)
 Metaspace       used 17581K, capacity 18180K, committed 18560K, reserved 1064960K
  class space    used 2399K, capacity 2564K, committed 2688K, reserved 1048576K
}

Deoptimization events (10 events):
Event: 5.892 Thread 0x0000000018405800 Uncommon trap: reason=unstable_if action=reinterpret pc=0x0000000002c59300 method=java.io.File.getName()Ljava/lang/String; @ 16
Event: 5.892 Thread 0x0000000018405800 Uncommon trap: reason=unstable_if action=reinterpret pc=0x0000000002c51c90 method=java.lang.String.substring(I)Ljava/lang/String; @ 35
Event: 6.211 Thread 0x0000000018405800 Uncommon trap: reason=unstable_if action=reinterpret pc=0x0000000002c56770 method=java.util.LinkedHashMap.afterNodeInsertion(Z)V @ 1
Event: 6.212 Thread 0x0000000018405800 Uncommon trap: reason=unstable_if action=reinterpret pc=0x0000000002b93204 method=java.util.HashMap.getNode(ILjava/lang/Object;)Ljava/util/HashMap$Node; @ 129
Event: 6.212 Thread 0x0000000018405800 Uncommon trap: reason=bimorphic action=maybe_recompile pc=0x0000000002de2fb4 method=java.util.HashMap.putVal(ILjava/lang/Object;Ljava/lang/Object;ZZ)Ljava/lang/Object; @ 203
Event: 6.218 Thread 0x0000000018405800 Uncommon trap: reason=unstable_if action=reinterpret pc=0x0000000002b84dc8 method=java.util.HashMap.getNode(ILjava/lang/Object;)Ljava/util/HashMap$Node; @ 129
Event: 6.218 Thread 0x0000000018405800 Uncommon trap: reason=bimorphic action=maybe_recompile pc=0x0000000002de2fb4 method=java.util.HashMap.putVal(ILjava/lang/Object;Ljava/lang/Object;ZZ)Ljava/lang/Object; @ 203
Event: 6.414 Thread 0x0000000018405800 Uncommon trap: reason=unstable_if action=reinterpret pc=0x0000000002e2f14c method=java.util.jar.Attributes$Name.isDigit(C)Z @ 3
Event: 6.673 Thread 0x0000000018405800 Uncommon trap: reason=unstable_if action=reinterpret pc=0x0000000002ae1f48 method=java.net.URI.match(CJJ)Z @ 19
Event: 6.674 Thread 0x0000000018405800 Uncommon trap: reason=unstable_if action=reinterpret pc=0x0000000002bdf2c0 method=java.net.URI.match(CJJ)Z @ 19

Classes redefined (0 events):
No events

Internal exceptions (10 events):
Event: 5.163 Thread 0x00000000194ef800 Exception <a 'java/lang/NoSuchMethodError': <clinit>> (0x00000000e1f509f0) thrown at [C:\src\AOSP-openjdk-git\hotspot\src\share\vm\prims\jni.cpp, line 1615]
Event: 5.188 Thread 0x00000000194ef800 Exception <a 'java/lang/NoSuchMethodError': <clinit>> (0x00000000e1fbda68) thrown at [C:\src\AOSP-openjdk-git\hotspot\src\share\vm\prims\jni.cpp, line 1615]
Event: 5.203 Thread 0x00000000194ef800 Exception <a 'java/lang/NoSuchMethodError': <clinit>> (0x00000000e1ff7f70) thrown at [C:\src\AOSP-openjdk-git\hotspot\src\share\vm\prims\jni.cpp, line 1615]
Event: 5.268 Thread 0x00000000194ef800 Exception <a 'java/lang/NoSuchMethodError': <clinit>> (0x00000000e002db48) thrown at [C:\src\AOSP-openjdk-git\hotspot\src\share\vm\prims\jni.cpp, line 1615]
Event: 5.273 Thread 0x00000000194ef800 Exception <a 'java/lang/NoSuchMethodError': <clinit>> (0x00000000e003a0a8) thrown at [C:\src\AOSP-openjdk-git\hotspot\src\share\vm\prims\jni.cpp, line 1615]
Event: 5.938 Thread 0x0000000018405800 Exception <a 'java/lang/NoSuchMethodError': java.lang.Object.lambda$and$0(Ljava/util/function/Predicate;Ljava/lang/Object;)Z> (0x00000000e04a9e30) thrown at [C:\src\AOSP-openjdk-git\hotspot\src\share\vm\interpreter\linkResolver.cpp, line 620]
Event: 5.947 Thread 0x0000000018405800 Exception <a 'java/lang/IncompatibleClassChangeError': Found class java.lang.Object, but interface was expected> (0x00000000e04ba300) thrown at [C:\src\AOSP-openjdk-git\hotspot\src\share\vm\interpreter\linkResolver.cpp, line 653]
Event: 5.950 Thread 0x0000000018405800 Exception <a 'java/lang/NoSuchMethodError': java.lang.Object.lambda$or$2(Ljava/util/function/Predicate;Ljava/lang/Object;)Z> (0x00000000e04bee50) thrown at [C:\src\AOSP-openjdk-git\hotspot\src\share\vm\interpreter\linkResolver.cpp, line 620]
Event: 6.276 Thread 0x0000000018405800 Exception <a 'java/lang/NoSuchMethodError': java.lang.Object.lambda$static$0(Lorg/gradle/internal/state/ModelObject;)Ljava/lang/String;> (0x00000000e1c4dd18) thrown at [C:\src\AOSP-openjdk-git\hotspot\src\share\vm\interpreter\linkResolver.cpp, line 620]
Event: 6.809 Thread 0x0000000018405800 Exception <a 'java/lang/NoSuchMethodError': java.lang.Object.lambda$static$1(Lorg/gradle/internal/snapshot/SnapshotHierarchy$DiffCapturingUpdateFunction;)Lorg/gradle/internal/snapshot/AtomicSnapshotHierarchyReference$UpdateFunction;> (0x00000000e138cbf8) 

Events (10 events):
Event: 6.926 loading class org/gradle/initialization/DefaultGradleLauncherFactory$2
Event: 6.926 loading class org/gradle/initialization/DefaultGradleLauncherFactory$2 done
Event: 6.929 loading class org/gradle/configuration/internal/DefaultListenerBuildOperationDecorator
Event: 6.929 loading class org/gradle/configuration/internal/DefaultListenerBuildOperationDecorator done
Event: 6.930 loading class org/gradle/configuration/internal/DefaultListenerBuildOperationDecorator$BuildOperationEmittingClosure
Event: 6.930 loading class org/gradle/configuration/internal/DefaultListenerBuildOperationDecorator$BuildOperationEmittingClosure done
Event: 6.931 loading class org/gradle/launcher/exec/InProcessBuildActionExecuter$1
Event: 6.931 loading class org/gradle/launcher/exec/InProcessBuildActionExecuter$1 done
Event: 6.932 loading class org/gradle/internal/invocation/GradleBuildController
Event: 6.932 loading class org/gradle/internal/invocation/GradleBuildController done


Dynamic libraries:
0x00007ff6538a0000 - 0x00007ff6538d1000 	C:\Program Files\Android\Android Studio\jre\bin\java.exe
0x00007ffcb51f0000 - 0x00007ffcb53c2000 	C:\Windows\SYSTEM32\ntdll.dll
0x00007ffcb3b90000 - 0x00007ffcb3c3c000 	C:\Windows\System32\KERNEL32.DLL
0x00007ffcb1e80000 - 0x00007ffcb209d000 	C:\Windows\System32\KERNELBASE.dll
0x00007ffcb3a90000 - 0x00007ffcb3b32000 	C:\Windows\System32\ADVAPI32.dll
0x00007ffcb5150000 - 0x00007ffcb51ee000 	C:\Windows\System32\msvcrt.dll
0x00007ffcb3760000 - 0x00007ffcb37b9000 	C:\Windows\System32\sechost.dll
0x00007ffcb2810000 - 0x00007ffcb2931000 	C:\Windows\System32\RPCRT4.dll
0x00007ffcb2940000 - 0x00007ffcb2aa5000 	C:\Windows\System32\USER32.dll
0x00007ffcb2290000 - 0x00007ffcb22ae000 	C:\Windows\System32\win32u.dll
0x00007ffcb3b50000 - 0x00007ffcb3b84000 	C:\Windows\System32\GDI32.dll
0x00007ffcb20a0000 - 0x00007ffcb2220000 	C:\Windows\System32\gdi32full.dll
0x00007ffca6c10000 - 0x00007ffca6e8a000 	C:\Windows\WinSxS\amd64_microsoft.windows.common-controls_6595b64144ccf1df_6.0.14393.953_none_42151e83c686086b\COMCTL32.dll
0x00007ffcb37c0000 - 0x00007ffcb3a88000 	C:\Windows\System32\combase.dll
0x00007ffcb2680000 - 0x00007ffcb2775000 	C:\Windows\System32\ucrtbase.dll
0x00007ffcb2220000 - 0x00007ffcb228a000 	C:\Windows\System32\bcryptPrimitives.dll
0x00007ffcb27e0000 - 0x00007ffcb280e000 	C:\Windows\System32\IMM32.DLL
0x00007ffcb0ee0000 - 0x00007ffcb0f0f000 	C:\Windows\system32\nvinitx.dll
0x00007ffcb0ed0000 - 0x00007ffcb0eda000 	C:\Windows\SYSTEM32\VERSION.dll
0x0000000070540000 - 0x0000000070612000 	C:\Program Files\Android\Android Studio\jre\jre\bin\msvcr100.dll
0x00000000706f0000 - 0x0000000070f3b000 	C:\Program Files\Android\Android Studio\jre\jre\bin\server\jvm.dll
0x00007ffcb3490000 - 0x00007ffcb3498000 	C:\Windows\System32\PSAPI.DLL
0x00007ffcaef20000 - 0x00007ffcaef29000 	C:\Windows\SYSTEM32\WSOCK32.dll
0x00007ffcb36f0000 - 0x00007ffcb375a000 	C:\Windows\System32\WS2_32.dll
0x00007ffcafb80000 - 0x00007ffcafba3000 	C:\Windows\SYSTEM32\WINMM.dll
0x00007ffcafb50000 - 0x00007ffcafb7b000 	C:\Windows\SYSTEM32\WINMMBASE.dll
0x00007ffcb25d0000 - 0x00007ffcb2612000 	C:\Windows\System32\cfgmgr32.dll
0x00007ffcaea70000 - 0x00007ffcaea7f000 	C:\Program Files\Android\Android Studio\jre\jre\bin\verify.dll
0x00007ffcabb60000 - 0x00007ffcabb89000 	C:\Program Files\Android\Android Studio\jre\jre\bin\java.dll
0x00007ffcabb40000 - 0x00007ffcabb56000 	C:\Program Files\Android\Android Studio\jre\jre\bin\zip.dll
0x00007ffcb3c40000 - 0x00007ffcb5149000 	C:\Windows\System32\SHELL32.dll
0x00007ffcb17a0000 - 0x00007ffcb1e79000 	C:\Windows\System32\windows.storage.dll
0x00007ffcb1680000 - 0x00007ffcb16cc000 	C:\Windows\System32\powrprof.dll
0x00007ffcb31f0000 - 0x00007ffcb3242000 	C:\Windows\System32\shlwapi.dll
0x00007ffcb16e0000 - 0x00007ffcb16ef000 	C:\Windows\System32\kernel.appcore.dll
0x00007ffcb16f0000 - 0x00007ffcb1799000 	C:\Windows\System32\shcore.dll
0x00007ffcb1660000 - 0x00007ffcb1674000 	C:\Windows\System32\profapi.dll
0x00007ffcabb20000 - 0x00007ffcabb3a000 	C:\Program Files\Android\Android Studio\jre\jre\bin\net.dll
0x00007ffcb0f90000 - 0x00007ffcb0fec000 	C:\Windows\system32\mswsock.dll
0x00007ffcabb00000 - 0x00007ffcabb13000 	C:\Program Files\Android\Android Studio\jre\jre\bin\nio.dll
0x00007ffca2840000 - 0x00007ffca2867000 	C:\Users\Site\.gradle\native\f6784746aeab05261644944871eae4fe03e0ef1612fff0a4a95f87b438bc6780\windows-amd64\native-platform.dll
0x00007ffcabd50000 - 0x00007ffcabd5d000 	C:\Program Files\Android\Android Studio\jre\jre\bin\management.dll
0x00007ffcb1130000 - 0x00007ffcb1147000 	C:\Windows\SYSTEM32\CRYPTSP.dll
0x00007ffcb0b50000 - 0x00007ffcb0b83000 	C:\Windows\system32\rsaenh.dll
0x00007ffcb1240000 - 0x00007ffcb126b000 	C:\Windows\SYSTEM32\bcrypt.dll
0x00007ffcb0dd0000 - 0x00007ffcb0def000 	C:\Windows\SYSTEM32\USERENV.dll
0x00007ffcb1150000 - 0x00007ffcb115b000 	C:\Windows\SYSTEM32\CRYPTBASE.dll
0x00007ffcb0cd0000 - 0x00007ffcb0d08000 	C:\Windows\SYSTEM32\IPHLPAPI.DLL
0x00007ffcb3500000 - 0x00007ffcb3508000 	C:\Windows\System32\NSI.dll
0x00007ffcadbc0000 - 0x00007ffcadbd6000 	C:\Windows\SYSTEM32\dhcpcsvc6.DLL
0x00007ffcadba0000 - 0x00007ffcadbba000 	C:\Windows\SYSTEM32\dhcpcsvc.DLL
0x00007ffcadf20000 - 0x00007ffcadf2b000 	C:\Windows\SYSTEM32\WINNSI.DLL

VM Arguments:
jvm_args: -Xmx1536m -Dfile.encoding=windows-1256 -Duser.country=US -Duser.language=en -Duser.variant 
java_command: org.gradle.launcher.daemon.bootstrap.GradleDaemon 6.5
java_class_path (initial): C:\Users\Site\.gradle\wrapper\dists\gradle-6.5-bin\6nifqtx7604sqp1q6g8wikw7p\gradle-6.5\lib\gradle-launcher-6.5.jar
Launcher Type: SUN_STANDARD

Environment Variables:
PATH=C:\Windows\system32;C:\Windows;C:\Windows\System32\Wbem;C:\Windows\System32\WindowsPowerShell\v1.0\;D:\flutter_sdk\flutter\bin;%ANDROID_HOME%\tools;%ANDROID_HOME%\platform-tools;C:\Program Files\Git\cmd
USERNAME=Site
OS=Windows_NT
PROCESSOR_IDENTIFIER=Intel64 Family 6 Model 37 Stepping 5, GenuineIntel



---------------  S Y S T E M  ---------------

OS: Windows 10.0 , 64 bit Build 14393 (10.0.14393.1198)

CPU:total 4 (initial active 4) (2 cores per cpu, 2 threads per core) family 6 model 37 stepping 5, cmov, cx8, fxsr, mmx, sse, sse2, sse3, ssse3, sse4.1, sse4.2, popcnt, ht, tsc, tscinvbit

Memory: 4k page, physical 8182340k(1150448k free), swap 11935660k(6124k free)

vm_info: OpenJDK 64-Bit Server VM (25.242-b01) for windows-amd64 JRE (1.8.0_242-release-1644-b01), built by "builder" with MS VC++ 10.0 (VS2010)

time: Sun Jun 20 11:10:42 2021
timezone: Iran Daylight Time
elapsed time: 6 seconds (0d 0h 0m 6s)

