#
# A fatal error has been detected by the Java Runtime Environment:
#
#  EXCEPTION_ACCESS_VIOLATION (0xc0000005) at pc=0x00000000503ab7b0, pid=4612, tid=0x00000000000007c0
#
# JRE version: OpenJDK Runtime Environment (8.0_242-b01) (build 1.8.0_242-release-1644-b01)
# Java VM: OpenJDK 64-Bit Server VM (25.242-b01 mixed mode windows-amd64 compressed oops)
# Problematic frame:
# V  [jvm.dll+0x8b7b0]
#
# Failed to write core dump. Minidumps are not enabled by default on client versions of Windows
#
# If you would like to submit a bug report, please visit:
#   
#

---------------  T H R E A D  ---------------

Current thread (0x00000000025b7000):  GCTaskThread [stack: 0x0000000011f70000,0x0000000012070000] [id=1984]

siginfo: ExceptionCode=0xc0000005, reading address 0x00000001201f9df8

Registers:
RAX=0x0000000000000001, RBX=0x00000000f724be00, RCX=0x00000000f724be00, RDX=0x00000001201f9df0
RSP=0x000000001206f658, RBP=0x0000000011a7cc01, RSI=0x000000000268d000, RDI=0x00000000a3975e18
R8 =0x000000000268d000, R9 =0x0000000000000007, R10=0x0000000000000008, R11=0x00000000fd32ce30
R12=0x0000000011a7cbac, R13=0x000000000000001d, R14=0x0000000000000000, R15=0x00000000025b2330
RIP=0x00000000503ab7b0, EFLAGS=0x0000000000010206

Top of Stack: (sp=0x000000001206f658)
0x000000001206f658:   00000000506f27b2 00000000f724bde8
0x000000001206f668:   0000000000000003 000000000268d000
0x000000001206f678:   00000000fbe5d388 00000000fd324e40
0x000000001206f688:   0000000000001000 00000000b3cbf978
0x000000001206f698:   0000000000000400 0000000000000000
0x000000001206f6a8:   000000000268d000 0000000011a7cbac
0x000000001206f6b8:   00000000506f2b20 00000000a3975b28
0x000000001206f6c8:   0000000011a7cc01 000000000268d000
0x000000001206f6d8:   00000000a3975e18 00000000a3975b28
0x000000001206f6e8:   00000000506f36c5 00000000f719a6d8
0x000000001206f6f8:   0000000011a67c01 000000000268d000
0x000000001206f708:   0000000000000004 000000000268d000
0x000000001206f718:   00000000503e785a 00000000a317c464
0x000000001206f728:   000000005040fcc7 000000000268d000
0x000000001206f738:   000000005040e3a3 00000000a35fa525
0x000000001206f748:   00000000a35fa525 00000000a3975c60 

Instructions: (pc=0x00000000503ab7b0)
0x00000000503ab790:   1c 8f 1d 00 48 8b 9c 24 c0 00 00 00 48 81 c4 b0
0x00000000503ab7a0:   00 00 00 5d c3 cc cc cc cc cc cc cc cc cc cc cc
0x00000000503ab7b0:   44 8b 42 08 4c 8b ca 45 85 c0 7e 0e 41 f6 c0 01
0x00000000503ab7c0:   75 57 41 c1 f8 03 41 8b c0 c3 79 4d 80 3d 7e 97 


Register to memory mapping:

RAX=0x0000000000000001 is an unknown value
RBX=0x00000000f724be00 is an oop

[error occurred during error reporting (printing register info), id 0xc0000005]

Stack: [0x0000000011f70000,0x0000000012070000],  sp=0x000000001206f658,  free space=1021k
Native frames: (J=compiled Java code, j=interpreted, Vv=VM code, C=native code)
V  [jvm.dll+0x8b7b0]


---------------  P R O C E S S  ---------------

Java Threads: ( => current thread )
  0x0000000021e18000 JavaThread "ForkJoinPool-4-worker-0" daemon [_thread_blocked, id=8308, stack(0x000000004e920000,0x000000004ea20000)]
  0x0000000021e1e800 JavaThread "ForkJoinPool-4-worker-3" daemon [_thread_blocked, id=8600, stack(0x000000004e820000,0x000000004e920000)]
  0x0000000021e1b000 JavaThread "ForkJoinPool-4-worker-2" daemon [_thread_blocked, id=9044, stack(0x000000004e720000,0x000000004e820000)]
  0x0000000021e1a000 JavaThread "ForkJoinPool-4-worker-1" daemon [_thread_blocked, id=8724, stack(0x000000004e620000,0x000000004e720000)]
  0x0000000021e19800 JavaThread "stdout" [_thread_in_native, id=6776, stack(0x000000004e520000,0x000000004e620000)]
  0x0000000021e1b800 JavaThread "stderr" [_thread_in_native, id=3476, stack(0x000000004e420000,0x000000004e520000)]
  0x0000000021e1e000 JavaThread "stdout" [_thread_in_native, id=8572, stack(0x000000004e320000,0x000000004e420000)]
  0x0000000021e1d000 JavaThread "stderr" [_thread_in_native, id=7608, stack(0x000000004e220000,0x000000004e320000)]
  0x0000000030bb2800 JavaThread "stdout" [_thread_in_native, id=2880, stack(0x000000004e120000,0x000000004e220000)]
  0x0000000030bb0000 JavaThread "stderr" [_thread_in_native, id=6856, stack(0x000000004e020000,0x000000004e120000)]
  0x0000000030bb1800 JavaThread "stdout" [_thread_in_native, id=1004, stack(0x000000004df20000,0x000000004e020000)]
  0x0000000030baf800 JavaThread "stderr" [_thread_in_native, id=6092, stack(0x000000004de20000,0x000000004df20000)]
  0x0000000030bae800 JavaThread "pool-11-thread-1" [_thread_blocked, id=4016, stack(0x000000004dd20000,0x000000004de20000)]
  0x0000000030bb4800 JavaThread "MarlinRenderer Disposer" daemon [_thread_blocked, id=2072, stack(0x000000004dc20000,0x000000004dd20000)]
  0x0000000030bb4000 JavaThread "Java2D Disposer" daemon [_thread_blocked, id=8360, stack(0x000000004db20000,0x000000004dc20000)]
  0x0000000030ba6800 JavaThread "WorkerExecutor Queue Thread 7" [_thread_blocked, id=8716, stack(0x000000004d820000,0x000000004d920000)]
  0x0000000030bad000 JavaThread "WorkerExecutor Queue Thread 6" [_thread_blocked, id=4904, stack(0x000000004d720000,0x000000004d820000)]
  0x0000000030bac800 JavaThread "WorkerExecutor Queue Thread 5" [_thread_blocked, id=8880, stack(0x000000004d620000,0x000000004d720000)]
  0x0000000030bb1000 JavaThread "WorkerExecutor Queue Thread 4" [_thread_blocked, id=2860, stack(0x000000004d520000,0x000000004d620000)]
  0x0000000030baa000 JavaThread "Cache worker for execution history cache (D:\Android\project_run\turkiye\.gradle\6.5\executionHistory)" [_thread_blocked, id=2256, stack(0x000000004d120000,0x000000004d220000)]
  0x0000000030bab800 JavaThread "Execution worker for ':' Thread 3" [_thread_blocked, id=2776, stack(0x000000004d020000,0x000000004d120000)]
  0x0000000030ba8800 JavaThread "Execution worker for ':' Thread 2" [_thread_blocked, id=3968, stack(0x000000004cf20000,0x000000004d020000)]
  0x0000000030ba1000 JavaThread "Execution worker for ':'" [_thread_blocked, id=9092, stack(0x000000004ce20000,0x000000004cf20000)]
  0x0000000030ba5000 JavaThread "Cache worker for file content cache (D:\Android\project_run\turkiye\.gradle\6.5\fileContent)" [_thread_blocked, id=5580, stack(0x000000004cd20000,0x000000004ce20000)]
  0x0000000030ba7000 JavaThread "pool-10-thread-1" [_thread_blocked, id=8712, stack(0x000000004cc20000,0x000000004cd20000)]
  0x0000000030ba8000 JavaThread "Cache worker for Build Output Cleanup Cache (D:\Android\project_run\turkiye\.gradle\buildOutputCleanup)" [_thread_blocked, id=3192, stack(0x000000004cb20000,0x000000004cc20000)]
  0x0000000030ba2000 JavaThread "jar transforms Thread 450" [_thread_blocked, id=8520, stack(0x000000004ca20000,0x000000004cb20000)]
  0x0000000030b9f000 JavaThread "jar transforms Thread 449" [_thread_blocked, id=7220, stack(0x000000004c920000,0x000000004ca20000)]
  0x0000000030ba0800 JavaThread "jar transforms Thread 448" [_thread_blocked, id=4760, stack(0x000000004c820000,0x000000004c920000)]
  0x0000000030b9f800 JavaThread "jar transforms Thread 447" [_thread_blocked, id=3824, stack(0x000000004c720000,0x000000004c820000)]
  0x0000000030ba2800 JavaThread "jar transforms Thread 446" [_thread_blocked, id=7408, stack(0x000000004c620000,0x000000004c720000)]
  0x0000000030ba5800 JavaThread "jar transforms Thread 445" [_thread_blocked, id=648, stack(0x000000004c520000,0x000000004c620000)]
  0x0000000030ba4000 JavaThread "jar transforms Thread 444" [_thread_blocked, id=4988, stack(0x000000004c420000,0x000000004c520000)]
  0x0000000030ba3800 JavaThread "jar transforms Thread 443" [_thread_blocked, id=2500, stack(0x000000004c320000,0x000000004c420000)]
  0x0000000030b97800 JavaThread "jar transforms Thread 442" [_thread_blocked, id=4780, stack(0x000000004c220000,0x000000004c320000)]
  0x0000000030b9d800 JavaThread "jar transforms Thread 441" [_thread_blocked, id=7904, stack(0x000000004c120000,0x000000004c220000)]
  0x0000000030b9c000 JavaThread "jar transforms Thread 440" [_thread_blocked, id=6344, stack(0x000000004c020000,0x000000004c120000)]
  0x0000000030b9a800 JavaThread "jar transforms Thread 439" [_thread_blocked, id=7172, stack(0x000000004bf20000,0x000000004c020000)]
  0x0000000030b9b000 JavaThread "jar transforms Thread 438" [_thread_blocked, id=8496, stack(0x000000004be20000,0x000000004bf20000)]
  0x0000000030b99800 JavaThread "jar transforms Thread 437" [_thread_blocked, id=4216, stack(0x000000004bd20000,0x000000004be20000)]
  0x0000000030b9e000 JavaThread "jar transforms Thread 436" [_thread_blocked, id=6704, stack(0x000000004bc20000,0x000000004bd20000)]
  0x0000000030b98000 JavaThread "jar transforms Thread 435" [_thread_blocked, id=7164, stack(0x000000004bb20000,0x000000004bc20000)]
  0x0000000030b9c800 JavaThread "jar transforms Thread 434" [_thread_blocked, id=6524, stack(0x000000004ba20000,0x000000004bb20000)]
  0x0000000030b99000 JavaThread "jar transforms Thread 433" [_thread_blocked, id=8720, stack(0x000000004b920000,0x000000004ba20000)]
  0x0000000030b96000 JavaThread "jar transforms Thread 432" [_thread_blocked, id=8608, stack(0x000000004b820000,0x000000004b920000)]
  0x0000000030b96800 JavaThread "jar transforms Thread 431" [_thread_blocked, id=336, stack(0x000000004b720000,0x000000004b820000)]
  0x000000001dc8a000 JavaThread "jar transforms Thread 430" [_thread_blocked, id=6900, stack(0x000000004b620000,0x000000004b720000)]
  0x000000001dc89800 JavaThread "jar transforms Thread 429" [_thread_blocked, id=400, stack(0x000000004b520000,0x000000004b620000)]
  0x000000001dc88800 JavaThread "jar transforms Thread 428" [_thread_blocked, id=8336, stack(0x000000004b420000,0x000000004b520000)]
  0x000000001dc8b800 JavaThread "jar transforms Thread 427" [_thread_blocked, id=8112, stack(0x000000004b320000,0x000000004b420000)]
  0x000000001dc8b000 JavaThread "jar transforms Thread 426" [_thread_blocked, id=7752, stack(0x000000004b220000,0x000000004b320000)]
  0x000000001dc88000 JavaThread "jar transforms Thread 425" [_thread_blocked, id=7656, stack(0x000000004b120000,0x000000004b220000)]
  0x000000001dc80800 JavaThread "jar transforms Thread 424" [_thread_blocked, id=5448, stack(0x000000004b020000,0x000000004b120000)]
  0x000000001dc87000 JavaThread "jar transforms Thread 423" [_thread_blocked, id=5376, stack(0x000000004af20000,0x000000004b020000)]
  0x000000001dc86800 JavaThread "jar transforms Thread 422" [_thread_blocked, id=9072, stack(0x000000004ae20000,0x000000004af20000)]
  0x000000001dc85800 JavaThread "jar transforms Thread 421" [_thread_blocked, id=2604, stack(0x000000004ad20000,0x000000004ae20000)]
  0x000000001dc85000 JavaThread "jar transforms Thread 420" [_thread_blocked, id=7880, stack(0x000000004ac20000,0x000000004ad20000)]
  0x000000001dc83800 JavaThread "jar transforms Thread 419" [_thread_blocked, id=7300, stack(0x000000004ab20000,0x000000004ac20000)]
  0x000000001dc81000 JavaThread "jar transforms Thread 418" [_thread_blocked, id=8412, stack(0x000000004aa20000,0x000000004ab20000)]
  0x000000001dc7e000 JavaThread "jar transforms Thread 417" [_thread_blocked, id=3588, stack(0x000000004a920000,0x000000004aa20000)]
  0x000000001dc7f000 JavaThread "jar transforms Thread 416" [_thread_blocked, id=8692, stack(0x000000004a820000,0x000000004a920000)]
  0x000000001dc82000 JavaThread "jar transforms Thread 415" [_thread_blocked, id=9076, stack(0x000000004a720000,0x000000004a820000)]
  0x000000001dc82800 JavaThread "jar transforms Thread 414" [_thread_blocked, id=7324, stack(0x000000004a620000,0x000000004a720000)]
  0x000000001dc7d800 JavaThread "jar transforms Thread 413" [_thread_blocked, id=8276, stack(0x000000004a520000,0x000000004a620000)]
  0x000000001dc84000 JavaThread "jar transforms Thread 412" [_thread_blocked, id=3324, stack(0x000000004a420000,0x000000004a520000)]
  0x000000001dc7c800 JavaThread "jar transforms Thread 411" [_thread_blocked, id=6568, stack(0x000000004a320000,0x000000004a420000)]
  0x000000001dc7f800 JavaThread "jar transforms Thread 410" [_thread_blocked, id=8540, stack(0x000000004a220000,0x000000004a320000)]
  0x0000000019e8e800 JavaThread "jar transforms Thread 409" [_thread_blocked, id=8888, stack(0x000000004a120000,0x000000004a220000)]
  0x0000000019e8e000 JavaThread "jar transforms Thread 408" [_thread_blocked, id=8104, stack(0x000000004a020000,0x000000004a120000)]
  0x0000000019e8b000 JavaThread "jar transforms Thread 407" [_thread_blocked, id=3260, stack(0x0000000049f20000,0x000000004a020000)]
  0x0000000019e8b800 JavaThread "jar transforms Thread 406" [_thread_blocked, id=9192, stack(0x0000000049e20000,0x0000000049f20000)]
  0x0000000019e8d000 JavaThread "jar transforms Thread 405" [_thread_blocked, id=7112, stack(0x0000000049d20000,0x0000000049e20000)]
  0x0000000019e8c800 JavaThread "jar transforms Thread 404" [_thread_blocked, id=8068, stack(0x0000000049c20000,0x0000000049d20000)]
  0x0000000019e83800 JavaThread "jar transforms Thread 403" [_thread_blocked, id=8688, stack(0x0000000049b20000,0x0000000049c20000)]
  0x0000000019e89800 JavaThread "jar transforms Thread 402" [_thread_blocked, id=5164, stack(0x0000000049a20000,0x0000000049b20000)]
  0x0000000019e8a000 JavaThread "jar transforms Thread 401" [_thread_blocked, id=7208, stack(0x0000000049920000,0x0000000049a20000)]
  0x0000000019e82800 JavaThread "jar transforms Thread 400" [_thread_blocked, id=8264, stack(0x0000000049820000,0x0000000049920000)]
  0x0000000019e82000 JavaThread "jar transforms Thread 399" [_thread_blocked, id=6868, stack(0x0000000049720000,0x0000000049820000)]
  0x0000000019e88800 JavaThread "jar transforms Thread 398" [_thread_blocked, id=992, stack(0x0000000049620000,0x0000000049720000)]
  0x0000000019e81000 JavaThread "jar transforms Thread 397" [_thread_blocked, id=4680, stack(0x0000000049520000,0x0000000049620000)]
  0x0000000019e87000 JavaThread "jar transforms Thread 396" [_thread_blocked, id=8872, stack(0x0000000049420000,0x0000000049520000)]
  0x0000000019e85800 JavaThread "jar transforms Thread 395" [_thread_blocked, id=5332, stack(0x0000000049320000,0x0000000049420000)]
  0x0000000019e88000 JavaThread "jar transforms Thread 394" [_thread_blocked, id=8344, stack(0x0000000049220000,0x0000000049320000)]
  0x0000000019e85000 JavaThread "jar transforms Thread 393" [_thread_blocked, id=112, stack(0x0000000049120000,0x0000000049220000)]
  0x0000000019e84000 JavaThread "jar transforms Thread 392" [_thread_blocked, id=8940, stack(0x0000000049020000,0x0000000049120000)]
  0x0000000019e86800 JavaThread "jar transforms Thread 391" [_thread_blocked, id=7292, stack(0x0000000048f20000,0x0000000049020000)]
  0x0000000019e80800 JavaThread "jar transforms Thread 390" [_thread_blocked, id=8072, stack(0x0000000048e20000,0x0000000048f20000)]
  0x0000000019e7f800 JavaThread "jar transforms Thread 389" [_thread_blocked, id=2716, stack(0x0000000048d20000,0x0000000048e20000)]
  0x0000000019d8d000 JavaThread "jar transforms Thread 388" [_thread_blocked, id=3936, stack(0x0000000048c20000,0x0000000048d20000)]
  0x0000000019d8c000 JavaThread "jar transforms Thread 387" [_thread_blocked, id=8944, stack(0x0000000048b20000,0x0000000048c20000)]
  0x0000000019d8b800 JavaThread "jar transforms Thread 386" [_thread_blocked, id=8556, stack(0x0000000048a20000,0x0000000048b20000)]
  0x0000000019d90000 JavaThread "jar transforms Thread 385" [_thread_blocked, id=6780, stack(0x0000000048920000,0x0000000048a20000)]
  0x0000000019d8a000 JavaThread "jar transforms Thread 384" [_thread_blocked, id=4732, stack(0x0000000048820000,0x0000000048920000)]
  0x000000001d6e5800 JavaThread "jar transforms Thread 383" [_thread_blocked, id=7504, stack(0x0000000048720000,0x0000000048820000)]
  0x000000001d6e4800 JavaThread "jar transforms Thread 382" [_thread_blocked, id=8132, stack(0x0000000048620000,0x0000000048720000)]
  0x000000001d6e3000 JavaThread "jar transforms Thread 381" [_thread_blocked, id=8176, stack(0x0000000048520000,0x0000000048620000)]
  0x000000001d6e1800 JavaThread "jar transforms Thread 380" [_thread_blocked, id=8580, stack(0x0000000048420000,0x0000000048520000)]
  0x000000001d6e7000 JavaThread "jar transforms Thread 379" [_thread_blocked, id=8652, stack(0x0000000048320000,0x0000000048420000)]
  0x000000001d6e7800 JavaThread "jar transforms Thread 378" [_thread_blocked, id=7972, stack(0x0000000048220000,0x0000000048320000)]
  0x000000001d6da000 JavaThread "jar transforms Thread 377" [_thread_blocked, id=84, stack(0x0000000048120000,0x0000000048220000)]
  0x000000001d6e1000 JavaThread "jar transforms Thread 376" [_thread_blocked, id=3112, stack(0x0000000048020000,0x0000000048120000)]
  0x000000001d6d9800 JavaThread "jar transforms Thread 375" [_thread_blocked, id=9020, stack(0x0000000047f20000,0x0000000048020000)]
  0x000000001d6e0000 JavaThread "jar transforms Thread 374" [_thread_blocked, id=8388, stack(0x0000000047e20000,0x0000000047f20000)]
  0x000000001d6db000 JavaThread "jar transforms Thread 373" [_thread_blocked, id=6388, stack(0x0000000047d20000,0x0000000047e20000)]
  0x000000001d6de800 JavaThread "jar transforms Thread 372" [_thread_blocked, id=8260, stack(0x0000000047c20000,0x0000000047d20000)]
  0x000000001d6dd000 JavaThread "jar transforms Thread 371" [_thread_blocked, id=3184, stack(0x0000000047b20000,0x0000000047c20000)]
  0x000000001d6db800 JavaThread "jar transforms Thread 370" [_thread_blocked, id=2296, stack(0x0000000047a20000,0x0000000047b20000)]
  0x000000001d6d8800 JavaThread "jar transforms Thread 369" [_thread_blocked, id=8088, stack(0x0000000047920000,0x0000000047a20000)]
  0x000000001d6dc800 JavaThread "jar transforms Thread 368" [_thread_blocked, id=8612, stack(0x0000000047820000,0x0000000047920000)]
  0x000000001d6de000 JavaThread "jar transforms Thread 367" [_thread_blocked, id=8488, stack(0x0000000047720000,0x0000000047820000)]
  0x000000001c056800 JavaThread "jar transforms Thread 366" [_thread_blocked, id=9144, stack(0x0000000047620000,0x0000000047720000)]
  0x000000001c056000 JavaThread "jar transforms Thread 365" [_thread_blocked, id=7744, stack(0x0000000047520000,0x0000000047620000)]
  0x000000001c055000 JavaThread "jar transforms Thread 364" [_thread_blocked, id=8516, stack(0x0000000047420000,0x0000000047520000)]
  0x000000001c057800 JavaThread "jar transforms Thread 363" [_thread_blocked, id=7132, stack(0x0000000047320000,0x0000000047420000)]
  0x000000001c054800 JavaThread "jar transforms Thread 362" [_thread_blocked, id=1880, stack(0x0000000047220000,0x0000000047320000)]
  0x000000001c053800 JavaThread "jar transforms Thread 361" [_thread_blocked, id=3592, stack(0x0000000047120000,0x0000000047220000)]
  0x000000001c04c000 JavaThread "jar transforms Thread 360" [_thread_blocked, id=8168, stack(0x0000000047020000,0x0000000047120000)]
  0x000000001c053000 JavaThread "jar transforms Thread 359" [_thread_blocked, id=9212, stack(0x0000000046f20000,0x0000000047020000)]
  0x000000001c04b800 JavaThread "jar transforms Thread 358" [_thread_blocked, id=8248, stack(0x0000000046e20000,0x0000000046f20000)]
  0x000000001c052000 JavaThread "jar transforms Thread 357" [_thread_blocked, id=8664, stack(0x0000000046d20000,0x0000000046e20000)]
  0x000000001c051800 JavaThread "jar transforms Thread 356" [_thread_blocked, id=876, stack(0x0000000046c20000,0x0000000046d20000)]
  0x000000001c050800 JavaThread "jar transforms Thread 355" [_thread_blocked, id=5748, stack(0x0000000046b20000,0x0000000046c20000)]
  0x000000001c04a800 JavaThread "jar transforms Thread 354" [_thread_blocked, id=5624, stack(0x0000000046a20000,0x0000000046b20000)]
  0x000000001c050000 JavaThread "jar transforms Thread 353" [_thread_blocked, id=8620, stack(0x0000000046920000,0x0000000046a20000)]
  0x000000001c04a000 JavaThread "jar transforms Thread 352" [_thread_blocked, id=6964, stack(0x0000000046820000,0x0000000046920000)]
  0x000000001c04d800 JavaThread "jar transforms Thread 351" [_thread_blocked, id=1144, stack(0x0000000046720000,0x0000000046820000)]
  0x000000001c04d000 JavaThread "jar transforms Thread 350" [_thread_blocked, id=6272, stack(0x0000000046620000,0x0000000046720000)]
  0x000000001c048800 JavaThread "jar transforms Thread 349" [_thread_blocked, id=6892, stack(0x0000000046520000,0x0000000046620000)]
  0x000000001d96d000 JavaThread "jar transforms Thread 348" [_thread_blocked, id=3056, stack(0x0000000046420000,0x0000000046520000)]
  0x000000001d96a800 JavaThread "jar transforms Thread 347" [_thread_blocked, id=5700, stack(0x0000000046320000,0x0000000046420000)]
  0x000000001d96f000 JavaThread "jar transforms Thread 346" [_thread_blocked, id=8440, stack(0x0000000046220000,0x0000000046320000)]
  0x000000001d96a000 JavaThread "jar transforms Thread 345" [_thread_blocked, id=7516, stack(0x0000000046120000,0x0000000046220000)]
  0x000000001d96d800 JavaThread "jar transforms Thread 344" [_thread_blocked, id=4380, stack(0x0000000046020000,0x0000000046120000)]
  0x000000001d96c000 JavaThread "jar transforms Thread 343" [_thread_blocked, id=5284, stack(0x0000000045f20000,0x0000000046020000)]
  0x000000001d961800 JavaThread "jar transforms Thread 342" [_thread_blocked, id=8324, stack(0x0000000045e20000,0x0000000045f20000)]
  0x000000001d968800 JavaThread "jar transforms Thread 341" [_thread_blocked, id=4592, stack(0x0000000045d20000,0x0000000045e20000)]
  0x000000001d961000 JavaThread "jar transforms Thread 340" [_thread_blocked, id=6520, stack(0x0000000045c20000,0x0000000045d20000)]
  0x000000001d967800 JavaThread "jar transforms Thread 339" [_thread_blocked, id=7232, stack(0x0000000045b20000,0x0000000045c20000)]
  0x000000001d964800 JavaThread "jar transforms Thread 338" [_thread_blocked, id=4264, stack(0x0000000045a20000,0x0000000045b20000)]
  0x000000001d963000 JavaThread "jar transforms Thread 337" [_thread_blocked, id=8912, stack(0x0000000045920000,0x0000000045a20000)]
  0x000000001d964000 JavaThread "jar transforms Thread 336" [_thread_blocked, id=2912, stack(0x0000000045820000,0x0000000045920000)]
  0x000000001d966000 JavaThread "jar transforms Thread 335" [_thread_blocked, id=5440, stack(0x0000000045720000,0x0000000045820000)]
  0x000000001d965800 JavaThread "jar transforms Thread 334" [_thread_blocked, id=1252, stack(0x0000000045620000,0x0000000045720000)]
  0x000000001d95a000 JavaThread "jar transforms Thread 333" [_thread_blocked, id=6952, stack(0x0000000045520000,0x0000000045620000)]
  0x000000001d95f800 JavaThread "jar transforms Thread 332" [_thread_blocked, id=1884, stack(0x0000000045420000,0x0000000045520000)]
  0x000000001d95d000 JavaThread "jar transforms Thread 331" [_thread_blocked, id=7280, stack(0x0000000045320000,0x0000000045420000)]
  0x000000001d95c800 JavaThread "jar transforms Thread 330" [_thread_blocked, id=8804, stack(0x0000000045220000,0x0000000045320000)]
  0x000000001d95e800 JavaThread "jar transforms Thread 329" [_thread_blocked, id=8056, stack(0x0000000045120000,0x0000000045220000)]
  0x000000001d952000 JavaThread "jar transforms Thread 328" [_thread_blocked, id=5784, stack(0x0000000045020000,0x0000000045120000)]
  0x000000001d952800 JavaThread "jar transforms Thread 327" [_thread_blocked, id=8812, stack(0x0000000044f20000,0x0000000045020000)]
  0x000000001d956800 JavaThread "jar transforms Thread 326" [_thread_blocked, id=744, stack(0x0000000044e20000,0x0000000044f20000)]
  0x000000001d958800 JavaThread "jar transforms Thread 325" [_thread_blocked, id=9184, stack(0x0000000044d20000,0x0000000044e20000)]
  0x000000001d957000 JavaThread "jar transforms Thread 324" [_thread_blocked, id=8684, stack(0x0000000044c20000,0x0000000044d20000)]
  0x000000001d954000 JavaThread "jar transforms Thread 323" [_thread_blocked, id=924, stack(0x0000000044b20000,0x0000000044c20000)]
  0x000000001d958000 JavaThread "jar transforms Thread 322" [_thread_blocked, id=1448, stack(0x0000000044a20000,0x0000000044b20000)]
  0x000000001d951000 JavaThread "jar transforms Thread 321" [_thread_blocked, id=7416, stack(0x0000000044920000,0x0000000044a20000)]
  0x000000001d950800 JavaThread "jar transforms Thread 320" [_thread_blocked, id=7304, stack(0x0000000044820000,0x0000000044920000)]
  0x000000001d955800 JavaThread "jar transforms Thread 319" [_thread_blocked, id=8164, stack(0x0000000044720000,0x0000000044820000)]
  0x000000001d955000 JavaThread "jar transforms Thread 318" [_thread_blocked, id=5304, stack(0x0000000044620000,0x0000000044720000)]
  0x000000001dafb000 JavaThread "jar transforms Thread 317" [_thread_blocked, id=7564, stack(0x0000000044520000,0x0000000044620000)]
  0x000000001dafa000 JavaThread "jar transforms Thread 316" [_thread_blocked, id=8584, stack(0x0000000044420000,0x0000000044520000)]
  0x000000001daf2800 JavaThread "jar transforms Thread 315" [_thread_blocked, id=7812, stack(0x0000000044320000,0x0000000044420000)]
  0x000000001daf9800 JavaThread "jar transforms Thread 314" [_thread_blocked, id=8196, stack(0x0000000044220000,0x0000000044320000)]
  0x000000001daf8800 JavaThread "jar transforms Thread 313" [_thread_blocked, id=8332, stack(0x0000000044120000,0x0000000044220000)]
  0x000000001daf8000 JavaThread "jar transforms Thread 312" [_thread_blocked, id=8232, stack(0x0000000044020000,0x0000000044120000)]
  0x000000001daf6800 JavaThread "jar transforms Thread 311" [_thread_blocked, id=8796, stack(0x0000000043f20000,0x0000000044020000)]
  0x000000001daf7000 JavaThread "jar transforms Thread 310" [_thread_blocked, id=8816, stack(0x0000000043e20000,0x0000000043f20000)]
  0x000000001daf2000 JavaThread "jar transforms Thread 309" [_thread_blocked, id=8768, stack(0x0000000043d20000,0x0000000043e20000)]
  0x000000001daf5800 JavaThread "jar transforms Thread 308" [_thread_blocked, id=8808, stack(0x0000000043c20000,0x0000000043d20000)]
  0x000000001daf5000 JavaThread "jar transforms Thread 307" [_thread_blocked, id=4456, stack(0x0000000043b20000,0x0000000043c20000)]
  0x000000001daf4000 JavaThread "jar transforms Thread 306" [_thread_blocked, id=2344, stack(0x0000000043a20000,0x0000000043b20000)]
  0x000000001daf1000 JavaThread "jar transforms Thread 305" [_thread_blocked, id=7468, stack(0x0000000043920000,0x0000000043a20000)]
  0x000000001daf3800 JavaThread "jar transforms Thread 304" [_thread_blocked, id=2388, stack(0x0000000043820000,0x0000000043920000)]
  0x000000001daec000 JavaThread "jar transforms Thread 303" [_thread_blocked, id=5244, stack(0x0000000043720000,0x0000000043820000)]
  0x000000001daf0800 JavaThread "jar transforms Thread 302" [_thread_blocked, id=3676, stack(0x0000000043620000,0x0000000043720000)]
  0x000000001daee000 JavaThread "jar transforms Thread 301" [_thread_blocked, id=7256, stack(0x0000000043520000,0x0000000043620000)]
  0x000000001daef000 JavaThread "Build operations Thread 4" [_thread_blocked, id=9036, stack(0x0000000043420000,0x0000000043520000)]
  0x000000001daef800 JavaThread "Build operations Thread 3" [_thread_blocked, id=7512, stack(0x0000000043320000,0x0000000043420000)]
  0x000000001daed800 JavaThread "Build operations Thread 2" [_thread_blocked, id=2264, stack(0x0000000043220000,0x0000000043320000)]
  0x000000001dae4800 JavaThread "Build operations" [_thread_blocked, id=5268, stack(0x0000000043120000,0x0000000043220000)]
  0x000000001daeb000 JavaThread "Cache worker for cache directory md-rule (C:\Users\Site\.gradle\caches\6.5\md-rule)" [_thread_blocked, id=8256, stack(0x0000000043020000,0x0000000043120000)]
  0x000000001daea800 JavaThread "Cache worker for cache directory md-supplier (C:\Users\Site\.gradle\caches\6.5\md-supplier)" [_thread_blocked, id=2792, stack(0x0000000042f20000,0x0000000043020000)]
  0x000000001dae6800 JavaThread "Cache worker for checksums cache (D:\Android\project_run\turkiye\.gradle\checksums)" [_thread_blocked, id=7108, stack(0x0000000042e20000,0x0000000042f20000)]
  0x000000001dae3800 JavaThread "Cache worker for file hash cache (D:\Android\project_run\turkiye\.gradle\6.5\fileHashes)" [_thread_blocked, id=7124, stack(0x0000000042d20000,0x0000000042e20000)]
  0x000000001dae5000 JavaThread "Thread-400" [_thread_blocked, id=9048, stack(0x0000000042c20000,0x0000000042d20000)]
  0x000000001dae9800 JavaThread "Stdin handler" [_thread_blocked, id=4596, stack(0x0000000042b20000,0x0000000042c20000)]
  0x000000001dae1000 JavaThread "Asynchronous log dispatcher for DefaultDaemonConnection: socket connection from /127.0.0.1:50833 to /127.0.0.1:50997" [_thread_blocked, id=7740, stack(0x0000000042a20000,0x0000000042b20000)]
  0x000000001dae8000 JavaThread "Daemon worker Thread 2" [_thread_blocked, id=7476, stack(0x0000000042920000,0x0000000042a20000)]
  0x000000001dae2000 JavaThread "Cancel handler" [_thread_blocked, id=7580, stack(0x0000000042820000,0x0000000042920000)]
  0x000000001dae7800 JavaThread "Handler for socket connection from /127.0.0.1:50833 to /127.0.0.1:50997" [_thread_in_native, id=9204, stack(0x0000000042720000,0x0000000042820000)]
  0x000000001dae6000 JavaThread "Daemon Thread 2" [_thread_blocked, id=8588, stack(0x0000000042620000,0x0000000042720000)]
  0x000000001d6e4000 JavaThread "Memory manager" [_thread_blocked, id=6016, stack(0x000000002d150000,0x000000002d250000)]
  0x0000000019d8a800 JavaThread "Cache worker for file content cache (C:\Users\Site\.gradle\caches\6.5\fileContent)" [_thread_blocked, id=8772, stack(0x0000000020010000,0x0000000020110000)]
  0x0000000019d91000 JavaThread "Cache worker for execution history cache (C:\Users\Site\.gradle\caches\6.5\executionHistory)" [_thread_blocked, id=1660, stack(0x000000001f810000,0x000000001f910000)]
  0x0000000019d8f000 JavaThread "Cache worker for file hash cache (C:\Users\Site\.gradle\caches\6.5\fileHashes)" [_thread_blocked, id=6884, stack(0x000000001bc20000,0x000000001bd20000)]
  0x0000000019d8e800 JavaThread "File lock request listener" [_thread_in_native, id=8544, stack(0x000000001bb20000,0x000000001bc20000)]
  0x0000000019d05000 JavaThread "Cache worker for journal cache (C:\Users\Site\.gradle\caches\journal-1)" [_thread_blocked, id=7956, stack(0x000000001ba20000,0x000000001bb20000)]
  0x0000000019a48800 JavaThread "Daemon periodic checks" [_thread_blocked, id=4640, stack(0x000000001ae20000,0x000000001af20000)]
  0x00000000199cd800 JavaThread "Incoming local TCP Connector on port 50833" [_thread_in_native, id=9124, stack(0x000000001abf0000,0x000000001acf0000)]
  0x000000001971e800 JavaThread "Daemon health stats" [_thread_blocked, id=8576, stack(0x000000001a8f0000,0x000000001a9f0000)]
  0x00000000178c2800 JavaThread "Service Thread" daemon [_thread_blocked, id=8372, stack(0x0000000017d50000,0x0000000017e50000)]
  0x000000001606e000 JavaThread "C1 CompilerThread2" daemon [_thread_blocked, id=2116, stack(0x0000000017c50000,0x0000000017d50000)]
  0x000000001601b800 JavaThread "C2 CompilerThread1" daemon [_thread_blocked, id=1940, stack(0x0000000017750000,0x0000000017850000)]
  0x0000000016013000 JavaThread "C2 CompilerThread0" daemon [_thread_blocked, id=824, stack(0x0000000017650000,0x0000000017750000)]
  0x0000000016064000 JavaThread "Attach Listener" daemon [_thread_blocked, id=8876, stack(0x0000000017550000,0x0000000017650000)]
  0x0000000016063800 JavaThread "Signal Dispatcher" daemon [_thread_blocked, id=1608, stack(0x0000000017450000,0x0000000017550000)]
  0x000000000269c800 JavaThread "Finalizer" daemon [_thread_blocked, id=7204, stack(0x0000000017260000,0x0000000017360000)]
  0x0000000015ff9800 JavaThread "Reference Handler" daemon [_thread_blocked, id=1988, stack(0x0000000017160000,0x0000000017260000)]
  0x000000000052d800 JavaThread "main" [_thread_blocked, id=7316, stack(0x00000000024a0000,0x00000000025a0000)]

Other Threads:
  0x0000000015fd4800 VMThread [stack: 0x0000000017060000,0x0000000017160000] [id=8636]
  0x00000000178cc800 WatcherThread [stack: 0x0000000017e50000,0x0000000017f50000] [id=9116]

=>0x00000000025b7000 (exited) GCTaskThread [stack: 0x0000000011f70000,0x0000000012070000] [id=1984]

VM state:at safepoint (normal execution)

VM Mutex/Monitor currently owned by a thread:  ([mutex/lock_event])
[0x000000000052c3b0] Threads_lock - owner thread: 0x0000000015fd4800
[0x000000000052d230] Heap_lock - owner thread: 0x0000000030bad000

heap address: 0x00000000a0000000, size: 1536 MB, Compressed Oops mode: 32-bit
Narrow klass base: 0x0000000000000000, Narrow klass shift: 3
Compressed class space size: 1073741824 Address: 0x0000000100000000

Heap:
 PSYoungGen      total 424960K, used 424933K [0x00000000e0000000, 0x0000000100000000, 0x0000000100000000)
  eden space 329728K, 100% used [0x00000000e0000000,0x00000000f4200000,0x00000000f4200000)
  from space 95232K, 99% used [0x00000000f4200000,0x00000000f9ef9678,0x00000000f9f00000)
  to   space 99328K, 72% used [0x00000000f9f00000,0x00000000fe52e810,0x0000000100000000)
 ParOldGen       total 406528K, used 324622K [0x00000000a0000000, 0x00000000b8d00000, 0x00000000e0000000)
  object space 406528K, 79% used [0x00000000a0000000,0x00000000b3d03978,0x00000000b8d00000)
 Metaspace       used 104346K, capacity 112190K, committed 112536K, reserved 1146880K
  class space    used 13642K, capacity 15167K, committed 15272K, reserved 1048576K

Card table byte_map: [0x0000000011a60000,0x0000000011d70000] byte_map_base: 0x0000000011560000

Marking Bits: (ParMarkBitMap*) 0x0000000050aef030
 Begin Bits: [0x0000000012370000, 0x0000000013b70000)
 End Bits:   [0x0000000013b70000, 0x0000000015370000)

Polling page: 0x0000000000590000

CodeCache: size=245760Kb used=63191Kb max_used=63207Kb free=182568Kb
 bounds [0x00000000026a0000, 0x00000000064c0000, 0x00000000116a0000]
 total_blobs=20384 nmethods=19394 adapters=902
 compilation: enabled

Compilation events (10 events):
Event: 306.687 Thread 0x000000001606e000 25115       3       com.android.tools.build.apkzlib.zip.ExtraField::size (64 bytes)
Event: 306.688 Thread 0x000000001606e000 nmethod 25115 0x0000000006460ad0 code [0x0000000006460cc0, 0x00000000064614a8]
Event: 306.704 Thread 0x0000000016013000 nmethod 25106 0x00000000064a5790 code [0x00000000064a5b60, 0x00000000064a8738]
Event: 306.704 Thread 0x0000000016013000 25110       4       com.android.tools.build.apkzlib.zip.StoredEntry::<init> (364 bytes)
Event: 306.723 Thread 0x000000001606e000 25116       3       com.android.tools.r8.dex.u::b (26 bytes)
Event: 306.724 Thread 0x000000001606e000 nmethod 25116 0x000000000643f690 code [0x000000000643f820, 0x000000000643fb78]
Event: 306.776 Thread 0x0000000016013000 nmethod 25110 0x00000000064ad450 code [0x00000000064ad800, 0x00000000064af0c8]
Event: 306.777 Thread 0x0000000016013000 25117       4       com.android.tools.r8.graph.l1::a (52 bytes)
Event: 306.805 Thread 0x000000001606e000 25120       3       com.android.builder.merge.DelegateIncrementalFileMergerInput::open (10 bytes)
Event: 306.805 Thread 0x000000001606e000 nmethod 25120 0x0000000006460690 code [0x0000000006460800, 0x0000000006460a28]

GC Heap History (10 events):
Event: 153.845 GC heap after
Heap after GC invocations=26 (full 5):
 PSYoungGen      total 345088K, used 26949K [0x00000000e0000000, 0x00000000ff900000, 0x0000000100000000)
  eden space 317952K, 0% used [0x00000000e0000000,0x00000000e0000000,0x00000000f3680000)
  from space 27136K, 99% used [0x00000000f3680000,0x00000000f50d14a0,0x00000000f5100000)
  to   space 98816K, 0% used [0x00000000f9880000,0x00000000f9880000,0x00000000ff900000)
 ParOldGen       total 406528K, used 276371K [0x00000000a0000000, 0x00000000b8d00000, 0x00000000e0000000)
  object space 406528K, 67% used [0x00000000a0000000,0x00000000b0de4fd8,0x00000000b8d00000)
 Metaspace       used 97097K, capacity 104148K, committed 104216K, reserved 1138688K
  class space    used 12905K, capacity 14310K, committed 14376K, reserved 1048576K
}
Event: 160.265 GC heap before
{Heap before GC invocations=27 (full 5):
 PSYoungGen      total 345088K, used 333164K [0x00000000e0000000, 0x00000000ff900000, 0x0000000100000000)
  eden space 317952K, 96% used [0x00000000e0000000,0x00000000f2b09c98,0x00000000f3680000)
  from space 27136K, 99% used [0x00000000f3680000,0x00000000f50d14a0,0x00000000f5100000)
  to   space 98816K, 0% used [0x00000000f9880000,0x00000000f9880000,0x00000000ff900000)
 ParOldGen       total 406528K, used 276371K [0x00000000a0000000, 0x00000000b8d00000, 0x00000000e0000000)
  object space 406528K, 67% used [0x00000000a0000000,0x00000000b0de4fd8,0x00000000b8d00000)
 Metaspace       used 97849K, capacity 105396K, committed 105624K, reserved 1140736K
  class space    used 12988K, capacity 14462K, committed 14504K, reserved 1048576K
Event: 160.379 GC heap after
Heap after GC invocations=27 (full 5):
 PSYoungGen      total 420352K, used 51372K [0x00000000e0000000, 0x0000000100000000, 0x0000000100000000)
  eden space 321536K, 0% used [0x00000000e0000000,0x00000000e0000000,0x00000000f3a00000)
  from space 98816K, 51% used [0x00000000f9880000,0x00000000fcaab2d0,0x00000000ff900000)
  to   space 96768K, 0% used [0x00000000f3a00000,0x00000000f3a00000,0x00000000f9880000)
 ParOldGen       total 406528K, used 276379K [0x00000000a0000000, 0x00000000b8d00000, 0x00000000e0000000)
  object space 406528K, 67% used [0x00000000a0000000,0x00000000b0de6fd8,0x00000000b8d00000)
 Metaspace       used 97849K, capacity 105396K, committed 105624K, reserved 1140736K
  class space    used 12988K, capacity 14462K, committed 14504K, reserved 1048576K
}
Event: 290.111 GC heap before
{Heap before GC invocations=28 (full 5):
 PSYoungGen      total 420352K, used 372908K [0x00000000e0000000, 0x0000000100000000, 0x0000000100000000)
  eden space 321536K, 100% used [0x00000000e0000000,0x00000000f3a00000,0x00000000f3a00000)
  from space 98816K, 51% used [0x00000000f9880000,0x00000000fcaab2d0,0x00000000ff900000)
  to   space 96768K, 0% used [0x00000000f3a00000,0x00000000f3a00000,0x00000000f9880000)
 ParOldGen       total 406528K, used 276379K [0x00000000a0000000, 0x00000000b8d00000, 0x00000000e0000000)
  object space 406528K, 67% used [0x00000000a0000000,0x00000000b0de6fd8,0x00000000b8d00000)
 Metaspace       used 98671K, capacity 106260K, committed 106520K, reserved 1140736K
  class space    used 13068K, capacity 14510K, committed 14632K, reserved 1048576K
Event: 290.236 GC heap after
Heap after GC invocations=28 (full 5):
 PSYoungGen      total 418304K, used 54872K [0x00000000e0000000, 0x00000000ffd00000, 0x0000000100000000)
  eden space 321536K, 0% used [0x00000000e0000000,0x00000000e0000000,0x00000000f3a00000)
  from space 96768K, 56% used [0x00000000f3a00000,0x00000000f6f96028,0x00000000f9880000)
  to   space 96256K, 0% used [0x00000000f9f00000,0x00000000f9f00000,0x00000000ffd00000)
 ParOldGen       total 406528K, used 276387K [0x00000000a0000000, 0x00000000b8d00000, 0x00000000e0000000)
  object space 406528K, 67% used [0x00000000a0000000,0x00000000b0de8fd8,0x00000000b8d00000)
 Metaspace       used 98671K, capacity 106260K, committed 106520K, reserved 1140736K
  class space    used 13068K, capacity 14510K, committed 14632K, reserved 1048576K
}
Event: 294.014 GC heap before
{Heap before GC invocations=29 (full 5):
 PSYoungGen      total 418304K, used 376408K [0x00000000e0000000, 0x00000000ffd00000, 0x0000000100000000)
  eden space 321536K, 100% used [0x00000000e0000000,0x00000000f3a00000,0x00000000f3a00000)
  from space 96768K, 56% used [0x00000000f3a00000,0x00000000f6f96028,0x00000000f9880000)
  to   space 96256K, 0% used [0x00000000f9f00000,0x00000000f9f00000,0x00000000ffd00000)
 ParOldGen       total 406528K, used 276387K [0x00000000a0000000, 0x00000000b8d00000, 0x00000000e0000000)
  object space 406528K, 67% used [0x00000000a0000000,0x00000000b0de8fd8,0x00000000b8d00000)
 Metaspace       used 101719K, capacity 109382K, committed 109592K, reserved 1144832K
  class space    used 13366K, capacity 14861K, committed 14888K, reserved 1048576K
Event: 294.150 GC heap after
Heap after GC invocations=29 (full 5):
 PSYoungGen      total 425984K, used 54601K [0x00000000e0000000, 0x00000000ffd80000, 0x0000000100000000)
  eden space 329728K, 0% used [0x00000000e0000000,0x00000000e0000000,0x00000000f4200000)
  from space 96256K, 56% used [0x00000000f9f00000,0x00000000fd452590,0x00000000ffd00000)
  to   space 95232K, 0% used [0x00000000f4200000,0x00000000f4200000,0x00000000f9f00000)
 ParOldGen       total 406528K, used 276395K [0x00000000a0000000, 0x00000000b8d00000, 0x00000000e0000000)
  object space 406528K, 67% used [0x00000000a0000000,0x00000000b0deafd8,0x00000000b8d00000)
 Metaspace       used 101719K, capacity 109382K, committed 109592K, reserved 1144832K
  class space    used 13366K, capacity 14861K, committed 14888K, reserved 1048576K
}
Event: 301.864 GC heap before
{Heap before GC invocations=30 (full 5):
 PSYoungGen      total 425984K, used 384329K [0x00000000e0000000, 0x00000000ffd80000, 0x0000000100000000)
  eden space 329728K, 100% used [0x00000000e0000000,0x00000000f4200000,0x00000000f4200000)
  from space 96256K, 56% used [0x00000000f9f00000,0x00000000fd452590,0x00000000ffd00000)
  to   space 95232K, 0% used [0x00000000f4200000,0x00000000f4200000,0x00000000f9f00000)
 ParOldGen       total 406528K, used 280847K [0x00000000a0000000, 0x00000000b8d00000, 0x00000000e0000000)
  object space 406528K, 69% used [0x00000000a0000000,0x00000000b1243d48,0x00000000b8d00000)
 Metaspace       used 102154K, capacity 109884K, committed 110232K, reserved 1144832K
  class space    used 13401K, capacity 14916K, committed 15016K, reserved 1048576K
Event: 302.070 GC heap after
Heap after GC invocations=30 (full 5):
 PSYoungGen      total 424960K, used 95205K [0x00000000e0000000, 0x0000000100000000, 0x0000000100000000)
  eden space 329728K, 0% used [0x00000000e0000000,0x00000000e0000000,0x00000000f4200000)
  from space 95232K, 99% used [0x00000000f4200000,0x00000000f9ef9678,0x00000000f9f00000)
  to   space 99328K, 0% used [0x00000000f9f00000,0x00000000f9f00000,0x0000000100000000)
 ParOldGen       total 406528K, used 322499K [0x00000000a0000000, 0x00000000b8d00000, 0x00000000e0000000)
  object space 406528K, 79% used [0x00000000a0000000,0x00000000b3af0f80,0x00000000b8d00000)
 Metaspace       used 102154K, capacity 109884K, committed 110232K, reserved 1144832K
  class space    used 13401K, capacity 14916K, committed 15016K, reserved 1048576K
}
Event: 306.826 GC heap before
{Heap before GC invocations=31 (full 5):
 PSYoungGen      total 424960K, used 424933K [0x00000000e0000000, 0x0000000100000000, 0x0000000100000000)
  eden space 329728K, 100% used [0x00000000e0000000,0x00000000f4200000,0x00000000f4200000)
  from space 95232K, 99% used [0x00000000f4200000,0x00000000f9ef9678,0x00000000f9f00000)
  to   space 99328K, 0% used [0x00000000f9f00000,0x00000000f9f00000,0x0000000100000000)
 ParOldGen       total 406528K, used 322502K [0x00000000a0000000, 0x00000000b8d00000, 0x00000000e0000000)
  object space 406528K, 79% used [0x00000000a0000000,0x00000000b3af1968,0x00000000b8d00000)
 Metaspace       used 104346K, capacity 112190K, committed 112536K, reserved 1146880K
  class space    used 13642K, capacity 15167K, committed 15272K, reserved 1048576K

Deoptimization events (10 events):
Event: 303.804 Thread 0x0000000030ba1000 Uncommon trap: reason=unstable_if action=reinterpret pc=0x00000000047347a0 method=java.util.Arrays.equals([B[B)Z @ 12
Event: 303.860 Thread 0x0000000030ba1000 Uncommon trap: reason=class_check action=maybe_recompile pc=0x00000000035b08dc method=java.lang.AbstractStringBuilder.append(Ljava/lang/CharSequence;)Ljava/lang/AbstractStringBuilder; @ 37
Event: 303.862 Thread 0x0000000030ba1000 Uncommon trap: reason=class_check action=maybe_recompile pc=0x00000000035b08dc method=java.lang.AbstractStringBuilder.append(Ljava/lang/CharSequence;)Ljava/lang/AbstractStringBuilder; @ 37
Event: 303.871 Thread 0x0000000030ba1000 Uncommon trap: reason=class_check action=maybe_recompile pc=0x00000000035b08dc method=java.lang.AbstractStringBuilder.append(Ljava/lang/CharSequence;)Ljava/lang/AbstractStringBuilder; @ 37
Event: 303.871 Thread 0x0000000030ba1000 Uncommon trap: reason=class_check action=maybe_recompile pc=0x00000000035b08dc method=java.lang.AbstractStringBuilder.append(Ljava/lang/CharSequence;)Ljava/lang/AbstractStringBuilder; @ 37
Event: 304.546 Thread 0x0000000030bad000 Uncommon trap: reason=class_check action=maybe_recompile pc=0x0000000005928cc0 method=com.google.common.collect.ImmutableMap.copyOf(Ljava/lang/Iterable;)Lcom/google/common/collect/ImmutableMap; @ 53
Event: 304.548 Thread 0x0000000030bad000 Uncommon trap: reason=class_check action=maybe_recompile pc=0x0000000005928cc0 method=com.google.common.collect.ImmutableMap.copyOf(Ljava/lang/Iterable;)Lcom/google/common/collect/ImmutableMap; @ 53
Event: 304.938 Thread 0x0000000021e1e800 Uncommon trap: reason=class_check action=maybe_recompile pc=0x0000000006365f2c method=java.util.concurrent.ForkJoinTask$AdaptedCallable.exec()Z @ 5
Event: 304.938 Thread 0x0000000021e18000 Uncommon trap: reason=class_check action=maybe_recompile pc=0x0000000006365f2c method=java.util.concurrent.ForkJoinTask$AdaptedCallable.exec()Z @ 5
Event: 305.582 Thread 0x0000000030bad000 Uncommon trap: reason=class_check action=maybe_recompile pc=0x0000000005928cc0 method=com.google.common.collect.ImmutableMap.copyOf(Ljava/lang/Iterable;)Lcom/google/common/collect/ImmutableMap; @ 53

Classes redefined (0 events):
No events

Internal exceptions (10 events):
Event: 301.438 Thread 0x0000000030ba1000 Exception <a 'sun/nio/fs/WindowsException'> (0x00000000f272ac88) thrown at [C:\src\AOSP-openjdk-git\hotspot\src\share\vm\prims\jni.cpp, line 710]
Event: 301.438 Thread 0x0000000030ba1000 Exception <a 'sun/nio/fs/WindowsException'> (0x00000000f272bd10) thrown at [C:\src\AOSP-openjdk-git\hotspot\src\share\vm\prims\jni.cpp, line 710]
Event: 303.331 Thread 0x0000000030ba1000 Exception <a 'sun/nio/fs/WindowsException'> (0x00000000e829c938) thrown at [C:\src\AOSP-openjdk-git\hotspot\src\share\vm\prims\jni.cpp, line 710]
Event: 303.331 Thread 0x0000000030ba1000 Exception <a 'sun/nio/fs/WindowsException'> (0x00000000e829d9a8) thrown at [C:\src\AOSP-openjdk-git\hotspot\src\share\vm\prims\jni.cpp, line 710]
Event: 303.331 Thread 0x0000000030ba1000 Exception <a 'sun/nio/fs/WindowsException'> (0x00000000e829e4a8) thrown at [C:\src\AOSP-openjdk-git\hotspot\src\share\vm\prims\jni.cpp, line 710]
Event: 303.331 Thread 0x0000000030ba1000 Exception <a 'sun/nio/fs/WindowsException'> (0x00000000e829f508) thrown at [C:\src\AOSP-openjdk-git\hotspot\src\share\vm\prims\jni.cpp, line 710]
Event: 303.547 Thread 0x0000000030ba1000 Exception <a 'java/lang/ClassNotFoundException': android/app/Application> (0x00000000e8d83f90) thrown at [C:\src\AOSP-openjdk-git\hotspot\src\share\vm\classfile\systemDictionary.cpp, line 210]
Event: 303.638 Thread 0x0000000030ba1000 Implicit null exception at 0x0000000003f5750c to 0x0000000003f59b29
Event: 303.803 Thread 0x0000000030ba1000 Implicit null exception at 0x0000000004734658 to 0x000000000473478d
Event: 306.196 Thread 0x0000000021e18000 Exception <a 'sun/nio/fs/WindowsException'> (0x00000000f238dcb8) thrown at [C:\src\AOSP-openjdk-git\hotspot\src\share\vm\prims\jni.cpp, line 710]

Events (10 events):
Event: 305.582 Thread 0x0000000030bad000 Uncommon trap: trap_request=0xffffffde fr.pc=0x0000000005928cc0
Event: 305.582 Thread 0x0000000030bad000 DEOPT PACKING pc=0x0000000005928cc0 sp=0x000000004d81daf0
Event: 305.582 Thread 0x0000000030bad000 DEOPT UNPACKING pc=0x00000000026e557b sp=0x000000004d81da30 mode 2
Event: 306.055 Thread 0x0000000021e1e800 DEOPT PACKING pc=0x0000000006423411 sp=0x000000004e91efd0
Event: 306.055 Thread 0x0000000021e1e800 DEOPT UNPACKING pc=0x00000000026e71d0 sp=0x000000004e91ed80 mode 0
Event: 306.390 Thread 0x0000000021e1e800 DEOPT PACKING pc=0x0000000006423411 sp=0x000000004e91eff0
Event: 306.390 Thread 0x0000000021e1e800 DEOPT UNPACKING pc=0x00000000026e71d0 sp=0x000000004e91eda0 mode 0
Event: 306.593 Thread 0x0000000021e1e800 DEOPT PACKING pc=0x0000000006423411 sp=0x000000004e91f020
Event: 306.593 Thread 0x0000000021e1e800 DEOPT UNPACKING pc=0x00000000026e71d0 sp=0x000000004e91edd0 mode 0
Event: 306.821 Executing VM operation: ParallelGCFailedAllocation


Dynamic libraries:
0x00007ff6c7dd0000 - 0x00007ff6c7e01000 	C:\Program Files\Android\Android Studio\jre\bin\java.exe
0x00007ff903f10000 - 0x00007ff9040e2000 	C:\Windows\SYSTEM32\ntdll.dll
0x00007ff903990000 - 0x00007ff903a3c000 	C:\Windows\System32\KERNEL32.DLL
0x00007ff9010d0000 - 0x00007ff9012ed000 	C:\Windows\System32\KERNELBASE.dll
0x00007ff902ce0000 - 0x00007ff902d82000 	C:\Windows\System32\ADVAPI32.dll
0x00007ff902c20000 - 0x00007ff902cbe000 	C:\Windows\System32\msvcrt.dll
0x00007ff903520000 - 0x00007ff903579000 	C:\Windows\System32\sechost.dll
0x00007ff902ea0000 - 0x00007ff902fc1000 	C:\Windows\System32\RPCRT4.dll
0x00007ff903210000 - 0x00007ff903375000 	C:\Windows\System32\USER32.dll
0x00007ff900860000 - 0x00007ff90087e000 	C:\Windows\System32\win32u.dll
0x00007ff902df0000 - 0x00007ff902e24000 	C:\Windows\System32\GDI32.dll
0x00007ff900510000 - 0x00007ff900690000 	C:\Windows\System32\gdi32full.dll
0x00007ff8f67d0000 - 0x00007ff8f6a4a000 	C:\Windows\WinSxS\amd64_microsoft.windows.common-controls_6595b64144ccf1df_6.0.14393.953_none_42151e83c686086b\COMCTL32.dll
0x00007ff903580000 - 0x00007ff903848000 	C:\Windows\System32\combase.dll
0x00007ff9013a0000 - 0x00007ff901495000 	C:\Windows\System32\ucrtbase.dll
0x00007ff900fb0000 - 0x00007ff90101a000 	C:\Windows\System32\bcryptPrimitives.dll
0x00007ff903380000 - 0x00007ff9033ae000 	C:\Windows\System32\IMM32.DLL
0x00007ff8ffa40000 - 0x00007ff8ffa6f000 	C:\Windows\system32\nvinitx.dll
0x00007ff8ff9f0000 - 0x00007ff8ff9fa000 	C:\Windows\SYSTEM32\VERSION.dll
0x0000000050240000 - 0x0000000050312000 	C:\Program Files\Android\Android Studio\jre\jre\bin\msvcr100.dll
0x0000000050320000 - 0x0000000050b6b000 	C:\Program Files\Android\Android Studio\jre\jre\bin\server\jvm.dll
0x00007ff903410000 - 0x00007ff903418000 	C:\Windows\System32\PSAPI.DLL
0x00007ff8f70f0000 - 0x00007ff8f70f9000 	C:\Windows\SYSTEM32\WSOCK32.dll
0x00007ff8fe8d0000 - 0x00007ff8fe8f3000 	C:\Windows\SYSTEM32\WINMM.dll
0x00007ff902fd0000 - 0x00007ff90303a000 	C:\Windows\System32\WS2_32.dll
0x00007ff8fe870000 - 0x00007ff8fe89b000 	C:\Windows\SYSTEM32\WINMMBASE.dll
0x00007ff900f60000 - 0x00007ff900fa2000 	C:\Windows\System32\cfgmgr32.dll
0x00007ff8f6e00000 - 0x00007ff8f6e0f000 	C:\Program Files\Android\Android Studio\jre\jre\bin\verify.dll
0x00007ff8f1560000 - 0x00007ff8f1589000 	C:\Program Files\Android\Android Studio\jre\jre\bin\java.dll
0x00007ff8f6b40000 - 0x00007ff8f6b56000 	C:\Program Files\Android\Android Studio\jre\jre\bin\zip.dll
0x00007ff9014a0000 - 0x00007ff9029a9000 	C:\Windows\System32\SHELL32.dll
0x00007ff900880000 - 0x00007ff900f59000 	C:\Windows\System32\windows.storage.dll
0x00007ff9003a0000 - 0x00007ff9003ec000 	C:\Windows\System32\powrprof.dll
0x00007ff903050000 - 0x00007ff9030a2000 	C:\Windows\System32\shlwapi.dll
0x00007ff900390000 - 0x00007ff90039f000 	C:\Windows\System32\kernel.appcore.dll
0x00007ff9012f0000 - 0x00007ff901399000 	C:\Windows\System32\shcore.dll
0x00007ff9003f0000 - 0x00007ff900404000 	C:\Windows\System32\profapi.dll
0x00007ff8f5f00000 - 0x00007ff8f5f1a000 	C:\Program Files\Android\Android Studio\jre\jre\bin\net.dll
0x00007ff8ffcb0000 - 0x00007ff8ffd0c000 	C:\Windows\system32\mswsock.dll
0x00007ff8f5420000 - 0x00007ff8f5433000 	C:\Program Files\Android\Android Studio\jre\jre\bin\nio.dll
0x00007ff8f9880000 - 0x00007ff8f98a7000 	C:\Users\Site\.gradle\native\f6784746aeab05261644944871eae4fe03e0ef1612fff0a4a95f87b438bc6780\windows-amd64\native-platform.dll
0x00007ff8f6be0000 - 0x00007ff8f6bed000 	C:\Program Files\Android\Android Studio\jre\jre\bin\management.dll
0x00007ff8ffe50000 - 0x00007ff8ffe67000 	C:\Windows\SYSTEM32\CRYPTSP.dll
0x00007ff8ff870000 - 0x00007ff8ff8a3000 	C:\Windows\system32\rsaenh.dll
0x00007ff8fff60000 - 0x00007ff8fff8b000 	C:\Windows\SYSTEM32\bcrypt.dll
0x00007ff8ffb40000 - 0x00007ff8ffb5f000 	C:\Windows\SYSTEM32\USERENV.dll
0x00007ff8ffe70000 - 0x00007ff8ffe7b000 	C:\Windows\SYSTEM32\CRYPTBASE.dll
0x00007ff8ffa00000 - 0x00007ff8ffa38000 	C:\Windows\SYSTEM32\IPHLPAPI.DLL
0x00007ff903040000 - 0x00007ff903048000 	C:\Windows\System32\NSI.dll
0x00007ff8fc540000 - 0x00007ff8fc556000 	C:\Windows\SYSTEM32\dhcpcsvc6.DLL
0x00007ff8fc520000 - 0x00007ff8fc53a000 	C:\Windows\SYSTEM32\dhcpcsvc.DLL
0x00007ff8fc8a0000 - 0x00007ff8fc8ab000 	C:\Windows\SYSTEM32\WINNSI.DLL
0x00007ff8dc8d0000 - 0x00007ff8dca6c000 	C:\Program Files\Android\Android Studio\jre\jre\bin\awt.dll
0x00007ff9029b0000 - 0x00007ff902a6f000 	C:\Windows\System32\OLEAUT32.dll
0x00007ff900470000 - 0x00007ff90050c000 	C:\Windows\System32\msvcp_win.dll
0x00007ff8fe030000 - 0x00007ff8fe056000 	C:\Windows\SYSTEM32\dwmapi.dll
0x00007ff8f8340000 - 0x00007ff8f889f000 	C:\Windows\SYSTEM32\d2d1.dll
0x00007ff900690000 - 0x00007ff900859000 	C:\Windows\System32\CRYPT32.dll
0x00007ff900380000 - 0x00007ff900390000 	C:\Windows\System32\MSASN1.dll
0x00007ff8fea00000 - 0x00007ff8fea7a000 	C:\Windows\SYSTEM32\apphelp.dll
0x00007ff8feba0000 - 0x00007ff8fec35000 	C:\Windows\system32\uxtheme.dll
0x00007ff8ff020000 - 0x00007ff8ff052000 	C:\Windows\SYSTEM32\ntmarta.dll
0x00007ff8e32d0000 - 0x00007ff8e32f4000 	C:\Program Files\Android\Android Studio\jre\jre\bin\sunec.dll
0x00007ff8f4350000 - 0x00007ff8f44e2000 	C:\Windows\SYSTEM32\dbghelp.dll

VM Arguments:
jvm_args: -Xmx1536m -Dfile.encoding=windows-1256 -Duser.country=US -Duser.language=en -Duser.variant 
java_command: org.gradle.launcher.daemon.bootstrap.GradleDaemon 6.5
java_class_path (initial): C:\Users\Site\.gradle\wrapper\dists\gradle-6.5-bin\6nifqtx7604sqp1q6g8wikw7p\gradle-6.5\lib\gradle-launcher-6.5.jar
Launcher Type: SUN_STANDARD

Environment Variables:
PATH=C:\Windows\system32;C:\Windows;C:\Windows\System32\Wbem;C:\Windows\System32\WindowsPowerShell\v1.0\;C:\Program Files\Git\cmd;D:\flutter_sdk\flutter\bin;%ANDROID_HOME%\tools;%ANDROID_HOME%\platform-tools
USERNAME=Site
OS=Windows_NT
PROCESSOR_IDENTIFIER=Intel64 Family 6 Model 37 Stepping 5, GenuineIntel



---------------  S Y S T E M  ---------------

OS: Windows 10.0 , 64 bit Build 14393 (10.0.14393.1198)

CPU:total 4 (initial active 4) (2 cores per cpu, 2 threads per core) family 6 model 37 stepping 5, cmov, cx8, fxsr, mmx, sse, sse2, sse3, ssse3, sse4.1, sse4.2, popcnt, ht, tsc, tscinvbit

Memory: 4k page, physical 8182340k(1646292k free), swap 9624132k(1520316k free)

vm_info: OpenJDK 64-Bit Server VM (25.242-b01) for windows-amd64 JRE (1.8.0_242-release-1644-b01), built by "builder" with MS VC++ 10.0 (VS2010)

time: Thu Apr 29 12:16:00 2021
timezone: Iran Daylight Time
elapsed time: 306 seconds (0d 0h 5m 6s)

