#
# There is insufficient memory for the Java Runtime Environment to continue.
# Native memory allocation (malloc) failed to allocate 1050496 bytes for Chunk::new
# Possible reasons:
#   The system is out of physical RAM or swap space
#   The process is running with CompressedOops enabled, and the Java Heap may be blocking the growth of the native heap
# Possible solutions:
#   Reduce memory load on the system
#   Increase physical memory or swap space
#   Check if swap backing store is full
#   Decrease Java heap size (-Xmx/-Xms)
#   Decrease number of Java threads
#   Decrease Java thread stack sizes (-Xss)
#   Set larger code cache with -XX:ReservedCodeCacheSize=
#   JVM is running with Unscaled Compressed Oops mode in which the Java heap is
#     placed in the first 4GB address space. The Java Heap base address is the
#     maximum limit for the native heap growth. Please use -XX:HeapBaseMinAddress
#     to set the Java Heap base and to place the Java Heap above 4GB virtual address.
# This output file may be truncated or incomplete.
#
#  Out of Memory Error (allocation.cpp:389), pid=3812, tid=0x000000000000203c
#
# JRE version: OpenJDK Runtime Environment (8.0_242-b01) (build 1.8.0_242-release-1644-b01)
# Java VM: OpenJDK 64-Bit Server VM (25.242-b01 mixed mode windows-amd64 compressed oops)
# Failed to write core dump. Minidumps are not enabled by default on client versions of Windows
#

---------------  T H R E A D  ---------------

Current thread (0x0000000016b65800):  JavaThread "C2 CompilerThread0" daemon [_thread_in_native, id=8252, stack(0x00000000181a0000,0x00000000182a0000)]

Stack: [0x00000000181a0000,0x00000000182a0000]
[error occurred during error reporting (printing stack bounds), id 0xc0000005]

Native frames: (J=compiled Java code, j=interpreted, Vv=VM code, C=native code)


Current CompileTask:
C2:2025424 27752       4       org.gradle.internal.graph.CachingDirectedGraphWalker::doSearch (659 bytes)


---------------  P R O C E S S  ---------------

Java Threads: ( => current thread )
  0x0000000022017000 JavaThread "Cache worker for file content cache (D:\Android\project_run\turkiye\.gradle\5.1.1\fileContent)" [_thread_blocked, id=8240, stack(0x00000000336a0000,0x00000000337a0000)]
  0x0000000022016800 JavaThread "Cache worker for Build Output Cleanup Cache (D:\Android\project_run\turkiye\.gradle\buildOutputCleanup)" [_thread_blocked, id=4124, stack(0x00000000335a0000,0x00000000336a0000)]
  0x000000001f8f5800 JavaThread "pool-20-thread-1" [_thread_blocked, id=11004, stack(0x00000000334a0000,0x00000000335a0000)]
  0x000000001f8f4000 JavaThread "Build operations Thread 4" [_thread_blocked, id=3712, stack(0x00000000333a0000,0x00000000334a0000)]
  0x000000001f8ec000 JavaThread "Build operations Thread 3" [_thread_blocked, id=9512, stack(0x00000000332a0000,0x00000000333a0000)]
  0x000000001f8f2800 JavaThread "Build operations Thread 2" [_thread_blocked, id=8764, stack(0x00000000331a0000,0x00000000332a0000)]
  0x000000001f8f2000 JavaThread "Build operations" [_thread_blocked, id=5484, stack(0x00000000330a0000,0x00000000331a0000)]
  0x000000001f8f1000 JavaThread "Cache worker for cache directory md-rule (C:\Users\Site\.gradle\caches\5.1.1\md-rule)" [_thread_blocked, id=1444, stack(0x0000000032fa0000,0x00000000330a0000)]
  0x000000001f8ef000 JavaThread "Cache worker for cache directory md-supplier (C:\Users\Site\.gradle\caches\5.1.1\md-supplier)" [_thread_blocked, id=7100, stack(0x0000000032ea0000,0x0000000032fa0000)]
  0x000000001f8ee000 JavaThread "Cache worker for file hash cache (D:\Android\project_run\turkiye\.gradle\5.1.1\fileHashes)" [_thread_blocked, id=4596, stack(0x0000000032da0000,0x0000000032ea0000)]
  0x000000001f8e8000 JavaThread "Thread-125" [_thread_blocked, id=8596, stack(0x0000000032ca0000,0x0000000032da0000)]
  0x000000001f8e9000 JavaThread "Stdin handler" [_thread_blocked, id=13252, stack(0x0000000032ba0000,0x0000000032ca0000)]
  0x000000001f8e7800 JavaThread "Asynchronous log dispatcher for DefaultDaemonConnection: socket connection from /127.0.0.1:57472 to /127.0.0.1:58007" [_thread_blocked, id=13220, stack(0x0000000032aa0000,0x0000000032ba0000)]
  0x000000001f8e6800 JavaThread "Cancel handler" [_thread_blocked, id=6292, stack(0x00000000329a0000,0x0000000032aa0000)]
  0x000000001f8eb000 JavaThread "Handler for socket connection from /127.0.0.1:57472 to /127.0.0.1:58007" [_thread_in_native, id=1272, stack(0x00000000328a0000,0x00000000329a0000)]
  0x0000000022010800 JavaThread "Daemon worker Thread 5" [_thread_in_native, id=3456, stack(0x00000000312a0000,0x00000000313a0000)]
  0x0000000022014000 JavaThread "Daemon Thread 5" [_thread_blocked, id=10196, stack(0x0000000030fa0000,0x00000000310a0000)]
  0x0000000022012800 JavaThread "Cache worker for Java compile cache (C:\Users\Site\.gradle\caches\5.1.1\javaCompile)" [_thread_blocked, id=7300, stack(0x00000000295a0000,0x00000000296a0000)]
  0x000000001f8ed800 JavaThread "RMI Reaper" [_thread_blocked, id=11244, stack(0x00000000259d0000,0x0000000025ad0000)]
  0x000000001f8e9800 JavaThread "RMI TCP Accept-0" daemon [_thread_in_native, id=6844, stack(0x00000000258d0000,0x00000000259d0000)]
  0x000000001f8f0800 JavaThread "GC Daemon" daemon [_thread_blocked, id=9340, stack(0x00000000256c0000,0x00000000257c0000)]
  0x000000001f8ec800 JavaThread "RMI Scheduler(0)" daemon [_thread_blocked, id=10424, stack(0x00000000253c0000,0x00000000254c0000)]
  0x000000001ce08800 JavaThread "Cache worker for file content cache (C:\Users\Site\.gradle\caches\5.1.1\fileContent)" [_thread_blocked, id=10432, stack(0x0000000023ba0000,0x0000000023ca0000)]
  0x000000001ce0f000 JavaThread "Memory manager" [_thread_blocked, id=9240, stack(0x0000000022600000,0x0000000022700000)]
  0x000000001ce05800 JavaThread "Cache worker for execution history cache (C:\Users\Site\.gradle\caches\5.1.1\executionHistory)" [_thread_blocked, id=11000, stack(0x0000000020650000,0x0000000020750000)]
  0x0000000018ac5000 JavaThread "Cache worker for journal cache (C:\Users\Site\.gradle\caches\journal-1)" [_thread_blocked, id=6996, stack(0x000000001c270000,0x000000001c370000)]
  0x0000000019719800 JavaThread "File lock request listener" [_thread_in_native, id=2788, stack(0x000000001c170000,0x000000001c270000)]
  0x0000000019718800 JavaThread "Cache worker for file hash cache (C:\Users\Site\.gradle\caches\5.1.1\fileHashes)" [_thread_blocked, id=3924, stack(0x000000001c070000,0x000000001c170000)]
  0x0000000018595000 JavaThread "Daemon periodic checks" [_thread_blocked, id=8668, stack(0x000000001a6a0000,0x000000001a7a0000)]
  0x000000001878c800 JavaThread "Incoming local TCP Connector on port 57472" [_thread_in_native, id=6268, stack(0x000000001a470000,0x000000001a570000)]
  0x000000001850c800 JavaThread "Service Thread" daemon [_thread_blocked, id=1404, stack(0x00000000188a0000,0x00000000189a0000)]
  0x0000000016b6e800 JavaThread "C1 CompilerThread2" daemon [_thread_blocked, id=7048, stack(0x00000000183a0000,0x00000000184a0000)]
  0x0000000016b69800 JavaThread "C2 CompilerThread1" daemon [_thread_in_native, id=9168, stack(0x00000000182a0000,0x00000000183a0000)]
=>0x0000000016b65800 JavaThread "C2 CompilerThread0" daemon [_thread_in_native, id=8252, stack(0x00000000181a0000,0x00000000182a0000)]
  0x0000000016bb1000 JavaThread "Attach Listener" daemon [_thread_blocked, id=8940, stack(0x00000000180a0000,0x00000000181a0000)]
  0x0000000016bb0800 JavaThread "Signal Dispatcher" daemon [_thread_blocked, id=8824, stack(0x0000000017fa0000,0x00000000180a0000)]
  0x00000000031eb000 JavaThread "Finalizer" daemon [_thread_blocked, id=8460, stack(0x0000000017db0000,0x0000000017eb0000)]
  0x0000000016b49000 JavaThread "Reference Handler" daemon [_thread_blocked, id=2272, stack(0x0000000017cb0000,0x0000000017db0000)]
  0x000000000145d800 JavaThread "main" [_thread_blocked, id=9100, stack(0x0000000002ff0000,0x00000000030f0000)]

Other Threads:
  0x0000000016b25000 VMThread [stack: 0x0000000017bb0000,0x0000000017cb0000] [id=7736]
  0x0000000016bbe000 WatcherThread [stack: 0x00000000189a0000,0x0000000018aa0000] [id=8992]

VM state:not at safepoint (normal execution)

VM Mutex/Monitor currently owned by a thread: None

heap address: 0x00000000a0000000, size: 1536 MB, Compressed Oops mode: 32-bit
Narrow klass base: 0x0000000000000000, Narrow klass shift: 3
Compressed class space size: 1073741824 Address: 0x0000000100000000

Heap:
 PSYoungGen      total 405504K, used 163634K [0x00000000e0000000, 0x00000000ff980000, 0x0000000100000000)
  eden space 301568K, 52% used [0x00000000e0000000,0x00000000e9b249d8,0x00000000f2680000)
  from space 103936K, 4% used [0x00000000f9400000,0x00000000f98a8010,0x00000000ff980000)
  to   space 108032K, 0% used [0x00000000f2680000,0x00000000f2680000,0x00000000f9000000)
 ParOldGen       total 398336K, used 216274K [0x00000000a0000000, 0x00000000b8500000, 0x00000000e0000000)
  object space 398336K, 54% used [0x00000000a0000000,0x00000000ad334bf0,0x00000000b8500000)
 Metaspace       used 111498K, capacity 118538K, committed 118696K, reserved 1155072K
  class space    used 14132K, capacity 15511K, committed 15528K, reserved 1048576K

Card table byte_map: [0x00000000125b0000,0x00000000128c0000] byte_map_base: 0x00000000120b0000

Marking Bits: (ParMarkBitMap*) 0x0000000054e0f030
 Begin Bits: [0x0000000012ec0000, 0x00000000146c0000)
 End Bits:   [0x00000000146c0000, 0x0000000015ec0000)

Polling page: 0x0000000001440000

CodeCache: size=245760Kb used=71429Kb max_used=71519Kb free=174330Kb
 bounds [0x00000000031f0000, 0x0000000007840000, 0x00000000121f0000]
 total_blobs=22071 nmethods=21142 adapters=840
 compilation: enabled

Compilation events (10 events):
Event: 2025.198 Thread 0x0000000016b6e800 nmethod 27768 0x0000000004039ad0 code [0x0000000004039ca0, 0x000000000403a478]
Event: 2025.202 Thread 0x0000000016b69800 27766       4       org.gradle.api.internal.artifacts.ivyservice.resolveengine.graph.CompositeDependencyGraphVisitor::visitNode (40 bytes)
Event: 2025.209 Thread 0x0000000016b69800 nmethod 27766 0x000000000781d090 code [0x000000000781d220, 0x000000000781d508]
Event: 2025.209 Thread 0x0000000016b69800 27755       4       org.gradle.internal.Describables$FixedDescribable::getDisplayName (41 bytes)
Event: 2025.210 Thread 0x0000000016b69800 nmethod 27755 0x0000000004232610 code [0x0000000004232760, 0x00000000042327f8]
Event: 2025.210 Thread 0x0000000016b69800 27754       4       org.gradle.internal.component.external.model.AbstractConfigurationMetadata::getConfigDependencies (36 bytes)
Event: 2025.229 Thread 0x0000000016b6e800 27772       3       org.jetbrains.kotlin.com.intellij.openapi.util.io.FileUtilRt::toCanonicalPath (444 bytes)
Event: 2025.235 Thread 0x0000000016b6e800 nmethod 27772 0x000000000782ef50 code [0x000000000782f440, 0x0000000007832c58]
Event: 2025.235 Thread 0x0000000016b6e800 27773       1       kotlin.io.FileTreeWalk::access$getDirection$p (5 bytes)
Event: 2025.235 Thread 0x0000000016b6e800 nmethod 27773 0x000000000535fe10 code [0x000000000535ff60, 0x0000000005360050]

GC Heap History (10 events):
Event: 290.272 GC heap before
{Heap before GC invocations=31 (full 5):
 PSYoungGen      total 392704K, used 94518K [0x00000000e0000000, 0x0000000100000000, 0x0000000100000000)
  eden space 289792K, 0% used [0x00000000e0000000,0x00000000e0000000,0x00000000f1b00000)
  from space 102912K, 91% used [0x00000000f9500000,0x00000000ff14d9f8,0x00000000ff980000)
  to   space 117248K, 0% used [0x00000000f1b00000,0x00000000f1b00000,0x00000000f8d80000)
 ParOldGen       total 259584K, used 230862K [0x00000000a0000000, 0x00000000afd80000, 0x00000000e0000000)
  object space 259584K, 88% used [0x00000000a0000000,0x00000000ae173958,0x00000000afd80000)
 Metaspace       used 110281K, capacity 117224K, committed 117416K, reserved 1150976K
  class space    used 14103K, capacity 15454K, committed 15528K, reserved 1048576K
Event: 291.767 GC heap after
Heap after GC invocations=31 (full 5):
 PSYoungGen      total 392704K, used 0K [0x00000000e0000000, 0x0000000100000000, 0x0000000100000000)
  eden space 289792K, 0% used [0x00000000e0000000,0x00000000e0000000,0x00000000f1b00000)
  from space 102912K, 0% used [0x00000000f9500000,0x00000000f9500000,0x00000000ff980000)
  to   space 117248K, 0% used [0x00000000f1b00000,0x00000000f1b00000,0x00000000f8d80000)
 ParOldGen       total 398336K, used 212832K [0x00000000a0000000, 0x00000000b8500000, 0x00000000e0000000)
  object space 398336K, 53% used [0x00000000a0000000,0x00000000acfd8190,0x00000000b8500000)
 Metaspace       used 110223K, capacity 117064K, committed 117416K, reserved 1150976K
  class space    used 14083K, capacity 15418K, committed 15528K, reserved 1048576K
}
Event: 295.747 GC heap before
{Heap before GC invocations=32 (full 5):
 PSYoungGen      total 392704K, used 289792K [0x00000000e0000000, 0x0000000100000000, 0x0000000100000000)
  eden space 289792K, 100% used [0x00000000e0000000,0x00000000f1b00000,0x00000000f1b00000)
  from space 102912K, 0% used [0x00000000f9500000,0x00000000f9500000,0x00000000ff980000)
  to   space 117248K, 0% used [0x00000000f1b00000,0x00000000f1b00000,0x00000000f8d80000)
 ParOldGen       total 398336K, used 212832K [0x00000000a0000000, 0x00000000b8500000, 0x00000000e0000000)
  object space 398336K, 53% used [0x00000000a0000000,0x00000000acfd8190,0x00000000b8500000)
 Metaspace       used 110323K, capacity 117216K, committed 117416K, reserved 1150976K
  class space    used 14091K, capacity 15432K, committed 15528K, reserved 1048576K
Event: 295.786 GC heap after
Heap after GC invocations=32 (full 5):
 PSYoungGen      total 407040K, used 3746K [0x00000000e0000000, 0x0000000100000000, 0x0000000100000000)
  eden space 289792K, 0% used [0x00000000e0000000,0x00000000e0000000,0x00000000f1b00000)
  from space 117248K, 3% used [0x00000000f1b00000,0x00000000f1ea89f0,0x00000000f8d80000)
  to   space 116736K, 0% used [0x00000000f8e00000,0x00000000f8e00000,0x0000000100000000)
 ParOldGen       total 398336K, used 212840K [0x00000000a0000000, 0x00000000b8500000, 0x00000000e0000000)
  object space 398336K, 53% used [0x00000000a0000000,0x00000000acfda190,0x00000000b8500000)
 Metaspace       used 110323K, capacity 117216K, committed 117416K, reserved 1150976K
  class space    used 14091K, capacity 15432K, committed 15528K, reserved 1048576K
}
Event: 533.429 GC heap before
{Heap before GC invocations=33 (full 5):
 PSYoungGen      total 407040K, used 293538K [0x00000000e0000000, 0x0000000100000000, 0x0000000100000000)
  eden space 289792K, 100% used [0x00000000e0000000,0x00000000f1b00000,0x00000000f1b00000)
  from space 117248K, 3% used [0x00000000f1b00000,0x00000000f1ea89f0,0x00000000f8d80000)
  to   space 116736K, 0% used [0x00000000f8e00000,0x00000000f8e00000,0x0000000100000000)
 ParOldGen       total 398336K, used 212840K [0x00000000a0000000, 0x00000000b8500000, 0x00000000e0000000)
  object space 398336K, 53% used [0x00000000a0000000,0x00000000acfda190,0x00000000b8500000)
 Metaspace       used 110551K, capacity 117442K, committed 117672K, reserved 1150976K
  class space    used 14100K, capacity 15447K, committed 15528K, reserved 1048576K
Event: 533.517 GC heap after
Heap after GC invocations=33 (full 5):
 PSYoungGen      total 397312K, used 20928K [0x00000000e0000000, 0x00000000ff680000, 0x0000000100000000)
  eden space 290304K, 0% used [0x00000000e0000000,0x00000000e0000000,0x00000000f1b80000)
  from space 107008K, 19% used [0x00000000f8e00000,0x00000000fa270050,0x00000000ff680000)
  to   space 112128K, 0% used [0x00000000f1b80000,0x00000000f1b80000,0x00000000f8900000)
 ParOldGen       total 398336K, used 215842K [0x00000000a0000000, 0x00000000b8500000, 0x00000000e0000000)
  object space 398336K, 54% used [0x00000000a0000000,0x00000000ad2c8bf0,0x00000000b8500000)
 Metaspace       used 110551K, capacity 117442K, committed 117672K, reserved 1150976K
  class space    used 14100K, capacity 15447K, committed 15528K, reserved 1048576K
}
Event: 1988.871 GC heap before
{Heap before GC invocations=34 (full 5):
 PSYoungGen      total 397312K, used 311232K [0x00000000e0000000, 0x00000000ff680000, 0x0000000100000000)
  eden space 290304K, 100% used [0x00000000e0000000,0x00000000f1b80000,0x00000000f1b80000)
  from space 107008K, 19% used [0x00000000f8e00000,0x00000000fa270050,0x00000000ff680000)
  to   space 112128K, 0% used [0x00000000f1b80000,0x00000000f1b80000,0x00000000f8900000)
 ParOldGen       total 398336K, used 215842K [0x00000000a0000000, 0x00000000b8500000, 0x00000000e0000000)
  object space 398336K, 54% used [0x00000000a0000000,0x00000000ad2c8bf0,0x00000000b8500000)
 Metaspace       used 110870K, capacity 117750K, committed 117928K, reserved 1150976K
  class space    used 14104K, capacity 15453K, committed 15528K, reserved 1048576K
Event: 1988.897 GC heap after
Heap after GC invocations=34 (full 5):
 PSYoungGen      total 402432K, used 6000K [0x00000000e0000000, 0x0000000100000000, 0x0000000100000000)
  eden space 290304K, 0% used [0x00000000e0000000,0x00000000e0000000,0x00000000f1b80000)
  from space 112128K, 5% used [0x00000000f1b80000,0x00000000f215c010,0x00000000f8900000)
  to   space 110592K, 0% used [0x00000000f9400000,0x00000000f9400000,0x0000000100000000)
 ParOldGen       total 398336K, used 216266K [0x00000000a0000000, 0x00000000b8500000, 0x00000000e0000000)
  object space 398336K, 54% used [0x00000000a0000000,0x00000000ad332bf0,0x00000000b8500000)
 Metaspace       used 110870K, capacity 117750K, committed 117928K, reserved 1150976K
  class space    used 14104K, capacity 15453K, committed 15528K, reserved 1048576K
}
Event: 2020.857 GC heap before
{Heap before GC invocations=35 (full 5):
 PSYoungGen      total 402432K, used 296304K [0x00000000e0000000, 0x0000000100000000, 0x0000000100000000)
  eden space 290304K, 100% used [0x00000000e0000000,0x00000000f1b80000,0x00000000f1b80000)
  from space 112128K, 5% used [0x00000000f1b80000,0x00000000f215c010,0x00000000f8900000)
  to   space 110592K, 0% used [0x00000000f9400000,0x00000000f9400000,0x0000000100000000)
 ParOldGen       total 398336K, used 216266K [0x00000000a0000000, 0x00000000b8500000, 0x00000000e0000000)
  object space 398336K, 54% used [0x00000000a0000000,0x00000000ad332bf0,0x00000000b8500000)
 Metaspace       used 111383K, capacity 118520K, committed 118696K, reserved 1155072K
  class space    used 14130K, capacity 15508K, committed 15528K, reserved 1048576K
Event: 2020.907 GC heap after
Heap after GC invocations=35 (full 5):
 PSYoungGen      total 405504K, used 4768K [0x00000000e0000000, 0x00000000ff980000, 0x0000000100000000)
  eden space 301568K, 0% used [0x00000000e0000000,0x00000000e0000000,0x00000000f2680000)
  from space 103936K, 4% used [0x00000000f9400000,0x00000000f98a8010,0x00000000ff980000)
  to   space 108032K, 0% used [0x00000000f2680000,0x00000000f2680000,0x00000000f9000000)
 ParOldGen       total 398336K, used 216274K [0x00000000a0000000, 0x00000000b8500000, 0x00000000e0000000)
  object space 398336K, 54% used [0x00000000a0000000,0x00000000ad334bf0,0x00000000b8500000)
 Metaspace       used 111383K, capacity 118520K, committed 118696K, reserved 1155072K
  class space    used 14130K, capacity 15508K, committed 15528K, reserved 1048576K
}

Deoptimization events (10 events):
Event: 1990.435 Thread 0x0000000022010800 Uncommon trap: reason=null_check action=make_not_entrant pc=0x0000000004469b2c method=org.codehaus.groovy.runtime.typehandling.DefaultTypeTransformation.castToType(Ljava/lang/Object;Ljava/lang/Class;)Ljava/lang/Object; @ 28
Event: 1990.453 Thread 0x0000000022010800 Uncommon trap: reason=null_check action=make_not_entrant pc=0x0000000006b90328 method=org.gradle.api.internal.tasks.properties.bean.AbstractNestedRuntimeBeanNode$DefaultPropertyValue.attachProducer(Lorg/gradle/api/Task;)V @ 26
Event: 1991.395 Thread 0x000000001f8ef000 Uncommon trap: reason=unstable_if action=reinterpret pc=0x0000000006e9ed30 method=java.util.concurrent.locks.LockSupport.unpark(Ljava/lang/Thread;)V @ 1
Event: 1991.804 Thread 0x000000001f8ef000 Uncommon trap: reason=unstable_if action=reinterpret pc=0x0000000006d057d4 method=java.util.concurrent.locks.LockSupport.unpark(Ljava/lang/Thread;)V @ 1
Event: 2010.005 Thread 0x0000000022010800 Uncommon trap: reason=unstable_if action=reinterpret pc=0x0000000005dbe3cc method=org.gradle.internal.serialize.ExceptionReplacingObjectOutputStream.doReplaceObject(Ljava/lang/Object;)Ljava/lang/Object; @ 4
Event: 2010.006 Thread 0x0000000022010800 Uncommon trap: reason=unstable_if action=reinterpret pc=0x00000000071c3498 method=java.util.AbstractList.equals(Ljava/lang/Object;)Z @ 11
Event: 2020.919 Thread 0x0000000022010800 Uncommon trap: reason=null_check action=make_not_entrant pc=0x0000000004ce7fb0 method=java.lang.ThreadLocal$ThreadLocalMap.expungeStaleEntry(I)I @ 51
Event: 2023.186 Thread 0x0000000022010800 Uncommon trap: reason=bimorphic action=maybe_recompile pc=0x0000000003a89d94 method=java.util.stream.MatchOps$1MatchSink.accept(Ljava/lang/Object;)V @ 12
Event: 2023.611 Thread 0x0000000022010800 Uncommon trap: reason=null_check action=make_not_entrant pc=0x00000000075cd7a4 method=java.lang.Class.isEnum()Z @ 1
Event: 2023.977 Thread 0x0000000022010800 Uncommon trap: reason=null_check action=make_not_entrant pc=0x000000000779182c method=org.codehaus.groovy.runtime.typehandling.DefaultTypeTransformation.castToType(Ljava/lang/Object;Ljava/lang/Class;)Ljava/lang/Object; @ 65

Classes redefined (0 events):
No events

Internal exceptions (10 events):
Event: 2023.066 Thread 0x0000000022010800 Exception <a 'sun/nio/fs/WindowsException'> (0x00000000e4bd7080) thrown at [C:\src\AOSP-openjdk-git\hotspot\src\share\vm\prims\jni.cpp, line 710]
Event: 2023.066 Thread 0x0000000022010800 Exception <a 'sun/nio/fs/WindowsException'> (0x00000000e4bd87a0) thrown at [C:\src\AOSP-openjdk-git\hotspot\src\share\vm\prims\jni.cpp, line 710]
Event: 2023.066 Thread 0x0000000022010800 Exception <a 'sun/nio/fs/WindowsException'> (0x00000000e4bd9ec0) thrown at [C:\src\AOSP-openjdk-git\hotspot\src\share\vm\prims\jni.cpp, line 710]
Event: 2023.067 Thread 0x0000000022010800 Exception <a 'sun/nio/fs/WindowsException'> (0x00000000e4bdb5e0) thrown at [C:\src\AOSP-openjdk-git\hotspot\src\share\vm\prims\jni.cpp, line 710]
Event: 2023.166 Thread 0x0000000022010800 Exception <a 'sun/nio/fs/WindowsException'> (0x00000000e532b4e8) thrown at [C:\src\AOSP-openjdk-git\hotspot\src\share\vm\prims\jni.cpp, line 710]
Event: 2023.394 Thread 0x0000000022010800 Exception <a 'sun/nio/fs/WindowsException'> (0x00000000e59758a0) thrown at [C:\src\AOSP-openjdk-git\hotspot\src\share\vm\prims\jni.cpp, line 710]
Event: 2023.511 Thread 0x0000000022010800 Exception <a 'sun/nio/fs/WindowsException'> (0x00000000e5cd3558) thrown at [C:\src\AOSP-openjdk-git\hotspot\src\share\vm\prims\jni.cpp, line 710]
Event: 2023.717 Thread 0x0000000022010800 Exception <a 'sun/nio/fs/WindowsException'> (0x00000000e63cb328) thrown at [C:\src\AOSP-openjdk-git\hotspot\src\share\vm\prims\jni.cpp, line 710]
Event: 2023.800 Thread 0x0000000022010800 Exception <a 'sun/nio/fs/WindowsException'> (0x00000000e668c548) thrown at [C:\src\AOSP-openjdk-git\hotspot\src\share\vm\prims\jni.cpp, line 710]
Event: 2023.941 Thread 0x0000000022010800 Exception <a 'sun/nio/fs/WindowsException'> (0x00000000e6d78668) thrown at [C:\src\AOSP-openjdk-git\hotspot\src\share\vm\prims\jni.cpp, line 710]

Events (10 events):
Event: 2025.152 Thread 0x0000000016b6e800 flushing nmethod 0x0000000005360c90
Event: 2025.152 Thread 0x0000000016b6e800 flushing nmethod 0x000000000539a9d0
Event: 2025.152 Thread 0x0000000016b6e800 flushing nmethod 0x000000000539ca50
Event: 2025.152 Thread 0x0000000016b6e800 flushing nmethod 0x000000000539e590
Event: 2025.152 Thread 0x0000000016b6e800 flushing nmethod 0x00000000053dc010
Event: 2025.152 Thread 0x0000000016b6e800 flushing nmethod 0x0000000005417b90
Event: 2025.155 Thread 0x0000000016b6e800 flushing nmethod 0x00000000055f5b50
Event: 2025.157 Thread 0x0000000016b6e800 flushing nmethod 0x000000000596bb90
Event: 2025.160 Thread 0x0000000016b6e800 flushing nmethod 0x0000000005b36350
Event: 2025.200 Thread 0x0000000016b69800 flushing nmethod 0x000000000753cb50


Dynamic libraries:
0x00007ff7ecbc0000 - 0x00007ff7ecbf1000 	C:\Program Files\Android\Android Studio\jre\bin\java.exe
0x00007ff91c670000 - 0x00007ff91c842000 	C:\Windows\SYSTEM32\ntdll.dll
0x00007ff91bc20000 - 0x00007ff91bccc000 	C:\Windows\System32\KERNEL32.DLL
0x00007ff918c20000 - 0x00007ff918e3d000 	C:\Windows\System32\KERNELBASE.dll
0x00007ff91a640000 - 0x00007ff91a6e2000 	C:\Windows\System32\ADVAPI32.dll
0x00007ff91a2b0000 - 0x00007ff91a34e000 	C:\Windows\System32\msvcrt.dll
0x00007ff91c030000 - 0x00007ff91c089000 	C:\Windows\System32\sechost.dll
0x00007ff91a350000 - 0x00007ff91a471000 	C:\Windows\System32\RPCRT4.dll
0x00007ff91c500000 - 0x00007ff91c665000 	C:\Windows\System32\USER32.dll
0x00007ff919b70000 - 0x00007ff919b8e000 	C:\Windows\System32\win32u.dll
0x00007ff91c180000 - 0x00007ff91c1b4000 	C:\Windows\System32\GDI32.dll
0x00007ff918e40000 - 0x00007ff918fc0000 	C:\Windows\System32\gdi32full.dll
0x00007ff90edd0000 - 0x00007ff90f04a000 	C:\Windows\WinSxS\amd64_microsoft.windows.common-controls_6595b64144ccf1df_6.0.14393.953_none_42151e83c686086b\COMCTL32.dll
0x00007ff91c1c0000 - 0x00007ff91c488000 	C:\Windows\System32\combase.dll
0x00007ff919a20000 - 0x00007ff919b15000 	C:\Windows\System32\ucrtbase.dll
0x00007ff919b90000 - 0x00007ff919bfa000 	C:\Windows\System32\bcryptPrimitives.dll
0x00007ff91c150000 - 0x00007ff91c17e000 	C:\Windows\System32\IMM32.DLL
0x00007ff918440000 - 0x00007ff91846f000 	C:\Windows\system32\nvinitx.dll
0x00007ff9183d0000 - 0x00007ff9183da000 	C:\Windows\SYSTEM32\VERSION.dll
0x0000000054560000 - 0x0000000054632000 	C:\Program Files\Android\Android Studio\jre\jre\bin\msvcr100.dll
0x0000000054640000 - 0x0000000054e8b000 	C:\Program Files\Android\Android Studio\jre\jre\bin\server\jvm.dll
0x00007ff91a6f0000 - 0x00007ff91a6f8000 	C:\Windows\System32\PSAPI.DLL
0x00007ff917000000 - 0x00007ff917023000 	C:\Windows\SYSTEM32\WINMM.dll
0x00007ff908520000 - 0x00007ff908529000 	C:\Windows\SYSTEM32\WSOCK32.dll
0x00007ff91c490000 - 0x00007ff91c4fa000 	C:\Windows\System32\WS2_32.dll
0x00000000013f0000 - 0x000000000141b000 	C:\Windows\SYSTEM32\WINMMBASE.dll
0x00007ff919b20000 - 0x00007ff919b62000 	C:\Windows\System32\cfgmgr32.dll
0x00007ff9082f0000 - 0x00007ff9082ff000 	C:\Program Files\Android\Android Studio\jre\jre\bin\verify.dll
0x00007ff8fb680000 - 0x00007ff8fb6a9000 	C:\Program Files\Android\Android Studio\jre\jre\bin\java.dll
0x00007ff907980000 - 0x00007ff907996000 	C:\Program Files\Android\Android Studio\jre\jre\bin\zip.dll
0x00007ff91a700000 - 0x00007ff91bc09000 	C:\Windows\System32\SHELL32.dll
0x00007ff9191f0000 - 0x00007ff9198c9000 	C:\Windows\System32\windows.storage.dll
0x00007ff918b20000 - 0x00007ff918b6c000 	C:\Windows\System32\powrprof.dll
0x00007ff91a250000 - 0x00007ff91a2a2000 	C:\Windows\System32\shlwapi.dll
0x00007ff918b10000 - 0x00007ff918b1f000 	C:\Windows\System32\kernel.appcore.dll
0x00007ff918b70000 - 0x00007ff918c19000 	C:\Windows\System32\shcore.dll
0x00007ff918af0000 - 0x00007ff918b04000 	C:\Windows\System32\profapi.dll
0x00007ff906f00000 - 0x00007ff906f1a000 	C:\Program Files\Android\Android Studio\jre\jre\bin\net.dll
0x00007ff9183e0000 - 0x00007ff91843c000 	C:\Windows\system32\mswsock.dll
0x00007ff904e70000 - 0x00007ff904e83000 	C:\Program Files\Android\Android Studio\jre\jre\bin\nio.dll
0x00007ff90f480000 - 0x00007ff90f49e000 	C:\Users\Site\.gradle\native\25\windows-amd64\native-platform.dll
0x00007ff907760000 - 0x00007ff90776d000 	C:\Program Files\Android\Android Studio\jre\jre\bin\management.dll
0x00007ff9185b0000 - 0x00007ff9185c7000 	C:\Windows\SYSTEM32\CRYPTSP.dll
0x00007ff917fd0000 - 0x00007ff918003000 	C:\Windows\system32\rsaenh.dll
0x00007ff9186c0000 - 0x00007ff9186eb000 	C:\Windows\SYSTEM32\bcrypt.dll
0x00007ff918250000 - 0x00007ff91826f000 	C:\Windows\SYSTEM32\USERENV.dll
0x00007ff9185d0000 - 0x00007ff9185db000 	C:\Windows\SYSTEM32\CRYPTBASE.dll
0x00007ff918150000 - 0x00007ff918188000 	C:\Windows\SYSTEM32\IPHLPAPI.DLL
0x00007ff91bc10000 - 0x00007ff91bc18000 	C:\Windows\System32\NSI.dll
0x00007ff915440000 - 0x00007ff915456000 	C:\Windows\SYSTEM32\dhcpcsvc6.DLL
0x00007ff915420000 - 0x00007ff91543a000 	C:\Windows\SYSTEM32\dhcpcsvc.DLL

VM Arguments:
jvm_args: -Xmx1536m -Dfile.encoding=windows-1256 -Duser.country=US -Duser.language=en -Duser.variant 
java_command: org.gradle.launcher.daemon.bootstrap.GradleDaemon 5.1.1
java_class_path (initial): C:\Users\Site\.gradle\wrapper\dists\gradle-5.1.1-all\97z1ksx6lirer3kbvdnh7jtjg\gradle-5.1.1\lib\gradle-launcher-5.1.1.jar
Launcher Type: SUN_STANDARD

Environment Variables:
PATH=C:\Windows\system32;C:\Windows;C:\Windows\System32\Wbem;C:\Windows\System32\WindowsPowerShell\v1.0\;C:\Program Files\Git\cmd;D:\flutter_sdk\flutter\bin;%ANDROID_HOME%\tools;%ANDROID_HOME%\platform-tools
USERNAME=Site
OS=Windows_NT
PROCESSOR_IDENTIFIER=Intel64 Family 6 Model 37 Stepping 5, GenuineIntel



---------------  S Y S T E M  ---------------

OS: Windows 10.0 , 64 bit Build 14393 (10.0.14393.1198)

CPU:total 4 (initial active 4) (2 cores per cpu, 2 threads per core) family 6 model 37 stepping 5, cmov, cx8, fxsr, mmx, sse, sse2, sse3, ssse3, sse4.1, sse4.2, popcnt, ht, tsc, tscinvbit

Memory: 4k page, physical 8182340k(1768580k free), swap 10701108k(96k free)

vm_info: OpenJDK 64-Bit Server VM (25.242-b01) for windows-amd64 JRE (1.8.0_242-release-1644-b01), built by "builder" with MS VC++ 10.0 (VS2010)

time: Wed Mar 10 14:50:55 2021
timezone: Iran Standard Time
elapsed time: 2025 seconds (0d 0h 33m 45s)

